Log file open, 04/12/17 10:37:13
LogInit:Display: Running engine for game: map
LogPlatformFile: Not using cached read wrapper
LogInit:Display: RandInit(1143298280) SRandInit(1143298282).
LogTaskGraph: Started task graph with 4 named threads and 7 total threads with 1 sets of task threads.
LogStats: Stats thread started at 0.099840
LogInit: Version: 4.12.5-3039270+++UE4+Release-4.12
LogInit: API Version: 2992821
LogInit: Net Version: 3039270
LogDevObjectVersion: Number of dev versions registered: 13
LogDevObjectVersion:   Dev-Blueprints (B0D832E4-1F89-4F0D-ACCF-7EB736FD4AA2): 3
LogDevObjectVersion:   Dev-Build (E1C64328-A22C-4D53-A36C-8E866417BD8C): 0
LogDevObjectVersion:   Dev-Core (375EC13C-06E4-48FB-B500-84F0262A717E): 1
LogDevObjectVersion:   Dev-Editor (E4B068ED-F494-42E9-A231-DA0B2E46BB41): 2
LogDevObjectVersion:   Dev-Framework (CFFC743F-43B0-4480-9391-14DF171D2073): 6
LogDevObjectVersion:   Dev-Mobile (B02B49B5-BB20-44E9-A304-32B752E40360): 0
LogDevObjectVersion:   Dev-Networking (A4E4105C-59A1-49B5-A7C5-40C4547EDFEE): 0
LogDevObjectVersion:   Dev-Online (39C831C9-5AE6-47DC-9A44-9C173E1C8E7C): 0
LogDevObjectVersion:   Dev-Physics (78F01B33-EBEA-4F98-B9B4-84EACCB95AA2): 0
LogDevObjectVersion:   Dev-Platform (6631380F-2D4D-43E0-8009-CF276956A95A): 0
LogDevObjectVersion:   Dev-Rendering (12F88B9F-8875-4AFC-A67C-D90C383ABD29): 2
LogDevObjectVersion:   Dev-Sequencer (7B5AE74C-D270-4C10-A958-57980B212A5A): 0
LogDevObjectVersion:   Dev-VR (D7296918-1DD6-4BDD-9DE2-64A83CC13884): 0
LogInit: Compiled (64-bit): Jul  6 2016 09:09:46
LogInit: Compiled with Visual C++: 19.00.23026.00
LogInit: Build Configuration: Development
LogInit: Branch Name: ++UE4+Release-4.12
LogInit: Command line: -EpicPortal 
LogInit: Base directory: C:/Program Files (x86)/Epic Games/4.12/Engine/Binaries/Win64/
LogInit: Installed Engine Build: 1
LogInit: Using libcurl 7.41.0
LogInit:  - built for x86_64-pc-win32
LogInit:  - supports SSL with WinSSL
LogInit:  - other features:
LogInit:      CURL_VERSION_SSL
LogInit:      CURL_VERSION_IPV6
LogInit:      CURL_VERSION_ASYNCHDNS
LogInit:      CURL_VERSION_LARGEFILE
LogInit:      CURL_VERSION_IDN
LogInit:  CurlRequestOptions (configurable via config and command line):
LogInit:  - bVerifyPeer = true  - Libcurl will verify peer certificate
LogInit:  - bUseHttpProxy = false  - Libcurl will NOT use HTTP proxy
LogInit:  - bDontReuseConnections = false  - Libcurl will reuse connections
LogInit:  - CertBundlePath = nullptr  - Libcurl will use whatever was configured at build time.
LogInit: Presizing for max 8388607 objects, including 0 objects not considered by GC, pre-allocating 0 bytes for permanent pool.
LogInit: Object subsystem initialized
[2017.04.12-01.37.13:753][  0]LogInit: Selected Device Profile: [Windows]
[2017.04.12-01.37.13:753][  0]LogInit: Applying CVar settings loaded from the selected device profile: [Windows]
[2017.04.12-01.37.13:767][  0]LogInit: Computer: DESKTOP-F27I5IQ
[2017.04.12-01.37.13:768][  0]LogInit: User: duck2
[2017.04.12-01.37.13:768][  0]LogInit: CPU Page size=65536, Cores=4
[2017.04.12-01.37.13:768][  0]LogInit: High frequency timer resolution =3.117780 MHz
[2017.04.12-01.37.13:768][  0]LogMemory: Memory total: Physical=3.9GB (4GB approx)
[2017.04.12-01.37.13:768][  0]LogMemory: Platform Memory Stats for Windows
[2017.04.12-01.37.13:768][  0]LogMemory: Process Physical Memory: 191.17 MB used, 191.17 MB peak
[2017.04.12-01.37.13:768][  0]LogMemory: Process Virtual Memory: 195.08 MB used, 195.08 MB peak
[2017.04.12-01.37.13:768][  0]LogMemory: Physical Memory: 3415.87 MB used, 3996.15 MB total
[2017.04.12-01.37.13:768][  0]LogMemory: Virtual Memory: 538.67 MB used, 134217728.00 MB total
[2017.04.12-01.37.13:839][  0]LogTextLocalizationManager: No specific translations for ('ko-KR') exist, so ('ko') translations will be used.
[2017.04.12-01.37.13:886][  0]LogTextLocalizationManager:Warning: Loaded localization resources contain conflicting entries for (Namespace:KismetSchema, Key:Default):
Localization Resource: (C:/Program Files (x86)/Epic Games/4.12/Engine/Content/Localization/EditorTutorials/ko/EditorTutorials.locres) Source String Hash: (940523119) Localized String: (디폴트)
Localization Resource: (C:/Program Files (x86)/Epic Games/4.12/Engine/Content/Localization/Engine/ko/Engine.locres) Source String Hash: (940523119) Localized String: (기본)
[2017.04.12-01.37.13:887][  0]LogTextLocalizationManager:Warning: Loaded localization resources contain conflicting entries for (Namespace:UObjectToolTips, Key:AnimNode_AssetPlayerBase:InternalTimeAccumulator):
Localization Resource: (C:/Program Files (x86)/Epic Games/4.12/Engine/Content/Localization/EditorTutorials/ko/EditorTutorials.locres) Source String Hash: (502993589) Localized String: (이 노드에서 애셋을 레퍼런싱하는 데 사용되는 누적 시간입니다.)
Localization Resource: (C:/Program Files (x86)/Epic Games/4.12/Engine/Content/Localization/Engine/ko/Engine.locres) Source String Hash: (502993589) Localized String: (이 노드에서 애셋을 레퍼런싱하는 데 사용된 누적 시간입니다.)
[2017.04.12-01.37.13:887][  0]LogTextLocalizationManager:Warning: Loaded localization resources contain conflicting entries for (Namespace:UObjectToolTips, Key:AnimNode_AssetPlayerBase:bIgnoreForRelevancyTest):
Localization Resource: (C:/Program Files (x86)/Epic Games/4.12/Engine/Content/Localization/EditorTutorials/ko/EditorTutorials.locres) Source String Hash: (319969718) Localized String: (True 면, 스테이트에서 최고 가중치 애니메이션을 찾는 "Relevant anim" 노드는 이 노드를 무시합니다.
 )
Localization Resource: (C:/Program Files (x86)/Epic Games/4.12/Engine/Content/Localization/Engine/ko/Engine.locres) Source String Hash: (319969718) Localized String: (True 면 스테이트 내 최고 웨이팅된 애니메이션을 찾는 "Relevant anim" 노드가 무시됩니다.
 )
[2017.04.12-01.37.13:887][  0]LogTextLocalizationManager:Warning: Loaded localization resources contain conflicting entries for (Namespace:UObjectToolTips, Key:AnimNode_AssetPlayerBase:BlendWeight):
Localization Resource: (C:/Program Files (x86)/Epic Games/4.12/Engine/Content/Localization/EditorTutorials/ko/EditorTutorials.locres) Source String Hash: (-1232800293) Localized String: (이 노드에 마지막 걸린 블렌드웨이트 입니다.)
Localization Resource: (C:/Program Files (x86)/Epic Games/4.12/Engine/Content/Localization/Engine/ko/Engine.locres) Source String Hash: (-1232800293) Localized String: (이 노드에 대해 마지막 접한 블렌드 웨이트)
[2017.04.12-01.37.14:017][  0]LogD3D11RHI: D3D11 adapters:
[2017.04.12-01.37.14:063][  0]LogD3D11RHI:    0. 'NVIDIA GeForce GTX 750 Ti' (Feature Level 11_0)
[2017.04.12-01.37.14:063][  0]LogD3D11RHI:       993/0/1998 MB DedicatedVideo/DedicatedSystem/SharedSystem, Outputs:1, VendorId:0x10de
[2017.04.12-01.37.14:080][  0]LogD3D11RHI:    1. 'Intel(R) HD Graphics 4600' (Feature Level 11_0)
[2017.04.12-01.37.14:080][  0]LogD3D11RHI:       112/0/1998 MB DedicatedVideo/DedicatedSystem/SharedSystem, Outputs:1, VendorId:0x8086
[2017.04.12-01.37.14:088][  0]LogD3D11RHI:    2. 'Microsoft Basic Render Driver' (Feature Level 11_0)
[2017.04.12-01.37.14:088][  0]LogD3D11RHI:       0/0/1998 MB DedicatedVideo/DedicatedSystem/SharedSystem, Outputs:0, VendorId:0x1414
[2017.04.12-01.37.14:088][  0]LogD3D11RHI: Chosen D3D11 Adapter: 0
[2017.04.12-01.37.14:096][  0]LogD3D11RHI: Creating new Direct3DDevice
[2017.04.12-01.37.14:096][  0]LogD3D11RHI:     GPU DeviceId: 0x1380 (for the marketing name, search the web for "GPU Device Id")
[2017.04.12-01.37.14:096][  0]LogWindows: EnumDisplayDevices:
[2017.04.12-01.37.14:096][  0]LogWindows:    0. 'NVIDIA GeForce GTX 750 Ti' (P:1 D:1)
[2017.04.12-01.37.14:097][  0]LogWindows:    1. 'NVIDIA GeForce GTX 750 Ti' (P:0 D:0)
[2017.04.12-01.37.14:098][  0]LogWindows:    2. 'NVIDIA GeForce GTX 750 Ti' (P:0 D:0)
[2017.04.12-01.37.14:098][  0]LogWindows:    3. 'Intel(R) HD Graphics 4600' (P:0 D:1)
[2017.04.12-01.37.14:099][  0]LogWindows:    4. 'Intel(R) HD Graphics 4600' (P:0 D:0)
[2017.04.12-01.37.14:100][  0]LogWindows:    5. 'Intel(R) HD Graphics 4600' (P:0 D:0)
[2017.04.12-01.37.14:100][  0]LogWindows: DebugString: PrimaryIsNotTheChoosenAdapter PrimaryIsNotTheChoosenAdapter PrimaryIsNotTheChoosenAdapter FoundDriverCount:3 
[2017.04.12-01.37.14:100][  0]LogD3D11RHI:     Adapter Name: NVIDIA GeForce GTX 750 Ti
[2017.04.12-01.37.14:100][  0]LogD3D11RHI:   Driver Version: 376.53 (internal:21.21.13.7653, unified:376.53)
[2017.04.12-01.37.14:100][  0]LogD3D11RHI:      Driver Date: 12-29-2016
[2017.04.12-01.37.14:100][  0]LogRHI: Texture pool is 695 MB (70% of 993 MB)
[2017.04.12-01.37.14:118][  0]LogD3D11RHI: Async texture creation enabled
[2017.04.12-01.37.14:126][  0]LogD3D11RHI: GPU Timing Frequency: 1000.000000 (Debug: 2 0)
[2017.04.12-01.37.14:126][  0]LogShaderCompilers: Guid format shader working directory is 2 characters bigger than the processId version (../../../../../../Users/duck2/Downloads/map/Intermediate/Shaders/WorkingDirectory/13468/).
[2017.04.12-01.37.14:126][  0]LogShaderCompilers: Cleaned the shader compiler working directory 'C:/Users/duck2/AppData/Local/Temp/UnrealShaderWorkingDir/24FD645F40FD1DB277B72C829268A821/'.
[2017.04.12-01.37.14:127][  0]LogShaderCompilers:Display: Using Local Shader Compiler.
[2017.04.12-01.37.15:860][  0]LogTemp:Display: Loaded TP AllDesktopTargetPlatform
[2017.04.12-01.37.15:872][  0]LogTemp:Display: Loaded TP WindowsClientTargetPlatform
[2017.04.12-01.37.15:885][  0]LogTemp:Display: Loaded TP WindowsNoEditorTargetPlatform
[2017.04.12-01.37.15:898][  0]LogTemp:Display: Loaded TP WindowsServerTargetPlatform
[2017.04.12-01.37.15:911][  0]LogTemp:Display: Loaded TP WindowsTargetPlatform
[2017.04.12-01.37.15:923][  0]LogTemp:Display: Loaded TP AndroidTargetPlatform
[2017.04.12-01.37.15:934][  0]LogTemp:Display: Loaded TP Android_ASTCTargetPlatform
[2017.04.12-01.37.15:944][  0]LogTemp:Display: Loaded TP Android_ATCTargetPlatform
[2017.04.12-01.37.15:954][  0]LogTemp:Display: Loaded TP Android_DXTTargetPlatform
[2017.04.12-01.37.15:964][  0]LogTemp:Display: Loaded TP Android_ETC1TargetPlatform
[2017.04.12-01.37.15:974][  0]LogTemp:Display: Loaded TP Android_ETC2TargetPlatform
[2017.04.12-01.37.15:995][  0]LogTemp:Display: Loaded TP Android_MultiTargetPlatform
[2017.04.12-01.37.15:995][  0]LogTemp:Display: Loaded TP Android_PVRTCTargetPlatform
[2017.04.12-01.37.15:998][  0]LogTemp:Display: Loaded TP HTML5TargetPlatform
[2017.04.12-01.37.16:028][  0]LogTemp:Display: Loaded TP IOSTargetPlatform
[2017.04.12-01.37.16:038][  0]LogTemp:Display: Loaded TP TVOSTargetPlatform
[2017.04.12-01.37.16:048][  0]LogTemp:Display: Loaded TP LinuxNoEditorTargetPlatform
[2017.04.12-01.37.16:059][  0]LogTemp:Display: Loaded TP LinuxServerTargetPlatform
[2017.04.12-01.37.16:071][  0]LogTemp:Display: Loaded TP LinuxTargetPlatform
[2017.04.12-01.37.16:071][  0]LogTargetPlatformManager:Display: Building Assets For Windows
[2017.04.12-01.37.16:234][  0]LogDerivedDataCache:Display: Max Cache Size: 512 MB
[2017.04.12-01.37.16:330][  0]LogDerivedDataCache: Loaded boot cache 0.10s 48MB C:/Users/duck2/AppData/Local/UnrealEngine/4.12/DerivedDataCache/Boot.ddc.
[2017.04.12-01.37.16:331][  0]LogDerivedDataCache:Display: Loaded Boot cache: C:/Users/duck2/AppData/Local/UnrealEngine/4.12/DerivedDataCache/Boot.ddc
[2017.04.12-01.37.16:331][  0]LogDerivedDataCache: FDerivedDataBackendGraph:  Pak pak cache file ../../../../../../Users/duck2/Downloads/map/DerivedDataCache/DDC.ddp not found, will not use a pak cache.
[2017.04.12-01.37.16:331][  0]LogDerivedDataCache: Unable to find inner node Pak for hierarchical cache Hierarchy.
[2017.04.12-01.37.16:331][  0]LogDerivedDataCache: FDerivedDataBackendGraph:  CompressedPak pak cache file ../../../../../../Users/duck2/Downloads/map/DerivedDataCache/Compressed.ddp not found, will not use a pak cache.
[2017.04.12-01.37.16:331][  0]LogDerivedDataCache: Unable to find inner node CompressedPak for hierarchical cache Hierarchy.
[2017.04.12-01.37.16:350][  0]LogDerivedDataCache:Display: Pak cache opened for reading ../../../Engine/DerivedDataCache/Compressed.ddp.
[2017.04.12-01.37.16:363][  0]LogDerivedDataCache: Using Local data cache path C:/Users/duck2/AppData/Local/UnrealEngine/Common/DerivedDataCache: Writable
[2017.04.12-01.37.16:826][  0]LogInit: Selected Device Profile: [Windows]
[2017.04.12-01.37.16:828][  0]LogContentStreaming: Texture pool size is 0.00 MB
[2017.04.12-01.37.17:060][  0]LogMeshUtilities: No automatic mesh reduction module available
[2017.04.12-01.37.17:060][  0]LogMeshUtilities: No automatic mesh merging module available
[2017.04.12-01.37.17:060][  0]LogMeshUtilities: No distributed automatic mesh merging module available
[2017.04.12-01.37.17:463][  0]LogAssetRegistry: FAssetRegistry took 0.0230 seconds to start up
[2017.04.12-01.37.17:513][  0]LogPackageLocalizationCache: Processed 3 localized package path(s) for 2 prioritized culture(s) in 0.045762 seconds
[2017.04.12-01.37.17:520][  0]LogUObjectArray: 28739 objects as part of root set at end of initial load.
[2017.04.12-01.37.17:520][  0]LogUObjectAllocator: 5855632 out of 0 bytes used by permanent object pool.
[2017.04.12-01.37.17:520][  0]LogUObjectArray: CloseDisregardForGC: 0/0 objects in disregard for GC pool
[2017.04.12-01.37.17:530][  0]LogInit: WinSock: version 1.1 (2.2), MaxSocks=32767, MaxUdp=65467
[2017.04.12-01.37.17:881][  0]LogSlate: SlateFontCache - WITH_FREETYPE: 1, WITH_HARFBUZZ: 1
[2017.04.12-01.37.17:881][  0]LogSlate: SlateFontCache - WITH_FREETYPE: 1, WITH_HARFBUZZ: 1
[2017.04.12-01.37.20:121][  0]LogUdpMessaging: Initializing bridge on interface 0.0.0.0:0 to multicast group 230.0.0.1:6666.
[2017.04.12-01.37.20:492][  0]SourceControl: 정보 소스 콘트롤이 꺼졌습니다.
[2017.04.12-01.37.20:694][  0]SourceControl: 정보 소스 콘트롤이 꺼졌습니다.
[2017.04.12-01.37.20:712][  0]SourceControl: 정보 소스 콘트롤이 꺼졌습니다.
[2017.04.12-01.37.20:728][  0]SourceControl: 정보 소스 콘트롤이 꺼졌습니다.
[2017.04.12-01.37.21:117][  0]LogEngine: Initializing Engine...
[2017.04.12-01.37.21:122][  0]LogHMD: SteamVR failed to initialize.  Err: 110
[2017.04.12-01.37.21:123][  0]LogHMD: SteamVR failed to initialize.  Err: 110
[2017.04.12-01.37.21:341][  0]LogAIModule: Creating AISystem for world NewWorld
[2017.04.12-01.37.21:386][  0]LogInit: XAudio2 using '헤드폰(High Definition Audio 장치)' : 2 channels at 44.1 kHz using 16 bits per sample (channel mask 0x3)
[2017.04.12-01.37.21:424][  0]LogInit: FAudioDevice initialized.
[2017.04.12-01.37.21:466][  0]LogDerivedDataCache: Saved boot cache 0.04s 48MB C:/Users/duck2/AppData/Local/UnrealEngine/4.12/DerivedDataCache/Boot.ddc.
[2017.04.12-01.37.21:475][  0]LogInit: Texture streaming: Enabled
[2017.04.12-01.37.21:516][  0]LogInit: Transaction tracking system initialized
[2017.04.12-01.37.21:557][  0]BlueprintLog: New page: 에디터 로드
[2017.04.12-01.37.21:700][  0]LocalizationService: 정보 현지화 서비스가 비활성화되었습니다.
[2017.04.12-01.37.22:055][  0]LogConsoleResponse:Display: 
[2017.04.12-01.37.22:250][  0]LogCook:Display: Max memory allowance for cook 8192mb
[2017.04.12-01.37.22:250][  0]LogCook:Display: Mobile HDR setting 1
[2017.04.12-01.37.22:458][  0]LogFileCache: Scanning file cache for directory 'C:/Users/duck2/Downloads/map/Content/' took 0.03s
[2017.04.12-01.37.22:458][  0]SourceControl: 정보 소스 콘트롤이 꺼졌습니다.
[2017.04.12-01.37.22:458][  0]Cmd: MAP LOAD FILE="../../../../../../Users/duck2/Downloads/map/Content/ThirdPersonBP/Maps/ThirdPersonExampleMap.umap" TEMPLATE=0 SHOWPROGRESS=1 FEATURELEVEL=3
[2017.04.12-01.37.22:462][  0]LightingResults: New page: 라이팅 빌드
[2017.04.12-01.37.22:489][  0]MapCheck: New page: 맵 체크
[2017.04.12-01.37.22:489][  0]LightingResults: New page: 라이팅 빌드
[2017.04.12-01.37.23:312][  0]LogAIModule: Creating AISystem for world ThirdPersonExampleMap
[2017.04.12-01.37.23:352][  0]LogEditorServer: Finished looking for orphan Actors (0.000 secs)
[2017.04.12-01.37.23:353][  0]Cmd: MAP CHECKDEP NOCLEARLOG
[2017.04.12-01.37.23:548][  0]MapCheck: 정보 맵 체크 완료: 오류 0 회, 경고 0 회, 소요 시간 194.327ms.
[2017.04.12-01.37.23:548][  0]LogFileHelpers: Loading map 'ThirdPersonExampleMap' took 1.089
[2017.04.12-01.37.23:792][  0]LogCollectionManager: Loaded 0 collections in 0.002895 seconds
[2017.04.12-01.37.23:863][  0]LogFileCache: Scanning file cache for directory 'C:/Users/duck2/Downloads/map/Saved/Collections/' took 0.01s
[2017.04.12-01.37.23:863][  0]LogFileCache: Scanning file cache for directory 'C:/Users/duck2/Downloads/map/Content/Developers/duck2/Collections/' took 0.01s
[2017.04.12-01.37.23:863][  0]LogFileCache: Scanning file cache for directory 'C:/Users/duck2/Downloads/map/Content/Collections/' took 0.01s
[2017.04.12-01.37.23:863][  0]LogCollectionManager: Rebuilt the GUID cache for 0 collections in 0.000003 seconds
[2017.04.12-01.37.23:876][  0]LogContentBrowser: Native class hierarchy populated in 0.0102 seconds. Added 2047 classes and 369 folders.
[2017.04.12-01.37.23:888][  0]LogStats: UGameplayTagsManager::ConstructGameplayTagTree: Construct from data asset -  0.000 s
[2017.04.12-01.37.23:888][  0]LogStats: UGameplayTagsManager::ConstructGameplayTagTree: GameplayTagTreeChangedEvent.Broadcast -  0.000 s
[2017.04.12-01.37.23:889][  0]LogContentBrowser: Native class hierarchy updated for 'GameplayTags' in 0.0006 seconds. Added 12 classes and 0 folders.
[2017.04.12-01.37.23:899][  0]LogContentBrowser: Native class hierarchy updated for 'WidgetCarousel' in 0.0005 seconds. Added 0 classes and 0 folders.
[2017.04.12-01.37.24:130][  0]LogContentBrowser: Native class hierarchy updated for 'AddContentDialog' in 0.0005 seconds. Added 0 classes and 0 folders.
[2017.04.12-01.37.24:149][  0]LogContentBrowser: Native class hierarchy updated for 'SceneOutliner' in 0.0007 seconds. Added 1 classes and 2 folders.
[2017.04.12-01.37.24:235][  0]LogCrashTracker: Crashtracker disabled due to settings.
[2017.04.12-01.37.24:258][  0]LogUObjectGlobals:Warning: 'Class 없음.' 오브젝트를 찾는 데 실패했습니다.
[2017.04.12-01.37.24:288][  0]LogContentBrowser: Native class hierarchy updated for 'HierarchicalLODOutliner' in 0.0005 seconds. Added 1 classes and 2 folders.
[2017.04.12-01.37.24:288][  0]LogLoad: Full Startup: 11.76 seconds (BP compile: 0.15 seconds)
[2017.04.12-01.37.24:288][  0]LogExternalProfiler: Found external profiler: VSPerf
[2017.04.12-01.37.24:288][  0]LogExternalProfiler: Using external profiler: VSPerf
[2017.04.12-01.37.24:307][  0]LogWindowsTextInputMethodSystem:Display: IME system now activated using TSF (Microsoft 입력기).
[2017.04.12-01.37.24:314][  0]LogOcInput: OculusInput pre-init called
[2017.04.12-01.37.24:348][  0]LogContentStreaming: Texture pool size now 200 MB
[2017.04.12-01.37.24:550][  0]LogRenderer: Reallocating scene render targets to support 1208x628 (Frame:2).
[2017.04.12-01.37.24:785][  2]LogAssetRegistry: Asset discovery search completed in 7.3443 seconds
[2017.04.12-01.37.24:785][  2]LogCollectionManager: Rebuilt the object cache for 0 collections in 0.000001 seconds (found 0 objects)
[2017.04.12-01.37.24:785][  2]LogCollectionManager: Fixed up redirectors for 0 collections in 0.000029 seconds (updated 0 objects)
[2017.04.12-01.37.30:293][609]LogLinker:Warning: '/Game/ThirdPersonBP/b3/KakaoTalk_20161209_024639698' 파일을 찾을 수 없습니다.
[2017.04.12-01.37.30:293][609]LogLinker:Warning: ../../../../../../Users/duck2/Downloads/map/Content/Landscapes/ThirdPersonBP/b3/KakaoTalk_20161209_024639698_Mat.uasset 로드중 '/Game/ThirdPersonBP/b3/KakaoTalk_20161209_024639698' 애셋에 대한 파일을 찾을 수 없습니다.
[2017.04.12-01.37.30:294][609]LoadErrors:Error: 오류 /Game/Landscapes/ThirdPersonBP/b3/KakaoTalk_20161209_024639698_Mat : 애셋에 대한 파일을 찾을 수 없습니다. /Game/ThirdPersonBP/b3/KakaoTalk_20161209_024639698
[2017.04.12-01.37.30:294][609]LogLinker:Warning: '/Game/ThirdPersonBP/b3/KakaoTalk_20161209_024639698' 파일을 찾을 수 없습니다.
[2017.04.12-01.37.30:294][609]LogLinker:Warning: ../../../../../../Users/duck2/Downloads/map/Content/Landscapes/ThirdPersonBP/b3/KakaoTalk_20161209_024639698_Mat.uasset 로드중 '/Game/ThirdPersonBP/b3/KakaoTalk_20161209_024639698' 애셋에 대한 파일을 찾을 수 없습니다.
[2017.04.12-01.37.31:357][609]LogLinker:Warning: '/Game/ThirdPersonBP/b1/KakaoTalk_20161208_203643273_Mat' 파일을 찾을 수 없습니다.
[2017.04.12-01.37.31:357][609]LogLinker:Warning: ../../../../../../Users/duck2/Downloads/map/Content/Landscapes/ThirdPersonBP/b1/b12.uasset 로드중 '/Game/ThirdPersonBP/b1/KakaoTalk_20161208_203643273_Mat' 애셋에 대한 파일을 찾을 수 없습니다.
[2017.04.12-01.37.31:357][609]LoadErrors:Error: 오류 /Game/Landscapes/ThirdPersonBP/b1/b12 : 애셋에 대한 파일을 찾을 수 없습니다. /Game/ThirdPersonBP/b1/KakaoTalk_20161208_203643273_Mat
[2017.04.12-01.37.31:357][609]LogLinker:Warning: '/Game/ThirdPersonBP/b1/KakaoTalk_20161208_203643273_Mat' 파일을 찾을 수 없습니다.
[2017.04.12-01.37.31:358][609]LogLinker:Warning: ../../../../../../Users/duck2/Downloads/map/Content/Landscapes/ThirdPersonBP/b1/b12.uasset 로드중 '/Game/ThirdPersonBP/b1/KakaoTalk_20161208_203643273_Mat' 애셋에 대한 파일을 찾을 수 없습니다.
[2017.04.12-01.37.31:365][609]LogLinker:Warning: '/Game/ThirdPersonBP/b3/KakaoTalk_20161208_194517291_Mat' 파일을 찾을 수 없습니다.
[2017.04.12-01.37.31:365][609]LogLinker:Warning: ../../../../../../Users/duck2/Downloads/map/Content/Landscapes/ThirdPersonBP/b3/b33.uasset 로드중 '/Game/ThirdPersonBP/b3/KakaoTalk_20161208_194517291_Mat' 애셋에 대한 파일을 찾을 수 없습니다.
[2017.04.12-01.37.31:365][609]LoadErrors:Error: 오류 /Game/Landscapes/ThirdPersonBP/b3/b33 : 애셋에 대한 파일을 찾을 수 없습니다. /Game/ThirdPersonBP/b3/KakaoTalk_20161208_194517291_Mat
[2017.04.12-01.37.31:366][609]LogLinker:Warning: '/Game/ThirdPersonBP/b3/KakaoTalk_20161209_024639698_Mat' 파일을 찾을 수 없습니다.
[2017.04.12-01.37.31:366][609]LogLinker:Warning: ../../../../../../Users/duck2/Downloads/map/Content/Landscapes/ThirdPersonBP/b3/b33.uasset 로드중 '/Game/ThirdPersonBP/b3/KakaoTalk_20161209_024639698_Mat' 애셋에 대한 파일을 찾을 수 없습니다.
[2017.04.12-01.37.31:366][609]LoadErrors:Error: 오류 /Game/Landscapes/ThirdPersonBP/b3/b33 : 애셋에 대한 파일을 찾을 수 없습니다. /Game/ThirdPersonBP/b3/KakaoTalk_20161209_024639698_Mat
[2017.04.12-01.37.31:366][609]LogLinker:Warning: '/Game/ThirdPersonBP/b3/KakaoTalk_20161208_194517291_Mat' 파일을 찾을 수 없습니다.
[2017.04.12-01.37.31:366][609]LogLinker:Warning: ../../../../../../Users/duck2/Downloads/map/Content/Landscapes/ThirdPersonBP/b3/b33.uasset 로드중 '/Game/ThirdPersonBP/b3/KakaoTalk_20161208_194517291_Mat' 애셋에 대한 파일을 찾을 수 없습니다.
[2017.04.12-01.37.31:366][609]LogLinker:Warning: '/Game/ThirdPersonBP/b3/KakaoTalk_20161209_024639698_Mat' 파일을 찾을 수 없습니다.
[2017.04.12-01.37.31:367][609]LogLinker:Warning: ../../../../../../Users/duck2/Downloads/map/Content/Landscapes/ThirdPersonBP/b3/b33.uasset 로드중 '/Game/ThirdPersonBP/b3/KakaoTalk_20161209_024639698_Mat' 애셋에 대한 파일을 찾을 수 없습니다.
[2017.04.12-01.37.31:375][609]LogLinker:Warning: '/Game/ThirdPersonBP/n3/bjbjkvvk_Mat' 파일을 찾을 수 없습니다.
[2017.04.12-01.37.31:375][609]LogLinker:Warning: ../../../../../../Users/duck2/Downloads/map/Content/Landscapes/ThirdPersonBP/n3/n3.uasset 로드중 '/Game/ThirdPersonBP/n3/bjbjkvvk_Mat' 애셋에 대한 파일을 찾을 수 없습니다.
[2017.04.12-01.37.31:375][609]LoadErrors:Error: 오류 /Game/Landscapes/ThirdPersonBP/n3/n3 : 애셋에 대한 파일을 찾을 수 없습니다. /Game/ThirdPersonBP/n3/bjbjkvvk_Mat
[2017.04.12-01.37.31:376][609]LogLinker:Warning: '/Game/ThirdPersonBP/n3/bjbjkvvk_Mat' 파일을 찾을 수 없습니다.
[2017.04.12-01.37.31:376][609]LogLinker:Warning: ../../../../../../Users/duck2/Downloads/map/Content/Landscapes/ThirdPersonBP/n3/n3.uasset 로드중 '/Game/ThirdPersonBP/n3/bjbjkvvk_Mat' 애셋에 대한 파일을 찾을 수 없습니다.
[2017.04.12-01.37.31:380][609]LogLinker:Warning: '/Game/ThirdPersonBP/o2/barrel_rust_by_zuuzu_Mat' 파일을 찾을 수 없습니다.
[2017.04.12-01.37.31:380][609]LogLinker:Warning: ../../../../../../Users/duck2/Downloads/map/Content/Landscapes/ThirdPersonBP/o2/o2.uasset 로드중 '/Game/ThirdPersonBP/o2/barrel_rust_by_zuuzu_Mat' 애셋에 대한 파일을 찾을 수 없습니다.
[2017.04.12-01.37.31:380][609]LoadErrors:Error: 오류 /Game/Landscapes/ThirdPersonBP/o2/o2 : 애셋에 대한 파일을 찾을 수 없습니다. /Game/ThirdPersonBP/o2/barrel_rust_by_zuuzu_Mat
[2017.04.12-01.37.31:381][609]LogLinker:Warning: '/Game/ThirdPersonBP/o2/Steel_Panel_12_H_CM_1_Mat' 파일을 찾을 수 없습니다.
[2017.04.12-01.37.31:381][609]LogLinker:Warning: ../../../../../../Users/duck2/Downloads/map/Content/Landscapes/ThirdPersonBP/o2/o2.uasset 로드중 '/Game/ThirdPersonBP/o2/Steel_Panel_12_H_CM_1_Mat' 애셋에 대한 파일을 찾을 수 없습니다.
[2017.04.12-01.37.31:381][609]LoadErrors:Error: 오류 /Game/Landscapes/ThirdPersonBP/o2/o2 : 애셋에 대한 파일을 찾을 수 없습니다. /Game/ThirdPersonBP/o2/Steel_Panel_12_H_CM_1_Mat
[2017.04.12-01.37.31:381][609]LogLinker:Warning: '/Game/ThirdPersonBP/o2/barrel_rust_by_zuuzu_Mat' 파일을 찾을 수 없습니다.
[2017.04.12-01.37.31:381][609]LogLinker:Warning: ../../../../../../Users/duck2/Downloads/map/Content/Landscapes/ThirdPersonBP/o2/o2.uasset 로드중 '/Game/ThirdPersonBP/o2/barrel_rust_by_zuuzu_Mat' 애셋에 대한 파일을 찾을 수 없습니다.
[2017.04.12-01.37.31:382][609]LogLinker:Warning: '/Game/ThirdPersonBP/o2/Steel_Panel_12_H_CM_1_Mat' 파일을 찾을 수 없습니다.
[2017.04.12-01.37.31:382][609]LogLinker:Warning: ../../../../../../Users/duck2/Downloads/map/Content/Landscapes/ThirdPersonBP/o2/o2.uasset 로드중 '/Game/ThirdPersonBP/o2/Steel_Panel_12_H_CM_1_Mat' 애셋에 대한 파일을 찾을 수 없습니다.
[2017.04.12-01.37.31:390][609]LogLinker:Warning: '/Game/ThirdPersonBP/wall2/depositphotos_12077276-Old-hollow-brick-wall_Mat' 파일을 찾을 수 없습니다.
[2017.04.12-01.37.31:390][609]LogLinker:Warning: ../../../../../../Users/duck2/Downloads/map/Content/Landscapes/ThirdPersonBP/wall2/wall2.uasset 로드중 '/Game/ThirdPersonBP/wall2/depositphotos_12077276-Old-hollow-brick-wall_Mat' 애셋에 대한 파일을 찾을 수 없습니다.
[2017.04.12-01.37.31:390][609]LoadErrors:Error: 오류 /Game/Landscapes/ThirdPersonBP/wall2/wall2 : 애셋에 대한 파일을 찾을 수 없습니다. /Game/ThirdPersonBP/wall2/depositphotos_12077276-Old-hollow-brick-wall_Mat
[2017.04.12-01.37.31:391][609]LogLinker:Warning: '/Game/ThirdPersonBP/wall2/depositphotos_12077276-Old-hollow-brick-wall_Mat' 파일을 찾을 수 없습니다.
[2017.04.12-01.37.31:391][609]LogLinker:Warning: ../../../../../../Users/duck2/Downloads/map/Content/Landscapes/ThirdPersonBP/wall2/wall2.uasset 로드중 '/Game/ThirdPersonBP/wall2/depositphotos_12077276-Old-hollow-brick-wall_Mat' 애셋에 대한 파일을 찾을 수 없습니다.
[2017.04.12-01.37.31:522][609]LogLinker:Warning: '/Game/ThirdPersonBP/b3/KakaoTalk_20161209_024639698' 파일을 찾을 수 없습니다.
[2017.04.12-01.37.31:522][609]LoadErrors: 정보 로드에 실패했습니다. /Game/ThirdPersonBP/b3/KakaoTalk_20161209_024639698.KakaoTalk_20161209_024639698 레퍼런싱한 것: MaterialExpressionTextureSample_0
[2017.04.12-01.37.31:522][609]LogLinker:Warning: NULL 로드중 '/Game/ThirdPersonBP/b3/KakaoTalk_20161209_024639698' 애셋에 대한 파일을 찾을 수 없습니다.
[2017.04.12-01.37.31:634][609]LogLinker:Warning: '/Game/ThirdPersonBP/wall2/depositphotos_12077276-Old-hollow-brick-wall_Mat' 파일을 찾을 수 없습니다.
[2017.04.12-01.37.31:634][609]LoadErrors: 정보 로드에 실패했습니다. /Game/ThirdPersonBP/wall2/depositphotos_12077276-Old-hollow-brick-wall_Mat.depositphotos_12077276-Old-hollow-brick-wall_Mat 레퍼런싱한 것: wall2
[2017.04.12-01.37.31:634][609]LogLinker:Warning: NULL 로드중 '/Game/ThirdPersonBP/wall2/depositphotos_12077276-Old-hollow-brick-wall_Mat' 애셋에 대한 파일을 찾을 수 없습니다.
[2017.04.12-01.37.31:635][609]LogLinker:Warning: '/Game/ThirdPersonBP/o2/barrel_rust_by_zuuzu_Mat' 파일을 찾을 수 없습니다.
[2017.04.12-01.37.31:636][609]LoadErrors: 정보 로드에 실패했습니다. /Game/ThirdPersonBP/o2/barrel_rust_by_zuuzu_Mat.barrel_rust_by_zuuzu_Mat 레퍼런싱한 것: o2
[2017.04.12-01.37.31:636][609]LogLinker:Warning: NULL 로드중 '/Game/ThirdPersonBP/o2/barrel_rust_by_zuuzu_Mat' 애셋에 대한 파일을 찾을 수 없습니다.
[2017.04.12-01.37.31:636][609]LogLinker:Warning: '/Game/ThirdPersonBP/o2/Steel_Panel_12_H_CM_1_Mat' 파일을 찾을 수 없습니다.
[2017.04.12-01.37.31:636][609]LoadErrors: 정보 로드에 실패했습니다. /Game/ThirdPersonBP/o2/Steel_Panel_12_H_CM_1_Mat.Steel_Panel_12_H_CM_1_Mat 레퍼런싱한 것: o2
[2017.04.12-01.37.31:636][609]LogLinker:Warning: NULL 로드중 '/Game/ThirdPersonBP/o2/Steel_Panel_12_H_CM_1_Mat' 애셋에 대한 파일을 찾을 수 없습니다.
[2017.04.12-01.37.31:638][609]LogLinker:Warning: '/Game/ThirdPersonBP/n3/bjbjkvvk_Mat' 파일을 찾을 수 없습니다.
[2017.04.12-01.37.31:638][609]LoadErrors: 정보 로드에 실패했습니다. /Game/ThirdPersonBP/n3/bjbjkvvk_Mat.bjbjkvvk_Mat 레퍼런싱한 것: n3
[2017.04.12-01.37.31:638][609]LogLinker:Warning: NULL 로드중 '/Game/ThirdPersonBP/n3/bjbjkvvk_Mat' 애셋에 대한 파일을 찾을 수 없습니다.
[2017.04.12-01.37.31:640][609]LogLinker:Warning: '/Game/ThirdPersonBP/b3/KakaoTalk_20161208_194517291_Mat' 파일을 찾을 수 없습니다.
[2017.04.12-01.37.31:640][609]LoadErrors: 정보 로드에 실패했습니다. /Game/ThirdPersonBP/b3/KakaoTalk_20161208_194517291_Mat.KakaoTalk_20161208_194517291_Mat 레퍼런싱한 것: b33
[2017.04.12-01.37.31:640][609]LogLinker:Warning: NULL 로드중 '/Game/ThirdPersonBP/b3/KakaoTalk_20161208_194517291_Mat' 애셋에 대한 파일을 찾을 수 없습니다.
[2017.04.12-01.37.31:640][609]LogLinker:Warning: '/Game/ThirdPersonBP/b3/KakaoTalk_20161209_024639698_Mat' 파일을 찾을 수 없습니다.
[2017.04.12-01.37.31:640][609]LoadErrors: 정보 로드에 실패했습니다. /Game/ThirdPersonBP/b3/KakaoTalk_20161209_024639698_Mat.KakaoTalk_20161209_024639698_Mat 레퍼런싱한 것: b33
[2017.04.12-01.37.31:640][609]LogLinker:Warning: NULL 로드중 '/Game/ThirdPersonBP/b3/KakaoTalk_20161209_024639698_Mat' 애셋에 대한 파일을 찾을 수 없습니다.
[2017.04.12-01.37.31:643][609]LogLinker:Warning: '/Game/ThirdPersonBP/b1/KakaoTalk_20161208_203643273_Mat' 파일을 찾을 수 없습니다.
[2017.04.12-01.37.31:644][609]LoadErrors: 정보 로드에 실패했습니다. /Game/ThirdPersonBP/b1/KakaoTalk_20161208_203643273_Mat.KakaoTalk_20161208_203643273_Mat 레퍼런싱한 것: b12
[2017.04.12-01.37.31:644][609]LogLinker:Warning: NULL 로드중 '/Game/ThirdPersonBP/b1/KakaoTalk_20161208_203643273_Mat' 애셋에 대한 파일을 찾을 수 없습니다.
[2017.04.12-01.37.32:598][609]LogMaterial: Missing cached shader map for material KakaoTalk_20161209_024639698_Mat, compiling. 
[2017.04.12-01.37.32:606][609]LogMaterial:Warning: Failed to compile Material /Game/Landscapes/ThirdPersonBP/b3/KakaoTalk_20161209_024639698_Mat.KakaoTalk_20161209_024639698_Mat for platform PCD3D_SM5, Default Material will be used in game.
[2017.04.12-01.37.32:606][609]LogMaterial:Warning: 	(Node TextureSample) TextureSample> Missing input texture
[2017.04.12-01.37.34:211][609]LogAIModule: Creating AISystem for world NewMap0101
[2017.04.12-01.37.34:285][609]Cmd: MAP LOAD FILE="../../../../../../Users/duck2/Downloads/map/Content/Landscapes/NewMap0101.umap" TEMPLATE=0 SHOWPROGRESS=1 FEATURELEVEL=3
[2017.04.12-01.37.34:285][609]LightingResults: New page: 라이팅 빌드
[2017.04.12-01.37.34:286][609]LoadErrors: New page: 맵 로드중: NewMap0101.umap
[2017.04.12-01.37.34:291][609]MapCheck: New page: 맵 체크
[2017.04.12-01.37.34:291][609]LightingResults: New page: 라이팅 빌드
[2017.04.12-01.37.34:509][609]LogEditorServer: Finished looking for orphan Actors (0.000 secs)
[2017.04.12-01.37.34:535][609]Cmd: MAP CHECKDEP NOCLEARLOG
[2017.04.12-01.37.34:996][609]MapCheck: 정보 맵 체크 완료: 오류 0 회, 경고 0 회, 소요 시간 460.597ms.
[2017.04.12-01.37.34:997][609]LogFileHelpers: Loading map 'NewMap0101' took 0.718
[2017.04.12-01.37.35:049][610]Cmd: UpdateLandscapeEditorData -warnings
[2017.04.12-01.37.35:068][610]Cmd: UpdateLandscapeEditorData
[2017.04.12-01.37.36:530][774]LogEditorViewport: Clicking on Actor (LMB): Landscape (Landscape1)
[2017.04.12-01.37.40:806][199]LogRenderer: Reallocating scene render targets to support 1208x640 (Frame:39).
[2017.04.12-01.37.40:867][200]LogRenderer: Reallocating scene render targets to support 1208x648 (Frame:41).
[2017.04.12-01.37.40:930][201]LogRenderer: Reallocating scene render targets to support 1208x656 (Frame:43).
[2017.04.12-01.37.40:999][202]LogRenderer: Reallocating scene render targets to support 1208x664 (Frame:45).
[2017.04.12-01.37.41:066][203]LogRenderer: Reallocating scene render targets to support 1208x680 (Frame:47).
[2017.04.12-01.37.41:141][204]LogRenderer: Reallocating scene render targets to support 1208x704 (Frame:49).
[2017.04.12-01.37.41:210][205]LogRenderer: Reallocating scene render targets to support 1208x720 (Frame:51).
[2017.04.12-01.37.41:279][206]LogRenderer: Reallocating scene render targets to support 1208x728 (Frame:53).
[2017.04.12-01.37.41:349][207]LogRenderer: Reallocating scene render targets to support 1208x772 (Frame:55).
[2017.04.12-01.37.41:424][208]LogRenderer: Reallocating scene render targets to support 1208x784 (Frame:57).
[2017.04.12-01.37.41:502][209]LogRenderer: Reallocating scene render targets to support 1208x788 (Frame:59).
[2017.04.12-01.38.15:412][ 36]LogNavigationPoint: PostEditMove Clear paths rebuilt
[2017.04.12-01.38.17:752][278]LogNavigationPoint: PostEditMove Clear paths rebuilt
[2017.04.12-01.38.19:615][471]LogNavigationPoint: PostEditMove Clear paths rebuilt
[2017.04.12-01.38.21:327][661]LogNavigationPoint: PostEditMove Clear paths rebuilt
[2017.04.12-01.38.22:121][747]LogPlayLevel: PlayLevel: No blueprints needed recompiling
[2017.04.12-01.38.22:125][747]PIE: New page: PIE 세션: NewMap0101 (2017. 4. 12. 오후 7:38:22)
[2017.04.12-01.38.22:125][747]LogPlayLevel: Creating play world package: /Game/Landscapes/UEDPIE_0_NewMap0101
[2017.04.12-01.38.22:156][747]LogPlayLevel: PIE: StaticDuplicateObject took: (0.030865s)
[2017.04.12-01.38.22:157][747]LogAIModule: Creating AISystem for world NewMap0101
[2017.04.12-01.38.22:157][747]LogPlayLevel: PIE: World Init took: (0.001190s)
[2017.04.12-01.38.22:158][747]LogPlayLevel: PIE: Created PIE world by copying editor world from /Game/Landscapes/NewMap0101.NewMap0101 to /Game/Landscapes/UEDPIE_0_NewMap0101.NewMap0101 (0.033191s)
[2017.04.12-01.38.22:205][747]LogInit: XAudio2 using '헤드폰(High Definition Audio 장치)' : 2 channels at 44.1 kHz using 16 bits per sample (channel mask 0x3)
[2017.04.12-01.38.22:226][747]LogInit: FAudioDevice initialized.
[2017.04.12-01.38.22:318][747]LogWorld: Game class is 'ThirdPersonGameMode_C'
[2017.04.12-01.38.22:381][747]LogWorld: Bringing World /Game/Landscapes/UEDPIE_0_NewMap0101.NewMap0101 up for play (max tick rate 0) at 2017.04.12-10.38.22
[2017.04.12-01.38.22:384][747]LogWorld: Bringing up level for play took: 0.053743
[2017.04.12-01.38.22:406][747]LogContentBrowser: Native class hierarchy updated for 'MovieSceneCapture' in 0.0006 seconds. Added 11 classes and 0 folders.
[2017.04.12-01.38.22:418][747]PIE: 정보 /Game/Landscapes/UEDPIE_0_NewMap0101 에 대한 에디터에서 플레이 시작 시간: -0.131
[2017.04.12-01.38.46:515][585]LogEditorViewport: Clicking on Actor (LMB): Landscape (Landscape1)
[2017.04.12-01.38.49:090][776]LogEditorViewport: Clicking on Actor (LMB): StaticMeshActor (ggg11)
[2017.04.12-01.39.18:465][ 45]LogEditorViewport: Clicking on Actor (LMB): StaticMeshActor (ggg4)
[2017.04.12-01.39.22:702][506]LogPlayLevel: PlayLevel: No blueprints needed recompiling
[2017.04.12-01.39.22:702][506]PIE: New page: PIE 세션: NewMap0101 (2017. 4. 12. 오후 7:39:22)
[2017.04.12-01.39.22:702][506]LogPlayLevel: Creating play world package: /Game/Landscapes/UEDPIE_0_NewMap0101
[2017.04.12-01.39.22:723][506]LogPlayLevel: PIE: StaticDuplicateObject took: (0.020226s)
[2017.04.12-01.39.22:724][506]LogAIModule: Creating AISystem for world NewMap0101
[2017.04.12-01.39.22:724][506]LogPlayLevel: PIE: World Init took: (0.001161s)
[2017.04.12-01.39.22:724][506]LogPlayLevel: PIE: Created PIE world by copying editor world from /Game/Landscapes/NewMap0101.NewMap0101 to /Game/Landscapes/UEDPIE_0_NewMap0101.NewMap0101 (0.021710s)
[2017.04.12-01.39.22:790][506]LogInit: XAudio2 using '헤드폰(High Definition Audio 장치)' : 2 channels at 44.1 kHz using 16 bits per sample (channel mask 0x3)
[2017.04.12-01.39.22:820][506]LogInit: FAudioDevice initialized.
[2017.04.12-01.39.22:880][506]LogWorld: Game class is 'ThirdPersonGameMode_C'
[2017.04.12-01.39.22:925][506]LogWorld: Bringing World /Game/Landscapes/UEDPIE_0_NewMap0101.NewMap0101 up for play (max tick rate 0) at 2017.04.12-10.39.22
[2017.04.12-01.39.22:926][506]LogWorld: Bringing up level for play took: 0.044939
[2017.04.12-01.39.22:931][506]PIE: 정보 /Game/Landscapes/UEDPIE_0_NewMap0101 에 대한 에디터에서 플레이 시작 시간: 0.381
[2017.04.12-01.39.48:367][526]LogEditorViewport: Clicking on Actor (LMB): StaticMeshActor (ggg11)
[2017.04.12-01.39.49:441][646]Cmd: DELETE
[2017.04.12-01.39.49:441][646]Cmd: ACTOR DELETE
[2017.04.12-01.39.49:443][646]LogEditorActor: Deleted Actor: StaticMeshActor
[2017.04.12-01.39.49:455][646]LogEditorActor: Deleted 1 Actors (0.014 secs)
[2017.04.12-01.39.50:372][755]LogEditorViewport: Clicking on Actor (LMB): StaticMeshActor (ggg4)
[2017.04.12-01.39.52:151][956]LogEditorViewport: Clicking on Actor (LMB): StaticMeshActor (ggg3)
[2017.04.12-01.39.54:735][234]LogEditorViewport: Clicking on Actor (CTRL LMB): StaticMeshActor (ggg4)
[2017.04.12-01.39.56:762][458]LogEditorViewport: Clicking on Actor (CTRL LMB): StaticMeshActor (ggg)
[2017.04.12-01.40.03:940][205]Cmd: TRANSACTION UNDO
[2017.04.12-01.40.03:940][205]LogEditorTransaction: Undo 액터 이동
[2017.04.12-01.40.06:833][521]LogEditorViewport: Clicking on Actor (CTRL LMB): StaticMeshActor (ggg10)
[2017.04.12-01.40.08:395][690]LogEditorViewport: Clicking on Actor (CTRL LMB): StaticMeshActor (ggg9)
[2017.04.12-01.40.09:399][795]LogEditorViewport: Clicking on Actor (CTRL LMB): StaticMeshActor (ggg8)
[2017.04.12-01.40.10:238][881]LogEditorViewport: Clicking on Actor (CTRL LMB): StaticMeshActor (ggg7)
[2017.04.12-01.40.11:029][960]LogEditorViewport: Clicking on Actor (CTRL LMB): StaticMeshActor (ggg6)
[2017.04.12-01.40.12:551][115]LogEditorViewport: Clicking on Actor (CTRL LMB): StaticMeshActor (ggg2)
[2017.04.12-01.40.13:438][206]LogEditorViewport: Clicking on Actor (CTRL LMB): StaticMeshActor (ggg5)
[2017.04.12-01.40.30:710][958]LogPlayLevel: PlayLevel: No blueprints needed recompiling
[2017.04.12-01.40.30:710][958]PIE: New page: PIE 세션: NewMap0101 (2017. 4. 12. 오후 7:40:30)
[2017.04.12-01.40.30:710][958]LogPlayLevel: Creating play world package: /Game/Landscapes/UEDPIE_0_NewMap0101
[2017.04.12-01.40.30:730][958]LogPlayLevel: PIE: StaticDuplicateObject took: (0.020241s)
[2017.04.12-01.40.30:731][958]LogAIModule: Creating AISystem for world NewMap0101
[2017.04.12-01.40.30:732][958]LogPlayLevel: PIE: World Init took: (0.001257s)
[2017.04.12-01.40.30:732][958]LogPlayLevel: PIE: Created PIE world by copying editor world from /Game/Landscapes/NewMap0101.NewMap0101 to /Game/Landscapes/UEDPIE_0_NewMap0101.NewMap0101 (0.021843s)
[2017.04.12-01.40.30:790][958]LogInit: XAudio2 using '헤드폰(High Definition Audio 장치)' : 2 channels at 44.1 kHz using 16 bits per sample (channel mask 0x3)
[2017.04.12-01.40.30:813][958]LogInit: FAudioDevice initialized.
[2017.04.12-01.40.30:872][958]LogWorld: Game class is 'ThirdPersonGameMode_C'
[2017.04.12-01.40.30:918][958]LogWorld: Bringing World /Game/Landscapes/UEDPIE_0_NewMap0101.NewMap0101 up for play (max tick rate 0) at 2017.04.12-10.40.30
[2017.04.12-01.40.30:919][958]LogWorld: Bringing up level for play took: 0.045901
[2017.04.12-01.40.30:923][958]PIE: 정보 /Game/Landscapes/UEDPIE_0_NewMap0101 에 대한 에디터에서 플레이 시작 시간: 0.374
[2017.04.12-01.40.39:906][ 10]LogEditorViewport: Clicking on Actor (LMB): Landscape (Landscape1)
[2017.04.12-01.40.40:687][ 93]LogEditorViewport: Clicking on Actor (LMB): StaticMeshActor (ggg9)
[2017.04.12-01.40.45:946][628]LogEditorViewport: Clicking on Actor (LMB): Landscape (Landscape1)
[2017.04.12-01.40.47:738][829]LogEditorViewport: Clicking on Actor (LMB): StaticMeshActor (ggg9)
[2017.04.12-01.40.59:739][ 85]LogEditorViewport: Clicking on Actor (LMB): Landscape (Landscape1)
[2017.04.12-01.41.10:749][329]LogPlayLevel: PlayLevel: No blueprints needed recompiling
[2017.04.12-01.41.10:750][329]PIE: New page: PIE 세션: NewMap0101 (2017. 4. 12. 오후 7:41:10)
[2017.04.12-01.41.10:750][329]LogPlayLevel: Creating play world package: /Game/Landscapes/UEDPIE_0_NewMap0101
[2017.04.12-01.41.10:770][329]LogPlayLevel: PIE: StaticDuplicateObject took: (0.019898s)
[2017.04.12-01.41.10:771][329]LogAIModule: Creating AISystem for world NewMap0101
[2017.04.12-01.41.10:771][329]LogPlayLevel: PIE: World Init took: (0.001070s)
[2017.04.12-01.41.10:771][329]LogPlayLevel: PIE: Created PIE world by copying editor world from /Game/Landscapes/NewMap0101.NewMap0101 to /Game/Landscapes/UEDPIE_0_NewMap0101.NewMap0101 (0.021317s)
[2017.04.12-01.41.10:821][329]LogInit: XAudio2 using '헤드폰(High Definition Audio 장치)' : 2 channels at 44.1 kHz using 16 bits per sample (channel mask 0x3)
[2017.04.12-01.41.10:842][329]LogInit: FAudioDevice initialized.
[2017.04.12-01.41.10:901][329]LogWorld: Game class is 'ThirdPersonGameMode_C'
[2017.04.12-01.41.10:950][329]LogWorld: Bringing World /Game/Landscapes/UEDPIE_0_NewMap0101.NewMap0101 up for play (max tick rate 0) at 2017.04.12-10.41.10
[2017.04.12-01.41.10:952][329]LogWorld: Bringing up level for play took: 0.049613
[2017.04.12-01.41.10:956][329]PIE: 정보 /Game/Landscapes/UEDPIE_0_NewMap0101 에 대한 에디터에서 플레이 시작 시간: 0.407
[2017.04.12-01.41.22:869][732]LogEditorViewport: Clicking on Actor (LMB): StaticMeshActor (ggg10)
[2017.04.12-01.42.12:388][985]LogEditorViewport: Clicking on Actor (LMB): StaticMeshActor (ggg11)
[2017.04.12-01.42.15:419][322]LogEditorViewport: Clicking on Actor (LMB): StaticMeshActor (ggg12)
[2017.04.12-01.43.22:033][697]LogPlayLevel: PlayLevel: No blueprints needed recompiling
[2017.04.12-01.43.22:033][697]PIE: New page: PIE 세션: NewMap0101 (2017. 4. 12. 오후 7:43:22)
[2017.04.12-01.43.22:034][697]LogPlayLevel: Creating play world package: /Game/Landscapes/UEDPIE_0_NewMap0101
[2017.04.12-01.43.22:057][697]LogPlayLevel: PIE: StaticDuplicateObject took: (0.023645s)
[2017.04.12-01.43.22:058][697]LogAIModule: Creating AISystem for world NewMap0101
[2017.04.12-01.43.22:058][697]LogPlayLevel: PIE: World Init took: (0.001116s)
[2017.04.12-01.43.22:059][697]LogPlayLevel: PIE: Created PIE world by copying editor world from /Game/Landscapes/NewMap0101.NewMap0101 to /Game/Landscapes/UEDPIE_0_NewMap0101.NewMap0101 (0.025069s)
[2017.04.12-01.43.22:113][697]LogInit: XAudio2 using '헤드폰(High Definition Audio 장치)' : 2 channels at 44.1 kHz using 16 bits per sample (channel mask 0x3)
[2017.04.12-01.43.22:138][697]LogInit: FAudioDevice initialized.
[2017.04.12-01.43.22:196][697]LogWorld: Game class is 'ThirdPersonGameMode_C'
[2017.04.12-01.43.22:245][697]LogWorld: Bringing World /Game/Landscapes/UEDPIE_0_NewMap0101.NewMap0101 up for play (max tick rate 0) at 2017.04.12-10.43.22
[2017.04.12-01.43.22:246][697]LogWorld: Bringing up level for play took: 0.049145
[2017.04.12-01.43.22:251][697]PIE: 정보 /Game/Landscapes/UEDPIE_0_NewMap0101 에 대한 에디터에서 플레이 시작 시간: -0.299
[2017.04.12-01.43.33:130][963]LogEditorViewport: Clicking on Actor (LMB): StaticMeshActor (ggg13)
[2017.04.12-01.43.38:715][534]LogEditorViewport: Clicking on Actor (LMB): StaticMeshActor (ggg12)
[2017.04.12-01.43.43:379][ 36]LogEditorViewport: Clicking on Actor (LMB): StaticMeshActor (ggg14)
[2017.04.12-01.43.46:314][371]LogEditorViewport: Clicking on Actor (LMB): StaticMeshActor (ggg15)
[2017.04.12-01.43.59:679][867]LogEditorViewport: Clicking on Actor (LMB): BP_Sky_Sphere_C (Sky Sphere)
[2017.04.12-01.44.02:450][168]LogPlayLevel: PlayLevel: No blueprints needed recompiling
[2017.04.12-01.44.02:450][168]PIE: New page: PIE 세션: NewMap0101 (2017. 4. 12. 오후 7:44:02)
[2017.04.12-01.44.02:450][168]LogPlayLevel: Creating play world package: /Game/Landscapes/UEDPIE_0_NewMap0101
[2017.04.12-01.44.02:471][168]LogPlayLevel: PIE: StaticDuplicateObject took: (0.020326s)
[2017.04.12-01.44.02:472][168]LogAIModule: Creating AISystem for world NewMap0101
[2017.04.12-01.44.02:472][168]LogPlayLevel: PIE: World Init took: (0.001115s)
[2017.04.12-01.44.02:472][168]LogPlayLevel: PIE: Created PIE world by copying editor world from /Game/Landscapes/NewMap0101.NewMap0101 to /Game/Landscapes/UEDPIE_0_NewMap0101.NewMap0101 (0.021924s)
[2017.04.12-01.44.02:516][168]LogInit: XAudio2 using '헤드폰(High Definition Audio 장치)' : 2 channels at 44.1 kHz using 16 bits per sample (channel mask 0x3)
[2017.04.12-01.44.02:536][168]LogInit: FAudioDevice initialized.
[2017.04.12-01.44.02:595][168]LogWorld: Game class is 'ThirdPersonGameMode_C'
[2017.04.12-01.44.02:644][168]LogWorld: Bringing World /Game/Landscapes/UEDPIE_0_NewMap0101.NewMap0101 up for play (max tick rate 0) at 2017.04.12-10.44.02
[2017.04.12-01.44.02:645][168]LogWorld: Bringing up level for play took: 0.049096
[2017.04.12-01.44.02:650][168]PIE: 정보 /Game/Landscapes/UEDPIE_0_NewMap0101 에 대한 에디터에서 플레이 시작 시간: 0.1
[2017.04.12-01.44.14:981][623]LogEditorViewport: Clicking on Actor (LMB): StaticMeshActor (ggg13)
[2017.04.12-01.44.27:923][116]LogEditorViewport: Clicking on Actor (LMB): StaticMeshActor (ggg14)
[2017.04.12-01.44.41:849][658]LogEditorViewport: Clicking on Actor (LMB): StaticMeshActor (ggg15)
[2017.04.12-01.44.43:610][854]LogEditorViewport: Clicking on Actor (LMB): StaticMeshActor (ggg14)
[2017.04.12-01.44.53:399][933]LogEditorViewport: Clicking on Actor (LMB): StaticMeshActor (ggg16)
[2017.04.12-01.45.01:902][885]LogPlayLevel: PlayLevel: No blueprints needed recompiling
[2017.04.12-01.45.01:903][885]PIE: New page: PIE 세션: NewMap0101 (2017. 4. 12. 오후 7:45:01)
[2017.04.12-01.45.01:903][885]LogPlayLevel: Creating play world package: /Game/Landscapes/UEDPIE_0_NewMap0101
[2017.04.12-01.45.01:924][885]LogPlayLevel: PIE: StaticDuplicateObject took: (0.020913s)
[2017.04.12-01.45.01:925][885]LogAIModule: Creating AISystem for world NewMap0101
[2017.04.12-01.45.01:925][885]LogPlayLevel: PIE: World Init took: (0.001155s)
[2017.04.12-01.45.01:925][885]LogPlayLevel: PIE: Created PIE world by copying editor world from /Game/Landscapes/NewMap0101.NewMap0101 to /Game/Landscapes/UEDPIE_0_NewMap0101.NewMap0101 (0.022449s)
[2017.04.12-01.45.01:970][885]LogInit: XAudio2 using '헤드폰(High Definition Audio 장치)' : 2 channels at 44.1 kHz using 16 bits per sample (channel mask 0x3)
[2017.04.12-01.45.01:990][885]LogInit: FAudioDevice initialized.
[2017.04.12-01.45.02:050][885]LogWorld: Game class is 'ThirdPersonGameMode_C'
[2017.04.12-01.45.02:099][885]LogWorld: Bringing World /Game/Landscapes/UEDPIE_0_NewMap0101.NewMap0101 up for play (max tick rate 0) at 2017.04.12-10.45.02
[2017.04.12-01.45.02:100][885]LogWorld: Bringing up level for play took: 0.048347
[2017.04.12-01.45.02:105][885]PIE: 정보 /Game/Landscapes/UEDPIE_0_NewMap0101 에 대한 에디터에서 플레이 시작 시간: -0.444
[2017.04.12-01.45.10:691][888]LogEditorViewport: Clicking on Actor (LMB): StaticMeshActor (ggg11)
[2017.04.12-01.45.25:726][587]LogPlayLevel: PlayLevel: No blueprints needed recompiling
[2017.04.12-01.45.25:726][587]PIE: New page: PIE 세션: NewMap0101 (2017. 4. 12. 오후 7:45:25)
[2017.04.12-01.45.25:726][587]LogPlayLevel: Creating play world package: /Game/Landscapes/UEDPIE_0_NewMap0101
[2017.04.12-01.45.25:748][587]LogPlayLevel: PIE: StaticDuplicateObject took: (0.021487s)
[2017.04.12-01.45.25:749][587]LogAIModule: Creating AISystem for world NewMap0101
[2017.04.12-01.45.25:749][587]LogPlayLevel: PIE: World Init took: (0.001166s)
[2017.04.12-01.45.25:749][587]LogPlayLevel: PIE: Created PIE world by copying editor world from /Game/Landscapes/NewMap0101.NewMap0101 to /Game/Landscapes/UEDPIE_0_NewMap0101.NewMap0101 (0.023015s)
[2017.04.12-01.45.25:794][587]LogInit: XAudio2 using '헤드폰(High Definition Audio 장치)' : 2 channels at 44.1 kHz using 16 bits per sample (channel mask 0x3)
[2017.04.12-01.45.25:813][587]LogInit: FAudioDevice initialized.
[2017.04.12-01.45.25:871][587]LogWorld: Game class is 'ThirdPersonGameMode_C'
[2017.04.12-01.45.25:918][587]LogWorld: Bringing World /Game/Landscapes/UEDPIE_0_NewMap0101.NewMap0101 up for play (max tick rate 0) at 2017.04.12-10.45.25
[2017.04.12-01.45.25:919][587]LogWorld: Bringing up level for play took: 0.046712
[2017.04.12-01.45.25:923][587]PIE: 정보 /Game/Landscapes/UEDPIE_0_NewMap0101 에 대한 에디터에서 플레이 시작 시간: -0.626
[2017.04.12-01.45.39:758][223]LogEditorViewport: Clicking on Actor (LMB): StaticMeshActor (ggg10)
[2017.04.12-01.45.48:216][193]LogPlayLevel: PlayLevel: No blueprints needed recompiling
[2017.04.12-01.45.48:216][193]PIE: New page: PIE 세션: NewMap0101 (2017. 4. 12. 오후 7:45:48)
[2017.04.12-01.45.48:216][193]LogPlayLevel: Creating play world package: /Game/Landscapes/UEDPIE_0_NewMap0101
[2017.04.12-01.45.48:238][193]LogPlayLevel: PIE: StaticDuplicateObject took: (0.021828s)
[2017.04.12-01.45.48:239][193]LogAIModule: Creating AISystem for world NewMap0101
[2017.04.12-01.45.48:239][193]LogPlayLevel: PIE: World Init took: (0.001149s)
[2017.04.12-01.45.48:239][193]LogPlayLevel: PIE: Created PIE world by copying editor world from /Game/Landscapes/NewMap0101.NewMap0101 to /Game/Landscapes/UEDPIE_0_NewMap0101.NewMap0101 (0.023343s)
[2017.04.12-01.45.48:297][193]LogInit: XAudio2 using '헤드폰(High Definition Audio 장치)' : 2 channels at 44.1 kHz using 16 bits per sample (channel mask 0x3)
[2017.04.12-01.45.48:325][193]LogInit: FAudioDevice initialized.
[2017.04.12-01.45.48:389][193]LogWorld: Game class is 'ThirdPersonGameMode_C'
[2017.04.12-01.45.48:442][193]LogWorld: Bringing World /Game/Landscapes/UEDPIE_0_NewMap0101.NewMap0101 up for play (max tick rate 0) at 2017.04.12-10.45.48
[2017.04.12-01.45.48:444][193]LogWorld: Bringing up level for play took: 0.053564
[2017.04.12-01.45.48:448][193]PIE: 정보 /Game/Landscapes/UEDPIE_0_NewMap0101 에 대한 에디터에서 플레이 시작 시간: -0.102
[2017.04.12-01.45.59:652][512]LogEditorViewport: Clicking on Actor (LMB): StaticMeshActor (ggg12)
[2017.04.12-01.46.15:301][223]Cmd: SELECT NONE
[2017.04.12-01.46.16:800][398]LogPlayLevel: PlayLevel: No blueprints needed recompiling
[2017.04.12-01.46.16:800][398]PIE: New page: PIE 세션: NewMap0101 (2017. 4. 12. 오후 7:46:16)
[2017.04.12-01.46.16:800][398]LogPlayLevel: Creating play world package: /Game/Landscapes/UEDPIE_0_NewMap0101
[2017.04.12-01.46.16:820][398]LogPlayLevel: PIE: StaticDuplicateObject took: (0.020276s)
[2017.04.12-01.46.16:822][398]LogAIModule: Creating AISystem for world NewMap0101
[2017.04.12-01.46.16:822][398]LogPlayLevel: PIE: World Init took: (0.001267s)
[2017.04.12-01.46.16:822][398]LogPlayLevel: PIE: Created PIE world by copying editor world from /Game/Landscapes/NewMap0101.NewMap0101 to /Game/Landscapes/UEDPIE_0_NewMap0101.NewMap0101 (0.021914s)
[2017.04.12-01.46.16:868][398]LogInit: XAudio2 using '헤드폰(High Definition Audio 장치)' : 2 channels at 44.1 kHz using 16 bits per sample (channel mask 0x3)
[2017.04.12-01.46.16:887][398]LogInit: FAudioDevice initialized.
[2017.04.12-01.46.16:948][398]LogWorld: Game class is 'ThirdPersonGameMode_C'
[2017.04.12-01.46.16:999][398]LogWorld: Bringing World /Game/Landscapes/UEDPIE_0_NewMap0101.NewMap0101 up for play (max tick rate 0) at 2017.04.12-10.46.16
[2017.04.12-01.46.17:000][398]LogWorld: Bringing up level for play took: 0.050697
[2017.04.12-01.46.17:004][398]PIE: 정보 /Game/Landscapes/UEDPIE_0_NewMap0101 에 대한 에디터에서 플레이 시작 시간: 0.455
[2017.04.12-01.46.31:223][ 89]LogEditorViewport: Clicking on Actor (LMB): StaticMeshActor (ggg11)
[2017.04.12-01.46.38:589][905]LogEditorViewport: Clicking on Actor (LMB): Landscape (Landscape1)
[2017.04.12-01.46.40:773][146]LogPlayLevel: PlayLevel: No blueprints needed recompiling
[2017.04.12-01.46.40:773][146]PIE: New page: PIE 세션: NewMap0101 (2017. 4. 12. 오후 7:46:40)
[2017.04.12-01.46.40:773][146]LogPlayLevel: Creating play world package: /Game/Landscapes/UEDPIE_0_NewMap0101
[2017.04.12-01.46.40:795][146]LogPlayLevel: PIE: StaticDuplicateObject took: (0.021581s)
[2017.04.12-01.46.40:796][146]LogAIModule: Creating AISystem for world NewMap0101
[2017.04.12-01.46.40:796][146]LogPlayLevel: PIE: World Init took: (0.001091s)
[2017.04.12-01.46.40:796][146]LogPlayLevel: PIE: Created PIE world by copying editor world from /Game/Landscapes/NewMap0101.NewMap0101 to /Game/Landscapes/UEDPIE_0_NewMap0101.NewMap0101 (0.023025s)
[2017.04.12-01.46.40:840][146]LogInit: XAudio2 using '헤드폰(High Definition Audio 장치)' : 2 channels at 44.1 kHz using 16 bits per sample (channel mask 0x3)
[2017.04.12-01.46.40:860][146]LogInit: FAudioDevice initialized.
[2017.04.12-01.46.40:915][146]LogWorld: Game class is 'ThirdPersonGameMode_C'
[2017.04.12-01.46.40:962][146]LogWorld: Bringing World /Game/Landscapes/UEDPIE_0_NewMap0101.NewMap0101 up for play (max tick rate 0) at 2017.04.12-10.46.40
[2017.04.12-01.46.40:963][146]LogWorld: Bringing up level for play took: 0.047043
[2017.04.12-01.46.40:967][146]PIE: 정보 /Game/Landscapes/UEDPIE_0_NewMap0101 에 대한 에디터에서 플레이 시작 시간: 0.418
[2017.04.12-01.46.50:662][286]LogEditorViewport: Clicking on Actor (LMB): StaticMeshActor (ggg13)
[2017.04.12-01.46.57:168][  0]LogPlayLevel: PlayLevel: No blueprints needed recompiling
[2017.04.12-01.46.57:168][  0]PIE: New page: PIE 세션: NewMap0101 (2017. 4. 12. 오후 7:46:57)
[2017.04.12-01.46.57:168][  0]LogPlayLevel: Creating play world package: /Game/Landscapes/UEDPIE_0_NewMap0101
[2017.04.12-01.46.57:190][  0]LogPlayLevel: PIE: StaticDuplicateObject took: (0.021893s)
[2017.04.12-01.46.57:191][  0]LogAIModule: Creating AISystem for world NewMap0101
[2017.04.12-01.46.57:191][  0]LogPlayLevel: PIE: World Init took: (0.001029s)
[2017.04.12-01.46.57:191][  0]LogPlayLevel: PIE: Created PIE world by copying editor world from /Game/Landscapes/NewMap0101.NewMap0101 to /Game/Landscapes/UEDPIE_0_NewMap0101.NewMap0101 (0.023221s)
[2017.04.12-01.46.57:235][  0]LogInit: XAudio2 using '헤드폰(High Definition Audio 장치)' : 2 channels at 44.1 kHz using 16 bits per sample (channel mask 0x3)
[2017.04.12-01.46.57:254][  0]LogInit: FAudioDevice initialized.
[2017.04.12-01.46.57:310][  0]LogWorld: Game class is 'ThirdPersonGameMode_C'
[2017.04.12-01.46.57:359][  0]LogWorld: Bringing World /Game/Landscapes/UEDPIE_0_NewMap0101.NewMap0101 up for play (max tick rate 0) at 2017.04.12-10.46.57
[2017.04.12-01.46.57:360][  0]LogWorld: Bringing up level for play took: 0.048918
[2017.04.12-01.46.57:364][  0]PIE: 정보 /Game/Landscapes/UEDPIE_0_NewMap0101 에 대한 에디터에서 플레이 시작 시간: 0.815
[2017.04.12-01.47.07:313][171]LogEditorViewport: Clicking on Actor (LMB): Landscape (Landscape1)
[2017.04.12-01.47.08:420][292]LogEditorViewport: Clicking on Actor (LMB): StaticMeshActor (ggg15)
[2017.04.12-01.47.43:694][ 18]LogPlayLevel: PlayLevel: No blueprints needed recompiling
[2017.04.12-01.47.43:695][ 18]PIE: New page: PIE 세션: NewMap0101 (2017. 4. 12. 오후 7:47:43)
[2017.04.12-01.47.43:695][ 18]LogPlayLevel: Creating play world package: /Game/Landscapes/UEDPIE_0_NewMap0101
[2017.04.12-01.47.43:716][ 18]LogPlayLevel: PIE: StaticDuplicateObject took: (0.020835s)
[2017.04.12-01.47.43:717][ 18]LogAIModule: Creating AISystem for world NewMap0101
[2017.04.12-01.47.43:717][ 18]LogPlayLevel: PIE: World Init took: (0.001227s)
[2017.04.12-01.47.43:717][ 18]LogPlayLevel: PIE: Created PIE world by copying editor world from /Game/Landscapes/NewMap0101.NewMap0101 to /Game/Landscapes/UEDPIE_0_NewMap0101.NewMap0101 (0.022489s)
[2017.04.12-01.47.43:762][ 18]LogInit: XAudio2 using '헤드폰(High Definition Audio 장치)' : 2 channels at 44.1 kHz using 16 bits per sample (channel mask 0x3)
[2017.04.12-01.47.43:784][ 18]LogInit: FAudioDevice initialized.
[2017.04.12-01.47.43:840][ 18]LogWorld: Game class is 'ThirdPersonGameMode_C'
[2017.04.12-01.47.43:888][ 18]LogWorld: Bringing World /Game/Landscapes/UEDPIE_0_NewMap0101.NewMap0101 up for play (max tick rate 0) at 2017.04.12-10.47.43
[2017.04.12-01.47.43:889][ 18]LogWorld: Bringing up level for play took: 0.047333
[2017.04.12-01.47.43:893][ 18]PIE: 정보 /Game/Landscapes/UEDPIE_0_NewMap0101 에 대한 에디터에서 플레이 시작 시간: -0.656
[2017.04.12-01.47.58:525][745]LogEditorViewport: Clicking on Actor (LMB): Landscape (Landscape1)
[2017.04.12-01.47.59:469][846]LogEditorViewport: Clicking on Actor (LMB): StaticMeshActor (ggg16)
[2017.04.12-01.48.07:528][757]LogEditorViewport: Clicking on Actor (LMB): StaticMeshActor (ggg17)
[2017.04.12-01.48.12:120][265]LogEditorViewport: Clicking on Actor (LMB): StaticMeshActor (ggg16)
[2017.04.12-01.48.15:744][674]LogPlayLevel: PlayLevel: No blueprints needed recompiling
[2017.04.12-01.48.15:745][674]PIE: New page: PIE 세션: NewMap0101 (2017. 4. 12. 오후 7:48:15)
[2017.04.12-01.48.15:745][674]LogPlayLevel: Creating play world package: /Game/Landscapes/UEDPIE_0_NewMap0101
[2017.04.12-01.48.15:763][674]LogPlayLevel: PIE: StaticDuplicateObject took: (0.018509s)
[2017.04.12-01.48.15:764][674]LogAIModule: Creating AISystem for world NewMap0101
[2017.04.12-01.48.15:764][674]LogPlayLevel: PIE: World Init took: (0.001131s)
[2017.04.12-01.48.15:765][674]LogPlayLevel: PIE: Created PIE world by copying editor world from /Game/Landscapes/NewMap0101.NewMap0101 to /Game/Landscapes/UEDPIE_0_NewMap0101.NewMap0101 (0.020004s)
[2017.04.12-01.48.15:810][674]LogInit: XAudio2 using '헤드폰(High Definition Audio 장치)' : 2 channels at 44.1 kHz using 16 bits per sample (channel mask 0x3)
[2017.04.12-01.48.15:830][674]LogInit: FAudioDevice initialized.
[2017.04.12-01.48.15:888][674]LogWorld: Game class is 'ThirdPersonGameMode_C'
[2017.04.12-01.48.15:939][674]LogWorld: Bringing World /Game/Landscapes/UEDPIE_0_NewMap0101.NewMap0101 up for play (max tick rate 0) at 2017.04.12-10.48.15
[2017.04.12-01.48.15:940][674]LogWorld: Bringing up level for play took: 0.050728
[2017.04.12-01.48.15:945][674]PIE: 정보 /Game/Landscapes/UEDPIE_0_NewMap0101 에 대한 에디터에서 플레이 시작 시간: -0.605
[2017.04.12-01.49.17:893][ 53]LogPlayLevel: PlayLevel: No blueprints needed recompiling
[2017.04.12-01.49.17:893][ 53]PIE: New page: PIE 세션: NewMap0101 (2017. 4. 12. 오후 7:49:17)
[2017.04.12-01.49.17:893][ 53]LogPlayLevel: Creating play world package: /Game/Landscapes/UEDPIE_0_NewMap0101
[2017.04.12-01.49.17:918][ 53]LogPlayLevel: PIE: StaticDuplicateObject took: (0.024149s)
[2017.04.12-01.49.17:919][ 53]LogAIModule: Creating AISystem for world NewMap0101
[2017.04.12-01.49.17:919][ 53]LogPlayLevel: PIE: World Init took: (0.001556s)
[2017.04.12-01.49.17:920][ 53]LogPlayLevel: PIE: Created PIE world by copying editor world from /Game/Landscapes/NewMap0101.NewMap0101 to /Game/Landscapes/UEDPIE_0_NewMap0101.NewMap0101 (0.026157s)
[2017.04.12-01.49.17:992][ 53]LogInit: XAudio2 using '헤드폰(High Definition Audio 장치)' : 2 channels at 44.1 kHz using 16 bits per sample (channel mask 0x3)
[2017.04.12-01.49.18:024][ 53]LogInit: FAudioDevice initialized.
[2017.04.12-01.49.18:083][ 53]LogWorld: Game class is 'ThirdPersonGameMode_C'
[2017.04.12-01.49.18:130][ 53]LogWorld: Bringing World /Game/Landscapes/UEDPIE_0_NewMap0101.NewMap0101 up for play (max tick rate 0) at 2017.04.12-10.49.18
[2017.04.12-01.49.18:132][ 53]LogWorld: Bringing up level for play took: 0.048020
[2017.04.12-01.49.18:138][ 53]PIE: 정보 /Game/Landscapes/UEDPIE_0_NewMap0101 에 대한 에디터에서 플레이 시작 시간: -0.412
[2017.04.12-01.49.19:785][217]LogPlayLevel: PlayLevel: No blueprints needed recompiling
[2017.04.12-01.49.19:785][217]PIE: New page: PIE 세션: NewMap0101 (2017. 4. 12. 오후 7:49:19)
[2017.04.12-01.49.19:785][217]LogPlayLevel: Creating play world package: /Game/Landscapes/UEDPIE_0_NewMap0101
[2017.04.12-01.49.19:807][217]LogPlayLevel: PIE: StaticDuplicateObject took: (0.021917s)
[2017.04.12-01.49.19:808][217]LogAIModule: Creating AISystem for world NewMap0101
[2017.04.12-01.49.19:808][217]LogPlayLevel: PIE: World Init took: (0.001125s)
[2017.04.12-01.49.19:809][217]LogPlayLevel: PIE: Created PIE world by copying editor world from /Game/Landscapes/NewMap0101.NewMap0101 to /Game/Landscapes/UEDPIE_0_NewMap0101.NewMap0101 (0.023392s)
[2017.04.12-01.49.19:863][217]LogInit: XAudio2 using '헤드폰(High Definition Audio 장치)' : 2 channels at 44.1 kHz using 16 bits per sample (channel mask 0x3)
[2017.04.12-01.49.19:890][217]LogInit: FAudioDevice initialized.
[2017.04.12-01.49.19:943][217]LogWorld: Game class is 'ThirdPersonGameMode_C'
[2017.04.12-01.49.19:991][217]LogWorld: Bringing World /Game/Landscapes/UEDPIE_0_NewMap0101.NewMap0101 up for play (max tick rate 0) at 2017.04.12-10.49.19
[2017.04.12-01.49.19:992][217]LogWorld: Bringing up level for play took: 0.047516
[2017.04.12-01.49.19:997][217]PIE: 정보 /Game/Landscapes/UEDPIE_0_NewMap0101 에 대한 에디터에서 플레이 시작 시간: -0.553
[2017.04.12-01.49.50:921][655]LogActorFactory: Actor Factory created ggg
[2017.04.12-01.49.52:951][831]LogActorFactory: Actor Factory created ggg
[2017.04.12-01.51.40:509][990]LogSavePackage: Save=333.86ms
[2017.04.12-01.51.40:510][990]LogSavePackage: Moving '../../../../../../Users/duck2/Downloads/map/Saved/NewMap0101_Auto19DC3025049D1B7C948685590AC054E0B.tmp' to '../../../../../../Users/duck2/Downloads/map/Saved/Autosaves/Game/Landscapes/NewMap0101_Auto1.umap'
[2017.04.12-01.51.40:517][990]LogSavePackage:Display: Finished SavePackage ../../../../../../Users/duck2/Downloads/map/Saved/Autosaves/Game/Landscapes/NewMap0101_Auto1.umap
[2017.04.12-01.51.40:522][990]LogFileHelpers: Editor autosave (incl. sublevels) for '/Game/Landscapes/NewMap0101' took 0.437
[2017.04.12-01.51.40:522][990]LogFileHelpers: Editor autosave (incl. sublevels) for all levels took 0.437
[2017.04.12-01.51.50:221][ 20]LogPlayLevel: PlayLevel: No blueprints needed recompiling
[2017.04.12-01.51.50:221][ 20]PIE: New page: PIE 세션: NewMap0101 (2017. 4. 12. 오후 7:51:50)
[2017.04.12-01.51.50:221][ 20]LogPlayLevel: Creating play world package: /Game/Landscapes/UEDPIE_0_NewMap0101
[2017.04.12-01.51.50:252][ 20]LogPlayLevel: PIE: StaticDuplicateObject took: (0.031396s)
[2017.04.12-01.51.50:254][ 20]LogAIModule: Creating AISystem for world NewMap0101
[2017.04.12-01.51.50:254][ 20]LogPlayLevel: PIE: World Init took: (0.001841s)
[2017.04.12-01.51.50:255][ 20]LogPlayLevel: PIE: Created PIE world by copying editor world from /Game/Landscapes/NewMap0101.NewMap0101 to /Game/Landscapes/UEDPIE_0_NewMap0101.NewMap0101 (0.033683s)
[2017.04.12-01.51.50:304][ 20]LogInit: XAudio2 using '헤드폰(High Definition Audio 장치)' : 2 channels at 44.1 kHz using 16 bits per sample (channel mask 0x3)
[2017.04.12-01.51.50:333][ 20]LogInit: FAudioDevice initialized.
[2017.04.12-01.51.50:388][ 20]LogWorld: Game class is 'ThirdPersonGameMode_C'
[2017.04.12-01.51.50:432][ 20]LogWorld: Bringing World /Game/Landscapes/UEDPIE_0_NewMap0101.NewMap0101 up for play (max tick rate 0) at 2017.04.12-10.51.50
[2017.04.12-01.51.50:433][ 20]LogWorld: Bringing up level for play took: 0.043656
[2017.04.12-01.51.50:437][ 20]PIE: 정보 /Game/Landscapes/UEDPIE_0_NewMap0101 에 대한 에디터에서 플레이 시작 시간: -0.112
[2017.04.12-01.54.10:290][312]LogEditorViewport: Clicking on Actor (LMB): Landscape (Landscape1)
[2017.04.12-01.54.28:160][ 94]LogPlayLevel: PlayLevel: No blueprints needed recompiling
[2017.04.12-01.54.28:160][ 94]PIE: New page: PIE 세션: NewMap0101 (2017. 4. 12. 오후 7:54:28)
[2017.04.12-01.54.28:161][ 94]LogPlayLevel: Creating play world package: /Game/Landscapes/UEDPIE_0_NewMap0101
[2017.04.12-01.54.28:184][ 94]LogPlayLevel: PIE: StaticDuplicateObject took: (0.023602s)
[2017.04.12-01.54.28:186][ 94]LogAIModule: Creating AISystem for world NewMap0101
[2017.04.12-01.54.28:186][ 94]LogPlayLevel: PIE: World Init took: (0.001471s)
[2017.04.12-01.54.28:186][ 94]LogPlayLevel: PIE: Created PIE world by copying editor world from /Game/Landscapes/NewMap0101.NewMap0101 to /Game/Landscapes/UEDPIE_0_NewMap0101.NewMap0101 (0.025543s)
[2017.04.12-01.54.28:239][ 94]LogInit: XAudio2 using '헤드폰(High Definition Audio 장치)' : 2 channels at 44.1 kHz using 16 bits per sample (channel mask 0x3)
[2017.04.12-01.54.28:263][ 94]LogInit: FAudioDevice initialized.
[2017.04.12-01.54.28:324][ 94]LogWorld: Game class is 'ThirdPersonGameMode_C'
[2017.04.12-01.54.28:374][ 94]LogWorld: Bringing World /Game/Landscapes/UEDPIE_0_NewMap0101.NewMap0101 up for play (max tick rate 0) at 2017.04.12-10.54.28
[2017.04.12-01.54.28:376][ 94]LogWorld: Bringing up level for play took: 0.050304
[2017.04.12-01.54.28:380][ 94]PIE: 정보 /Game/Landscapes/UEDPIE_0_NewMap0101 에 대한 에디터에서 플레이 시작 시간: -0.169
[2017.04.12-01.54.50:659][724]LogEditorViewport: Clicking on Actor (LMB): StaticMeshActor (ggg18)
[2017.04.12-01.56.27:983][136]LogEditorViewport: Clicking on Actor (LMB): Landscape (Landscape1)
[2017.04.12-01.56.29:700][307]LogEditorViewport: Clicking on Actor (LMB): StaticMeshActor (ggg18)
[2017.04.12-01.56.45:984][ 14]LogEditorViewport: Clicking on Actor (LMB): StaticMeshActor (ggg18)
[2017.04.12-01.57.04:586][ 47]LogEditorViewport: Clicking on Actor (LMB): StaticMeshActor (ggg19)
[2017.04.12-01.57.44:854][365]LogEditorViewport: Clicking on Actor (LMB): StaticMeshActor (ggg19)
[2017.04.12-01.57.53:425][245]LogEditorViewport: Clicking on Actor (LMB): PlayerStart (PlayerStart2)
[2017.04.12-01.57.55:352][442]LogNavigationPoint: PostEditMove Clear paths rebuilt
[2017.04.12-01.57.57:579][676]LogNavigationPoint: PostEditMove Clear paths rebuilt
[2017.04.12-01.57.59:826][924]LogNavigationPoint: PostEditMove Clear paths rebuilt
[2017.04.12-01.58.00:773][ 24]LogPlayLevel: PlayLevel: No blueprints needed recompiling
[2017.04.12-01.58.00:773][ 24]PIE: New page: PIE 세션: NewMap0101 (2017. 4. 12. 오후 7:58:00)
[2017.04.12-01.58.00:773][ 24]LogPlayLevel: Creating play world package: /Game/Landscapes/UEDPIE_0_NewMap0101
[2017.04.12-01.58.00:796][ 24]LogPlayLevel: PIE: StaticDuplicateObject took: (0.023242s)
[2017.04.12-01.58.00:798][ 24]LogAIModule: Creating AISystem for world NewMap0101
[2017.04.12-01.58.00:798][ 24]LogPlayLevel: PIE: World Init took: (0.001359s)
[2017.04.12-01.58.00:798][ 24]LogPlayLevel: PIE: Created PIE world by copying editor world from /Game/Landscapes/NewMap0101.NewMap0101 to /Game/Landscapes/UEDPIE_0_NewMap0101.NewMap0101 (0.024947s)
[2017.04.12-01.58.00:841][ 24]LogInit: XAudio2 using '헤드폰(High Definition Audio 장치)' : 2 channels at 44.1 kHz using 16 bits per sample (channel mask 0x3)
[2017.04.12-01.58.00:861][ 24]LogInit: FAudioDevice initialized.
[2017.04.12-01.58.00:920][ 24]LogWorld: Game class is 'ThirdPersonGameMode_C'
[2017.04.12-01.58.00:964][ 24]LogWorld: Bringing World /Game/Landscapes/UEDPIE_0_NewMap0101.NewMap0101 up for play (max tick rate 0) at 2017.04.12-10.58.00
[2017.04.12-01.58.00:966][ 24]LogWorld: Bringing up level for play took: 0.043946
[2017.04.12-01.58.00:971][ 24]PIE: 정보 /Game/Landscapes/UEDPIE_0_NewMap0101 에 대한 에디터에서 플레이 시작 시간: 0.422
[2017.04.12-01.58.07:101][738]LogEditorViewport: Clicking on Actor (LMB): StaticMeshActor (ggg19)
[2017.04.12-01.58.13:743][486]LogEditorViewport: Clicking on Actor (LMB): StaticMeshActor (ggg18)
[2017.04.12-01.58.15:455][669]LogEditorViewport: Clicking on Actor (LMB): StaticMeshActor (ggg19)
[2017.04.12-02.00.47:109][911]LogPlayLevel: PlayLevel: No blueprints needed recompiling
[2017.04.12-02.00.47:109][911]PIE: New page: PIE 세션: NewMap0101 (2017. 4. 12. 오후 8:00:47)
[2017.04.12-02.00.47:109][911]LogPlayLevel: Creating play world package: /Game/Landscapes/UEDPIE_0_NewMap0101
[2017.04.12-02.00.47:131][911]LogPlayLevel: PIE: StaticDuplicateObject took: (0.021604s)
[2017.04.12-02.00.47:132][911]LogAIModule: Creating AISystem for world NewMap0101
[2017.04.12-02.00.47:132][911]LogPlayLevel: PIE: World Init took: (0.001242s)
[2017.04.12-02.00.47:132][911]LogPlayLevel: PIE: Created PIE world by copying editor world from /Game/Landscapes/NewMap0101.NewMap0101 to /Game/Landscapes/UEDPIE_0_NewMap0101.NewMap0101 (0.023226s)
[2017.04.12-02.00.47:177][911]LogInit: XAudio2 using '헤드폰(High Definition Audio 장치)' : 2 channels at 44.1 kHz using 16 bits per sample (channel mask 0x3)
[2017.04.12-02.00.47:197][911]LogInit: FAudioDevice initialized.
[2017.04.12-02.00.47:255][911]LogWorld: Game class is 'ThirdPersonGameMode_C'
[2017.04.12-02.00.47:300][911]LogWorld: Bringing World /Game/Landscapes/UEDPIE_0_NewMap0101.NewMap0101 up for play (max tick rate 0) at 2017.04.12-11.00.47
[2017.04.12-02.00.47:302][911]LogWorld: Bringing up level for play took: 0.045306
[2017.04.12-02.00.47:306][911]PIE: 정보 /Game/Landscapes/UEDPIE_0_NewMap0101 에 대한 에디터에서 플레이 시작 시간: 0.757
[2017.04.12-02.00.58:568][234]LogEditorViewport: Clicking on Actor (LMB): StaticMeshActor (ggg19)
[2017.04.12-02.02.08:212][732]LogPlayLevel: PlayLevel: No blueprints needed recompiling
[2017.04.12-02.02.08:212][732]PIE: New page: PIE 세션: NewMap0101 (2017. 4. 12. 오후 8:02:08)
[2017.04.12-02.02.08:212][732]LogPlayLevel: Creating play world package: /Game/Landscapes/UEDPIE_0_NewMap0101
[2017.04.12-02.02.08:236][732]LogPlayLevel: PIE: StaticDuplicateObject took: (0.023984s)
[2017.04.12-02.02.08:237][732]LogAIModule: Creating AISystem for world NewMap0101
[2017.04.12-02.02.08:237][732]LogPlayLevel: PIE: World Init took: (0.001113s)
[2017.04.12-02.02.08:238][732]LogPlayLevel: PIE: Created PIE world by copying editor world from /Game/Landscapes/NewMap0101.NewMap0101 to /Game/Landscapes/UEDPIE_0_NewMap0101.NewMap0101 (0.025513s)
[2017.04.12-02.02.08:287][732]LogInit: XAudio2 using '헤드폰(High Definition Audio 장치)' : 2 channels at 44.1 kHz using 16 bits per sample (channel mask 0x3)
[2017.04.12-02.02.08:309][732]LogInit: FAudioDevice initialized.
[2017.04.12-02.02.08:372][732]LogWorld: Game class is 'ThirdPersonGameMode_C'
[2017.04.12-02.02.08:421][732]LogWorld: Bringing World /Game/Landscapes/UEDPIE_0_NewMap0101.NewMap0101 up for play (max tick rate 0) at 2017.04.12-11.02.08
[2017.04.12-02.02.08:423][732]LogWorld: Bringing up level for play took: 0.049755
[2017.04.12-02.02.08:427][732]PIE: 정보 /Game/Landscapes/UEDPIE_0_NewMap0101 에 대한 에디터에서 플레이 시작 시간: -0.122
[2017.04.12-02.02.42:625][ 24]LogSavePackage: Save=307.95ms
[2017.04.12-02.02.42:625][ 24]LogSavePackage: Moving '../../../../../../Users/duck2/Downloads/map/Saved/NewMap0101_Auto2B35EE35B403E592BAEFBBFA3CA8FE7A4.tmp' to '../../../../../../Users/duck2/Downloads/map/Saved/Autosaves/Game/Landscapes/NewMap0101_Auto2.umap'
[2017.04.12-02.02.42:633][ 24]LogSavePackage:Display: Finished SavePackage ../../../../../../Users/duck2/Downloads/map/Saved/Autosaves/Game/Landscapes/NewMap0101_Auto2.umap
[2017.04.12-02.02.42:635][ 24]LogFileHelpers: Editor autosave (incl. sublevels) for '/Game/Landscapes/NewMap0101' took 0.371
[2017.04.12-02.02.42:635][ 24]LogFileHelpers: Editor autosave (incl. sublevels) for all levels took 0.371
[2017.04.12-02.04.59:156][442]LogEditorViewport: Clicking on Actor (LMB): Landscape (Landscape1)
[2017.04.12-02.05.00:482][558]LogPlayLevel: PlayLevel: No blueprints needed recompiling
[2017.04.12-02.05.00:482][558]PIE: New page: PIE 세션: NewMap0101 (2017. 4. 12. 오후 8:05:00)
[2017.04.12-02.05.00:482][558]LogPlayLevel: Creating play world package: /Game/Landscapes/UEDPIE_0_NewMap0101
[2017.04.12-02.05.00:504][558]LogPlayLevel: PIE: StaticDuplicateObject took: (0.022106s)
[2017.04.12-02.05.00:505][558]LogAIModule: Creating AISystem for world NewMap0101
[2017.04.12-02.05.00:506][558]LogPlayLevel: PIE: World Init took: (0.001536s)
[2017.04.12-02.05.00:506][558]LogPlayLevel: PIE: Created PIE world by copying editor world from /Game/Landscapes/NewMap0101.NewMap0101 to /Game/Landscapes/UEDPIE_0_NewMap0101.NewMap0101 (0.024067s)
[2017.04.12-02.05.00:557][558]LogInit: XAudio2 using '헤드폰(High Definition Audio 장치)' : 2 channels at 44.1 kHz using 16 bits per sample (channel mask 0x3)
[2017.04.12-02.05.00:580][558]LogInit: FAudioDevice initialized.
[2017.04.12-02.05.00:643][558]LogWorld: Game class is 'ThirdPersonGameMode_C'
[2017.04.12-02.05.00:690][558]LogWorld: Bringing World /Game/Landscapes/UEDPIE_0_NewMap0101.NewMap0101 up for play (max tick rate 0) at 2017.04.12-11.05.00
[2017.04.12-02.05.00:691][558]LogWorld: Bringing up level for play took: 0.046959
[2017.04.12-02.05.00:696][558]PIE: 정보 /Game/Landscapes/UEDPIE_0_NewMap0101 에 대한 에디터에서 플레이 시작 시간: 0.146
[2017.04.12-02.05.21:173][975]LogEditorViewport: Clicking on Actor (LMB): StaticMeshActor (ggg22)
[2017.04.12-02.05.49:338][ 10]LogEditorViewport: Clicking on Actor (LMB): PlayerStart (PlayerStart2)
[2017.04.12-02.05.51:962][303]LogNavigationPoint: PostEditMove Clear paths rebuilt
[2017.04.12-02.07.08:953][600]LogPlayLevel: PlayLevel: No blueprints needed recompiling
[2017.04.12-02.07.08:953][600]PIE: New page: PIE 세션: NewMap0101 (2017. 4. 12. 오후 8:07:08)
[2017.04.12-02.07.08:953][600]LogPlayLevel: Creating play world package: /Game/Landscapes/UEDPIE_0_NewMap0101
[2017.04.12-02.07.08:979][600]LogPlayLevel: PIE: StaticDuplicateObject took: (0.026111s)
[2017.04.12-02.07.08:980][600]LogAIModule: Creating AISystem for world NewMap0101
[2017.04.12-02.07.08:981][600]LogPlayLevel: PIE: World Init took: (0.001150s)
[2017.04.12-02.07.08:981][600]LogPlayLevel: PIE: Created PIE world by copying editor world from /Game/Landscapes/NewMap0101.NewMap0101 to /Game/Landscapes/UEDPIE_0_NewMap0101.NewMap0101 (0.027658s)
[2017.04.12-02.07.09:035][600]LogInit: XAudio2 using '헤드폰(High Definition Audio 장치)' : 2 channels at 44.1 kHz using 16 bits per sample (channel mask 0x3)
[2017.04.12-02.07.09:061][600]LogInit: FAudioDevice initialized.
[2017.04.12-02.07.09:126][600]LogWorld: Game class is 'ThirdPersonGameMode_C'
[2017.04.12-02.07.09:168][600]LogWorld: Bringing World /Game/Landscapes/UEDPIE_0_NewMap0101.NewMap0101 up for play (max tick rate 0) at 2017.04.12-11.07.09
[2017.04.12-02.07.09:169][600]LogWorld: Bringing up level for play took: 0.042116
[2017.04.12-02.07.09:174][600]PIE: 정보 /Game/Landscapes/UEDPIE_0_NewMap0101 에 대한 에디터에서 플레이 시작 시간: 0.624
[2017.04.12-02.07.16:608][453]LogEditorViewport: Clicking on Actor (LMB): StaticMeshActor (ggg23)
[2017.04.12-02.07.31:690][978]LogPlayLevel: PlayLevel: No blueprints needed recompiling
[2017.04.12-02.07.31:690][978]PIE: New page: PIE 세션: NewMap0101 (2017. 4. 12. 오후 8:07:31)
[2017.04.12-02.07.31:690][978]LogPlayLevel: Creating play world package: /Game/Landscapes/UEDPIE_0_NewMap0101
[2017.04.12-02.07.31:712][978]LogPlayLevel: PIE: StaticDuplicateObject took: (0.021816s)
[2017.04.12-02.07.31:713][978]LogAIModule: Creating AISystem for world NewMap0101
[2017.04.12-02.07.31:713][978]LogPlayLevel: PIE: World Init took: (0.001098s)
[2017.04.12-02.07.31:713][978]LogPlayLevel: PIE: Created PIE world by copying editor world from /Game/Landscapes/NewMap0101.NewMap0101 to /Game/Landscapes/UEDPIE_0_NewMap0101.NewMap0101 (0.023271s)
[2017.04.12-02.07.31:757][978]LogInit: XAudio2 using '헤드폰(High Definition Audio 장치)' : 2 channels at 44.1 kHz using 16 bits per sample (channel mask 0x3)
[2017.04.12-02.07.31:777][978]LogInit: FAudioDevice initialized.
[2017.04.12-02.07.31:833][978]LogWorld: Game class is 'ThirdPersonGameMode_C'
[2017.04.12-02.07.31:878][978]LogWorld: Bringing World /Game/Landscapes/UEDPIE_0_NewMap0101.NewMap0101 up for play (max tick rate 0) at 2017.04.12-11.07.31
[2017.04.12-02.07.31:879][978]LogWorld: Bringing up level for play took: 0.044398
[2017.04.12-02.07.31:883][978]PIE: 정보 /Game/Landscapes/UEDPIE_0_NewMap0101 에 대한 에디터에서 플레이 시작 시간: -0.666
[2017.04.12-02.08.06:084][773]LogEditorViewport: Clicking on Actor (LMB): Landscape (Landscape1)
[2017.04.12-02.08.15:866][183]LogEditorViewport: Clicking on Actor (LMB): StaticMeshActor (ggg23)
[2017.04.12-02.09.18:389][138]LogPlayLevel: PlayLevel: No blueprints needed recompiling
[2017.04.12-02.09.18:389][138]PIE: New page: PIE 세션: NewMap0101 (2017. 4. 12. 오후 8:09:18)
[2017.04.12-02.09.18:389][138]LogPlayLevel: Creating play world package: /Game/Landscapes/UEDPIE_0_NewMap0101
[2017.04.12-02.09.18:412][138]LogPlayLevel: PIE: StaticDuplicateObject took: (0.023352s)
[2017.04.12-02.09.18:414][138]LogAIModule: Creating AISystem for world NewMap0101
[2017.04.12-02.09.18:414][138]LogPlayLevel: PIE: World Init took: (0.001355s)
[2017.04.12-02.09.18:414][138]LogPlayLevel: PIE: Created PIE world by copying editor world from /Game/Landscapes/NewMap0101.NewMap0101 to /Game/Landscapes/UEDPIE_0_NewMap0101.NewMap0101 (0.025122s)
[2017.04.12-02.09.18:469][138]LogInit: XAudio2 using '헤드폰(High Definition Audio 장치)' : 2 channels at 44.1 kHz using 16 bits per sample (channel mask 0x3)
[2017.04.12-02.09.18:491][138]LogInit: FAudioDevice initialized.
[2017.04.12-02.09.18:553][138]LogWorld: Game class is 'ThirdPersonGameMode_C'
[2017.04.12-02.09.18:600][138]LogWorld: Bringing World /Game/Landscapes/UEDPIE_0_NewMap0101.NewMap0101 up for play (max tick rate 0) at 2017.04.12-11.09.18
[2017.04.12-02.09.18:601][138]LogWorld: Bringing up level for play took: 0.046911
[2017.04.12-02.09.18:606][138]PIE: 정보 /Game/Landscapes/UEDPIE_0_NewMap0101 에 대한 에디터에서 플레이 시작 시간: 0.056
[2017.04.12-02.09.44:860][906]Cmd: OBJ SAVEPACKAGE PACKAGE="/Game/Landscapes/NewMap0101" FILE="../../../../../../Users/duck2/Downloads/map/Content/Landscapes/NewMap0101.umap" SILENT=true AUTOSAVING=false KEEPDIRTY=false
[2017.04.12-02.09.45:220][906]LogSavePackage: Save=307.26ms
[2017.04.12-02.09.45:220][906]LogSavePackage: Moving '../../../../../../Users/duck2/Downloads/map/Saved/NewMap01013975183F464BF897E01704819D846841.tmp' to '../../../../../../Users/duck2/Downloads/map/Content/Landscapes/NewMap0101.umap'
[2017.04.12-02.09.45:227][906]LogSavePackage:Display: Finished SavePackage ../../../../../../Users/duck2/Downloads/map/Content/Landscapes/NewMap0101.umap
[2017.04.12-02.09.45:250][906]LogFileHelpers: Saving map 'NewMap0101' took 0.831
[2017.04.12-02.09.45:572][907]Cmd: QUIT_EDITOR
[2017.04.12-02.09.45:908][907]LogWindowsTextInputMethodSystem:Display: IME system now activated using TSF (Microsoft 입력기).
[2017.04.12-02.09.45:946][907]LogExit: Preparing to exit.
[2017.04.12-02.09.47:355][907]LogExit: Editor shut down
[2017.04.12-02.09.47:356][907]LogExit: Transaction tracking system shut down
[2017.04.12-02.09.48:074][907]LogObj: Freed 0b from 0 cluster array pools.
[2017.04.12-02.09.48:074][907]LogExit: Object subsystem successfully closed.
[2017.04.12-02.09.48:154][907]LogD3D11RHI: Shutdown
[2017.04.12-02.09.48:155][907]LogD3D11RHI: CleanupD3DDevice
[2017.04.12-02.09.48:281][907]LogD3D11RHI: ~FD3D11DynamicRHI
[2017.04.12-02.09.48:354][907]LogModuleManager: Shutting down and abandoning module MovieSceneCapture (214)
[2017.04.12-02.09.48:354][907]LogModuleManager: Shutting down and abandoning module HierarchicalLODOutliner (213)
[2017.04.12-02.09.48:354][907]LogModuleManager: Shutting down and abandoning module CrashTracker (212)
[2017.04.12-02.09.48:354][907]LogModuleManager: Shutting down and abandoning module SceneOutliner (211)
[2017.04.12-02.09.48:354][907]LogModuleManager: Shutting down and abandoning module WidgetCarousel (210)
[2017.04.12-02.09.48:354][907]LogModuleManager: Shutting down and abandoning module AddContentDialog (209)
[2017.04.12-02.09.48:364][907]LogModuleManager: Shutting down and abandoning module GameplayTags (208)
[2017.04.12-02.09.48:364][907]LogModuleManager: Shutting down and abandoning module EditorWidgets (207)
[2017.04.12-02.09.48:364][907]LogModuleManager: Shutting down and abandoning module CollectionManager (206)
[2017.04.12-02.09.48:365][907]LogModuleManager: Shutting down and abandoning module StatsViewer (205)
[2017.04.12-02.09.48:366][907]LogModuleManager: Shutting down and abandoning module FoliageEdit (204)
[2017.04.12-02.09.48:367][907]LogModuleManager: Shutting down and abandoning module LandscapeEditor (203)
[2017.04.12-02.09.48:369][907]LogModuleManager: Shutting down and abandoning module SceneDepthPickerMode (202)
[2017.04.12-02.09.48:369][907]LogModuleManager: Shutting down and abandoning module ActorPickerMode (201)
[2017.04.12-02.09.48:369][907]LogModuleManager: Shutting down and abandoning module GeometryMode (200)
[2017.04.12-02.09.48:369][907]LogModuleManager: Shutting down and abandoning module TextureAlignMode (199)
[2017.04.12-02.09.48:369][907]LogModuleManager: Shutting down and abandoning module BspMode (198)
[2017.04.12-02.09.48:369][907]LogModuleManager: Shutting down and abandoning module HardwareSurvey (197)
[2017.04.12-02.09.48:370][907]LogModuleManager: Shutting down and abandoning module SequenceRecorderSections (196)
[2017.04.12-02.09.48:370][907]LogModuleManager: Shutting down and abandoning module SequenceRecorder (195)
[2017.04.12-02.09.48:371][907]LogModuleManager: Shutting down and abandoning module AutomationWorker (194)
[2017.04.12-02.09.48:371][907]LogModuleManager: Shutting down and abandoning module MatineeToLevelSequence (193)
[2017.04.12-02.09.48:371][907]LogModuleManager: Shutting down and abandoning module PlacementMode (192)
[2017.04.12-02.09.48:371][907]LogModuleManager: Shutting down and abandoning module LevelSequenceEditor (191)
[2017.04.12-02.09.48:374][907]LogModuleManager: Shutting down and abandoning module CharacterAI (190)
[2017.04.12-02.09.48:375][907]LogModuleManager: Shutting down and abandoning module SmartSnapping (189)
[2017.04.12-02.09.48:375][907]LogModuleManager: Shutting down and abandoning module SessionServices (188)
[2017.04.12-02.09.48:375][907]LogModuleManager: Shutting down and abandoning module ViewportSnapping (187)
[2017.04.12-02.09.48:375][907]LogModuleManager: Shutting down and abandoning module LogVisualizer (186)
[2017.04.12-02.09.48:376][907]LogModuleManager: Shutting down and abandoning module GameProjectGeneration (185)
[2017.04.12-02.09.48:378][907]LogModuleManager: Shutting down and abandoning module IntroTutorials (184)
[2017.04.12-02.09.48:378][907]LogModuleManager: Shutting down and abandoning module EditorLiveStreaming (183)
[2017.04.12-02.09.48:378][907]LogModuleManager: Shutting down and abandoning module IOSPlatformEditor (182)
[2017.04.12-02.09.48:379][907]LogModuleManager: Shutting down and abandoning module HTML5PlatformEditor (181)
[2017.04.12-02.09.48:379][907]LogModuleManager: Shutting down and abandoning module AndroidDeviceDetection (180)
[2017.04.12-02.09.48:940][907]LogModuleManager: Shutting down and abandoning module AndroidPlatformEditor (179)
[2017.04.12-02.09.48:941][907]LogModuleManager: Shutting down and abandoning module IOSRuntimeSettings (178)
[2017.04.12-02.09.48:941][907]LogModuleManager: Shutting down and abandoning module AndroidRuntimeSettings (177)
[2017.04.12-02.09.48:941][907]LogModuleManager: Shutting down and abandoning module MergeActors (176)
[2017.04.12-02.09.48:941][907]LogModuleManager: Shutting down and abandoning module SizeMap (175)
[2017.04.12-02.09.48:941][907]LogModuleManager: Shutting down and abandoning module TreeMap (174)
[2017.04.12-02.09.48:942][907]LogModuleManager: Shutting down and abandoning module ReferenceViewer (173)
[2017.04.12-02.09.48:942][907]LogModuleManager: Shutting down and abandoning module LocalizationService (172)
[2017.04.12-02.09.48:943][907]LogModuleManager: Shutting down and abandoning module LocalizationDashboard (171)
[2017.04.12-02.09.48:944][907]LogModuleManager: Shutting down and abandoning module HardwareTargeting (170)
[2017.04.12-02.09.48:944][907]LogModuleManager: Shutting down and abandoning module DeviceProfileEditor (169)
[2017.04.12-02.09.48:945][907]LogModuleManager: Shutting down and abandoning module UndoHistory (168)
[2017.04.12-02.09.48:945][907]LogModuleManager: Shutting down and abandoning module UserFeedback (167)
[2017.04.12-02.09.48:945][907]LogModuleManager: Shutting down and abandoning module XmlParser (166)
[2017.04.12-02.09.48:946][907]LogModuleManager: Shutting down and abandoning module Blutility (165)
[2017.04.12-02.09.48:946][907]LogModuleManager: Shutting down and abandoning module ProjectTargetPlatformEditor (164)
[2017.04.12-02.09.48:947][907]LogModuleManager: Shutting down and abandoning module ProjectSettingsViewer (163)
[2017.04.12-02.09.48:947][907]LogModuleManager: Shutting down and abandoning module InputBindingEditor (162)
[2017.04.12-02.09.48:948][907]LogModuleManager: Shutting down and abandoning module EditorSettingsViewer (161)
[2017.04.12-02.09.48:948][907]LogModuleManager: Shutting down and abandoning module SettingsEditor (160)
[2017.04.12-02.09.48:949][907]LogModuleManager: Shutting down and abandoning module ProjectLauncher (159)
[2017.04.12-02.09.48:950][907]LogModuleManager: Shutting down and abandoning module SessionFrontend (158)
[2017.04.12-02.09.48:952][907]LogModuleManager: Shutting down and abandoning module ProfilerClient (157)
[2017.04.12-02.09.48:952][907]LogModuleManager: Shutting down and abandoning module TargetDeviceServices (156)
[2017.04.12-02.09.48:953][907]LogModuleManager: Shutting down and abandoning module DeviceManager (155)
[2017.04.12-02.09.48:997][907]LogModuleManager: Shutting down and abandoning module AutomationController (154)
[2017.04.12-02.09.48:998][907]LogModuleManager: Shutting down and abandoning module AutomationWindow (153)
[2017.04.12-02.09.49:000][907]LogModuleManager: Shutting down and abandoning module Layers (152)
[2017.04.12-02.09.49:002][907]LogModuleManager: Shutting down and abandoning module ComponentVisualizers (151)
[2017.04.12-02.09.49:002][907]LogModuleManager: Shutting down and abandoning module DetailCustomizations (150)
[2017.04.12-02.09.49:003][907]LogModuleManager: Shutting down and abandoning module PackagesDialog (149)
[2017.04.12-02.09.49:003][907]LogModuleManager: Shutting down and abandoning module Persona (148)
[2017.04.12-02.09.49:006][907]LogModuleManager: Shutting down and abandoning module Kismet (147)
[2017.04.12-02.09.49:006][907]LogModuleManager: Shutting down and abandoning module GraphEditor (146)
[2017.04.12-02.09.49:008][907]LogModuleManager: Shutting down and abandoning module ClassViewer (145)
[2017.04.12-02.09.49:009][907]LogModuleManager: Shutting down and abandoning module Toolbox (144)
[2017.04.12-02.09.49:010][907]LogModuleManager: Shutting down and abandoning module ModuleUI (143)
[2017.04.12-02.09.49:010][907]LogModuleManager: Shutting down and abandoning module MovieSceneTools (142)
[2017.04.12-02.09.49:011][907]LogModuleManager: Shutting down and abandoning module OutputLog (141)
[2017.04.12-02.09.49:012][907]LogModuleManager: Shutting down and abandoning module GammaUI (140)
[2017.04.12-02.09.49:012][907]LogModuleManager: Shutting down and abandoning module Documentation (139)
[2017.04.12-02.09.49:012][907]LogModuleManager: Shutting down and abandoning module StreamingPauseRendering (138)
[2017.04.12-02.09.49:012][907]LogModuleManager: Shutting down and abandoning module AnalyticsET (137)
[2017.04.12-02.09.49:013][907]LogModuleManager: Shutting down and abandoning module Analytics (136)
[2017.04.12-02.09.49:013][907]LogModuleManager: Shutting down and abandoning module PortalServices (135)
[2017.04.12-02.09.49:013][907]LogModuleManager: Shutting down and abandoning module PortalRpc (134)
[2017.04.12-02.09.49:013][907]LogModuleManager: Shutting down and abandoning module MessagingRpc (133)
[2017.04.12-02.09.49:013][907]LogModuleManager: Shutting down and abandoning module GameplayDebugger (132)
[2017.04.12-02.09.49:013][907]LogModuleManager: Shutting down and abandoning module AITestSuite (131)
[2017.04.12-02.09.49:013][907]LogModuleManager: Shutting down and abandoning module AIModule (130)
[2017.04.12-02.09.49:013][907]LogModuleManager: Shutting down and abandoning module ProfilerService (129)
[2017.04.12-02.09.49:086][907]LogModuleManager: Shutting down and abandoning module TaskGraph (128)
[2017.04.12-02.09.49:090][907]LogModuleManager: Shutting down and abandoning module SlateRemote (127)
[2017.04.12-02.09.49:091][907]LogModuleManager: Shutting down and abandoning module SteamVRController (126)
[2017.04.12-02.09.49:091][907]LogModuleManager: Shutting down and abandoning module SteamVR (125)
[2017.04.12-02.09.49:091][907]LogModuleManager: Shutting down and abandoning module ProceduralMeshComponent (124)
[2017.04.12-02.09.49:091][907]LogModuleManager: Shutting down and abandoning module OculusLibrary (123)
[2017.04.12-02.09.49:091][907]LogModuleManager: Shutting down and abandoning module OculusInput (122)
[2017.04.12-02.09.49:091][907]LogModuleManager: Shutting down and abandoning module CustomMeshComponent (121)
[2017.04.12-02.09.49:091][907]LogModuleManager: Shutting down and abandoning module CableComponent (120)
[2017.04.12-02.09.49:091][907]LogModuleManager: Shutting down and abandoning module ArchVisCharacter (119)
[2017.04.12-02.09.49:091][907]LogModuleManager: Shutting down and abandoning module MediaPlayerEditor (118)
[2017.04.12-02.09.49:093][907]LogModuleManager: Shutting down and abandoning module HTML5Networking (117)
[2017.04.12-02.09.49:093][907]LogModuleManager: Shutting down and abandoning module SuperSearch (116)
[2017.04.12-02.09.49:093][907]LogModuleManager: Shutting down and abandoning module SuperSearchEditor (115)
[2017.04.12-02.09.49:093][907]LogModuleManager: Shutting down and abandoning module SpeedTreeImporter (114)
[2017.04.12-02.09.49:093][907]LogModuleManager: Shutting down and abandoning module PluginBrowser (113)
[2017.04.12-02.09.49:095][907]LogModuleManager: Shutting down and abandoning module EpicSurvey (112)
[2017.04.12-02.09.49:095][907]LogModuleManager: Shutting down and abandoning module DesktopPlatform (111)
[2017.04.12-02.09.49:096][907]LogModuleManager: Shutting down and abandoning module VisualStudioSourceCodeAccess (110)
[2017.04.12-02.09.49:096][907]LogModuleManager: Shutting down and abandoning module UObjectPlugin (109)
[2017.04.12-02.09.49:096][907]LogModuleManager: Shutting down and abandoning module SubversionSourceControl (108)
[2017.04.12-02.09.49:097][907]LogModuleManager: Shutting down and abandoning module PerforceSourceControl (107)
[2017.04.12-02.09.49:098][907]LogModuleManager: Shutting down and abandoning module SourceControl (106)
[2017.04.12-02.09.49:099][907]LogModuleManager: Shutting down and abandoning module GitSourceControl (105)
[2017.04.12-02.09.49:101][907]LogModuleManager: Shutting down and abandoning module LightPropagationVolumeEditor (104)
[2017.04.12-02.09.49:101][907]LogModuleManager: Shutting down and abandoning module PaperTiledImporter (103)
[2017.04.12-02.09.49:101][907]LogModuleManager: Shutting down and abandoning module PaperSpriteSheetImporter (102)
[2017.04.12-02.09.49:101][907]LogModuleManager: Shutting down and abandoning module MeshPaint (101)
[2017.04.12-02.09.49:101][907]LogModuleManager: Shutting down and abandoning module PixelInspectorModule (100)
[2017.04.12-02.09.49:103][907]LogModuleManager: Shutting down and abandoning module HotReload (99)
[2017.04.12-02.09.49:104][907]LogModuleManager: Shutting down and abandoning module MainFrame (98)
[2017.04.12-02.09.49:105][907]LogModuleManager: Shutting down and abandoning module LevelEditor (97)
[2017.04.12-02.09.49:107][907]LogModuleManager: Shutting down and abandoning module ContentBrowser (96)
[2017.04.12-02.09.49:109][907]LogModuleManager: Shutting down and abandoning module Paper2DEditor (95)
[2017.04.12-02.09.49:111][907]LogModuleManager: Shutting down and abandoning module UdpMessaging (94)
[2017.04.12-02.09.49:211][907]LogModuleManager: Shutting down and abandoning module LightPropagationVolumeRuntime (93)
[2017.04.12-02.09.49:211][907]LogModuleManager: Shutting down and abandoning module Paper2D (92)
[2017.04.12-02.09.49:212][907]LogModuleManager: Shutting down and abandoning module WindowsMoviePlayer (91)
[2017.04.12-02.09.49:212][907]LogModuleManager: Shutting down and abandoning module Media (90)
[2017.04.12-02.09.49:212][907]LogModuleManager: Shutting down and abandoning module WmfMedia (89)
[2017.04.12-02.09.49:213][907]LogModuleManager: Shutting down and abandoning module MediaAssets (88)
[2017.04.12-02.09.49:213][907]LogModuleManager: Shutting down and abandoning module GameLiveStreaming (87)
[2017.04.12-02.09.49:213][907]LogModuleManager: Shutting down and abandoning module GameplayTagsEditor (86)
[2017.04.12-02.09.49:213][907]LogModuleManager: Shutting down and abandoning module OnlineBlueprintSupport (85)
[2017.04.12-02.09.49:213][907]LogModuleManager: Shutting down and abandoning module VREditor (84)
[2017.04.12-02.09.49:214][907]LogModuleManager: Shutting down and abandoning module GameplayTasksEditor (83)
[2017.04.12-02.09.49:214][907]LogModuleManager: Shutting down and abandoning module PropertyEditor (82)
[2017.04.12-02.09.49:214][907]LogModuleManager: Shutting down and abandoning module BehaviorTreeEditor (81)
[2017.04.12-02.09.49:216][907]LogModuleManager: Shutting down and abandoning module FunctionalTesting (80)
[2017.04.12-02.09.49:216][907]LogModuleManager: Shutting down and abandoning module CollisionAnalyzer (79)
[2017.04.12-02.09.49:217][907]LogModuleManager: Shutting down and abandoning module Sequencer (78)
[2017.04.12-02.09.49:219][907]LogModuleManager: Shutting down and abandoning module WorkspaceMenuStructure (77)
[2017.04.12-02.09.49:219][907]LogModuleManager: Shutting down and abandoning module MessageLog (76)
[2017.04.12-02.09.49:219][907]LogModuleManager: Shutting down and abandoning module AssetTools (75)
[2017.04.12-02.09.49:221][907]LogModuleManager: Shutting down and abandoning module UMGEditor (74)
[2017.04.12-02.09.49:223][907]LogModuleManager: Shutting down and abandoning module UMG (73)
[2017.04.12-02.09.49:225][907]LogModuleManager: Shutting down and abandoning module SlateReflector (72)
[2017.04.12-02.09.49:227][907]LogModuleManager: Shutting down and abandoning module Slate (71)
[2017.04.12-02.09.49:227][907]LogModuleManager: Shutting down and abandoning module EditorStyle (70)
[2017.04.12-02.09.49:234][907]LogModuleManager: Shutting down and abandoning module SourceCodeAccess (69)
[2017.04.12-02.09.49:234][907]LogModuleManager: Shutting down and abandoning module HeadMountedDisplay (68)
[2017.04.12-02.09.49:235][907]LogModuleManager: Shutting down and abandoning module XAudio2 (67)
[2017.04.12-02.09.49:235][907]LogModuleManager: Shutting down and abandoning module Networking (65)
[2017.04.12-02.09.49:235][907]LogModuleManager: Shutting down and abandoning module Core (64)
[2017.04.12-02.09.49:235][907]LogModuleManager: Shutting down and abandoning module DirectoryWatcher (63)
[2017.04.12-02.09.49:240][907]LogModuleManager: Shutting down and abandoning module AssetRegistry (62)
[2017.04.12-02.09.49:454][907]LogModuleManager: Shutting down and abandoning module KismetCompiler (61)
[2017.04.12-02.09.49:455][907]LogModuleManager: Shutting down and abandoning module PhysXFormats (60)
[2017.04.12-02.09.49:455][907]LogModuleManager: Shutting down and abandoning module MeshUtilities (59)
[2017.04.12-02.09.49:457][907]LogModuleManager: Shutting down and abandoning module DerivedDataCache (58)
[2017.04.12-02.09.49:506][907]LogDerivedDataCache: Shutdown
[2017.04.12-02.09.49:506][907]LogModuleManager: Shutting down and abandoning module VulkanShaderFormat (57)
[2017.04.12-02.09.49:507][907]LogModuleManager: Shutting down and abandoning module ShaderFormatOpenGL (56)
[2017.04.12-02.09.49:508][907]LogModuleManager: Shutting down and abandoning module ShaderFormatD3D (55)
[2017.04.12-02.09.49:508][907]LogModuleManager: Shutting down and abandoning module MetalShaderFormat (54)
[2017.04.12-02.09.49:509][907]LogModuleManager: Shutting down and abandoning module TextureFormatUncompressed (53)
[2017.04.12-02.09.49:509][907]LogModuleManager: Shutting down and abandoning module TextureFormatPVR (52)
[2017.04.12-02.09.49:510][907]LogModuleManager: Shutting down and abandoning module TextureFormatIntelISPCTexComp (51)
[2017.04.12-02.09.49:510][907]LogModuleManager: Shutting down and abandoning module TextureFormatDXT (50)
[2017.04.12-02.09.49:511][907]LogModuleManager: Shutting down and abandoning module ImageWrapper (49)
[2017.04.12-02.09.49:511][907]LogModuleManager: Shutting down and abandoning module TextureFormatASTC (48)
[2017.04.12-02.09.49:511][907]LogModuleManager: Shutting down and abandoning module TextureFormatAndroid (47)
[2017.04.12-02.09.49:511][907]LogModuleManager: Shutting down and abandoning module AudioFormatOpus (46)
[2017.04.12-02.09.49:511][907]LogModuleManager: Shutting down and abandoning module AudioFormatOgg (45)
[2017.04.12-02.09.49:512][907]LogModuleManager: Shutting down and abandoning module AudioFormatADPCM (44)
[2017.04.12-02.09.49:512][907]LogModuleManager: Shutting down and abandoning module LinuxTargetPlatform (43)
[2017.04.12-02.09.49:512][907]LogModuleManager: Shutting down and abandoning module LinuxServerTargetPlatform (42)
[2017.04.12-02.09.49:512][907]LogModuleManager: Shutting down and abandoning module LinuxNoEditorTargetPlatform (41)
[2017.04.12-02.09.49:514][907]LogModuleManager: Shutting down and abandoning module TVOSTargetPlatform (40)
[2017.04.12-02.09.49:514][907]LogModuleManager: Shutting down and abandoning module Messaging (39)
[2017.04.12-02.09.49:514][907]LogModuleManager: Shutting down and abandoning module IOSTargetPlatform (38)
[2017.04.12-02.09.49:514][907]LogModuleManager: Shutting down and abandoning module HTML5TargetPlatform (37)
[2017.04.12-02.09.49:514][907]LogModuleManager: Shutting down and abandoning module Android_PVRTCTargetPlatform (36)
[2017.04.12-02.09.49:514][907]LogModuleManager: Shutting down and abandoning module Android_MultiTargetPlatform (35)
[2017.04.12-02.09.49:515][907]LogModuleManager: Shutting down and abandoning module Android_ETC2TargetPlatform (34)
[2017.04.12-02.09.49:515][907]LogModuleManager: Shutting down and abandoning module Android_ETC1TargetPlatform (33)
[2017.04.12-02.09.49:515][907]LogModuleManager: Shutting down and abandoning module Android_DXTTargetPlatform (32)
[2017.04.12-02.09.49:515][907]LogModuleManager: Shutting down and abandoning module Android_ATCTargetPlatform (31)
[2017.04.12-02.09.49:515][907]LogModuleManager: Shutting down and abandoning module Android_ASTCTargetPlatform (30)
[2017.04.12-02.09.49:515][907]LogModuleManager: Shutting down and abandoning module AndroidTargetPlatform (29)
[2017.04.12-02.09.49:515][907]LogModuleManager: Shutting down and abandoning module WindowsTargetPlatform (28)
[2017.04.12-02.09.49:515][907]LogModuleManager: Shutting down and abandoning module WindowsServerTargetPlatform (27)
[2017.04.12-02.09.49:515][907]LogModuleManager: Shutting down and abandoning module WindowsNoEditorTargetPlatform (26)
[2017.04.12-02.09.49:515][907]LogModuleManager: Shutting down and abandoning module WindowsClientTargetPlatform (25)
[2017.04.12-02.09.49:516][907]LogModuleManager: Shutting down and abandoning module AllDesktopTargetPlatform (24)
[2017.04.12-02.09.49:516][907]LogModuleManager: Shutting down and abandoning module TargetPlatform (23)
[2017.04.12-02.09.49:516][907]LogModuleManager: Shutting down and abandoning module InputCore (22)
[2017.04.12-02.09.49:516][907]LogModuleManager: Shutting down and abandoning module Settings (21)
[2017.04.12-02.09.49:516][907]LogModuleManager: Shutting down and abandoning module OnlineSubsystem (19)
[2017.04.12-02.09.49:516][907]LogModuleManager: Shutting down and abandoning module HTTP (18)
[2017.04.12-02.09.53:534][907]LogModuleManager: Shutting down and abandoning module XMPP (17)
[2017.04.12-02.09.53:535][907]LogModuleManager: Shutting down and abandoning module OculusRift (16)
[2017.04.12-02.09.53:536][907]LogModuleManager: Shutting down and abandoning module ExampleDeviceProfileSelector (15)
[2017.04.12-02.09.53:536][907]LogModuleManager: Shutting down and abandoning module TextureCompressor (14)
[2017.04.12-02.09.53:537][907]LogModuleManager: Shutting down and abandoning module ShaderCore (13)
[2017.04.12-02.09.53:537][907]LogModuleManager: Shutting down and abandoning module Landscape (12)
[2017.04.12-02.09.53:537][907]LogModuleManager: Shutting down and abandoning module SlateRHIRenderer (11)
[2017.04.12-02.09.53:557][907]LogModuleManager: Shutting down and abandoning module OpenGLDrv (10)
[2017.04.12-02.09.53:558][907]LogModuleManager: Shutting down and abandoning module D3D11RHI (9)
[2017.04.12-02.09.53:558][907]LogModuleManager: Shutting down and abandoning module AnimGraphRuntime (8)
[2017.04.12-02.09.53:558][907]LogModuleManager: Shutting down and abandoning module Renderer (7)
[2017.04.12-02.09.53:558][907]LogModuleManager: Shutting down and abandoning module Engine (6)
[2017.04.12-02.09.53:558][907]LogModuleManager: Shutting down and abandoning module CoreUObject (5)
[2017.04.12-02.09.53:558][907]LogModuleManager: Shutting down and abandoning module NetworkFile (4)
[2017.04.12-02.09.53:559][907]LogModuleManager: Shutting down and abandoning module StreamingFile (3)
[2017.04.12-02.09.53:559][907]LogModuleManager: Shutting down and abandoning module SandboxFile (2)
[2017.04.12-02.09.53:560][907]LogModuleManager: Shutting down and abandoning module PakFile (1)
[2017.04.12-02.09.53:567][907]LogExit: Exiting.
[2017.04.12-02.09.53:573][907]Log file closed, 04/12/17 11:09:53
