Log file open, 04/14/17 06:26:03
LogInit:Display: Running engine for game: map
LogPlatformFile: Not using cached read wrapper
LogInit:Display: RandInit(2015849570) SRandInit(2015849571).
LogTaskGraph: Started task graph with 4 named threads and 7 total threads with 1 sets of task threads.
LogStats: Stats thread started at 0.083674
LogInit: Version: 4.12.5-3039270+++UE4+Release-4.12
LogInit: API Version: 2992821
LogInit: Net Version: 3039270
LogDevObjectVersion: Number of dev versions registered: 13
LogDevObjectVersion:   Dev-Blueprints (B0D832E4-1F89-4F0D-ACCF-7EB736FD4AA2): 3
LogDevObjectVersion:   Dev-Build (E1C64328-A22C-4D53-A36C-8E866417BD8C): 0
LogDevObjectVersion:   Dev-Core (375EC13C-06E4-48FB-B500-84F0262A717E): 1
LogDevObjectVersion:   Dev-Editor (E4B068ED-F494-42E9-A231-DA0B2E46BB41): 2
LogDevObjectVersion:   Dev-Framework (CFFC743F-43B0-4480-9391-14DF171D2073): 6
LogDevObjectVersion:   Dev-Mobile (B02B49B5-BB20-44E9-A304-32B752E40360): 0
LogDevObjectVersion:   Dev-Networking (A4E4105C-59A1-49B5-A7C5-40C4547EDFEE): 0
LogDevObjectVersion:   Dev-Online (39C831C9-5AE6-47DC-9A44-9C173E1C8E7C): 0
LogDevObjectVersion:   Dev-Physics (78F01B33-EBEA-4F98-B9B4-84EACCB95AA2): 0
LogDevObjectVersion:   Dev-Platform (6631380F-2D4D-43E0-8009-CF276956A95A): 0
LogDevObjectVersion:   Dev-Rendering (12F88B9F-8875-4AFC-A67C-D90C383ABD29): 2
LogDevObjectVersion:   Dev-Sequencer (7B5AE74C-D270-4C10-A958-57980B212A5A): 0
LogDevObjectVersion:   Dev-VR (D7296918-1DD6-4BDD-9DE2-64A83CC13884): 0
LogInit: Compiled (64-bit): Jul  6 2016 09:09:46
LogInit: Compiled with Visual C++: 19.00.23026.00
LogInit: Build Configuration: Development
LogInit: Branch Name: ++UE4+Release-4.12
LogInit: Command line:  /Temp/Autosaves/Game/Landscapes/UEDPCNewMap0101 -game -PIEVIACONSOLE -ResX=1280 -ResY=720  -Multiprocess -windowed -messaging -SessionName="Play in Standalone Game" 
LogInit: Base directory: C:/Program Files (x86)/Epic Games/4.12/Engine/Binaries/Win64/
LogInit: Installed Engine Build: 1
LogInit: Using libcurl 7.41.0
LogInit:  - built for x86_64-pc-win32
LogInit:  - supports SSL with WinSSL
LogInit:  - other features:
LogInit:      CURL_VERSION_SSL
LogInit:      CURL_VERSION_IPV6
LogInit:      CURL_VERSION_ASYNCHDNS
LogInit:      CURL_VERSION_LARGEFILE
LogInit:      CURL_VERSION_IDN
LogInit:  CurlRequestOptions (configurable via config and command line):
LogInit:  - bVerifyPeer = true  - Libcurl will verify peer certificate
LogInit:  - bUseHttpProxy = false  - Libcurl will NOT use HTTP proxy
LogInit:  - bDontReuseConnections = false  - Libcurl will reuse connections
LogInit:  - CertBundlePath = nullptr  - Libcurl will use whatever was configured at build time.
LogInit: Presizing for max 8388607 objects, including 0 objects not considered by GC, pre-allocating 0 bytes for permanent pool.
LogInit: Object subsystem initialized
[2017.04.13-21.26.03:771][  0]LogInit: Selected Device Profile: [Windows]
[2017.04.13-21.26.03:771][  0]LogInit: Applying CVar settings loaded from the selected device profile: [Windows]
[2017.04.13-21.26.03:775][  0]LogInit: Computer: DESKTOP-5I3HB32
[2017.04.13-21.26.03:775][  0]LogInit: User: jcy
[2017.04.13-21.26.03:775][  0]LogInit: CPU Page size=65536, Cores=4
[2017.04.13-21.26.03:775][  0]LogInit: High frequency timer resolution =2.533210 MHz
[2017.04.13-21.26.03:775][  0]LogMemory: Memory total: Physical=11.9GB (12GB approx)
[2017.04.13-21.26.03:775][  0]LogMemory: Platform Memory Stats for Windows
[2017.04.13-21.26.03:775][  0]LogMemory: Process Physical Memory: 190.52 MB used, 190.52 MB peak
[2017.04.13-21.26.03:775][  0]LogMemory: Process Virtual Memory: 195.27 MB used, 195.27 MB peak
[2017.04.13-21.26.03:775][  0]LogMemory: Physical Memory: 5561.07 MB used, 12209.86 MB total
[2017.04.13-21.26.03:775][  0]LogMemory: Virtual Memory: 553.48 MB used, 134217728.00 MB total
[2017.04.13-21.26.04:216][  0]LogD3D11RHI: D3D11 adapters:
[2017.04.13-21.26.04:802][  0]LogD3D11RHI:    0. 'NVIDIA GeForce GTX 960M' (Feature Level 11_0)
[2017.04.13-21.26.04:802][  0]LogD3D11RHI:       2019/0/6104 MB DedicatedVideo/DedicatedSystem/SharedSystem, Outputs:2, VendorId:0x10de
[2017.04.13-21.26.04:808][  0]LogD3D11RHI:    1. 'Intel(R) HD Graphics 4600' (Feature Level 11_0)
[2017.04.13-21.26.04:808][  0]LogD3D11RHI:       112/0/2048 MB DedicatedVideo/DedicatedSystem/SharedSystem, Outputs:0, VendorId:0x8086
[2017.04.13-21.26.04:809][  0]LogD3D11RHI:    2. 'Microsoft Basic Render Driver' (Feature Level 11_0)
[2017.04.13-21.26.04:809][  0]LogD3D11RHI:       0/0/6104 MB DedicatedVideo/DedicatedSystem/SharedSystem, Outputs:0, VendorId:0x1414
[2017.04.13-21.26.04:809][  0]LogD3D11RHI: Chosen D3D11 Adapter: 0
[2017.04.13-21.26.04:813][  0]LogD3D11RHI: Creating new Direct3DDevice
[2017.04.13-21.26.04:813][  0]LogD3D11RHI:     GPU DeviceId: 0x139b (for the marketing name, search the web for "GPU Device Id")
[2017.04.13-21.26.04:813][  0]LogWindows: EnumDisplayDevices:
[2017.04.13-21.26.04:813][  0]LogWindows:    0. 'Intel(R) HD Graphics 4600' (P:1 D:1)
[2017.04.13-21.26.04:814][  0]LogWindows:    1. 'Intel(R) HD Graphics 4600' (P:0 D:1)
[2017.04.13-21.26.04:814][  0]LogWindows:    2. 'Intel(R) HD Graphics 4600' (P:0 D:0)
[2017.04.13-21.26.04:814][  0]LogWindows: DebugString: PrimaryIsNotTheChoosenAdapter PrimaryIsNotTheChoosenAdapter PrimaryIsNotTheChoosenAdapter FoundDriverCount:0 
[2017.04.13-21.26.04:814][  0]LogD3D11RHI:     Adapter Name: NVIDIA GeForce GTX 960M
[2017.04.13-21.26.04:814][  0]LogD3D11RHI:   Driver Version: Unknown (internal:Unknown, unified:Unknown)
[2017.04.13-21.26.04:814][  0]LogD3D11RHI:      Driver Date: Unknown
[2017.04.13-21.26.04:814][  0]LogRHI: Texture pool is 1361 MB (70% of 1945 MB)
[2017.04.13-21.26.05:339][  0]LogD3D11RHI: Async texture creation enabled
[2017.04.13-21.26.05:696][  0]LogD3D11RHI: GPU Timing Frequency: 1000.000000 (Debug: 2 1)
[2017.04.13-21.26.05:696][  0]LogShaderCompilers: Guid format shader working directory is -1 characters bigger than the processId version (../../../../../../Users/jcy/Downloads/map (2)/Intermediate/Shaders/WorkingDirectory/6320/).
[2017.04.13-21.26.05:696][  0]LogShaderCompilers: Cleaned the shader compiler working directory 'C:/Users/jcy/AppData/Local/Temp/UnrealShaderWorkingDir/60E23BE34F2BEF451090B89D8D82B57C/'.
[2017.04.13-21.26.05:696][  0]LogShaderCompilers:Display: Using Local Shader Compiler.
[2017.04.13-21.26.06:581][  0]LogTemp:Display: Loaded TP WindowsClientTargetPlatform
[2017.04.13-21.26.06:591][  0]LogTemp:Display: Loaded TP WindowsNoEditorTargetPlatform
[2017.04.13-21.26.06:602][  0]LogTemp:Display: Loaded TP WindowsServerTargetPlatform
[2017.04.13-21.26.06:612][  0]LogTemp:Display: Loaded TP WindowsTargetPlatform
[2017.04.13-21.26.06:612][  0]LogTargetPlatformManager:Display: Building Assets For Windows
[2017.04.13-21.26.06:711][  0]LogDerivedDataCache:Display: Max Cache Size: 512 MB
[2017.04.13-21.26.06:767][  0]LogDerivedDataCache: Loaded boot cache 0.06s 51MB C:/Users/jcy/AppData/Local/UnrealEngine/4.12/DerivedDataCache/Boot.ddc.
[2017.04.13-21.26.06:767][  0]LogDerivedDataCache:Display: Loaded Boot cache: C:/Users/jcy/AppData/Local/UnrealEngine/4.12/DerivedDataCache/Boot.ddc
[2017.04.13-21.26.06:767][  0]LogDerivedDataCache: FDerivedDataBackendGraph:  Pak pak cache file ../../../../../../Users/jcy/Downloads/map (2)/DerivedDataCache/DDC.ddp not found, will not use a pak cache.
[2017.04.13-21.26.06:767][  0]LogDerivedDataCache: Unable to find inner node Pak for hierarchical cache Hierarchy.
[2017.04.13-21.26.06:767][  0]LogDerivedDataCache: FDerivedDataBackendGraph:  CompressedPak pak cache file ../../../../../../Users/jcy/Downloads/map (2)/DerivedDataCache/Compressed.ddp not found, will not use a pak cache.
[2017.04.13-21.26.06:767][  0]LogDerivedDataCache: Unable to find inner node CompressedPak for hierarchical cache Hierarchy.
[2017.04.13-21.26.06:785][  0]LogDerivedDataCache:Display: Pak cache opened for reading ../../../Engine/DerivedDataCache/Compressed.ddp.
[2017.04.13-21.26.06:796][  0]LogDerivedDataCache: Using Local data cache path C:/Users/jcy/AppData/Local/UnrealEngine/Common/DerivedDataCache: Writable
[2017.04.13-21.26.07:469][  0]LogAssetRegistry: FAssetRegistry took 0.0001 seconds to start up
[2017.04.13-21.26.07:472][  0]LogPackageLocalizationCache: Processed 3 localized package path(s) for 1 prioritized culture(s) in 0.003001 seconds
[2017.04.13-21.26.07:476][  0]LogInit: Selected Device Profile: [Windows]
[2017.04.13-21.26.07:477][  0]LogContentStreaming: Texture pool size is 1000.00 MB
[2017.04.13-21.26.07:615][  0]LogMeshUtilities: No automatic mesh reduction module available
[2017.04.13-21.26.07:615][  0]LogMeshUtilities: No automatic mesh merging module available
[2017.04.13-21.26.07:615][  0]LogMeshUtilities: No distributed automatic mesh merging module available
[2017.04.13-21.26.07:817][  0]LogInit: WinSock: version 1.1 (2.2), MaxSocks=32767, MaxUdp=65467
[2017.04.13-21.26.07:978][  0]LogSlate: SlateFontCache - WITH_FREETYPE: 1, WITH_HARFBUZZ: 1
[2017.04.13-21.26.07:978][  0]LogSlate: SlateFontCache - WITH_FREETYPE: 1, WITH_HARFBUZZ: 1
[2017.04.13-21.26.08:081][  0]LogMoviePlayer: Initializing movie player
[2017.04.13-21.26.08:244][  0]LogWindowsMoviePlayer: Unable to load movie: ../../../../../../Users/jcy/Downloads/map (2)/Content/Movies/Default_Startup.mp4
[2017.04.13-21.26.08:328][  0]LogUdpMessaging: Initializing bridge on interface 0.0.0.0:0 to multicast group 230.0.0.1:6666.
[2017.04.13-21.26.08:412][  0]SourceControl: Info Source control is disabled
[2017.04.13-21.26.08:412][  0]SourceControl: Info Source control is disabled
[2017.04.13-21.26.08:425][  0]SourceControl: Info Source control is disabled
[2017.04.13-21.26.08:580][  0]LogUObjectArray: 30985 objects as part of root set at end of initial load.
[2017.04.13-21.26.08:580][  0]LogUObjectAllocator: 6717240 out of 0 bytes used by permanent object pool.
[2017.04.13-21.26.08:580][  0]LogUObjectArray: CloseDisregardForGC: 0/0 objects in disregard for GC pool
[2017.04.13-21.26.08:633][  0]LogEngine: Initializing Engine...
[2017.04.13-21.26.08:633][  0]LogHMD: SteamVR failed to initialize.  Err: 110
[2017.04.13-21.26.08:634][  0]LogHMD: SteamVR failed to initialize.  Err: 110
[2017.04.13-21.26.08:752][  0]LogInit: XAudio2 using '스피커(Realtek High Definition Audio)' : 2 channels at 48 kHz using 32 bits per sample (channel mask 0x3)
[2017.04.13-21.26.08:777][  0]LogInit: FAudioDevice initialized.
[2017.04.13-21.26.08:786][  0]LogInit: Texture streaming: Enabled
[2017.04.13-21.26.08:901][  0]LogNet: Browse: /Temp/Autosaves/Game/Landscapes/UEDPCNewMap0101?Name=Player
[2017.04.13-21.26.08:901][  0]LogLoad: LoadMap: /Temp/Autosaves/Game/Landscapes/UEDPCNewMap0101?Name=Player
[2017.04.13-21.26.08:917][  0]LogMemory: Platform Memory Stats for Windows
[2017.04.13-21.26.08:917][  0]LogMemory: Process Physical Memory: 584.28 MB used, 609.88 MB peak
[2017.04.13-21.26.08:917][  0]LogMemory: Process Virtual Memory: 643.45 MB used, 643.46 MB peak
[2017.04.13-21.26.08:917][  0]LogMemory: Physical Memory: 5896.10 MB used, 12209.86 MB total
[2017.04.13-21.26.08:917][  0]LogMemory: Virtual Memory: 1256.99 MB used, 134217728.00 MB total
[2017.04.13-21.26.08:917][  0]LogMemory: 
[2017.04.13-21.26.08:917][  0]Allocator Stats for TBB: (not implemented)
[2017.04.13-21.26.09:177][  0]LogLinker:Warning: Can't find file '/Game/ThirdPersonBP/b3/KakaoTalk_20161209_024639698'
[2017.04.13-21.26.09:177][  0]LoadErrors: Info Failed to load /Game/ThirdPersonBP/b3/KakaoTalk_20161209_024639698.KakaoTalk_20161209_024639698 Referenced by MaterialExpressionTextureSample_0
[2017.04.13-21.26.09:177][  0]LogUObjectGlobals:Warning: Failed to load '/Game/ThirdPersonBP/b3/KakaoTalk_20161209_024639698': Can't find file '/Game/ThirdPersonBP/b3/KakaoTalk_20161209_024639698'
[2017.04.13-21.26.09:177][  0]LogLinker:Warning: Can't find file for asset '/Game/ThirdPersonBP/b3/KakaoTalk_20161209_024639698' while loading NULL.
[2017.04.13-21.26.09:177][  0]LoadErrors: Info Failed to load /Game/ThirdPersonBP/b3/KakaoTalk_20161209_024639698.KakaoTalk_20161209_024639698 Referenced by MaterialExpressionTextureSample_0
[2017.04.13-21.26.09:177][  0]LogUObjectGlobals:Warning: Failed to load '/Game/ThirdPersonBP/b3/KakaoTalk_20161209_024639698': Can't find file for asset '/Game/ThirdPersonBP/b3/KakaoTalk_20161209_024639698' while loading NULL.
[2017.04.13-21.26.09:177][  0]LogLinker:Warning: Can't find file '/Game/ThirdPersonBP/b3/KakaoTalk_20161208_194517291_Mat'
[2017.04.13-21.26.09:177][  0]LoadErrors: Info Failed to load /Game/ThirdPersonBP/b3/KakaoTalk_20161208_194517291_Mat.KakaoTalk_20161208_194517291_Mat Referenced by b33
[2017.04.13-21.26.09:177][  0]LogUObjectGlobals:Warning: Failed to load '/Game/ThirdPersonBP/b3/KakaoTalk_20161208_194517291_Mat': Can't find file '/Game/ThirdPersonBP/b3/KakaoTalk_20161208_194517291_Mat'
[2017.04.13-21.26.09:177][  0]LogLinker:Warning: Can't find file for asset '/Game/ThirdPersonBP/b3/KakaoTalk_20161208_194517291_Mat' while loading NULL.
[2017.04.13-21.26.09:177][  0]LoadErrors: Info Failed to load /Game/ThirdPersonBP/b3/KakaoTalk_20161208_194517291_Mat.KakaoTalk_20161208_194517291_Mat Referenced by b33
[2017.04.13-21.26.09:177][  0]LogUObjectGlobals:Warning: Failed to load '/Game/ThirdPersonBP/b3/KakaoTalk_20161208_194517291_Mat': Can't find file for asset '/Game/ThirdPersonBP/b3/KakaoTalk_20161208_194517291_Mat' while loading NULL.
[2017.04.13-21.26.09:178][  0]LogLinker:Warning: Can't find file '/Game/ThirdPersonBP/b3/KakaoTalk_20161209_024639698_Mat'
[2017.04.13-21.26.09:178][  0]LoadErrors: Info Failed to load /Game/ThirdPersonBP/b3/KakaoTalk_20161209_024639698_Mat.KakaoTalk_20161209_024639698_Mat Referenced by b33
[2017.04.13-21.26.09:178][  0]LogUObjectGlobals:Warning: Failed to load '/Game/ThirdPersonBP/b3/KakaoTalk_20161209_024639698_Mat': Can't find file '/Game/ThirdPersonBP/b3/KakaoTalk_20161209_024639698_Mat'
[2017.04.13-21.26.09:178][  0]LogLinker:Warning: Can't find file for asset '/Game/ThirdPersonBP/b3/KakaoTalk_20161209_024639698_Mat' while loading NULL.
[2017.04.13-21.26.09:178][  0]LoadErrors: Info Failed to load /Game/ThirdPersonBP/b3/KakaoTalk_20161209_024639698_Mat.KakaoTalk_20161209_024639698_Mat Referenced by b33
[2017.04.13-21.26.09:178][  0]LogUObjectGlobals:Warning: Failed to load '/Game/ThirdPersonBP/b3/KakaoTalk_20161209_024639698_Mat': Can't find file for asset '/Game/ThirdPersonBP/b3/KakaoTalk_20161209_024639698_Mat' while loading NULL.
[2017.04.13-21.26.09:178][  0]LogLinker:Warning: Can't find file '/Game/ThirdPersonBP/b1/KakaoTalk_20161208_203643273_Mat'
[2017.04.13-21.26.09:178][  0]LoadErrors: Info Failed to load /Game/ThirdPersonBP/b1/KakaoTalk_20161208_203643273_Mat.KakaoTalk_20161208_203643273_Mat Referenced by b12
[2017.04.13-21.26.09:178][  0]LogUObjectGlobals:Warning: Failed to load '/Game/ThirdPersonBP/b1/KakaoTalk_20161208_203643273_Mat': Can't find file '/Game/ThirdPersonBP/b1/KakaoTalk_20161208_203643273_Mat'
[2017.04.13-21.26.09:178][  0]LogLinker:Warning: Can't find file for asset '/Game/ThirdPersonBP/b1/KakaoTalk_20161208_203643273_Mat' while loading NULL.
[2017.04.13-21.26.09:178][  0]LoadErrors: Info Failed to load /Game/ThirdPersonBP/b1/KakaoTalk_20161208_203643273_Mat.KakaoTalk_20161208_203643273_Mat Referenced by b12
[2017.04.13-21.26.09:178][  0]LogUObjectGlobals:Warning: Failed to load '/Game/ThirdPersonBP/b1/KakaoTalk_20161208_203643273_Mat': Can't find file for asset '/Game/ThirdPersonBP/b1/KakaoTalk_20161208_203643273_Mat' while loading NULL.
[2017.04.13-21.26.09:204][  0]LogLinker:Warning: Can't find file '/Game/ThirdPersonBP/wall2/depositphotos_12077276-Old-hollow-brick-wall_Mat'
[2017.04.13-21.26.09:204][  0]LoadErrors: Info Failed to load /Game/ThirdPersonBP/wall2/depositphotos_12077276-Old-hollow-brick-wall_Mat.depositphotos_12077276-Old-hollow-brick-wall_Mat Referenced by wall2
[2017.04.13-21.26.09:204][  0]LogUObjectGlobals:Warning: Failed to load '/Game/ThirdPersonBP/wall2/depositphotos_12077276-Old-hollow-brick-wall_Mat': Can't find file '/Game/ThirdPersonBP/wall2/depositphotos_12077276-Old-hollow-brick-wall_Mat'
[2017.04.13-21.26.09:204][  0]LogLinker:Warning: Can't find file for asset '/Game/ThirdPersonBP/wall2/depositphotos_12077276-Old-hollow-brick-wall_Mat' while loading NULL.
[2017.04.13-21.26.09:204][  0]LoadErrors: Info Failed to load /Game/ThirdPersonBP/wall2/depositphotos_12077276-Old-hollow-brick-wall_Mat.depositphotos_12077276-Old-hollow-brick-wall_Mat Referenced by wall2
[2017.04.13-21.26.09:204][  0]LogUObjectGlobals:Warning: Failed to load '/Game/ThirdPersonBP/wall2/depositphotos_12077276-Old-hollow-brick-wall_Mat': Can't find file for asset '/Game/ThirdPersonBP/wall2/depositphotos_12077276-Old-hollow-brick-wall_Mat' while loading NULL.
[2017.04.13-21.26.09:214][  0]LogLinker:Warning: Can't find file '/Game/ThirdPersonBP/o2/barrel_rust_by_zuuzu_Mat'
[2017.04.13-21.26.09:214][  0]LoadErrors: Info Failed to load /Game/ThirdPersonBP/o2/barrel_rust_by_zuuzu_Mat.barrel_rust_by_zuuzu_Mat Referenced by o2
[2017.04.13-21.26.09:214][  0]LogUObjectGlobals:Warning: Failed to load '/Game/ThirdPersonBP/o2/barrel_rust_by_zuuzu_Mat': Can't find file '/Game/ThirdPersonBP/o2/barrel_rust_by_zuuzu_Mat'
[2017.04.13-21.26.09:214][  0]LogLinker:Warning: Can't find file for asset '/Game/ThirdPersonBP/o2/barrel_rust_by_zuuzu_Mat' while loading NULL.
[2017.04.13-21.26.09:214][  0]LoadErrors: Info Failed to load /Game/ThirdPersonBP/o2/barrel_rust_by_zuuzu_Mat.barrel_rust_by_zuuzu_Mat Referenced by o2
[2017.04.13-21.26.09:214][  0]LogUObjectGlobals:Warning: Failed to load '/Game/ThirdPersonBP/o2/barrel_rust_by_zuuzu_Mat': Can't find file for asset '/Game/ThirdPersonBP/o2/barrel_rust_by_zuuzu_Mat' while loading NULL.
[2017.04.13-21.26.09:214][  0]LogLinker:Warning: Can't find file '/Game/ThirdPersonBP/o2/Steel_Panel_12_H_CM_1_Mat'
[2017.04.13-21.26.09:214][  0]LoadErrors: Info Failed to load /Game/ThirdPersonBP/o2/Steel_Panel_12_H_CM_1_Mat.Steel_Panel_12_H_CM_1_Mat Referenced by o2
[2017.04.13-21.26.09:215][  0]LogUObjectGlobals:Warning: Failed to load '/Game/ThirdPersonBP/o2/Steel_Panel_12_H_CM_1_Mat': Can't find file '/Game/ThirdPersonBP/o2/Steel_Panel_12_H_CM_1_Mat'
[2017.04.13-21.26.09:215][  0]LogLinker:Warning: Can't find file for asset '/Game/ThirdPersonBP/o2/Steel_Panel_12_H_CM_1_Mat' while loading NULL.
[2017.04.13-21.26.09:215][  0]LoadErrors: Info Failed to load /Game/ThirdPersonBP/o2/Steel_Panel_12_H_CM_1_Mat.Steel_Panel_12_H_CM_1_Mat Referenced by o2
[2017.04.13-21.26.09:215][  0]LogUObjectGlobals:Warning: Failed to load '/Game/ThirdPersonBP/o2/Steel_Panel_12_H_CM_1_Mat': Can't find file for asset '/Game/ThirdPersonBP/o2/Steel_Panel_12_H_CM_1_Mat' while loading NULL.
[2017.04.13-21.26.09:231][  0]LogLinker:Warning: Can't find file '/Game/ThirdPersonBP/n3/bjbjkvvk_Mat'
[2017.04.13-21.26.09:231][  0]LoadErrors: Info Failed to load /Game/ThirdPersonBP/n3/bjbjkvvk_Mat.bjbjkvvk_Mat Referenced by n3
[2017.04.13-21.26.09:231][  0]LogUObjectGlobals:Warning: Failed to load '/Game/ThirdPersonBP/n3/bjbjkvvk_Mat': Can't find file '/Game/ThirdPersonBP/n3/bjbjkvvk_Mat'
[2017.04.13-21.26.09:231][  0]LogLinker:Warning: Can't find file for asset '/Game/ThirdPersonBP/n3/bjbjkvvk_Mat' while loading NULL.
[2017.04.13-21.26.09:231][  0]LoadErrors: Info Failed to load /Game/ThirdPersonBP/n3/bjbjkvvk_Mat.bjbjkvvk_Mat Referenced by n3
[2017.04.13-21.26.09:231][  0]LogUObjectGlobals:Warning: Failed to load '/Game/ThirdPersonBP/n3/bjbjkvvk_Mat': Can't find file for asset '/Game/ThirdPersonBP/n3/bjbjkvvk_Mat' while loading NULL.
[2017.04.13-21.26.09:422][  0]LogMaterial: Missing cached shader map for material KakaoTalk_20161209_024639698_Mat, compiling. 
[2017.04.13-21.26.09:422][  0]LogMaterial:Warning: Failed to compile Material /Game/Landscapes/ThirdPersonBP/b3/KakaoTalk_20161209_024639698_Mat.KakaoTalk_20161209_024639698_Mat for platform PCD3D_SM5, Default Material will be used in game.
[2017.04.13-21.26.09:422][  0]LogMaterial:Warning: 	(Node TextureSample) TextureSample> Missing input texture
[2017.04.13-21.26.10:197][  0]LogAIModule: Creating AISystem for world NewMap0101
[2017.04.13-21.26.10:305][  0]LogWorld: Game class is 'ThirdPersonGameMode_C'
[2017.04.13-21.26.10:319][  0]LogWorld: Bringing World /Temp/Autosaves/Game/Landscapes/UEDPCNewMap0101.NewMap0101 up for play (max tick rate 0) at 2017.04.14-06.26.10
[2017.04.13-21.26.10:320][  0]LogWorld: Bringing up level for play took: 0.015040
[2017.04.13-21.26.10:324][  0]LogLoad: Took 1.422166 seconds to LoadMap(/Temp/Autosaves/Game/Landscapes/UEDPCNewMap0101)
[2017.04.13-21.26.10:324][  0]LogInit:Display: Game Engine Initialized.
[2017.04.13-21.26.10:557][  0]LogLoad: Full Startup: 7.48 seconds (BP compile: 0.07 seconds)
[2017.04.13-21.26.10:557][  0]LogExternalProfiler: Found external profiler: VSPerf
[2017.04.13-21.26.10:557][  0]LogExternalProfiler: Using external profiler: VSPerf
[2017.04.13-21.26.10:575][  0]LogWindowsTextInputMethodSystem:Display: IME system now activated using TSF (Microsoft 입력기).
[2017.04.13-21.26.10:577][  0]LogOcInput: OculusInput pre-init called
[2017.04.13-21.26.10:699][  2]LogRenderer: Reallocating scene render targets to support 1280x720 (Frame:2).
[2017.04.13-21.27.04:962][356]LogWindowsTextInputMethodSystem:Display: IME system now activated using TSF (Microsoft 입력기).
[2017.04.13-21.27.04:965][356]LogEngine: All Windows Closed
[2017.04.13-21.27.04:965][356]LogWindows: FPlatformMisc::RequestExit(0)
[2017.04.13-21.27.04:965][357]LogMoviePlayer: Shutting down movie player
[2017.04.13-21.27.05:663][357]LogExit: Preparing to exit.
[2017.04.13-21.27.06:496][357]LogExit: Game engine shut down
[2017.04.13-21.27.06:605][357]LogObj: Freed 0b from 0 cluster array pools.
[2017.04.13-21.27.06:606][357]LogExit: Object subsystem successfully closed.
[2017.04.13-21.27.06:626][357]LogD3D11RHI: Shutdown
[2017.04.13-21.27.06:626][357]LogD3D11RHI: CleanupD3DDevice
[2017.04.13-21.27.06:716][357]LogD3D11RHI: ~FD3D11DynamicRHI
[2017.04.13-21.27.06:725][357]LogModuleManager: Shutting down and abandoning module SequenceRecorderSections (112)
[2017.04.13-21.27.06:725][357]LogModuleManager: Shutting down and abandoning module SequenceRecorder (111)
[2017.04.13-21.27.06:725][357]LogModuleManager: Shutting down and abandoning module AutomationController (110)
[2017.04.13-21.27.06:725][357]LogModuleManager: Shutting down and abandoning module AutomationWorker (109)
[2017.04.13-21.27.06:725][357]LogModuleManager: Shutting down and abandoning module CharacterAI (108)
[2017.04.13-21.27.06:725][357]LogModuleManager: Shutting down and abandoning module SessionServices (107)
[2017.04.13-21.27.06:725][357]LogModuleManager: Shutting down and abandoning module GameplayDebugger (106)
[2017.04.13-21.27.06:725][357]LogModuleManager: Shutting down and abandoning module AITestSuite (105)
[2017.04.13-21.27.06:725][357]LogModuleManager: Shutting down and abandoning module AIModule (104)
[2017.04.13-21.27.06:725][357]LogModuleManager: Shutting down and abandoning module MovieSceneCapture (103)
[2017.04.13-21.27.06:725][357]LogModuleManager: Shutting down and abandoning module StreamingPauseRendering (102)
[2017.04.13-21.27.06:725][357]LogModuleManager: Shutting down and abandoning module PortalServices (101)
[2017.04.13-21.27.06:725][357]LogModuleManager: Shutting down and abandoning module PortalRpc (100)
[2017.04.13-21.27.06:725][357]LogModuleManager: Shutting down and abandoning module MessagingRpc (99)
[2017.04.13-21.27.06:725][357]LogModuleManager: Shutting down and abandoning module ProfilerService (98)
[2017.04.13-21.27.06:931][357]LogModuleManager: Shutting down and abandoning module TaskGraph (97)
[2017.04.13-21.27.06:931][357]LogModuleManager: Shutting down and abandoning module SlateRemote (96)
[2017.04.13-21.27.06:931][357]LogModuleManager: Shutting down and abandoning module SteamVRController (95)
[2017.04.13-21.27.06:931][357]LogModuleManager: Shutting down and abandoning module SteamVR (94)
[2017.04.13-21.27.06:931][357]LogModuleManager: Shutting down and abandoning module ProceduralMeshComponent (93)
[2017.04.13-21.27.06:931][357]LogModuleManager: Shutting down and abandoning module OculusLibrary (92)
[2017.04.13-21.27.06:931][357]LogModuleManager: Shutting down and abandoning module OculusInput (91)
[2017.04.13-21.27.06:931][357]LogModuleManager: Shutting down and abandoning module CustomMeshComponent (90)
[2017.04.13-21.27.06:931][357]LogModuleManager: Shutting down and abandoning module CableComponent (89)
[2017.04.13-21.27.06:931][357]LogModuleManager: Shutting down and abandoning module ArchVisCharacter (88)
[2017.04.13-21.27.06:931][357]LogModuleManager: Shutting down and abandoning module HTML5Networking (87)
[2017.04.13-21.27.06:931][357]LogModuleManager: Shutting down and abandoning module DesktopPlatform (86)
[2017.04.13-21.27.06:931][357]LogModuleManager: Shutting down and abandoning module DirectoryWatcher (85)
[2017.04.13-21.27.06:931][357]LogModuleManager: Shutting down and abandoning module HotReload (84)
[2017.04.13-21.27.06:931][357]LogModuleManager: Shutting down and abandoning module VisualStudioSourceCodeAccess (83)
[2017.04.13-21.27.06:931][357]LogModuleManager: Shutting down and abandoning module UObjectPlugin (82)
[2017.04.13-21.27.06:931][357]LogModuleManager: Shutting down and abandoning module SubversionSourceControl (81)
[2017.04.13-21.27.06:931][357]LogModuleManager: Shutting down and abandoning module SourceControl (80)
[2017.04.13-21.27.06:931][357]LogModuleManager: Shutting down and abandoning module PerforceSourceControl (79)
[2017.04.13-21.27.06:931][357]LogModuleManager: Shutting down and abandoning module UdpMessaging (78)
[2017.04.13-21.27.07:033][357]LogModuleManager: Shutting down and abandoning module LightPropagationVolumeRuntime (77)
[2017.04.13-21.27.07:033][357]LogModuleManager: Shutting down and abandoning module Paper2D (76)
[2017.04.13-21.27.07:033][357]LogModuleManager: Shutting down and abandoning module WindowsMoviePlayer (75)
[2017.04.13-21.27.07:033][357]LogModuleManager: Shutting down and abandoning module Media (74)
[2017.04.13-21.27.07:033][357]LogModuleManager: Shutting down and abandoning module WmfMedia (73)
[2017.04.13-21.27.07:070][357]LogModuleManager: Shutting down and abandoning module MediaAssets (72)
[2017.04.13-21.27.07:070][357]LogModuleManager: Shutting down and abandoning module GameLiveStreaming (71)
[2017.04.13-21.27.07:070][357]LogModuleManager: Shutting down and abandoning module GameplayTagsEditor (70)
[2017.04.13-21.27.07:070][357]LogModuleManager: Shutting down and abandoning module OnlineBlueprintSupport (69)
[2017.04.13-21.27.07:070][357]LogModuleManager: Shutting down and abandoning module VREditor (68)
[2017.04.13-21.27.07:070][357]LogModuleManager: Shutting down and abandoning module GameplayTasksEditor (67)
[2017.04.13-21.27.07:070][357]LogModuleManager: Shutting down and abandoning module PropertyEditor (66)
[2017.04.13-21.27.07:070][357]LogModuleManager: Shutting down and abandoning module BehaviorTreeEditor (65)
[2017.04.13-21.27.07:070][357]LogModuleManager: Shutting down and abandoning module FunctionalTesting (64)
[2017.04.13-21.27.07:070][357]LogModuleManager: Shutting down and abandoning module CollisionAnalyzer (63)
[2017.04.13-21.27.07:070][357]LogModuleManager: Shutting down and abandoning module Sequencer (62)
[2017.04.13-21.27.07:070][357]LogModuleManager: Shutting down and abandoning module WorkspaceMenuStructure (61)
[2017.04.13-21.27.07:070][357]LogModuleManager: Shutting down and abandoning module MessageLog (60)
[2017.04.13-21.27.07:070][357]LogModuleManager: Shutting down and abandoning module AssetTools (59)
[2017.04.13-21.27.07:070][357]LogModuleManager: Shutting down and abandoning module UMGEditor (58)
[2017.04.13-21.27.07:070][357]LogModuleManager: Shutting down and abandoning module UMG (57)
[2017.04.13-21.27.07:070][357]LogModuleManager: Shutting down and abandoning module SlateReflector (56)
[2017.04.13-21.27.07:070][357]LogModuleManager: Shutting down and abandoning module Slate (55)
[2017.04.13-21.27.07:070][357]LogModuleManager: Shutting down and abandoning module EditorStyle (54)
[2017.04.13-21.27.07:072][357]LogModuleManager: Shutting down and abandoning module Messaging (53)
[2017.04.13-21.27.07:072][357]LogModuleManager: Shutting down and abandoning module SourceCodeAccess (52)
[2017.04.13-21.27.07:072][357]LogModuleManager: Shutting down and abandoning module HeadMountedDisplay (51)
[2017.04.13-21.27.07:072][357]LogModuleManager: Shutting down and abandoning module XAudio2 (50)
[2017.04.13-21.27.07:072][357]LogModuleManager: Shutting down and abandoning module Networking (48)
[2017.04.13-21.27.07:072][357]LogModuleManager: Shutting down and abandoning module Core (47)
[2017.04.13-21.27.07:072][357]LogModuleManager: Shutting down and abandoning module KismetCompiler (46)
[2017.04.13-21.27.07:072][357]LogModuleManager: Shutting down and abandoning module PhysXFormats (45)
[2017.04.13-21.27.07:072][357]LogModuleManager: Shutting down and abandoning module MeshUtilities (44)
[2017.04.13-21.27.07:072][357]LogModuleManager: Shutting down and abandoning module AssetRegistry (43)
[2017.04.13-21.27.07:072][357]LogModuleManager: Shutting down and abandoning module DerivedDataCache (42)
[2017.04.13-21.27.07:336][357]LogDerivedDataCache: Shutdown
[2017.04.13-21.27.07:336][357]LogModuleManager: Shutting down and abandoning module VulkanShaderFormat (41)
[2017.04.13-21.27.07:336][357]LogModuleManager: Shutting down and abandoning module ShaderFormatOpenGL (40)
[2017.04.13-21.27.07:336][357]LogModuleManager: Shutting down and abandoning module ShaderFormatD3D (39)
[2017.04.13-21.27.07:336][357]LogModuleManager: Shutting down and abandoning module MetalShaderFormat (38)
[2017.04.13-21.27.07:336][357]LogModuleManager: Shutting down and abandoning module TextureFormatUncompressed (37)
[2017.04.13-21.27.07:336][357]LogModuleManager: Shutting down and abandoning module TextureFormatPVR (36)
[2017.04.13-21.27.07:336][357]LogModuleManager: Shutting down and abandoning module TextureFormatIntelISPCTexComp (35)
[2017.04.13-21.27.07:336][357]LogModuleManager: Shutting down and abandoning module TextureFormatDXT (34)
[2017.04.13-21.27.07:336][357]LogModuleManager: Shutting down and abandoning module ImageWrapper (33)
[2017.04.13-21.27.07:336][357]LogModuleManager: Shutting down and abandoning module TextureFormatASTC (32)
[2017.04.13-21.27.07:336][357]LogModuleManager: Shutting down and abandoning module TextureFormatAndroid (31)
[2017.04.13-21.27.07:336][357]LogModuleManager: Shutting down and abandoning module AudioFormatOpus (30)
[2017.04.13-21.27.07:336][357]LogModuleManager: Shutting down and abandoning module AudioFormatOgg (29)
[2017.04.13-21.27.07:336][357]LogModuleManager: Shutting down and abandoning module AudioFormatADPCM (28)
[2017.04.13-21.27.07:336][357]LogModuleManager: Shutting down and abandoning module WindowsTargetPlatform (27)
[2017.04.13-21.27.07:336][357]LogModuleManager: Shutting down and abandoning module WindowsServerTargetPlatform (26)
[2017.04.13-21.27.07:336][357]LogModuleManager: Shutting down and abandoning module WindowsNoEditorTargetPlatform (25)
[2017.04.13-21.27.07:336][357]LogModuleManager: Shutting down and abandoning module WindowsClientTargetPlatform (24)
[2017.04.13-21.27.07:337][357]LogModuleManager: Shutting down and abandoning module TargetPlatform (23)
[2017.04.13-21.27.07:337][357]LogModuleManager: Shutting down and abandoning module InputCore (22)
[2017.04.13-21.27.07:337][357]LogModuleManager: Shutting down and abandoning module Settings (21)
[2017.04.13-21.27.07:337][357]LogModuleManager: Shutting down and abandoning module OnlineSubsystem (19)
[2017.04.13-21.27.07:337][357]LogModuleManager: Shutting down and abandoning module HTTP (18)
[2017.04.13-21.27.07:337][357]LogModuleManager: Shutting down and abandoning module XMPP (17)
[2017.04.13-21.27.07:337][357]LogModuleManager: Shutting down and abandoning module OculusRift (16)
[2017.04.13-21.27.07:337][357]LogModuleManager: Shutting down and abandoning module ExampleDeviceProfileSelector (15)
[2017.04.13-21.27.07:337][357]LogModuleManager: Shutting down and abandoning module TextureCompressor (14)
[2017.04.13-21.27.07:337][357]LogModuleManager: Shutting down and abandoning module ShaderCore (13)
[2017.04.13-21.27.07:337][357]LogModuleManager: Shutting down and abandoning module Landscape (12)
[2017.04.13-21.27.07:337][357]LogModuleManager: Shutting down and abandoning module SlateRHIRenderer (11)
[2017.04.13-21.27.07:337][357]LogModuleManager: Shutting down and abandoning module OpenGLDrv (10)
[2017.04.13-21.27.07:337][357]LogModuleManager: Shutting down and abandoning module D3D11RHI (9)
[2017.04.13-21.27.07:337][357]LogModuleManager: Shutting down and abandoning module AnimGraphRuntime (8)
[2017.04.13-21.27.07:337][357]LogModuleManager: Shutting down and abandoning module Renderer (7)
[2017.04.13-21.27.07:337][357]LogModuleManager: Shutting down and abandoning module Engine (6)
[2017.04.13-21.27.07:337][357]LogModuleManager: Shutting down and abandoning module CoreUObject (5)
[2017.04.13-21.27.07:337][357]LogModuleManager: Shutting down and abandoning module NetworkFile (4)
[2017.04.13-21.27.07:337][357]LogModuleManager: Shutting down and abandoning module StreamingFile (3)
[2017.04.13-21.27.07:337][357]LogModuleManager: Shutting down and abandoning module SandboxFile (2)
[2017.04.13-21.27.07:337][357]LogModuleManager: Shutting down and abandoning module PakFile (1)
[2017.04.13-21.27.07:338][357]LogExit: Exiting.
[2017.04.13-21.27.07:340][357]Log file closed, 04/14/17 06:27:07
