Log file open, 04/12/17 12:08:31
LogInit:Display: Running engine for game: map
LogPlatformFile: Not using cached read wrapper
LogInit:Display: RandInit(1040274303) SRandInit(1040274305).
LogTaskGraph: Started task graph with 4 named threads and 7 total threads with 1 sets of task threads.
LogStats: Stats thread started at 0.090369
LogInit: Version: 4.12.5-3039270+++UE4+Release-4.12
LogInit: API Version: 2992821
LogInit: Net Version: 3039270
LogDevObjectVersion: Number of dev versions registered: 13
LogDevObjectVersion:   Dev-Blueprints (B0D832E4-1F89-4F0D-ACCF-7EB736FD4AA2): 3
LogDevObjectVersion:   Dev-Build (E1C64328-A22C-4D53-A36C-8E866417BD8C): 0
LogDevObjectVersion:   Dev-Core (375EC13C-06E4-48FB-B500-84F0262A717E): 1
LogDevObjectVersion:   Dev-Editor (E4B068ED-F494-42E9-A231-DA0B2E46BB41): 2
LogDevObjectVersion:   Dev-Framework (CFFC743F-43B0-4480-9391-14DF171D2073): 6
LogDevObjectVersion:   Dev-Mobile (B02B49B5-BB20-44E9-A304-32B752E40360): 0
LogDevObjectVersion:   Dev-Networking (A4E4105C-59A1-49B5-A7C5-40C4547EDFEE): 0
LogDevObjectVersion:   Dev-Online (39C831C9-5AE6-47DC-9A44-9C173E1C8E7C): 0
LogDevObjectVersion:   Dev-Physics (78F01B33-EBEA-4F98-B9B4-84EACCB95AA2): 0
LogDevObjectVersion:   Dev-Platform (6631380F-2D4D-43E0-8009-CF276956A95A): 0
LogDevObjectVersion:   Dev-Rendering (12F88B9F-8875-4AFC-A67C-D90C383ABD29): 2
LogDevObjectVersion:   Dev-Sequencer (7B5AE74C-D270-4C10-A958-57980B212A5A): 0
LogDevObjectVersion:   Dev-VR (D7296918-1DD6-4BDD-9DE2-64A83CC13884): 0
LogInit: Compiled (64-bit): Jul  6 2016 09:09:46
LogInit: Compiled with Visual C++: 19.00.23026.00
LogInit: Build Configuration: Development
LogInit: Branch Name: ++UE4+Release-4.12
LogInit: Command line: -EpicPortal 
LogInit: Base directory: C:/Program Files (x86)/Epic Games/4.12/Engine/Binaries/Win64/
LogInit: Installed Engine Build: 1
LogInit: Using libcurl 7.41.0
LogInit:  - built for x86_64-pc-win32
LogInit:  - supports SSL with WinSSL
LogInit:  - other features:
LogInit:      CURL_VERSION_SSL
LogInit:      CURL_VERSION_IPV6
LogInit:      CURL_VERSION_ASYNCHDNS
LogInit:      CURL_VERSION_LARGEFILE
LogInit:      CURL_VERSION_IDN
LogInit:  CurlRequestOptions (configurable via config and command line):
LogInit:  - bVerifyPeer = true  - Libcurl will verify peer certificate
LogInit:  - bUseHttpProxy = false  - Libcurl will NOT use HTTP proxy
LogInit:  - bDontReuseConnections = false  - Libcurl will reuse connections
LogInit:  - CertBundlePath = nullptr  - Libcurl will use whatever was configured at build time.
LogInit: Presizing for max 8388607 objects, including 0 objects not considered by GC, pre-allocating 0 bytes for permanent pool.
LogInit: Object subsystem initialized
[2017.04.12-03.08.31:503][  0]LogInit: Selected Device Profile: [Windows]
[2017.04.12-03.08.31:503][  0]LogInit: Applying CVar settings loaded from the selected device profile: [Windows]
[2017.04.12-03.08.31:530][  0]LogInit: Computer: DESKTOP-F27I5IQ
[2017.04.12-03.08.31:530][  0]LogInit: User: duck2
[2017.04.12-03.08.31:530][  0]LogInit: CPU Page size=65536, Cores=4
[2017.04.12-03.08.31:530][  0]LogInit: High frequency timer resolution =3.117780 MHz
[2017.04.12-03.08.31:530][  0]LogMemory: Memory total: Physical=3.9GB (4GB approx)
[2017.04.12-03.08.31:530][  0]LogMemory: Platform Memory Stats for Windows
[2017.04.12-03.08.31:530][  0]LogMemory: Process Physical Memory: 191.22 MB used, 191.22 MB peak
[2017.04.12-03.08.31:530][  0]LogMemory: Process Virtual Memory: 195.21 MB used, 195.21 MB peak
[2017.04.12-03.08.31:530][  0]LogMemory: Physical Memory: 3504.70 MB used, 3996.15 MB total
[2017.04.12-03.08.31:530][  0]LogMemory: Virtual Memory: 538.67 MB used, 134217728.00 MB total
[2017.04.12-03.08.31:645][  0]LogTextLocalizationManager: No specific translations for ('ko-KR') exist, so ('ko') translations will be used.
[2017.04.12-03.08.31:705][  0]LogTextLocalizationManager:Warning: Loaded localization resources contain conflicting entries for (Namespace:KismetSchema, Key:Default):
Localization Resource: (C:/Program Files (x86)/Epic Games/4.12/Engine/Content/Localization/EditorTutorials/ko/EditorTutorials.locres) Source String Hash: (940523119) Localized String: (디폴트)
Localization Resource: (C:/Program Files (x86)/Epic Games/4.12/Engine/Content/Localization/Engine/ko/Engine.locres) Source String Hash: (940523119) Localized String: (기본)
[2017.04.12-03.08.31:705][  0]LogTextLocalizationManager:Warning: Loaded localization resources contain conflicting entries for (Namespace:UObjectToolTips, Key:AnimNode_AssetPlayerBase:InternalTimeAccumulator):
Localization Resource: (C:/Program Files (x86)/Epic Games/4.12/Engine/Content/Localization/EditorTutorials/ko/EditorTutorials.locres) Source String Hash: (502993589) Localized String: (이 노드에서 애셋을 레퍼런싱하는 데 사용되는 누적 시간입니다.)
Localization Resource: (C:/Program Files (x86)/Epic Games/4.12/Engine/Content/Localization/Engine/ko/Engine.locres) Source String Hash: (502993589) Localized String: (이 노드에서 애셋을 레퍼런싱하는 데 사용된 누적 시간입니다.)
[2017.04.12-03.08.31:705][  0]LogTextLocalizationManager:Warning: Loaded localization resources contain conflicting entries for (Namespace:UObjectToolTips, Key:AnimNode_AssetPlayerBase:bIgnoreForRelevancyTest):
Localization Resource: (C:/Program Files (x86)/Epic Games/4.12/Engine/Content/Localization/EditorTutorials/ko/EditorTutorials.locres) Source String Hash: (319969718) Localized String: (True 면, 스테이트에서 최고 가중치 애니메이션을 찾는 "Relevant anim" 노드는 이 노드를 무시합니다.
 )
Localization Resource: (C:/Program Files (x86)/Epic Games/4.12/Engine/Content/Localization/Engine/ko/Engine.locres) Source String Hash: (319969718) Localized String: (True 면 스테이트 내 최고 웨이팅된 애니메이션을 찾는 "Relevant anim" 노드가 무시됩니다.
 )
[2017.04.12-03.08.31:706][  0]LogTextLocalizationManager:Warning: Loaded localization resources contain conflicting entries for (Namespace:UObjectToolTips, Key:AnimNode_AssetPlayerBase:BlendWeight):
Localization Resource: (C:/Program Files (x86)/Epic Games/4.12/Engine/Content/Localization/EditorTutorials/ko/EditorTutorials.locres) Source String Hash: (-1232800293) Localized String: (이 노드에 마지막 걸린 블렌드웨이트 입니다.)
Localization Resource: (C:/Program Files (x86)/Epic Games/4.12/Engine/Content/Localization/Engine/ko/Engine.locres) Source String Hash: (-1232800293) Localized String: (이 노드에 대해 마지막 접한 블렌드 웨이트)
[2017.04.12-03.08.31:872][  0]LogD3D11RHI: D3D11 adapters:
[2017.04.12-03.08.31:931][  0]LogD3D11RHI:    0. 'NVIDIA GeForce GTX 750 Ti' (Feature Level 11_0)
[2017.04.12-03.08.31:931][  0]LogD3D11RHI:       993/0/1998 MB DedicatedVideo/DedicatedSystem/SharedSystem, Outputs:1, VendorId:0x10de
[2017.04.12-03.08.31:973][  0]LogD3D11RHI:    1. 'Intel(R) HD Graphics 4600' (Feature Level 11_0)
[2017.04.12-03.08.31:973][  0]LogD3D11RHI:       112/0/1998 MB DedicatedVideo/DedicatedSystem/SharedSystem, Outputs:1, VendorId:0x8086
[2017.04.12-03.08.31:978][  0]LogD3D11RHI:    2. 'Microsoft Basic Render Driver' (Feature Level 11_0)
[2017.04.12-03.08.31:978][  0]LogD3D11RHI:       0/0/1998 MB DedicatedVideo/DedicatedSystem/SharedSystem, Outputs:0, VendorId:0x1414
[2017.04.12-03.08.31:978][  0]LogD3D11RHI: Chosen D3D11 Adapter: 0
[2017.04.12-03.08.31:984][  0]LogD3D11RHI: Creating new Direct3DDevice
[2017.04.12-03.08.31:984][  0]LogD3D11RHI:     GPU DeviceId: 0x1380 (for the marketing name, search the web for "GPU Device Id")
[2017.04.12-03.08.31:984][  0]LogWindows: EnumDisplayDevices:
[2017.04.12-03.08.31:985][  0]LogWindows:    0. 'NVIDIA GeForce GTX 750 Ti' (P:1 D:1)
[2017.04.12-03.08.31:985][  0]LogWindows:    1. 'NVIDIA GeForce GTX 750 Ti' (P:0 D:0)
[2017.04.12-03.08.31:986][  0]LogWindows:    2. 'NVIDIA GeForce GTX 750 Ti' (P:0 D:0)
[2017.04.12-03.08.31:987][  0]LogWindows:    3. 'Intel(R) HD Graphics 4600' (P:0 D:1)
[2017.04.12-03.08.31:987][  0]LogWindows:    4. 'Intel(R) HD Graphics 4600' (P:0 D:0)
[2017.04.12-03.08.31:988][  0]LogWindows:    5. 'Intel(R) HD Graphics 4600' (P:0 D:0)
[2017.04.12-03.08.31:988][  0]LogWindows: DebugString: PrimaryIsNotTheChoosenAdapter PrimaryIsNotTheChoosenAdapter PrimaryIsNotTheChoosenAdapter FoundDriverCount:3 
[2017.04.12-03.08.31:988][  0]LogD3D11RHI:     Adapter Name: NVIDIA GeForce GTX 750 Ti
[2017.04.12-03.08.31:988][  0]LogD3D11RHI:   Driver Version: 376.53 (internal:21.21.13.7653, unified:376.53)
[2017.04.12-03.08.31:988][  0]LogD3D11RHI:      Driver Date: 12-29-2016
[2017.04.12-03.08.31:988][  0]LogRHI: Texture pool is 695 MB (70% of 993 MB)
[2017.04.12-03.08.32:007][  0]LogD3D11RHI: Async texture creation enabled
[2017.04.12-03.08.32:018][  0]LogD3D11RHI: GPU Timing Frequency: 1000.000000 (Debug: 2 1)
[2017.04.12-03.08.32:019][  0]LogShaderCompilers: Guid format shader working directory is 3 characters bigger than the processId version (../../../../../../Users/duck2/Downloads/map/Intermediate/Shaders/WorkingDirectory/2372/).
[2017.04.12-03.08.32:019][  0]LogShaderCompilers: Cleaned the shader compiler working directory 'C:/Users/duck2/AppData/Local/Temp/UnrealShaderWorkingDir/02B3D672483AF50A8E13A38596BF5F4B/'.
[2017.04.12-03.08.32:019][  0]LogShaderCompilers:Display: Using Local Shader Compiler.
[2017.04.12-03.08.34:196][  0]LogTemp:Display: Loaded TP AllDesktopTargetPlatform
[2017.04.12-03.08.34:210][  0]LogTemp:Display: Loaded TP WindowsClientTargetPlatform
[2017.04.12-03.08.34:223][  0]LogTemp:Display: Loaded TP WindowsNoEditorTargetPlatform
[2017.04.12-03.08.34:236][  0]LogTemp:Display: Loaded TP WindowsServerTargetPlatform
[2017.04.12-03.08.34:255][  0]LogTemp:Display: Loaded TP WindowsTargetPlatform
[2017.04.12-03.08.34:268][  0]LogTemp:Display: Loaded TP AndroidTargetPlatform
[2017.04.12-03.08.34:280][  0]LogTemp:Display: Loaded TP Android_ASTCTargetPlatform
[2017.04.12-03.08.34:291][  0]LogTemp:Display: Loaded TP Android_ATCTargetPlatform
[2017.04.12-03.08.34:303][  0]LogTemp:Display: Loaded TP Android_DXTTargetPlatform
[2017.04.12-03.08.34:315][  0]LogTemp:Display: Loaded TP Android_ETC1TargetPlatform
[2017.04.12-03.08.34:326][  0]LogTemp:Display: Loaded TP Android_ETC2TargetPlatform
[2017.04.12-03.08.34:349][  0]LogTemp:Display: Loaded TP Android_MultiTargetPlatform
[2017.04.12-03.08.34:349][  0]LogTemp:Display: Loaded TP Android_PVRTCTargetPlatform
[2017.04.12-03.08.34:352][  0]LogTemp:Display: Loaded TP HTML5TargetPlatform
[2017.04.12-03.08.34:382][  0]LogTemp:Display: Loaded TP IOSTargetPlatform
[2017.04.12-03.08.34:392][  0]LogTemp:Display: Loaded TP TVOSTargetPlatform
[2017.04.12-03.08.34:404][  0]LogTemp:Display: Loaded TP LinuxNoEditorTargetPlatform
[2017.04.12-03.08.34:415][  0]LogTemp:Display: Loaded TP LinuxServerTargetPlatform
[2017.04.12-03.08.34:427][  0]LogTemp:Display: Loaded TP LinuxTargetPlatform
[2017.04.12-03.08.34:427][  0]LogTargetPlatformManager:Display: Building Assets For Windows
[2017.04.12-03.08.34:609][  0]LogDerivedDataCache:Display: Max Cache Size: 512 MB
[2017.04.12-03.08.34:683][  0]LogDerivedDataCache: Loaded boot cache 0.07s 48MB C:/Users/duck2/AppData/Local/UnrealEngine/4.12/DerivedDataCache/Boot.ddc.
[2017.04.12-03.08.34:684][  0]LogDerivedDataCache:Display: Loaded Boot cache: C:/Users/duck2/AppData/Local/UnrealEngine/4.12/DerivedDataCache/Boot.ddc
[2017.04.12-03.08.34:684][  0]LogDerivedDataCache: FDerivedDataBackendGraph:  Pak pak cache file ../../../../../../Users/duck2/Downloads/map/DerivedDataCache/DDC.ddp not found, will not use a pak cache.
[2017.04.12-03.08.34:684][  0]LogDerivedDataCache: Unable to find inner node Pak for hierarchical cache Hierarchy.
[2017.04.12-03.08.34:684][  0]LogDerivedDataCache: FDerivedDataBackendGraph:  CompressedPak pak cache file ../../../../../../Users/duck2/Downloads/map/DerivedDataCache/Compressed.ddp not found, will not use a pak cache.
[2017.04.12-03.08.34:684][  0]LogDerivedDataCache: Unable to find inner node CompressedPak for hierarchical cache Hierarchy.
[2017.04.12-03.08.34:702][  0]LogDerivedDataCache:Display: Pak cache opened for reading ../../../Engine/DerivedDataCache/Compressed.ddp.
[2017.04.12-03.08.34:715][  0]LogDerivedDataCache: Using Local data cache path C:/Users/duck2/AppData/Local/UnrealEngine/Common/DerivedDataCache: Writable
[2017.04.12-03.08.35:135][  0]LogInit: Selected Device Profile: [Windows]
[2017.04.12-03.08.35:136][  0]LogContentStreaming: Texture pool size is 0.00 MB
[2017.04.12-03.08.35:385][  0]LogMeshUtilities: No automatic mesh reduction module available
[2017.04.12-03.08.35:385][  0]LogMeshUtilities: No automatic mesh merging module available
[2017.04.12-03.08.35:385][  0]LogMeshUtilities: No distributed automatic mesh merging module available
[2017.04.12-03.08.35:793][  0]LogAssetRegistry: FAssetRegistry took 0.0217 seconds to start up
[2017.04.12-03.08.35:841][  0]LogPackageLocalizationCache: Processed 3 localized package path(s) for 2 prioritized culture(s) in 0.043686 seconds
[2017.04.12-03.08.35:848][  0]LogUObjectArray: 28739 objects as part of root set at end of initial load.
[2017.04.12-03.08.35:848][  0]LogUObjectAllocator: 5855632 out of 0 bytes used by permanent object pool.
[2017.04.12-03.08.35:848][  0]LogUObjectArray: CloseDisregardForGC: 0/0 objects in disregard for GC pool
[2017.04.12-03.08.35:859][  0]LogInit: WinSock: version 1.1 (2.2), MaxSocks=32767, MaxUdp=65467
[2017.04.12-03.08.36:190][  0]LogSlate: SlateFontCache - WITH_FREETYPE: 1, WITH_HARFBUZZ: 1
[2017.04.12-03.08.36:191][  0]LogSlate: SlateFontCache - WITH_FREETYPE: 1, WITH_HARFBUZZ: 1
[2017.04.12-03.08.38:567][  0]LogUdpMessaging: Initializing bridge on interface 0.0.0.0:0 to multicast group 230.0.0.1:6666.
[2017.04.12-03.08.38:952][  0]SourceControl: 정보 소스 콘트롤이 꺼졌습니다.
[2017.04.12-03.08.39:303][  0]SourceControl: 정보 소스 콘트롤이 꺼졌습니다.
[2017.04.12-03.08.39:322][  0]SourceControl: 정보 소스 콘트롤이 꺼졌습니다.
[2017.04.12-03.08.39:339][  0]SourceControl: 정보 소스 콘트롤이 꺼졌습니다.
[2017.04.12-03.08.39:740][  0]LogEngine: Initializing Engine...
[2017.04.12-03.08.39:759][  0]LogHMD: SteamVR failed to initialize.  Err: 110
[2017.04.12-03.08.39:760][  0]LogHMD: SteamVR failed to initialize.  Err: 110
[2017.04.12-03.08.40:025][  0]LogAIModule: Creating AISystem for world NewWorld
[2017.04.12-03.08.40:066][  0]LogInit: XAudio2 using '헤드폰(High Definition Audio 장치)' : 2 channels at 44.1 kHz using 16 bits per sample (channel mask 0x3)
[2017.04.12-03.08.40:102][  0]LogInit: FAudioDevice initialized.
[2017.04.12-03.08.40:456][  0]LogDerivedDataCache: Saved boot cache 0.35s 48MB C:/Users/duck2/AppData/Local/UnrealEngine/4.12/DerivedDataCache/Boot.ddc.
[2017.04.12-03.08.40:464][  0]LogInit: Texture streaming: Enabled
[2017.04.12-03.08.40:542][  0]LogInit: Transaction tracking system initialized
[2017.04.12-03.08.40:580][  0]BlueprintLog: New page: 에디터 로드
[2017.04.12-03.08.40:712][  0]LocalizationService: 정보 현지화 서비스가 비활성화되었습니다.
[2017.04.12-03.08.41:065][  0]LogConsoleResponse:Display: 
[2017.04.12-03.08.41:331][  0]LogCook:Display: Max memory allowance for cook 8192mb
[2017.04.12-03.08.41:331][  0]LogCook:Display: Mobile HDR setting 1
[2017.04.12-03.08.41:522][  0]LogFileCache: Scanning file cache for directory 'C:/Users/duck2/Downloads/map/Content/' took 0.05s
[2017.04.12-03.08.41:522][  0]SourceControl: 정보 소스 콘트롤이 꺼졌습니다.
[2017.04.12-03.08.41:522][  0]Cmd: MAP LOAD FILE="../../../../../../Users/duck2/Downloads/map/Content/ThirdPersonBP/Maps/ThirdPersonExampleMap.umap" TEMPLATE=0 SHOWPROGRESS=1 FEATURELEVEL=3
[2017.04.12-03.08.41:524][  0]LightingResults: New page: 라이팅 빌드
[2017.04.12-03.08.41:528][  0]MapCheck: New page: 맵 체크
[2017.04.12-03.08.41:528][  0]LightingResults: New page: 라이팅 빌드
[2017.04.12-03.08.42:367][  0]LogAIModule: Creating AISystem for world ThirdPersonExampleMap
[2017.04.12-03.08.42:457][  0]LogEditorServer: Finished looking for orphan Actors (0.000 secs)
[2017.04.12-03.08.42:458][  0]Cmd: MAP CHECKDEP NOCLEARLOG
[2017.04.12-03.08.42:638][  0]MapCheck: 정보 맵 체크 완료: 오류 0 회, 경고 0 회, 소요 시간 179.914ms.
[2017.04.12-03.08.42:638][  0]LogFileHelpers: Loading map 'ThirdPersonExampleMap' took 1.116
[2017.04.12-03.08.42:940][  0]LogCollectionManager: Loaded 0 collections in 0.003089 seconds
[2017.04.12-03.08.43:018][  0]LogFileCache: Scanning file cache for directory 'C:/Users/duck2/Downloads/map/Saved/Collections/' took 0.01s
[2017.04.12-03.08.43:018][  0]LogFileCache: Scanning file cache for directory 'C:/Users/duck2/Downloads/map/Content/Developers/duck2/Collections/' took 0.01s
[2017.04.12-03.08.43:018][  0]LogFileCache: Scanning file cache for directory 'C:/Users/duck2/Downloads/map/Content/Collections/' took 0.01s
[2017.04.12-03.08.43:018][  0]LogCollectionManager: Rebuilt the GUID cache for 0 collections in 0.000003 seconds
[2017.04.12-03.08.43:033][  0]LogContentBrowser: Native class hierarchy populated in 0.0117 seconds. Added 2047 classes and 369 folders.
[2017.04.12-03.08.43:048][  0]LogStats: UGameplayTagsManager::ConstructGameplayTagTree: Construct from data asset -  0.000 s
[2017.04.12-03.08.43:049][  0]LogStats: UGameplayTagsManager::ConstructGameplayTagTree: GameplayTagTreeChangedEvent.Broadcast -  0.000 s
[2017.04.12-03.08.43:050][  0]LogContentBrowser: Native class hierarchy updated for 'GameplayTags' in 0.0006 seconds. Added 12 classes and 0 folders.
[2017.04.12-03.08.43:059][  0]LogContentBrowser: Native class hierarchy updated for 'WidgetCarousel' in 0.0005 seconds. Added 0 classes and 0 folders.
[2017.04.12-03.08.43:351][  0]LogContentBrowser: Native class hierarchy updated for 'AddContentDialog' in 0.0006 seconds. Added 0 classes and 0 folders.
[2017.04.12-03.08.43:393][  0]LogContentBrowser: Native class hierarchy updated for 'SceneOutliner' in 0.0006 seconds. Added 1 classes and 2 folders.
[2017.04.12-03.08.43:514][  0]LogCrashTracker: Crashtracker disabled due to settings.
[2017.04.12-03.08.43:554][  0]LogUObjectGlobals:Warning: 'Class 없음.' 오브젝트를 찾는 데 실패했습니다.
[2017.04.12-03.08.43:587][  0]LogContentBrowser: Native class hierarchy updated for 'HierarchicalLODOutliner' in 0.0006 seconds. Added 1 classes and 2 folders.
[2017.04.12-03.08.43:588][  0]LogLoad: Full Startup: 13.81 seconds (BP compile: 0.16 seconds)
[2017.04.12-03.08.43:588][  0]LogExternalProfiler: Found external profiler: VSPerf
[2017.04.12-03.08.43:588][  0]LogExternalProfiler: Using external profiler: VSPerf
[2017.04.12-03.08.43:932][  0]LogOcInput: OculusInput pre-init called
[2017.04.12-03.08.43:969][  0]LogContentStreaming: Texture pool size now 200 MB
[2017.04.12-03.08.44:253][  0]LogRenderer: Reallocating scene render targets to support 1208x716 (Frame:2).
[2017.04.12-03.08.44:768][  2]LogAssetRegistry: Asset discovery search completed in 8.9975 seconds
[2017.04.12-03.08.44:768][  2]LogCollectionManager: Rebuilt the object cache for 0 collections in 0.000013 seconds (found 0 objects)
[2017.04.12-03.08.44:768][  2]LogCollectionManager: Fixed up redirectors for 0 collections in 0.000049 seconds (updated 0 objects)
[2017.04.12-03.10.19:997][586]LogLinker:Warning: '/Game/ThirdPersonBP/b3/KakaoTalk_20161209_024639698' 파일을 찾을 수 없습니다.
[2017.04.12-03.10.19:998][586]LogLinker:Warning: ../../../../../../Users/duck2/Downloads/map/Content/Landscapes/ThirdPersonBP/b3/KakaoTalk_20161209_024639698_Mat.uasset 로드중 '/Game/ThirdPersonBP/b3/KakaoTalk_20161209_024639698' 애셋에 대한 파일을 찾을 수 없습니다.
[2017.04.12-03.10.19:998][586]LoadErrors:Error: 오류 /Game/Landscapes/ThirdPersonBP/b3/KakaoTalk_20161209_024639698_Mat : 애셋에 대한 파일을 찾을 수 없습니다. /Game/ThirdPersonBP/b3/KakaoTalk_20161209_024639698
[2017.04.12-03.10.19:998][586]LogLinker:Warning: '/Game/ThirdPersonBP/b3/KakaoTalk_20161209_024639698' 파일을 찾을 수 없습니다.
[2017.04.12-03.10.19:998][586]LogLinker:Warning: ../../../../../../Users/duck2/Downloads/map/Content/Landscapes/ThirdPersonBP/b3/KakaoTalk_20161209_024639698_Mat.uasset 로드중 '/Game/ThirdPersonBP/b3/KakaoTalk_20161209_024639698' 애셋에 대한 파일을 찾을 수 없습니다.
[2017.04.12-03.10.21:084][586]LogLinker:Warning: '/Game/ThirdPersonBP/b1/KakaoTalk_20161208_203643273_Mat' 파일을 찾을 수 없습니다.
[2017.04.12-03.10.21:084][586]LogLinker:Warning: ../../../../../../Users/duck2/Downloads/map/Content/Landscapes/ThirdPersonBP/b1/b12.uasset 로드중 '/Game/ThirdPersonBP/b1/KakaoTalk_20161208_203643273_Mat' 애셋에 대한 파일을 찾을 수 없습니다.
[2017.04.12-03.10.21:084][586]LoadErrors:Error: 오류 /Game/Landscapes/ThirdPersonBP/b1/b12 : 애셋에 대한 파일을 찾을 수 없습니다. /Game/ThirdPersonBP/b1/KakaoTalk_20161208_203643273_Mat
[2017.04.12-03.10.21:085][586]LogLinker:Warning: '/Game/ThirdPersonBP/b1/KakaoTalk_20161208_203643273_Mat' 파일을 찾을 수 없습니다.
[2017.04.12-03.10.21:085][586]LogLinker:Warning: ../../../../../../Users/duck2/Downloads/map/Content/Landscapes/ThirdPersonBP/b1/b12.uasset 로드중 '/Game/ThirdPersonBP/b1/KakaoTalk_20161208_203643273_Mat' 애셋에 대한 파일을 찾을 수 없습니다.
[2017.04.12-03.10.21:091][586]LogLinker:Warning: '/Game/ThirdPersonBP/b3/KakaoTalk_20161208_194517291_Mat' 파일을 찾을 수 없습니다.
[2017.04.12-03.10.21:091][586]LogLinker:Warning: ../../../../../../Users/duck2/Downloads/map/Content/Landscapes/ThirdPersonBP/b3/b33.uasset 로드중 '/Game/ThirdPersonBP/b3/KakaoTalk_20161208_194517291_Mat' 애셋에 대한 파일을 찾을 수 없습니다.
[2017.04.12-03.10.21:091][586]LoadErrors:Error: 오류 /Game/Landscapes/ThirdPersonBP/b3/b33 : 애셋에 대한 파일을 찾을 수 없습니다. /Game/ThirdPersonBP/b3/KakaoTalk_20161208_194517291_Mat
[2017.04.12-03.10.21:091][586]LogLinker:Warning: '/Game/ThirdPersonBP/b3/KakaoTalk_20161209_024639698_Mat' 파일을 찾을 수 없습니다.
[2017.04.12-03.10.21:091][586]LogLinker:Warning: ../../../../../../Users/duck2/Downloads/map/Content/Landscapes/ThirdPersonBP/b3/b33.uasset 로드중 '/Game/ThirdPersonBP/b3/KakaoTalk_20161209_024639698_Mat' 애셋에 대한 파일을 찾을 수 없습니다.
[2017.04.12-03.10.21:091][586]LoadErrors:Error: 오류 /Game/Landscapes/ThirdPersonBP/b3/b33 : 애셋에 대한 파일을 찾을 수 없습니다. /Game/ThirdPersonBP/b3/KakaoTalk_20161209_024639698_Mat
[2017.04.12-03.10.21:091][586]LogLinker:Warning: '/Game/ThirdPersonBP/b3/KakaoTalk_20161208_194517291_Mat' 파일을 찾을 수 없습니다.
[2017.04.12-03.10.21:092][586]LogLinker:Warning: ../../../../../../Users/duck2/Downloads/map/Content/Landscapes/ThirdPersonBP/b3/b33.uasset 로드중 '/Game/ThirdPersonBP/b3/KakaoTalk_20161208_194517291_Mat' 애셋에 대한 파일을 찾을 수 없습니다.
[2017.04.12-03.10.21:092][586]LogLinker:Warning: '/Game/ThirdPersonBP/b3/KakaoTalk_20161209_024639698_Mat' 파일을 찾을 수 없습니다.
[2017.04.12-03.10.21:092][586]LogLinker:Warning: ../../../../../../Users/duck2/Downloads/map/Content/Landscapes/ThirdPersonBP/b3/b33.uasset 로드중 '/Game/ThirdPersonBP/b3/KakaoTalk_20161209_024639698_Mat' 애셋에 대한 파일을 찾을 수 없습니다.
[2017.04.12-03.10.21:099][586]LogLinker:Warning: '/Game/ThirdPersonBP/n3/bjbjkvvk_Mat' 파일을 찾을 수 없습니다.
[2017.04.12-03.10.21:099][586]LogLinker:Warning: ../../../../../../Users/duck2/Downloads/map/Content/Landscapes/ThirdPersonBP/n3/n3.uasset 로드중 '/Game/ThirdPersonBP/n3/bjbjkvvk_Mat' 애셋에 대한 파일을 찾을 수 없습니다.
[2017.04.12-03.10.21:099][586]LoadErrors:Error: 오류 /Game/Landscapes/ThirdPersonBP/n3/n3 : 애셋에 대한 파일을 찾을 수 없습니다. /Game/ThirdPersonBP/n3/bjbjkvvk_Mat
[2017.04.12-03.10.21:100][586]LogLinker:Warning: '/Game/ThirdPersonBP/n3/bjbjkvvk_Mat' 파일을 찾을 수 없습니다.
[2017.04.12-03.10.21:100][586]LogLinker:Warning: ../../../../../../Users/duck2/Downloads/map/Content/Landscapes/ThirdPersonBP/n3/n3.uasset 로드중 '/Game/ThirdPersonBP/n3/bjbjkvvk_Mat' 애셋에 대한 파일을 찾을 수 없습니다.
[2017.04.12-03.10.21:103][586]LogLinker:Warning: '/Game/ThirdPersonBP/o2/barrel_rust_by_zuuzu_Mat' 파일을 찾을 수 없습니다.
[2017.04.12-03.10.21:103][586]LogLinker:Warning: ../../../../../../Users/duck2/Downloads/map/Content/Landscapes/ThirdPersonBP/o2/o2.uasset 로드중 '/Game/ThirdPersonBP/o2/barrel_rust_by_zuuzu_Mat' 애셋에 대한 파일을 찾을 수 없습니다.
[2017.04.12-03.10.21:103][586]LoadErrors:Error: 오류 /Game/Landscapes/ThirdPersonBP/o2/o2 : 애셋에 대한 파일을 찾을 수 없습니다. /Game/ThirdPersonBP/o2/barrel_rust_by_zuuzu_Mat
[2017.04.12-03.10.21:103][586]LogLinker:Warning: '/Game/ThirdPersonBP/o2/Steel_Panel_12_H_CM_1_Mat' 파일을 찾을 수 없습니다.
[2017.04.12-03.10.21:103][586]LogLinker:Warning: ../../../../../../Users/duck2/Downloads/map/Content/Landscapes/ThirdPersonBP/o2/o2.uasset 로드중 '/Game/ThirdPersonBP/o2/Steel_Panel_12_H_CM_1_Mat' 애셋에 대한 파일을 찾을 수 없습니다.
[2017.04.12-03.10.21:103][586]LoadErrors:Error: 오류 /Game/Landscapes/ThirdPersonBP/o2/o2 : 애셋에 대한 파일을 찾을 수 없습니다. /Game/ThirdPersonBP/o2/Steel_Panel_12_H_CM_1_Mat
[2017.04.12-03.10.21:104][586]LogLinker:Warning: '/Game/ThirdPersonBP/o2/barrel_rust_by_zuuzu_Mat' 파일을 찾을 수 없습니다.
[2017.04.12-03.10.21:104][586]LogLinker:Warning: ../../../../../../Users/duck2/Downloads/map/Content/Landscapes/ThirdPersonBP/o2/o2.uasset 로드중 '/Game/ThirdPersonBP/o2/barrel_rust_by_zuuzu_Mat' 애셋에 대한 파일을 찾을 수 없습니다.
[2017.04.12-03.10.21:104][586]LogLinker:Warning: '/Game/ThirdPersonBP/o2/Steel_Panel_12_H_CM_1_Mat' 파일을 찾을 수 없습니다.
[2017.04.12-03.10.21:104][586]LogLinker:Warning: ../../../../../../Users/duck2/Downloads/map/Content/Landscapes/ThirdPersonBP/o2/o2.uasset 로드중 '/Game/ThirdPersonBP/o2/Steel_Panel_12_H_CM_1_Mat' 애셋에 대한 파일을 찾을 수 없습니다.
[2017.04.12-03.10.21:111][586]LogLinker:Warning: '/Game/ThirdPersonBP/wall2/depositphotos_12077276-Old-hollow-brick-wall_Mat' 파일을 찾을 수 없습니다.
[2017.04.12-03.10.21:112][586]LogLinker:Warning: ../../../../../../Users/duck2/Downloads/map/Content/Landscapes/ThirdPersonBP/wall2/wall2.uasset 로드중 '/Game/ThirdPersonBP/wall2/depositphotos_12077276-Old-hollow-brick-wall_Mat' 애셋에 대한 파일을 찾을 수 없습니다.
[2017.04.12-03.10.21:112][586]LoadErrors:Error: 오류 /Game/Landscapes/ThirdPersonBP/wall2/wall2 : 애셋에 대한 파일을 찾을 수 없습니다. /Game/ThirdPersonBP/wall2/depositphotos_12077276-Old-hollow-brick-wall_Mat
[2017.04.12-03.10.21:112][586]LogLinker:Warning: '/Game/ThirdPersonBP/wall2/depositphotos_12077276-Old-hollow-brick-wall_Mat' 파일을 찾을 수 없습니다.
[2017.04.12-03.10.21:112][586]LogLinker:Warning: ../../../../../../Users/duck2/Downloads/map/Content/Landscapes/ThirdPersonBP/wall2/wall2.uasset 로드중 '/Game/ThirdPersonBP/wall2/depositphotos_12077276-Old-hollow-brick-wall_Mat' 애셋에 대한 파일을 찾을 수 없습니다.
[2017.04.12-03.10.21:216][586]LogLinker:Warning: '/Game/ThirdPersonBP/b3/KakaoTalk_20161209_024639698' 파일을 찾을 수 없습니다.
[2017.04.12-03.10.21:216][586]LoadErrors: 정보 로드에 실패했습니다. /Game/ThirdPersonBP/b3/KakaoTalk_20161209_024639698.KakaoTalk_20161209_024639698 레퍼런싱한 것: MaterialExpressionTextureSample_0
[2017.04.12-03.10.21:216][586]LogLinker:Warning: NULL 로드중 '/Game/ThirdPersonBP/b3/KakaoTalk_20161209_024639698' 애셋에 대한 파일을 찾을 수 없습니다.
[2017.04.12-03.10.21:446][586]LogLinker:Warning: '/Game/ThirdPersonBP/wall2/depositphotos_12077276-Old-hollow-brick-wall_Mat' 파일을 찾을 수 없습니다.
[2017.04.12-03.10.21:446][586]LoadErrors: 정보 로드에 실패했습니다. /Game/ThirdPersonBP/wall2/depositphotos_12077276-Old-hollow-brick-wall_Mat.depositphotos_12077276-Old-hollow-brick-wall_Mat 레퍼런싱한 것: wall2
[2017.04.12-03.10.21:446][586]LogLinker:Warning: NULL 로드중 '/Game/ThirdPersonBP/wall2/depositphotos_12077276-Old-hollow-brick-wall_Mat' 애셋에 대한 파일을 찾을 수 없습니다.
[2017.04.12-03.10.21:448][586]LogLinker:Warning: '/Game/ThirdPersonBP/o2/barrel_rust_by_zuuzu_Mat' 파일을 찾을 수 없습니다.
[2017.04.12-03.10.21:448][586]LoadErrors: 정보 로드에 실패했습니다. /Game/ThirdPersonBP/o2/barrel_rust_by_zuuzu_Mat.barrel_rust_by_zuuzu_Mat 레퍼런싱한 것: o2
[2017.04.12-03.10.21:448][586]LogLinker:Warning: NULL 로드중 '/Game/ThirdPersonBP/o2/barrel_rust_by_zuuzu_Mat' 애셋에 대한 파일을 찾을 수 없습니다.
[2017.04.12-03.10.21:448][586]LogLinker:Warning: '/Game/ThirdPersonBP/o2/Steel_Panel_12_H_CM_1_Mat' 파일을 찾을 수 없습니다.
[2017.04.12-03.10.21:448][586]LoadErrors: 정보 로드에 실패했습니다. /Game/ThirdPersonBP/o2/Steel_Panel_12_H_CM_1_Mat.Steel_Panel_12_H_CM_1_Mat 레퍼런싱한 것: o2
[2017.04.12-03.10.21:448][586]LogLinker:Warning: NULL 로드중 '/Game/ThirdPersonBP/o2/Steel_Panel_12_H_CM_1_Mat' 애셋에 대한 파일을 찾을 수 없습니다.
[2017.04.12-03.10.21:450][586]LogLinker:Warning: '/Game/ThirdPersonBP/n3/bjbjkvvk_Mat' 파일을 찾을 수 없습니다.
[2017.04.12-03.10.21:450][586]LoadErrors: 정보 로드에 실패했습니다. /Game/ThirdPersonBP/n3/bjbjkvvk_Mat.bjbjkvvk_Mat 레퍼런싱한 것: n3
[2017.04.12-03.10.21:450][586]LogLinker:Warning: NULL 로드중 '/Game/ThirdPersonBP/n3/bjbjkvvk_Mat' 애셋에 대한 파일을 찾을 수 없습니다.
[2017.04.12-03.10.21:453][586]LogLinker:Warning: '/Game/ThirdPersonBP/b3/KakaoTalk_20161208_194517291_Mat' 파일을 찾을 수 없습니다.
[2017.04.12-03.10.21:453][586]LoadErrors: 정보 로드에 실패했습니다. /Game/ThirdPersonBP/b3/KakaoTalk_20161208_194517291_Mat.KakaoTalk_20161208_194517291_Mat 레퍼런싱한 것: b33
[2017.04.12-03.10.21:453][586]LogLinker:Warning: NULL 로드중 '/Game/ThirdPersonBP/b3/KakaoTalk_20161208_194517291_Mat' 애셋에 대한 파일을 찾을 수 없습니다.
[2017.04.12-03.10.21:453][586]LogLinker:Warning: '/Game/ThirdPersonBP/b3/KakaoTalk_20161209_024639698_Mat' 파일을 찾을 수 없습니다.
[2017.04.12-03.10.21:453][586]LoadErrors: 정보 로드에 실패했습니다. /Game/ThirdPersonBP/b3/KakaoTalk_20161209_024639698_Mat.KakaoTalk_20161209_024639698_Mat 레퍼런싱한 것: b33
[2017.04.12-03.10.21:454][586]LogLinker:Warning: NULL 로드중 '/Game/ThirdPersonBP/b3/KakaoTalk_20161209_024639698_Mat' 애셋에 대한 파일을 찾을 수 없습니다.
[2017.04.12-03.10.21:456][586]LogLinker:Warning: '/Game/ThirdPersonBP/b1/KakaoTalk_20161208_203643273_Mat' 파일을 찾을 수 없습니다.
[2017.04.12-03.10.21:456][586]LoadErrors: 정보 로드에 실패했습니다. /Game/ThirdPersonBP/b1/KakaoTalk_20161208_203643273_Mat.KakaoTalk_20161208_203643273_Mat 레퍼런싱한 것: b12
[2017.04.12-03.10.21:456][586]LogLinker:Warning: NULL 로드중 '/Game/ThirdPersonBP/b1/KakaoTalk_20161208_203643273_Mat' 애셋에 대한 파일을 찾을 수 없습니다.
[2017.04.12-03.10.22:220][586]LogMaterial: Missing cached shader map for material KakaoTalk_20161209_024639698_Mat, compiling. 
[2017.04.12-03.10.22:273][586]LogMaterial:Warning: Failed to compile Material /Game/Landscapes/ThirdPersonBP/b3/KakaoTalk_20161209_024639698_Mat.KakaoTalk_20161209_024639698_Mat for platform PCD3D_SM5, Default Material will be used in game.
[2017.04.12-03.10.22:273][586]LogMaterial:Warning: 	(Node TextureSample) TextureSample> Missing input texture
[2017.04.12-03.10.23:961][586]LogAIModule: Creating AISystem for world NewMap0101
[2017.04.12-03.10.24:033][586]Cmd: MAP LOAD FILE="../../../../../../Users/duck2/Downloads/map/Content/Landscapes/NewMap0101.umap" TEMPLATE=0 SHOWPROGRESS=1 FEATURELEVEL=3
[2017.04.12-03.10.24:034][586]LightingResults: New page: 라이팅 빌드
[2017.04.12-03.10.24:035][586]LoadErrors: New page: 맵 로드중: NewMap0101.umap
[2017.04.12-03.10.24:039][586]MapCheck: New page: 맵 체크
[2017.04.12-03.10.24:039][586]LightingResults: New page: 라이팅 빌드
[2017.04.12-03.10.24:313][586]LogEditorServer: Finished looking for orphan Actors (0.000 secs)
[2017.04.12-03.10.24:432][586]Cmd: MAP CHECKDEP NOCLEARLOG
[2017.04.12-03.10.24:887][586]MapCheck: 정보 맵 체크 완료: 오류 0 회, 경고 0 회, 소요 시간 454.806ms.
[2017.04.12-03.10.24:889][586]LogFileHelpers: Loading map 'NewMap0101' took 0.861
[2017.04.12-03.10.24:955][587]Cmd: UpdateLandscapeEditorData -warnings
[2017.04.12-03.10.24:978][587]Cmd: UpdateLandscapeEditorData
[2017.04.12-03.33.12:556][244]LogEditorViewport: Clicking on Actor (LMB): BP_Sky_Sphere_C (Sky Sphere)
[2017.04.12-03.33.27:415][743]LogPlayLevel: PlayLevel: No blueprints needed recompiling
[2017.04.12-03.33.27:420][743]PIE: New page: PIE 세션: NewMap0101 (2017. 4. 12. 오후 9:33:27)
[2017.04.12-03.33.27:421][743]LogPlayLevel: Creating play world package: /Game/Landscapes/UEDPIE_0_NewMap0101
[2017.04.12-03.33.27:684][743]LogPlayLevel: PIE: StaticDuplicateObject took: (0.262962s)
[2017.04.12-03.33.27:687][743]LogAIModule: Creating AISystem for world NewMap0101
[2017.04.12-03.33.27:687][743]LogPlayLevel: PIE: World Init took: (0.003367s)
[2017.04.12-03.33.27:688][743]LogPlayLevel: PIE: Created PIE world by copying editor world from /Game/Landscapes/NewMap0101.NewMap0101 to /Game/Landscapes/UEDPIE_0_NewMap0101.NewMap0101 (0.267826s)
[2017.04.12-03.33.27:748][743]LogInit: XAudio2 using '헤드폰(High Definition Audio 장치)' : 2 channels at 44.1 kHz using 16 bits per sample (channel mask 0x3)
[2017.04.12-03.33.27:771][743]LogInit: FAudioDevice initialized.
[2017.04.12-03.33.27:898][743]LogWorld: Game class is 'ThirdPersonGameMode_C'
[2017.04.12-03.33.27:965][743]LogWorld: Bringing World /Game/Landscapes/UEDPIE_0_NewMap0101.NewMap0101 up for play (max tick rate 0) at 2017.04.12-12.33.27
[2017.04.12-03.33.27:970][743]LogWorld: Bringing up level for play took: 0.057684
[2017.04.12-03.33.28:017][743]LogContentBrowser: Native class hierarchy updated for 'MovieSceneCapture' in 0.0017 seconds. Added 11 classes and 0 folders.
[2017.04.12-03.33.28:035][743]PIE: 정보 /Game/Landscapes/UEDPIE_0_NewMap0101 에 대한 에디터에서 플레이 시작 시간: 1.486
[2017.04.12-03.33.31:283][ 76]LogEditorViewport: Clicking on Actor (LMB): StaticMeshActor (ggg25)
[2017.04.12-03.34.00:042][225]LogPlayLevel: PlayLevel: No blueprints needed recompiling
[2017.04.12-03.34.00:042][225]PIE: New page: PIE 세션: NewMap0101 (2017. 4. 12. 오후 9:34:00)
[2017.04.12-03.34.00:043][225]LogPlayLevel: Creating play world package: /Game/Landscapes/UEDPIE_0_NewMap0101
[2017.04.12-03.34.00:068][225]LogPlayLevel: PIE: StaticDuplicateObject took: (0.025160s)
[2017.04.12-03.34.00:069][225]LogAIModule: Creating AISystem for world NewMap0101
[2017.04.12-03.34.00:069][225]LogPlayLevel: PIE: World Init took: (0.001054s)
[2017.04.12-03.34.00:069][225]LogPlayLevel: PIE: Created PIE world by copying editor world from /Game/Landscapes/NewMap0101.NewMap0101 to /Game/Landscapes/UEDPIE_0_NewMap0101.NewMap0101 (0.026554s)
[2017.04.12-03.34.00:112][225]LogInit: XAudio2 using '헤드폰(High Definition Audio 장치)' : 2 channels at 44.1 kHz using 16 bits per sample (channel mask 0x3)
[2017.04.12-03.34.00:131][225]LogInit: FAudioDevice initialized.
[2017.04.12-03.34.00:189][225]LogWorld: Game class is 'ThirdPersonGameMode_C'
[2017.04.12-03.34.00:234][225]LogWorld: Bringing World /Game/Landscapes/UEDPIE_0_NewMap0101.NewMap0101 up for play (max tick rate 0) at 2017.04.12-12.34.00
[2017.04.12-03.34.00:236][225]LogWorld: Bringing up level for play took: 0.046167
[2017.04.12-03.34.00:241][225]PIE: 정보 /Game/Landscapes/UEDPIE_0_NewMap0101 에 대한 에디터에서 플레이 시작 시간: -0.308
[2017.04.12-03.37.00:603][419]LogEditorViewport: Clicking on Actor (LMB): StaticMeshActor (ggg32)
[2017.04.12-03.37.06:783][113]LogEditorViewport: Clicking on Actor (LMB): StaticMeshActor (ggg33)
[2017.04.12-03.37.10:137][483]LogEditorViewport: Clicking on Actor (LMB): StaticMeshActor (ggg17)
[2017.04.12-03.37.17:556][325]LogPlayLevel: PlayLevel: No blueprints needed recompiling
[2017.04.12-03.37.17:556][325]PIE: New page: PIE 세션: NewMap0101 (2017. 4. 12. 오후 9:37:17)
[2017.04.12-03.37.17:556][325]LogPlayLevel: Creating play world package: /Game/Landscapes/UEDPIE_0_NewMap0101
[2017.04.12-03.37.17:582][325]LogPlayLevel: PIE: StaticDuplicateObject took: (0.025867s)
[2017.04.12-03.37.17:583][325]LogAIModule: Creating AISystem for world NewMap0101
[2017.04.12-03.37.17:584][325]LogPlayLevel: PIE: World Init took: (0.001210s)
[2017.04.12-03.37.17:584][325]LogPlayLevel: PIE: Created PIE world by copying editor world from /Game/Landscapes/NewMap0101.NewMap0101 to /Game/Landscapes/UEDPIE_0_NewMap0101.NewMap0101 (0.027419s)
[2017.04.12-03.37.17:638][325]LogInit: XAudio2 using '헤드폰(High Definition Audio 장치)' : 2 channels at 44.1 kHz using 16 bits per sample (channel mask 0x3)
[2017.04.12-03.37.17:660][325]LogInit: FAudioDevice initialized.
[2017.04.12-03.37.17:718][325]LogWorld: Game class is 'ThirdPersonGameMode_C'
[2017.04.12-03.37.17:764][325]LogWorld: Bringing World /Game/Landscapes/UEDPIE_0_NewMap0101.NewMap0101 up for play (max tick rate 0) at 2017.04.12-12.37.17
[2017.04.12-03.37.17:766][325]LogWorld: Bringing up level for play took: 0.046798
[2017.04.12-03.37.17:770][325]PIE: 정보 /Game/Landscapes/UEDPIE_0_NewMap0101 에 대한 에디터에서 플레이 시작 시간: -0.779
[2017.04.12-03.37.47:831][905]LogEditorViewport: Clicking on Actor (LMB): StaticMeshActor (ggg20)
[2017.04.12-03.38.21:194][505]LogPlayLevel: PlayLevel: No blueprints needed recompiling
[2017.04.12-03.38.21:194][505]PIE: New page: PIE 세션: NewMap0101 (2017. 4. 12. 오후 9:38:21)
[2017.04.12-03.38.21:194][505]LogPlayLevel: Creating play world package: /Game/Landscapes/UEDPIE_0_NewMap0101
[2017.04.12-03.38.21:216][505]LogPlayLevel: PIE: StaticDuplicateObject took: (0.021498s)
[2017.04.12-03.38.21:217][505]LogAIModule: Creating AISystem for world NewMap0101
[2017.04.12-03.38.21:217][505]LogPlayLevel: PIE: World Init took: (0.001166s)
[2017.04.12-03.38.21:217][505]LogPlayLevel: PIE: Created PIE world by copying editor world from /Game/Landscapes/NewMap0101.NewMap0101 to /Game/Landscapes/UEDPIE_0_NewMap0101.NewMap0101 (0.023095s)
[2017.04.12-03.38.21:262][505]LogInit: XAudio2 using '헤드폰(High Definition Audio 장치)' : 2 channels at 44.1 kHz using 16 bits per sample (channel mask 0x3)
[2017.04.12-03.38.21:281][505]LogInit: FAudioDevice initialized.
[2017.04.12-03.38.21:338][505]LogWorld: Game class is 'ThirdPersonGameMode_C'
[2017.04.12-03.38.21:385][505]LogWorld: Bringing World /Game/Landscapes/UEDPIE_0_NewMap0101.NewMap0101 up for play (max tick rate 0) at 2017.04.12-12.38.21
[2017.04.12-03.38.21:387][505]LogWorld: Bringing up level for play took: 0.046891
[2017.04.12-03.38.21:391][505]PIE: 정보 /Game/Landscapes/UEDPIE_0_NewMap0101 에 대한 에디터에서 플레이 시작 시간: 0.842
[2017.04.12-03.40.47:900][382]LogPlayLevel: PlayLevel: No blueprints needed recompiling
[2017.04.12-03.40.47:900][382]PIE: New page: PIE 세션: NewMap0101 (2017. 4. 12. 오후 9:40:47)
[2017.04.12-03.40.47:900][382]LogPlayLevel: Creating play world package: /Game/Landscapes/UEDPIE_0_NewMap0101
[2017.04.12-03.40.47:923][382]LogPlayLevel: PIE: StaticDuplicateObject took: (0.022383s)
[2017.04.12-03.40.47:924][382]LogAIModule: Creating AISystem for world NewMap0101
[2017.04.12-03.40.47:924][382]LogPlayLevel: PIE: World Init took: (0.001114s)
[2017.04.12-03.40.47:924][382]LogPlayLevel: PIE: Created PIE world by copying editor world from /Game/Landscapes/NewMap0101.NewMap0101 to /Game/Landscapes/UEDPIE_0_NewMap0101.NewMap0101 (0.023853s)
[2017.04.12-03.40.47:982][382]LogInit: XAudio2 using '헤드폰(High Definition Audio 장치)' : 2 channels at 44.1 kHz using 16 bits per sample (channel mask 0x3)
[2017.04.12-03.40.48:006][382]LogInit: FAudioDevice initialized.
[2017.04.12-03.40.48:060][382]LogWorld: Game class is 'ThirdPersonGameMode_C'
[2017.04.12-03.40.48:107][382]LogWorld: Bringing World /Game/Landscapes/UEDPIE_0_NewMap0101.NewMap0101 up for play (max tick rate 0) at 2017.04.12-12.40.48
[2017.04.12-03.40.48:108][382]LogWorld: Bringing up level for play took: 0.046220
[2017.04.12-03.40.48:112][382]PIE: 정보 /Game/Landscapes/UEDPIE_0_NewMap0101 에 대한 에디터에서 플레이 시작 시간: -0.437
[2017.04.12-03.41.02:438][ 41]LogPlayLevel: PlayLevel: No blueprints needed recompiling
[2017.04.12-03.41.02:438][ 41]PIE: New page: PIE 세션: NewMap0101 (2017. 4. 12. 오후 9:41:02)
[2017.04.12-03.41.02:438][ 41]LogPlayLevel: Creating play world package: /Game/Landscapes/UEDPIE_0_NewMap0101
[2017.04.12-03.41.02:458][ 41]LogPlayLevel: PIE: StaticDuplicateObject took: (0.020254s)
[2017.04.12-03.41.02:459][ 41]LogAIModule: Creating AISystem for world NewMap0101
[2017.04.12-03.41.02:459][ 41]LogPlayLevel: PIE: World Init took: (0.000940s)
[2017.04.12-03.41.02:460][ 41]LogPlayLevel: PIE: Created PIE world by copying editor world from /Game/Landscapes/NewMap0101.NewMap0101 to /Game/Landscapes/UEDPIE_0_NewMap0101.NewMap0101 (0.021562s)
[2017.04.12-03.41.02:502][ 41]LogInit: XAudio2 using '헤드폰(High Definition Audio 장치)' : 2 channels at 44.1 kHz using 16 bits per sample (channel mask 0x3)
[2017.04.12-03.41.02:522][ 41]LogInit: FAudioDevice initialized.
[2017.04.12-03.41.02:580][ 41]LogWorld: Game class is 'ThirdPersonGameMode_C'
[2017.04.12-03.41.02:628][ 41]LogWorld: Bringing World /Game/Landscapes/UEDPIE_0_NewMap0101.NewMap0101 up for play (max tick rate 0) at 2017.04.12-12.41.02
[2017.04.12-03.41.02:630][ 41]LogWorld: Bringing up level for play took: 0.048125
[2017.04.12-03.41.02:633][ 41]PIE: 정보 /Game/Landscapes/UEDPIE_0_NewMap0101 에 대한 에디터에서 플레이 시작 시간: 0.084
[2017.04.12-03.41.56:588][157]LogEditorViewport: Clicking on Actor (LMB): Landscape (Landscape1)
[2017.04.12-03.41.57:861][296]LogEditorViewport: Clicking on Actor (LMB): StaticMeshActor (ggg38)
[2017.04.12-03.42.08:944][547]LogEditorViewport: Clicking on Actor (LMB): Landscape (Landscape1)
[2017.04.12-03.42.11:032][784]LogEditorViewport: Clicking on Actor (LMB): StaticMeshActor (b12)
[2017.04.12-03.42.11:642][846]LogEditorViewport: Clicking on Actor (LMB): StaticMeshActor (ggg38)
[2017.04.12-03.42.24:628][565]LogEditorViewport: Clicking on Actor (LMB): Landscape (Landscape1)
[2017.04.12-03.42.29:925][ 97]LogPlayLevel: PlayLevel: No blueprints needed recompiling
[2017.04.12-03.42.29:925][ 97]PIE: New page: PIE 세션: NewMap0101 (2017. 4. 12. 오후 9:42:29)
[2017.04.12-03.42.29:925][ 97]LogPlayLevel: Creating play world package: /Game/Landscapes/UEDPIE_0_NewMap0101
[2017.04.12-03.42.29:946][ 97]LogPlayLevel: PIE: StaticDuplicateObject took: (0.021233s)
[2017.04.12-03.42.29:947][ 97]LogAIModule: Creating AISystem for world NewMap0101
[2017.04.12-03.42.29:947][ 97]LogPlayLevel: PIE: World Init took: (0.001009s)
[2017.04.12-03.42.29:948][ 97]LogPlayLevel: PIE: Created PIE world by copying editor world from /Game/Landscapes/NewMap0101.NewMap0101 to /Game/Landscapes/UEDPIE_0_NewMap0101.NewMap0101 (0.022641s)
[2017.04.12-03.42.29:995][ 97]LogInit: XAudio2 using '헤드폰(High Definition Audio 장치)' : 2 channels at 44.1 kHz using 16 bits per sample (channel mask 0x3)
[2017.04.12-03.42.30:015][ 97]LogInit: FAudioDevice initialized.
[2017.04.12-03.42.30:074][ 97]LogWorld: Game class is 'ThirdPersonGameMode_C'
[2017.04.12-03.42.30:122][ 97]LogWorld: Bringing World /Game/Landscapes/UEDPIE_0_NewMap0101.NewMap0101 up for play (max tick rate 0) at 2017.04.12-12.42.30
[2017.04.12-03.42.30:123][ 97]LogWorld: Bringing up level for play took: 0.047175
[2017.04.12-03.42.30:127][ 97]PIE: 정보 /Game/Landscapes/UEDPIE_0_NewMap0101 에 대한 에디터에서 플레이 시작 시간: -0.422
[2017.04.12-03.42.45:421][473]Cmd: OBJ SAVEPACKAGE PACKAGE="/Game/Landscapes/NewMap0101" FILE="../../../../../../Users/duck2/Downloads/map/Content/Landscapes/NewMap0101.umap" SILENT=true AUTOSAVING=false KEEPDIRTY=false
[2017.04.12-03.42.47:338][473]LogSavePackage: Save=1775.42ms
[2017.04.12-03.42.47:338][473]LogSavePackage: Moving '../../../../../../Users/duck2/Downloads/map/Saved/NewMap0101E94648DA49E5884C392A93B77E54AFDE.tmp' to '../../../../../../Users/duck2/Downloads/map/Content/Landscapes/NewMap0101.umap'
[2017.04.12-03.42.47:433][473]LogSavePackage:Display: Finished SavePackage ../../../../../../Users/duck2/Downloads/map/Content/Landscapes/NewMap0101.umap
[2017.04.12-03.42.47:489][473]LogFileHelpers: Saving map 'NewMap0101' took 3.085
[2017.04.12-03.42.48:032][474]Cmd: QUIT_EDITOR
[2017.04.12-03.42.48:549][474]LogWindowsTextInputMethodSystem:Display: IME system now activated using TSF (Microsoft 입력기).
[2017.04.12-03.42.48:622][474]LogExit: Preparing to exit.
[2017.04.12-03.42.49:892][474]LogExit: Editor shut down
[2017.04.12-03.42.49:893][474]LogExit: Transaction tracking system shut down
[2017.04.12-03.42.50:612][474]LogObj: Freed 0b from 0 cluster array pools.
[2017.04.12-03.42.50:612][474]LogExit: Object subsystem successfully closed.
[2017.04.12-03.42.50:705][474]LogD3D11RHI: Shutdown
[2017.04.12-03.42.50:705][474]LogD3D11RHI: CleanupD3DDevice
[2017.04.12-03.42.50:831][474]LogD3D11RHI: ~FD3D11DynamicRHI
[2017.04.12-03.42.50:906][474]LogModuleManager: Shutting down and abandoning module MovieSceneCapture (214)
[2017.04.12-03.42.50:906][474]LogModuleManager: Shutting down and abandoning module HierarchicalLODOutliner (213)
[2017.04.12-03.42.50:906][474]LogModuleManager: Shutting down and abandoning module CrashTracker (212)
[2017.04.12-03.42.50:906][474]LogModuleManager: Shutting down and abandoning module SceneOutliner (211)
[2017.04.12-03.42.50:906][474]LogModuleManager: Shutting down and abandoning module WidgetCarousel (210)
[2017.04.12-03.42.50:907][474]LogModuleManager: Shutting down and abandoning module AddContentDialog (209)
[2017.04.12-03.42.50:916][474]LogModuleManager: Shutting down and abandoning module GameplayTags (208)
[2017.04.12-03.42.50:916][474]LogModuleManager: Shutting down and abandoning module EditorWidgets (207)
[2017.04.12-03.42.50:916][474]LogModuleManager: Shutting down and abandoning module CollectionManager (206)
[2017.04.12-03.42.50:918][474]LogModuleManager: Shutting down and abandoning module StatsViewer (205)
[2017.04.12-03.42.50:918][474]LogModuleManager: Shutting down and abandoning module FoliageEdit (204)
[2017.04.12-03.42.50:919][474]LogModuleManager: Shutting down and abandoning module LandscapeEditor (203)
[2017.04.12-03.42.50:920][474]LogModuleManager: Shutting down and abandoning module SceneDepthPickerMode (202)
[2017.04.12-03.42.50:920][474]LogModuleManager: Shutting down and abandoning module ActorPickerMode (201)
[2017.04.12-03.42.50:920][474]LogModuleManager: Shutting down and abandoning module GeometryMode (200)
[2017.04.12-03.42.50:920][474]LogModuleManager: Shutting down and abandoning module TextureAlignMode (199)
[2017.04.12-03.42.50:920][474]LogModuleManager: Shutting down and abandoning module BspMode (198)
[2017.04.12-03.42.50:921][474]LogModuleManager: Shutting down and abandoning module HardwareSurvey (197)
[2017.04.12-03.42.50:921][474]LogModuleManager: Shutting down and abandoning module SequenceRecorderSections (196)
[2017.04.12-03.42.50:921][474]LogModuleManager: Shutting down and abandoning module SequenceRecorder (195)
[2017.04.12-03.42.50:922][474]LogModuleManager: Shutting down and abandoning module AutomationWorker (194)
[2017.04.12-03.42.50:922][474]LogModuleManager: Shutting down and abandoning module MatineeToLevelSequence (193)
[2017.04.12-03.42.50:922][474]LogModuleManager: Shutting down and abandoning module PlacementMode (192)
[2017.04.12-03.42.50:923][474]LogModuleManager: Shutting down and abandoning module LevelSequenceEditor (191)
[2017.04.12-03.42.50:926][474]LogModuleManager: Shutting down and abandoning module CharacterAI (190)
[2017.04.12-03.42.50:926][474]LogModuleManager: Shutting down and abandoning module SmartSnapping (189)
[2017.04.12-03.42.50:927][474]LogModuleManager: Shutting down and abandoning module SessionServices (188)
[2017.04.12-03.42.50:927][474]LogModuleManager: Shutting down and abandoning module ViewportSnapping (187)
[2017.04.12-03.42.50:927][474]LogModuleManager: Shutting down and abandoning module LogVisualizer (186)
[2017.04.12-03.42.50:928][474]LogModuleManager: Shutting down and abandoning module GameProjectGeneration (185)
[2017.04.12-03.42.50:930][474]LogModuleManager: Shutting down and abandoning module IntroTutorials (184)
[2017.04.12-03.42.50:930][474]LogModuleManager: Shutting down and abandoning module EditorLiveStreaming (183)
[2017.04.12-03.42.50:930][474]LogModuleManager: Shutting down and abandoning module IOSPlatformEditor (182)
[2017.04.12-03.42.50:931][474]LogModuleManager: Shutting down and abandoning module HTML5PlatformEditor (181)
[2017.04.12-03.42.50:931][474]LogModuleManager: Shutting down and abandoning module AndroidDeviceDetection (180)
[2017.04.12-03.42.51:050][474]LogModuleManager: Shutting down and abandoning module AndroidPlatformEditor (179)
[2017.04.12-03.42.51:051][474]LogModuleManager: Shutting down and abandoning module IOSRuntimeSettings (178)
[2017.04.12-03.42.51:051][474]LogModuleManager: Shutting down and abandoning module AndroidRuntimeSettings (177)
[2017.04.12-03.42.51:051][474]LogModuleManager: Shutting down and abandoning module MergeActors (176)
[2017.04.12-03.42.51:052][474]LogModuleManager: Shutting down and abandoning module SizeMap (175)
[2017.04.12-03.42.51:052][474]LogModuleManager: Shutting down and abandoning module TreeMap (174)
[2017.04.12-03.42.51:052][474]LogModuleManager: Shutting down and abandoning module ReferenceViewer (173)
[2017.04.12-03.42.51:053][474]LogModuleManager: Shutting down and abandoning module LocalizationService (172)
[2017.04.12-03.42.51:053][474]LogModuleManager: Shutting down and abandoning module LocalizationDashboard (171)
[2017.04.12-03.42.51:054][474]LogModuleManager: Shutting down and abandoning module HardwareTargeting (170)
[2017.04.12-03.42.51:055][474]LogModuleManager: Shutting down and abandoning module DeviceProfileEditor (169)
[2017.04.12-03.42.51:056][474]LogModuleManager: Shutting down and abandoning module UndoHistory (168)
[2017.04.12-03.42.51:056][474]LogModuleManager: Shutting down and abandoning module UserFeedback (167)
[2017.04.12-03.42.51:056][474]LogModuleManager: Shutting down and abandoning module XmlParser (166)
[2017.04.12-03.42.51:056][474]LogModuleManager: Shutting down and abandoning module Blutility (165)
[2017.04.12-03.42.51:057][474]LogModuleManager: Shutting down and abandoning module ProjectTargetPlatformEditor (164)
[2017.04.12-03.42.51:057][474]LogModuleManager: Shutting down and abandoning module ProjectSettingsViewer (163)
[2017.04.12-03.42.51:058][474]LogModuleManager: Shutting down and abandoning module InputBindingEditor (162)
[2017.04.12-03.42.51:059][474]LogModuleManager: Shutting down and abandoning module EditorSettingsViewer (161)
[2017.04.12-03.42.51:059][474]LogModuleManager: Shutting down and abandoning module SettingsEditor (160)
[2017.04.12-03.42.51:061][474]LogModuleManager: Shutting down and abandoning module ProjectLauncher (159)
[2017.04.12-03.42.51:062][474]LogModuleManager: Shutting down and abandoning module SessionFrontend (158)
[2017.04.12-03.42.51:063][474]LogModuleManager: Shutting down and abandoning module ProfilerClient (157)
[2017.04.12-03.42.51:064][474]LogModuleManager: Shutting down and abandoning module TargetDeviceServices (156)
[2017.04.12-03.42.51:064][474]LogModuleManager: Shutting down and abandoning module DeviceManager (155)
[2017.04.12-03.42.51:108][474]LogModuleManager: Shutting down and abandoning module AutomationController (154)
[2017.04.12-03.42.51:109][474]LogModuleManager: Shutting down and abandoning module AutomationWindow (153)
[2017.04.12-03.42.51:111][474]LogModuleManager: Shutting down and abandoning module Layers (152)
[2017.04.12-03.42.51:114][474]LogModuleManager: Shutting down and abandoning module ComponentVisualizers (151)
[2017.04.12-03.42.51:114][474]LogModuleManager: Shutting down and abandoning module DetailCustomizations (150)
[2017.04.12-03.42.51:114][474]LogModuleManager: Shutting down and abandoning module PackagesDialog (149)
[2017.04.12-03.42.51:114][474]LogModuleManager: Shutting down and abandoning module Persona (148)
[2017.04.12-03.42.51:117][474]LogModuleManager: Shutting down and abandoning module Kismet (147)
[2017.04.12-03.42.51:117][474]LogModuleManager: Shutting down and abandoning module GraphEditor (146)
[2017.04.12-03.42.51:145][474]LogModuleManager: Shutting down and abandoning module ClassViewer (145)
[2017.04.12-03.42.51:146][474]LogModuleManager: Shutting down and abandoning module Toolbox (144)
[2017.04.12-03.42.51:146][474]LogModuleManager: Shutting down and abandoning module ModuleUI (143)
[2017.04.12-03.42.51:147][474]LogModuleManager: Shutting down and abandoning module MovieSceneTools (142)
[2017.04.12-03.42.51:148][474]LogModuleManager: Shutting down and abandoning module OutputLog (141)
[2017.04.12-03.42.51:149][474]LogModuleManager: Shutting down and abandoning module GammaUI (140)
[2017.04.12-03.42.51:149][474]LogModuleManager: Shutting down and abandoning module Documentation (139)
[2017.04.12-03.42.51:149][474]LogModuleManager: Shutting down and abandoning module StreamingPauseRendering (138)
[2017.04.12-03.42.51:149][474]LogModuleManager: Shutting down and abandoning module AnalyticsET (137)
[2017.04.12-03.42.51:149][474]LogModuleManager: Shutting down and abandoning module Analytics (136)
[2017.04.12-03.42.51:150][474]LogModuleManager: Shutting down and abandoning module PortalServices (135)
[2017.04.12-03.42.51:150][474]LogModuleManager: Shutting down and abandoning module PortalRpc (134)
[2017.04.12-03.42.51:150][474]LogModuleManager: Shutting down and abandoning module MessagingRpc (133)
[2017.04.12-03.42.51:150][474]LogModuleManager: Shutting down and abandoning module GameplayDebugger (132)
[2017.04.12-03.42.51:150][474]LogModuleManager: Shutting down and abandoning module AITestSuite (131)
[2017.04.12-03.42.51:150][474]LogModuleManager: Shutting down and abandoning module AIModule (130)
[2017.04.12-03.42.51:150][474]LogModuleManager: Shutting down and abandoning module ProfilerService (129)
[2017.04.12-03.42.51:296][474]LogModuleManager: Shutting down and abandoning module TaskGraph (128)
[2017.04.12-03.42.51:298][474]LogModuleManager: Shutting down and abandoning module SlateRemote (127)
[2017.04.12-03.42.51:298][474]LogModuleManager: Shutting down and abandoning module SteamVRController (126)
[2017.04.12-03.42.51:298][474]LogModuleManager: Shutting down and abandoning module SteamVR (125)
[2017.04.12-03.42.51:298][474]LogModuleManager: Shutting down and abandoning module ProceduralMeshComponent (124)
[2017.04.12-03.42.51:298][474]LogModuleManager: Shutting down and abandoning module OculusLibrary (123)
[2017.04.12-03.42.51:298][474]LogModuleManager: Shutting down and abandoning module OculusInput (122)
[2017.04.12-03.42.51:298][474]LogModuleManager: Shutting down and abandoning module CustomMeshComponent (121)
[2017.04.12-03.42.51:298][474]LogModuleManager: Shutting down and abandoning module CableComponent (120)
[2017.04.12-03.42.51:298][474]LogModuleManager: Shutting down and abandoning module ArchVisCharacter (119)
[2017.04.12-03.42.51:298][474]LogModuleManager: Shutting down and abandoning module MediaPlayerEditor (118)
[2017.04.12-03.42.51:300][474]LogModuleManager: Shutting down and abandoning module HTML5Networking (117)
[2017.04.12-03.42.51:300][474]LogModuleManager: Shutting down and abandoning module SuperSearch (116)
[2017.04.12-03.42.51:300][474]LogModuleManager: Shutting down and abandoning module SuperSearchEditor (115)
[2017.04.12-03.42.51:300][474]LogModuleManager: Shutting down and abandoning module SpeedTreeImporter (114)
[2017.04.12-03.42.51:300][474]LogModuleManager: Shutting down and abandoning module PluginBrowser (113)
[2017.04.12-03.42.51:301][474]LogModuleManager: Shutting down and abandoning module EpicSurvey (112)
[2017.04.12-03.42.51:302][474]LogModuleManager: Shutting down and abandoning module DesktopPlatform (111)
[2017.04.12-03.42.51:302][474]LogModuleManager: Shutting down and abandoning module VisualStudioSourceCodeAccess (110)
[2017.04.12-03.42.51:302][474]LogModuleManager: Shutting down and abandoning module UObjectPlugin (109)
[2017.04.12-03.42.51:303][474]LogModuleManager: Shutting down and abandoning module SubversionSourceControl (108)
[2017.04.12-03.42.51:303][474]LogModuleManager: Shutting down and abandoning module PerforceSourceControl (107)
[2017.04.12-03.42.51:304][474]LogModuleManager: Shutting down and abandoning module SourceControl (106)
[2017.04.12-03.42.51:306][474]LogModuleManager: Shutting down and abandoning module GitSourceControl (105)
[2017.04.12-03.42.51:307][474]LogModuleManager: Shutting down and abandoning module LightPropagationVolumeEditor (104)
[2017.04.12-03.42.51:307][474]LogModuleManager: Shutting down and abandoning module PaperTiledImporter (103)
[2017.04.12-03.42.51:307][474]LogModuleManager: Shutting down and abandoning module PaperSpriteSheetImporter (102)
[2017.04.12-03.42.51:307][474]LogModuleManager: Shutting down and abandoning module MeshPaint (101)
[2017.04.12-03.42.51:332][474]LogModuleManager: Shutting down and abandoning module PixelInspectorModule (100)
[2017.04.12-03.42.51:335][474]LogModuleManager: Shutting down and abandoning module HotReload (99)
[2017.04.12-03.42.51:336][474]LogModuleManager: Shutting down and abandoning module MainFrame (98)
[2017.04.12-03.42.51:337][474]LogModuleManager: Shutting down and abandoning module LevelEditor (97)
[2017.04.12-03.42.51:338][474]LogModuleManager: Shutting down and abandoning module ContentBrowser (96)
[2017.04.12-03.42.51:340][474]LogModuleManager: Shutting down and abandoning module Paper2DEditor (95)
[2017.04.12-03.42.51:364][474]LogModuleManager: Shutting down and abandoning module UdpMessaging (94)
[2017.04.12-03.42.51:464][474]LogModuleManager: Shutting down and abandoning module LightPropagationVolumeRuntime (93)
[2017.04.12-03.42.51:464][474]LogModuleManager: Shutting down and abandoning module Paper2D (92)
[2017.04.12-03.42.51:465][474]LogModuleManager: Shutting down and abandoning module WindowsMoviePlayer (91)
[2017.04.12-03.42.51:465][474]LogModuleManager: Shutting down and abandoning module Media (90)
[2017.04.12-03.42.51:465][474]LogModuleManager: Shutting down and abandoning module WmfMedia (89)
[2017.04.12-03.42.51:466][474]LogModuleManager: Shutting down and abandoning module MediaAssets (88)
[2017.04.12-03.42.51:466][474]LogModuleManager: Shutting down and abandoning module GameLiveStreaming (87)
[2017.04.12-03.42.51:466][474]LogModuleManager: Shutting down and abandoning module GameplayTagsEditor (86)
[2017.04.12-03.42.51:466][474]LogModuleManager: Shutting down and abandoning module OnlineBlueprintSupport (85)
[2017.04.12-03.42.51:466][474]LogModuleManager: Shutting down and abandoning module VREditor (84)
[2017.04.12-03.42.51:467][474]LogModuleManager: Shutting down and abandoning module GameplayTasksEditor (83)
[2017.04.12-03.42.51:467][474]LogModuleManager: Shutting down and abandoning module PropertyEditor (82)
[2017.04.12-03.42.51:467][474]LogModuleManager: Shutting down and abandoning module BehaviorTreeEditor (81)
[2017.04.12-03.42.51:469][474]LogModuleManager: Shutting down and abandoning module FunctionalTesting (80)
[2017.04.12-03.42.51:469][474]LogModuleManager: Shutting down and abandoning module CollisionAnalyzer (79)
[2017.04.12-03.42.51:471][474]LogModuleManager: Shutting down and abandoning module Sequencer (78)
[2017.04.12-03.42.51:557][474]LogModuleManager: Shutting down and abandoning module WorkspaceMenuStructure (77)
[2017.04.12-03.42.51:557][474]LogModuleManager: Shutting down and abandoning module MessageLog (76)
[2017.04.12-03.42.51:557][474]LogModuleManager: Shutting down and abandoning module AssetTools (75)
[2017.04.12-03.42.51:560][474]LogModuleManager: Shutting down and abandoning module UMGEditor (74)
[2017.04.12-03.42.51:562][474]LogModuleManager: Shutting down and abandoning module UMG (73)
[2017.04.12-03.42.51:563][474]LogModuleManager: Shutting down and abandoning module SlateReflector (72)
[2017.04.12-03.42.51:579][474]LogModuleManager: Shutting down and abandoning module Slate (71)
[2017.04.12-03.42.51:579][474]LogModuleManager: Shutting down and abandoning module EditorStyle (70)
[2017.04.12-03.42.51:586][474]LogModuleManager: Shutting down and abandoning module SourceCodeAccess (69)
[2017.04.12-03.42.51:586][474]LogModuleManager: Shutting down and abandoning module HeadMountedDisplay (68)
[2017.04.12-03.42.51:586][474]LogModuleManager: Shutting down and abandoning module XAudio2 (67)
[2017.04.12-03.42.51:586][474]LogModuleManager: Shutting down and abandoning module Networking (65)
[2017.04.12-03.42.51:587][474]LogModuleManager: Shutting down and abandoning module Core (64)
[2017.04.12-03.42.51:587][474]LogModuleManager: Shutting down and abandoning module DirectoryWatcher (63)
[2017.04.12-03.42.51:594][474]LogModuleManager: Shutting down and abandoning module AssetRegistry (62)
[2017.04.12-03.42.51:954][474]LogModuleManager: Shutting down and abandoning module KismetCompiler (61)
[2017.04.12-03.42.51:954][474]LogModuleManager: Shutting down and abandoning module PhysXFormats (60)
[2017.04.12-03.42.51:966][474]LogModuleManager: Shutting down and abandoning module MeshUtilities (59)
[2017.04.12-03.42.51:980][474]LogModuleManager: Shutting down and abandoning module DerivedDataCache (58)
[2017.04.12-03.42.52:010][474]LogDerivedDataCache: Shutdown
[2017.04.12-03.42.52:010][474]LogModuleManager: Shutting down and abandoning module VulkanShaderFormat (57)
[2017.04.12-03.42.52:011][474]LogModuleManager: Shutting down and abandoning module ShaderFormatOpenGL (56)
[2017.04.12-03.42.52:011][474]LogModuleManager: Shutting down and abandoning module ShaderFormatD3D (55)
[2017.04.12-03.42.52:012][474]LogModuleManager: Shutting down and abandoning module MetalShaderFormat (54)
[2017.04.12-03.42.52:013][474]LogModuleManager: Shutting down and abandoning module TextureFormatUncompressed (53)
[2017.04.12-03.42.52:013][474]LogModuleManager: Shutting down and abandoning module TextureFormatPVR (52)
[2017.04.12-03.42.52:013][474]LogModuleManager: Shutting down and abandoning module TextureFormatIntelISPCTexComp (51)
[2017.04.12-03.42.52:014][474]LogModuleManager: Shutting down and abandoning module TextureFormatDXT (50)
[2017.04.12-03.42.52:014][474]LogModuleManager: Shutting down and abandoning module ImageWrapper (49)
[2017.04.12-03.42.52:014][474]LogModuleManager: Shutting down and abandoning module TextureFormatASTC (48)
[2017.04.12-03.42.52:014][474]LogModuleManager: Shutting down and abandoning module TextureFormatAndroid (47)
[2017.04.12-03.42.52:014][474]LogModuleManager: Shutting down and abandoning module AudioFormatOpus (46)
[2017.04.12-03.42.52:014][474]LogModuleManager: Shutting down and abandoning module AudioFormatOgg (45)
[2017.04.12-03.42.52:014][474]LogModuleManager: Shutting down and abandoning module AudioFormatADPCM (44)
[2017.04.12-03.42.52:015][474]LogModuleManager: Shutting down and abandoning module LinuxTargetPlatform (43)
[2017.04.12-03.42.52:015][474]LogModuleManager: Shutting down and abandoning module LinuxServerTargetPlatform (42)
[2017.04.12-03.42.52:015][474]LogModuleManager: Shutting down and abandoning module LinuxNoEditorTargetPlatform (41)
[2017.04.12-03.42.52:015][474]LogModuleManager: Shutting down and abandoning module TVOSTargetPlatform (40)
[2017.04.12-03.42.52:015][474]LogModuleManager: Shutting down and abandoning module Messaging (39)
[2017.04.12-03.42.52:015][474]LogModuleManager: Shutting down and abandoning module IOSTargetPlatform (38)
[2017.04.12-03.42.52:015][474]LogModuleManager: Shutting down and abandoning module HTML5TargetPlatform (37)
[2017.04.12-03.42.52:016][474]LogModuleManager: Shutting down and abandoning module Android_PVRTCTargetPlatform (36)
[2017.04.12-03.42.52:016][474]LogModuleManager: Shutting down and abandoning module Android_MultiTargetPlatform (35)
[2017.04.12-03.42.52:016][474]LogModuleManager: Shutting down and abandoning module Android_ETC2TargetPlatform (34)
[2017.04.12-03.42.52:016][474]LogModuleManager: Shutting down and abandoning module Android_ETC1TargetPlatform (33)
[2017.04.12-03.42.52:016][474]LogModuleManager: Shutting down and abandoning module Android_DXTTargetPlatform (32)
[2017.04.12-03.42.52:016][474]LogModuleManager: Shutting down and abandoning module Android_ATCTargetPlatform (31)
[2017.04.12-03.42.52:016][474]LogModuleManager: Shutting down and abandoning module Android_ASTCTargetPlatform (30)
[2017.04.12-03.42.52:016][474]LogModuleManager: Shutting down and abandoning module AndroidTargetPlatform (29)
[2017.04.12-03.42.52:016][474]LogModuleManager: Shutting down and abandoning module WindowsTargetPlatform (28)
[2017.04.12-03.42.52:016][474]LogModuleManager: Shutting down and abandoning module WindowsServerTargetPlatform (27)
[2017.04.12-03.42.52:016][474]LogModuleManager: Shutting down and abandoning module WindowsNoEditorTargetPlatform (26)
[2017.04.12-03.42.52:017][474]LogModuleManager: Shutting down and abandoning module WindowsClientTargetPlatform (25)
[2017.04.12-03.42.52:017][474]LogModuleManager: Shutting down and abandoning module AllDesktopTargetPlatform (24)
[2017.04.12-03.42.52:017][474]LogModuleManager: Shutting down and abandoning module TargetPlatform (23)
[2017.04.12-03.42.52:017][474]LogModuleManager: Shutting down and abandoning module InputCore (22)
[2017.04.12-03.42.52:017][474]LogModuleManager: Shutting down and abandoning module Settings (21)
[2017.04.12-03.42.52:018][474]LogModuleManager: Shutting down and abandoning module OnlineSubsystem (19)
[2017.04.12-03.42.52:018][474]LogModuleManager: Shutting down and abandoning module HTTP (18)
[2017.04.12-03.42.55:040][474]LogModuleManager: Shutting down and abandoning module XMPP (17)
[2017.04.12-03.42.55:180][474]LogModuleManager: Shutting down and abandoning module OculusRift (16)
[2017.04.12-03.42.55:182][474]LogModuleManager: Shutting down and abandoning module ExampleDeviceProfileSelector (15)
[2017.04.12-03.42.55:182][474]LogModuleManager: Shutting down and abandoning module TextureCompressor (14)
[2017.04.12-03.42.55:183][474]LogModuleManager: Shutting down and abandoning module ShaderCore (13)
[2017.04.12-03.42.55:183][474]LogModuleManager: Shutting down and abandoning module Landscape (12)
[2017.04.12-03.42.55:183][474]LogModuleManager: Shutting down and abandoning module SlateRHIRenderer (11)
[2017.04.12-03.42.55:203][474]LogModuleManager: Shutting down and abandoning module OpenGLDrv (10)
[2017.04.12-03.42.55:263][474]LogModuleManager: Shutting down and abandoning module D3D11RHI (9)
[2017.04.12-03.42.55:263][474]LogModuleManager: Shutting down and abandoning module AnimGraphRuntime (8)
[2017.04.12-03.42.55:264][474]LogModuleManager: Shutting down and abandoning module Renderer (7)
[2017.04.12-03.42.55:264][474]LogModuleManager: Shutting down and abandoning module Engine (6)
[2017.04.12-03.42.55:264][474]LogModuleManager: Shutting down and abandoning module CoreUObject (5)
[2017.04.12-03.42.55:264][474]LogModuleManager: Shutting down and abandoning module NetworkFile (4)
[2017.04.12-03.42.55:265][474]LogModuleManager: Shutting down and abandoning module StreamingFile (3)
[2017.04.12-03.42.55:265][474]LogModuleManager: Shutting down and abandoning module SandboxFile (2)
[2017.04.12-03.42.55:265][474]LogModuleManager: Shutting down and abandoning module PakFile (1)
[2017.04.12-03.42.55:416][474]LogExit: Exiting.
[2017.04.12-03.42.55:424][474]Log file closed, 04/12/17 12:42:55
