Log file open, 04/14/17 01:29:42
LogInit:Display: Running engine for game: map
LogPlatformFile: Not using cached read wrapper
LogInit:Display: RandInit(-1117531479) SRandInit(-1117531478).
LogTaskGraph: Started task graph with 4 named threads and 7 total threads with 1 sets of task threads.
LogStats: Stats thread started at 0.114945
LogInit: Version: 4.12.5-3039270+++UE4+Release-4.12
LogInit: API Version: 2992821
LogInit: Net Version: 3039270
LogDevObjectVersion: Number of dev versions registered: 13
LogDevObjectVersion:   Dev-Blueprints (B0D832E4-1F89-4F0D-ACCF-7EB736FD4AA2): 3
LogDevObjectVersion:   Dev-Build (E1C64328-A22C-4D53-A36C-8E866417BD8C): 0
LogDevObjectVersion:   Dev-Core (375EC13C-06E4-48FB-B500-84F0262A717E): 1
LogDevObjectVersion:   Dev-Editor (E4B068ED-F494-42E9-A231-DA0B2E46BB41): 2
LogDevObjectVersion:   Dev-Framework (CFFC743F-43B0-4480-9391-14DF171D2073): 6
LogDevObjectVersion:   Dev-Mobile (B02B49B5-BB20-44E9-A304-32B752E40360): 0
LogDevObjectVersion:   Dev-Networking (A4E4105C-59A1-49B5-A7C5-40C4547EDFEE): 0
LogDevObjectVersion:   Dev-Online (39C831C9-5AE6-47DC-9A44-9C173E1C8E7C): 0
LogDevObjectVersion:   Dev-Physics (78F01B33-EBEA-4F98-B9B4-84EACCB95AA2): 0
LogDevObjectVersion:   Dev-Platform (6631380F-2D4D-43E0-8009-CF276956A95A): 0
LogDevObjectVersion:   Dev-Rendering (12F88B9F-8875-4AFC-A67C-D90C383ABD29): 2
LogDevObjectVersion:   Dev-Sequencer (7B5AE74C-D270-4C10-A958-57980B212A5A): 0
LogDevObjectVersion:   Dev-VR (D7296918-1DD6-4BDD-9DE2-64A83CC13884): 0
LogInit: Compiled (64-bit): Jul  6 2016 09:09:46
LogInit: Compiled with Visual C++: 19.00.23026.00
LogInit: Build Configuration: Development
LogInit: Branch Name: ++UE4+Release-4.12
LogInit: Command line: -EpicPortal 
LogInit: Base directory: C:/Program Files (x86)/Epic Games/4.12/Engine/Binaries/Win64/
LogInit: Installed Engine Build: 1
LogInit: Using libcurl 7.41.0
LogInit:  - built for x86_64-pc-win32
LogInit:  - supports SSL with WinSSL
LogInit:  - other features:
LogInit:      CURL_VERSION_SSL
LogInit:      CURL_VERSION_IPV6
LogInit:      CURL_VERSION_ASYNCHDNS
LogInit:      CURL_VERSION_LARGEFILE
LogInit:      CURL_VERSION_IDN
LogInit:  CurlRequestOptions (configurable via config and command line):
LogInit:  - bVerifyPeer = true  - Libcurl will verify peer certificate
LogInit:  - bUseHttpProxy = false  - Libcurl will NOT use HTTP proxy
LogInit:  - bDontReuseConnections = false  - Libcurl will reuse connections
LogInit:  - CertBundlePath = nullptr  - Libcurl will use whatever was configured at build time.
LogInit: Presizing for max 8388607 objects, including 0 objects not considered by GC, pre-allocating 0 bytes for permanent pool.
LogInit: Object subsystem initialized
[2017.04.13-16.29.42:490][  0]LogInit: Selected Device Profile: [Windows]
[2017.04.13-16.29.42:491][  0]LogInit: Applying CVar settings loaded from the selected device profile: [Windows]
[2017.04.13-16.29.42:608][  0]LogInit: Computer: DESKTOP-F27I5IQ
[2017.04.13-16.29.42:608][  0]LogInit: User: duck2
[2017.04.13-16.29.42:608][  0]LogInit: CPU Page size=65536, Cores=4
[2017.04.13-16.29.42:608][  0]LogInit: High frequency timer resolution =3.117778 MHz
[2017.04.13-16.29.42:609][  0]LogMemory: Memory total: Physical=3.9GB (4GB approx)
[2017.04.13-16.29.42:609][  0]LogMemory: Platform Memory Stats for Windows
[2017.04.13-16.29.42:609][  0]LogMemory: Process Physical Memory: 191.16 MB used, 191.16 MB peak
[2017.04.13-16.29.42:609][  0]LogMemory: Process Virtual Memory: 195.21 MB used, 195.21 MB peak
[2017.04.13-16.29.42:609][  0]LogMemory: Physical Memory: 3180.25 MB used, 3996.15 MB total
[2017.04.13-16.29.42:609][  0]LogMemory: Virtual Memory: 538.67 MB used, 134217728.00 MB total
[2017.04.13-16.29.43:346][  0]LogTextLocalizationManager: No specific translations for ('ko-KR') exist, so ('ko') translations will be used.
[2017.04.13-16.29.43:424][  0]LogTextLocalizationManager:Warning: Loaded localization resources contain conflicting entries for (Namespace:KismetSchema, Key:Default):
Localization Resource: (C:/Program Files (x86)/Epic Games/4.12/Engine/Content/Localization/EditorTutorials/ko/EditorTutorials.locres) Source String Hash: (940523119) Localized String: (디폴트)
Localization Resource: (C:/Program Files (x86)/Epic Games/4.12/Engine/Content/Localization/Engine/ko/Engine.locres) Source String Hash: (940523119) Localized String: (기본)
[2017.04.13-16.29.43:424][  0]LogTextLocalizationManager:Warning: Loaded localization resources contain conflicting entries for (Namespace:UObjectToolTips, Key:AnimNode_AssetPlayerBase:InternalTimeAccumulator):
Localization Resource: (C:/Program Files (x86)/Epic Games/4.12/Engine/Content/Localization/EditorTutorials/ko/EditorTutorials.locres) Source String Hash: (502993589) Localized String: (이 노드에서 애셋을 레퍼런싱하는 데 사용되는 누적 시간입니다.)
Localization Resource: (C:/Program Files (x86)/Epic Games/4.12/Engine/Content/Localization/Engine/ko/Engine.locres) Source String Hash: (502993589) Localized String: (이 노드에서 애셋을 레퍼런싱하는 데 사용된 누적 시간입니다.)
[2017.04.13-16.29.43:424][  0]LogTextLocalizationManager:Warning: Loaded localization resources contain conflicting entries for (Namespace:UObjectToolTips, Key:AnimNode_AssetPlayerBase:bIgnoreForRelevancyTest):
Localization Resource: (C:/Program Files (x86)/Epic Games/4.12/Engine/Content/Localization/EditorTutorials/ko/EditorTutorials.locres) Source String Hash: (319969718) Localized String: (True 면, 스테이트에서 최고 가중치 애니메이션을 찾는 "Relevant anim" 노드는 이 노드를 무시합니다.
 )
Localization Resource: (C:/Program Files (x86)/Epic Games/4.12/Engine/Content/Localization/Engine/ko/Engine.locres) Source String Hash: (319969718) Localized String: (True 면 스테이트 내 최고 웨이팅된 애니메이션을 찾는 "Relevant anim" 노드가 무시됩니다.
 )
[2017.04.13-16.29.43:424][  0]LogTextLocalizationManager:Warning: Loaded localization resources contain conflicting entries for (Namespace:UObjectToolTips, Key:AnimNode_AssetPlayerBase:BlendWeight):
Localization Resource: (C:/Program Files (x86)/Epic Games/4.12/Engine/Content/Localization/EditorTutorials/ko/EditorTutorials.locres) Source String Hash: (-1232800293) Localized String: (이 노드에 마지막 걸린 블렌드웨이트 입니다.)
Localization Resource: (C:/Program Files (x86)/Epic Games/4.12/Engine/Content/Localization/Engine/ko/Engine.locres) Source String Hash: (-1232800293) Localized String: (이 노드에 대해 마지막 접한 블렌드 웨이트)
[2017.04.13-16.29.43:603][  0]LogD3D11RHI: D3D11 adapters:
[2017.04.13-16.29.43:757][  0]LogD3D11RHI:    0. 'NVIDIA GeForce GTX 750 Ti' (Feature Level 11_0)
[2017.04.13-16.29.43:757][  0]LogD3D11RHI:       993/0/1998 MB DedicatedVideo/DedicatedSystem/SharedSystem, Outputs:1, VendorId:0x10de
[2017.04.13-16.29.43:808][  0]LogD3D11RHI:    1. 'Intel(R) HD Graphics 4600' (Feature Level 11_0)
[2017.04.13-16.29.43:808][  0]LogD3D11RHI:       112/0/1998 MB DedicatedVideo/DedicatedSystem/SharedSystem, Outputs:1, VendorId:0x8086
[2017.04.13-16.29.43:833][  0]LogD3D11RHI:    2. 'Microsoft Basic Render Driver' (Feature Level 11_0)
[2017.04.13-16.29.43:833][  0]LogD3D11RHI:       0/0/1998 MB DedicatedVideo/DedicatedSystem/SharedSystem, Outputs:0, VendorId:0x1414
[2017.04.13-16.29.43:833][  0]LogD3D11RHI: Chosen D3D11 Adapter: 0
[2017.04.13-16.29.43:840][  0]LogD3D11RHI: Creating new Direct3DDevice
[2017.04.13-16.29.43:840][  0]LogD3D11RHI:     GPU DeviceId: 0x1380 (for the marketing name, search the web for "GPU Device Id")
[2017.04.13-16.29.43:840][  0]LogWindows: EnumDisplayDevices:
[2017.04.13-16.29.43:841][  0]LogWindows:    0. 'NVIDIA GeForce GTX 750 Ti' (P:1 D:1)
[2017.04.13-16.29.43:842][  0]LogWindows:    1. 'NVIDIA GeForce GTX 750 Ti' (P:0 D:0)
[2017.04.13-16.29.43:843][  0]LogWindows:    2. 'NVIDIA GeForce GTX 750 Ti' (P:0 D:0)
[2017.04.13-16.29.43:843][  0]LogWindows:    3. 'Intel(R) HD Graphics 4600' (P:0 D:1)
[2017.04.13-16.29.43:844][  0]LogWindows:    4. 'Intel(R) HD Graphics 4600' (P:0 D:0)
[2017.04.13-16.29.43:845][  0]LogWindows:    5. 'Intel(R) HD Graphics 4600' (P:0 D:0)
[2017.04.13-16.29.43:845][  0]LogWindows: DebugString: PrimaryIsNotTheChoosenAdapter PrimaryIsNotTheChoosenAdapter PrimaryIsNotTheChoosenAdapter FoundDriverCount:3 
[2017.04.13-16.29.43:845][  0]LogD3D11RHI:     Adapter Name: NVIDIA GeForce GTX 750 Ti
[2017.04.13-16.29.43:845][  0]LogD3D11RHI:   Driver Version: 376.53 (internal:21.21.13.7653, unified:376.53)
[2017.04.13-16.29.43:845][  0]LogD3D11RHI:      Driver Date: 12-29-2016
[2017.04.13-16.29.43:845][  0]LogRHI: Texture pool is 695 MB (70% of 993 MB)
[2017.04.13-16.29.43:869][  0]LogD3D11RHI: Async texture creation enabled
[2017.04.13-16.29.43:883][  0]LogD3D11RHI: GPU Timing Frequency: 1000.000000 (Debug: 2 1)
[2017.04.13-16.29.43:884][  0]LogShaderCompilers: Guid format shader working directory is 3 characters bigger than the processId version (../../../../../../Users/duck2/Downloads/map/Intermediate/Shaders/WorkingDirectory/3824/).
[2017.04.13-16.29.43:884][  0]LogShaderCompilers: Cleaned the shader compiler working directory 'C:/Users/duck2/AppData/Local/Temp/UnrealShaderWorkingDir/C1FBE1E8486B5F5259E7B291641267CE/'.
[2017.04.13-16.29.43:884][  0]LogShaderCompilers:Display: Using Local Shader Compiler.
[2017.04.13-16.29.46:642][  0]LogTemp:Display: Loaded TP AllDesktopTargetPlatform
[2017.04.13-16.29.46:661][  0]LogTemp:Display: Loaded TP WindowsClientTargetPlatform
[2017.04.13-16.29.46:673][  0]LogTemp:Display: Loaded TP WindowsNoEditorTargetPlatform
[2017.04.13-16.29.46:690][  0]LogTemp:Display: Loaded TP WindowsServerTargetPlatform
[2017.04.13-16.29.46:703][  0]LogTemp:Display: Loaded TP WindowsTargetPlatform
[2017.04.13-16.29.46:715][  0]LogTemp:Display: Loaded TP AndroidTargetPlatform
[2017.04.13-16.29.46:730][  0]LogTemp:Display: Loaded TP Android_ASTCTargetPlatform
[2017.04.13-16.29.46:740][  0]LogTemp:Display: Loaded TP Android_ATCTargetPlatform
[2017.04.13-16.29.46:754][  0]LogTemp:Display: Loaded TP Android_DXTTargetPlatform
[2017.04.13-16.29.46:766][  0]LogTemp:Display: Loaded TP Android_ETC1TargetPlatform
[2017.04.13-16.29.46:777][  0]LogTemp:Display: Loaded TP Android_ETC2TargetPlatform
[2017.04.13-16.29.46:803][  0]LogTemp:Display: Loaded TP Android_MultiTargetPlatform
[2017.04.13-16.29.46:803][  0]LogTemp:Display: Loaded TP Android_PVRTCTargetPlatform
[2017.04.13-16.29.46:806][  0]LogTemp:Display: Loaded TP HTML5TargetPlatform
[2017.04.13-16.29.46:840][  0]LogTemp:Display: Loaded TP IOSTargetPlatform
[2017.04.13-16.29.46:852][  0]LogTemp:Display: Loaded TP TVOSTargetPlatform
[2017.04.13-16.29.46:864][  0]LogTemp:Display: Loaded TP LinuxNoEditorTargetPlatform
[2017.04.13-16.29.46:874][  0]LogTemp:Display: Loaded TP LinuxServerTargetPlatform
[2017.04.13-16.29.46:890][  0]LogTemp:Display: Loaded TP LinuxTargetPlatform
[2017.04.13-16.29.46:890][  0]LogTargetPlatformManager:Display: Building Assets For Windows
[2017.04.13-16.29.47:058][  0]LogDerivedDataCache:Display: Max Cache Size: 512 MB
[2017.04.13-16.29.47:432][  0]LogDerivedDataCache: Loaded boot cache 0.37s 48MB C:/Users/duck2/AppData/Local/UnrealEngine/4.12/DerivedDataCache/Boot.ddc.
[2017.04.13-16.29.47:432][  0]LogDerivedDataCache:Display: Loaded Boot cache: C:/Users/duck2/AppData/Local/UnrealEngine/4.12/DerivedDataCache/Boot.ddc
[2017.04.13-16.29.47:432][  0]LogDerivedDataCache: FDerivedDataBackendGraph:  Pak pak cache file ../../../../../../Users/duck2/Downloads/map/DerivedDataCache/DDC.ddp not found, will not use a pak cache.
[2017.04.13-16.29.47:432][  0]LogDerivedDataCache: Unable to find inner node Pak for hierarchical cache Hierarchy.
[2017.04.13-16.29.47:432][  0]LogDerivedDataCache: FDerivedDataBackendGraph:  CompressedPak pak cache file ../../../../../../Users/duck2/Downloads/map/DerivedDataCache/Compressed.ddp not found, will not use a pak cache.
[2017.04.13-16.29.47:432][  0]LogDerivedDataCache: Unable to find inner node CompressedPak for hierarchical cache Hierarchy.
[2017.04.13-16.29.47:454][  0]LogDerivedDataCache:Display: Pak cache opened for reading ../../../Engine/DerivedDataCache/Compressed.ddp.
[2017.04.13-16.29.47:469][  0]LogDerivedDataCache: Using Local data cache path C:/Users/duck2/AppData/Local/UnrealEngine/Common/DerivedDataCache: Writable
[2017.04.13-16.29.48:076][  0]LogInit: Selected Device Profile: [Windows]
[2017.04.13-16.29.48:077][  0]LogContentStreaming: Texture pool size is 0.00 MB
[2017.04.13-16.29.48:391][  0]LogMeshUtilities: No automatic mesh reduction module available
[2017.04.13-16.29.48:392][  0]LogMeshUtilities: No automatic mesh merging module available
[2017.04.13-16.29.48:392][  0]LogMeshUtilities: No distributed automatic mesh merging module available
[2017.04.13-16.29.48:945][  0]LogAssetRegistry: FAssetRegistry took 0.0221 seconds to start up
[2017.04.13-16.29.49:051][  0]LogPackageLocalizationCache: Processed 3 localized package path(s) for 2 prioritized culture(s) in 0.089828 seconds
[2017.04.13-16.29.49:065][  0]LogUObjectArray: 28739 objects as part of root set at end of initial load.
[2017.04.13-16.29.49:065][  0]LogUObjectAllocator: 5855632 out of 0 bytes used by permanent object pool.
[2017.04.13-16.29.49:065][  0]LogUObjectArray: CloseDisregardForGC: 0/0 objects in disregard for GC pool
[2017.04.13-16.29.49:087][  0]LogInit: WinSock: version 1.1 (2.2), MaxSocks=32767, MaxUdp=65467
[2017.04.13-16.29.49:626][  0]LogSlate: SlateFontCache - WITH_FREETYPE: 1, WITH_HARFBUZZ: 1
[2017.04.13-16.29.49:626][  0]LogSlate: SlateFontCache - WITH_FREETYPE: 1, WITH_HARFBUZZ: 1
[2017.04.13-16.29.52:445][  0]LogUdpMessaging: Initializing bridge on interface 0.0.0.0:0 to multicast group 230.0.0.1:6666.
[2017.04.13-16.29.52:901][  0]SourceControl: 정보 소스 콘트롤이 꺼졌습니다.
[2017.04.13-16.29.53:245][  0]SourceControl: 정보 소스 콘트롤이 꺼졌습니다.
[2017.04.13-16.29.53:271][  0]SourceControl: 정보 소스 콘트롤이 꺼졌습니다.
[2017.04.13-16.29.53:290][  0]SourceControl: 정보 소스 콘트롤이 꺼졌습니다.
[2017.04.13-16.29.53:782][  0]LogEngine: Initializing Engine...
[2017.04.13-16.29.53:812][  0]LogHMD: SteamVR failed to initialize.  Err: 110
[2017.04.13-16.29.53:814][  0]LogHMD: SteamVR failed to initialize.  Err: 110
[2017.04.13-16.29.54:121][  0]LogAIModule: Creating AISystem for world NewWorld
[2017.04.13-16.29.54:167][  0]LogInit: XAudio2 using '헤드폰(High Definition Audio 장치)' : 2 channels at 44.1 kHz using 16 bits per sample (channel mask 0x3)
[2017.04.13-16.29.54:214][  0]LogInit: FAudioDevice initialized.
[2017.04.13-16.29.54:486][  0]LogDerivedDataCache: Saved boot cache 0.27s 48MB C:/Users/duck2/AppData/Local/UnrealEngine/4.12/DerivedDataCache/Boot.ddc.
[2017.04.13-16.29.54:501][  0]LogInit: Texture streaming: Enabled
[2017.04.13-16.29.54:573][  0]LogInit: Transaction tracking system initialized
[2017.04.13-16.29.54:622][  0]BlueprintLog: New page: 에디터 로드
[2017.04.13-16.29.54:799][  0]LocalizationService: 정보 현지화 서비스가 비활성화되었습니다.
[2017.04.13-16.29.55:300][  0]LogConsoleResponse:Display: 
[2017.04.13-16.29.55:560][  0]LogCook:Display: Max memory allowance for cook 8192mb
[2017.04.13-16.29.55:560][  0]LogCook:Display: Mobile HDR setting 1
[2017.04.13-16.29.55:704][  0]LogFileCache: Scanning file cache for directory 'C:/Users/duck2/Downloads/map/Content/' took 0.04s
[2017.04.13-16.29.55:787][  0]SourceControl: 정보 소스 콘트롤이 꺼졌습니다.
[2017.04.13-16.29.55:788][  0]Cmd: MAP LOAD FILE="../../../../../../Users/duck2/Downloads/map/Content/ThirdPersonBP/Maps/ThirdPersonExampleMap.umap" TEMPLATE=0 SHOWPROGRESS=1 FEATURELEVEL=3
[2017.04.13-16.29.55:792][  0]LightingResults: New page: 라이팅 빌드
[2017.04.13-16.29.55:797][  0]MapCheck: New page: 맵 체크
[2017.04.13-16.29.55:798][  0]LightingResults: New page: 라이팅 빌드
[2017.04.13-16.29.56:643][  0]LogAIModule: Creating AISystem for world ThirdPersonExampleMap
[2017.04.13-16.29.56:705][  0]LogEditorServer: Finished looking for orphan Actors (0.000 secs)
[2017.04.13-16.29.56:706][  0]Cmd: MAP CHECKDEP NOCLEARLOG
[2017.04.13-16.29.56:924][  0]MapCheck: 정보 맵 체크 완료: 오류 0 회, 경고 0 회, 소요 시간 218.085ms.
[2017.04.13-16.29.56:924][  0]LogFileHelpers: Loading map 'ThirdPersonExampleMap' took 1.137
[2017.04.13-16.29.57:250][  0]LogCollectionManager: Loaded 0 collections in 0.015407 seconds
[2017.04.13-16.29.57:329][  0]LogFileCache: Scanning file cache for directory 'C:/Users/duck2/Downloads/map/Saved/Collections/' took 0.01s
[2017.04.13-16.29.57:329][  0]LogFileCache: Scanning file cache for directory 'C:/Users/duck2/Downloads/map/Content/Developers/duck2/Collections/' took 0.01s
[2017.04.13-16.29.57:329][  0]LogFileCache: Scanning file cache for directory 'C:/Users/duck2/Downloads/map/Content/Collections/' took 0.01s
[2017.04.13-16.29.57:329][  0]LogCollectionManager: Rebuilt the GUID cache for 0 collections in 0.000008 seconds
[2017.04.13-16.29.57:343][  0]LogContentBrowser: Native class hierarchy populated in 0.0112 seconds. Added 2047 classes and 369 folders.
[2017.04.13-16.29.57:355][  0]LogStats: UGameplayTagsManager::ConstructGameplayTagTree: Construct from data asset -  0.000 s
[2017.04.13-16.29.57:355][  0]LogStats: UGameplayTagsManager::ConstructGameplayTagTree: GameplayTagTreeChangedEvent.Broadcast -  0.000 s
[2017.04.13-16.29.57:356][  0]LogContentBrowser: Native class hierarchy updated for 'GameplayTags' in 0.0008 seconds. Added 12 classes and 0 folders.
[2017.04.13-16.29.57:368][  0]LogContentBrowser: Native class hierarchy updated for 'WidgetCarousel' in 0.0005 seconds. Added 0 classes and 0 folders.
[2017.04.13-16.29.57:687][  0]LogContentBrowser: Native class hierarchy updated for 'AddContentDialog' in 0.0006 seconds. Added 0 classes and 0 folders.
[2017.04.13-16.29.57:720][  0]LogContentBrowser: Native class hierarchy updated for 'SceneOutliner' in 0.0007 seconds. Added 1 classes and 2 folders.
[2017.04.13-16.29.57:830][  0]LogCrashTracker: Crashtracker disabled due to settings.
[2017.04.13-16.29.57:869][  0]LogUObjectGlobals:Warning: 'Class 없음.' 오브젝트를 찾는 데 실패했습니다.
[2017.04.13-16.29.57:904][  0]LogContentBrowser: Native class hierarchy updated for 'HierarchicalLODOutliner' in 0.0010 seconds. Added 1 classes and 2 folders.
[2017.04.13-16.29.57:905][  0]LogLoad: Full Startup: 17.62 seconds (BP compile: 0.16 seconds)
[2017.04.13-16.29.57:905][  0]LogExternalProfiler: Found external profiler: VSPerf
[2017.04.13-16.29.57:905][  0]LogExternalProfiler: Using external profiler: VSPerf
[2017.04.13-16.29.57:924][  0]LogWindowsTextInputMethodSystem:Display: IME system now activated using TSF (Microsoft 입력기).
[2017.04.13-16.29.57:928][  0]LogOcInput: OculusInput pre-init called
[2017.04.13-16.29.57:956][  0]LogContentStreaming: Texture pool size now 200 MB
[2017.04.13-16.29.58:239][  0]LogRenderer: Reallocating scene render targets to support 1208x660 (Frame:2).
[2017.04.13-16.29.58:558][  2]LogAssetRegistry: Asset discovery search completed in 9.6351 seconds
[2017.04.13-16.29.58:558][  2]LogCollectionManager: Rebuilt the object cache for 0 collections in 0.000001 seconds (found 0 objects)
[2017.04.13-16.29.58:558][  2]LogCollectionManager: Fixed up redirectors for 0 collections in 0.000029 seconds (updated 0 objects)
[2017.04.13-16.30.09:177][ 62]LogLinker:Warning: '/Game/ThirdPersonBP/b3/KakaoTalk_20161209_024639698' 파일을 찾을 수 없습니다.
[2017.04.13-16.30.09:177][ 62]LogLinker:Warning: ../../../../../../Users/duck2/Downloads/map/Content/Landscapes/ThirdPersonBP/b3/KakaoTalk_20161209_024639698_Mat.uasset 로드중 '/Game/ThirdPersonBP/b3/KakaoTalk_20161209_024639698' 애셋에 대한 파일을 찾을 수 없습니다.
[2017.04.13-16.30.09:177][ 62]LoadErrors:Error: 오류 /Game/Landscapes/ThirdPersonBP/b3/KakaoTalk_20161209_024639698_Mat : 애셋에 대한 파일을 찾을 수 없습니다. /Game/ThirdPersonBP/b3/KakaoTalk_20161209_024639698
[2017.04.13-16.30.09:178][ 62]LogLinker:Warning: '/Game/ThirdPersonBP/b3/KakaoTalk_20161209_024639698' 파일을 찾을 수 없습니다.
[2017.04.13-16.30.09:178][ 62]LogLinker:Warning: ../../../../../../Users/duck2/Downloads/map/Content/Landscapes/ThirdPersonBP/b3/KakaoTalk_20161209_024639698_Mat.uasset 로드중 '/Game/ThirdPersonBP/b3/KakaoTalk_20161209_024639698' 애셋에 대한 파일을 찾을 수 없습니다.
[2017.04.13-16.30.10:743][ 62]LogLinker:Warning: '/Game/ThirdPersonBP/b1/KakaoTalk_20161208_203643273_Mat' 파일을 찾을 수 없습니다.
[2017.04.13-16.30.10:744][ 62]LogLinker:Warning: ../../../../../../Users/duck2/Downloads/map/Content/Landscapes/ThirdPersonBP/b1/b12.uasset 로드중 '/Game/ThirdPersonBP/b1/KakaoTalk_20161208_203643273_Mat' 애셋에 대한 파일을 찾을 수 없습니다.
[2017.04.13-16.30.10:744][ 62]LoadErrors:Error: 오류 /Game/Landscapes/ThirdPersonBP/b1/b12 : 애셋에 대한 파일을 찾을 수 없습니다. /Game/ThirdPersonBP/b1/KakaoTalk_20161208_203643273_Mat
[2017.04.13-16.30.10:744][ 62]LogLinker:Warning: '/Game/ThirdPersonBP/b1/KakaoTalk_20161208_203643273_Mat' 파일을 찾을 수 없습니다.
[2017.04.13-16.30.10:744][ 62]LogLinker:Warning: ../../../../../../Users/duck2/Downloads/map/Content/Landscapes/ThirdPersonBP/b1/b12.uasset 로드중 '/Game/ThirdPersonBP/b1/KakaoTalk_20161208_203643273_Mat' 애셋에 대한 파일을 찾을 수 없습니다.
[2017.04.13-16.30.10:775][ 62]LogLinker:Warning: '/Game/ThirdPersonBP/b3/KakaoTalk_20161208_194517291_Mat' 파일을 찾을 수 없습니다.
[2017.04.13-16.30.10:775][ 62]LogLinker:Warning: ../../../../../../Users/duck2/Downloads/map/Content/Landscapes/ThirdPersonBP/b3/b33.uasset 로드중 '/Game/ThirdPersonBP/b3/KakaoTalk_20161208_194517291_Mat' 애셋에 대한 파일을 찾을 수 없습니다.
[2017.04.13-16.30.10:775][ 62]LoadErrors:Error: 오류 /Game/Landscapes/ThirdPersonBP/b3/b33 : 애셋에 대한 파일을 찾을 수 없습니다. /Game/ThirdPersonBP/b3/KakaoTalk_20161208_194517291_Mat
[2017.04.13-16.30.10:775][ 62]LogLinker:Warning: '/Game/ThirdPersonBP/b3/KakaoTalk_20161209_024639698_Mat' 파일을 찾을 수 없습니다.
[2017.04.13-16.30.10:775][ 62]LogLinker:Warning: ../../../../../../Users/duck2/Downloads/map/Content/Landscapes/ThirdPersonBP/b3/b33.uasset 로드중 '/Game/ThirdPersonBP/b3/KakaoTalk_20161209_024639698_Mat' 애셋에 대한 파일을 찾을 수 없습니다.
[2017.04.13-16.30.10:776][ 62]LoadErrors:Error: 오류 /Game/Landscapes/ThirdPersonBP/b3/b33 : 애셋에 대한 파일을 찾을 수 없습니다. /Game/ThirdPersonBP/b3/KakaoTalk_20161209_024639698_Mat
[2017.04.13-16.30.10:776][ 62]LogLinker:Warning: '/Game/ThirdPersonBP/b3/KakaoTalk_20161208_194517291_Mat' 파일을 찾을 수 없습니다.
[2017.04.13-16.30.10:776][ 62]LogLinker:Warning: ../../../../../../Users/duck2/Downloads/map/Content/Landscapes/ThirdPersonBP/b3/b33.uasset 로드중 '/Game/ThirdPersonBP/b3/KakaoTalk_20161208_194517291_Mat' 애셋에 대한 파일을 찾을 수 없습니다.
[2017.04.13-16.30.10:776][ 62]LogLinker:Warning: '/Game/ThirdPersonBP/b3/KakaoTalk_20161209_024639698_Mat' 파일을 찾을 수 없습니다.
[2017.04.13-16.30.10:776][ 62]LogLinker:Warning: ../../../../../../Users/duck2/Downloads/map/Content/Landscapes/ThirdPersonBP/b3/b33.uasset 로드중 '/Game/ThirdPersonBP/b3/KakaoTalk_20161209_024639698_Mat' 애셋에 대한 파일을 찾을 수 없습니다.
[2017.04.13-16.30.10:793][ 62]LogLinker:Warning: '/Game/ThirdPersonBP/n3/bjbjkvvk_Mat' 파일을 찾을 수 없습니다.
[2017.04.13-16.30.10:794][ 62]LogLinker:Warning: ../../../../../../Users/duck2/Downloads/map/Content/Landscapes/ThirdPersonBP/n3/n3.uasset 로드중 '/Game/ThirdPersonBP/n3/bjbjkvvk_Mat' 애셋에 대한 파일을 찾을 수 없습니다.
[2017.04.13-16.30.10:794][ 62]LoadErrors:Error: 오류 /Game/Landscapes/ThirdPersonBP/n3/n3 : 애셋에 대한 파일을 찾을 수 없습니다. /Game/ThirdPersonBP/n3/bjbjkvvk_Mat
[2017.04.13-16.30.10:795][ 62]LogLinker:Warning: '/Game/ThirdPersonBP/n3/bjbjkvvk_Mat' 파일을 찾을 수 없습니다.
[2017.04.13-16.30.10:795][ 62]LogLinker:Warning: ../../../../../../Users/duck2/Downloads/map/Content/Landscapes/ThirdPersonBP/n3/n3.uasset 로드중 '/Game/ThirdPersonBP/n3/bjbjkvvk_Mat' 애셋에 대한 파일을 찾을 수 없습니다.
[2017.04.13-16.30.10:799][ 62]LogLinker:Warning: '/Game/ThirdPersonBP/o2/barrel_rust_by_zuuzu_Mat' 파일을 찾을 수 없습니다.
[2017.04.13-16.30.10:799][ 62]LogLinker:Warning: ../../../../../../Users/duck2/Downloads/map/Content/Landscapes/ThirdPersonBP/o2/o2.uasset 로드중 '/Game/ThirdPersonBP/o2/barrel_rust_by_zuuzu_Mat' 애셋에 대한 파일을 찾을 수 없습니다.
[2017.04.13-16.30.10:799][ 62]LoadErrors:Error: 오류 /Game/Landscapes/ThirdPersonBP/o2/o2 : 애셋에 대한 파일을 찾을 수 없습니다. /Game/ThirdPersonBP/o2/barrel_rust_by_zuuzu_Mat
[2017.04.13-16.30.10:799][ 62]LogLinker:Warning: '/Game/ThirdPersonBP/o2/Steel_Panel_12_H_CM_1_Mat' 파일을 찾을 수 없습니다.
[2017.04.13-16.30.10:799][ 62]LogLinker:Warning: ../../../../../../Users/duck2/Downloads/map/Content/Landscapes/ThirdPersonBP/o2/o2.uasset 로드중 '/Game/ThirdPersonBP/o2/Steel_Panel_12_H_CM_1_Mat' 애셋에 대한 파일을 찾을 수 없습니다.
[2017.04.13-16.30.10:799][ 62]LoadErrors:Error: 오류 /Game/Landscapes/ThirdPersonBP/o2/o2 : 애셋에 대한 파일을 찾을 수 없습니다. /Game/ThirdPersonBP/o2/Steel_Panel_12_H_CM_1_Mat
[2017.04.13-16.30.10:800][ 62]LogLinker:Warning: '/Game/ThirdPersonBP/o2/barrel_rust_by_zuuzu_Mat' 파일을 찾을 수 없습니다.
[2017.04.13-16.30.10:800][ 62]LogLinker:Warning: ../../../../../../Users/duck2/Downloads/map/Content/Landscapes/ThirdPersonBP/o2/o2.uasset 로드중 '/Game/ThirdPersonBP/o2/barrel_rust_by_zuuzu_Mat' 애셋에 대한 파일을 찾을 수 없습니다.
[2017.04.13-16.30.10:800][ 62]LogLinker:Warning: '/Game/ThirdPersonBP/o2/Steel_Panel_12_H_CM_1_Mat' 파일을 찾을 수 없습니다.
[2017.04.13-16.30.10:801][ 62]LogLinker:Warning: ../../../../../../Users/duck2/Downloads/map/Content/Landscapes/ThirdPersonBP/o2/o2.uasset 로드중 '/Game/ThirdPersonBP/o2/Steel_Panel_12_H_CM_1_Mat' 애셋에 대한 파일을 찾을 수 없습니다.
[2017.04.13-16.30.10:823][ 62]LogLinker:Warning: '/Game/ThirdPersonBP/wall2/depositphotos_12077276-Old-hollow-brick-wall_Mat' 파일을 찾을 수 없습니다.
[2017.04.13-16.30.10:823][ 62]LogLinker:Warning: ../../../../../../Users/duck2/Downloads/map/Content/Landscapes/ThirdPersonBP/wall2/wall2.uasset 로드중 '/Game/ThirdPersonBP/wall2/depositphotos_12077276-Old-hollow-brick-wall_Mat' 애셋에 대한 파일을 찾을 수 없습니다.
[2017.04.13-16.30.10:823][ 62]LoadErrors:Error: 오류 /Game/Landscapes/ThirdPersonBP/wall2/wall2 : 애셋에 대한 파일을 찾을 수 없습니다. /Game/ThirdPersonBP/wall2/depositphotos_12077276-Old-hollow-brick-wall_Mat
[2017.04.13-16.30.10:823][ 62]LogLinker:Warning: '/Game/ThirdPersonBP/wall2/depositphotos_12077276-Old-hollow-brick-wall_Mat' 파일을 찾을 수 없습니다.
[2017.04.13-16.30.10:824][ 62]LogLinker:Warning: ../../../../../../Users/duck2/Downloads/map/Content/Landscapes/ThirdPersonBP/wall2/wall2.uasset 로드중 '/Game/ThirdPersonBP/wall2/depositphotos_12077276-Old-hollow-brick-wall_Mat' 애셋에 대한 파일을 찾을 수 없습니다.
[2017.04.13-16.30.10:982][ 62]LogLinker:Warning: '/Game/ThirdPersonBP/b3/KakaoTalk_20161209_024639698' 파일을 찾을 수 없습니다.
[2017.04.13-16.30.10:982][ 62]LoadErrors: 정보 로드에 실패했습니다. /Game/ThirdPersonBP/b3/KakaoTalk_20161209_024639698.KakaoTalk_20161209_024639698 레퍼런싱한 것: MaterialExpressionTextureSample_0
[2017.04.13-16.30.10:983][ 62]LogLinker:Warning: NULL 로드중 '/Game/ThirdPersonBP/b3/KakaoTalk_20161209_024639698' 애셋에 대한 파일을 찾을 수 없습니다.
[2017.04.13-16.30.11:195][ 62]LogLinker:Warning: '/Game/ThirdPersonBP/o2/barrel_rust_by_zuuzu_Mat' 파일을 찾을 수 없습니다.
[2017.04.13-16.30.11:195][ 62]LoadErrors: 정보 로드에 실패했습니다. /Game/ThirdPersonBP/o2/barrel_rust_by_zuuzu_Mat.barrel_rust_by_zuuzu_Mat 레퍼런싱한 것: o2
[2017.04.13-16.30.11:195][ 62]LogLinker:Warning: NULL 로드중 '/Game/ThirdPersonBP/o2/barrel_rust_by_zuuzu_Mat' 애셋에 대한 파일을 찾을 수 없습니다.
[2017.04.13-16.30.11:196][ 62]LogLinker:Warning: '/Game/ThirdPersonBP/o2/Steel_Panel_12_H_CM_1_Mat' 파일을 찾을 수 없습니다.
[2017.04.13-16.30.11:196][ 62]LoadErrors: 정보 로드에 실패했습니다. /Game/ThirdPersonBP/o2/Steel_Panel_12_H_CM_1_Mat.Steel_Panel_12_H_CM_1_Mat 레퍼런싱한 것: o2
[2017.04.13-16.30.11:196][ 62]LogLinker:Warning: NULL 로드중 '/Game/ThirdPersonBP/o2/Steel_Panel_12_H_CM_1_Mat' 애셋에 대한 파일을 찾을 수 없습니다.
[2017.04.13-16.30.11:198][ 62]LogLinker:Warning: '/Game/ThirdPersonBP/n3/bjbjkvvk_Mat' 파일을 찾을 수 없습니다.
[2017.04.13-16.30.11:198][ 62]LoadErrors: 정보 로드에 실패했습니다. /Game/ThirdPersonBP/n3/bjbjkvvk_Mat.bjbjkvvk_Mat 레퍼런싱한 것: n3
[2017.04.13-16.30.11:199][ 62]LogLinker:Warning: NULL 로드중 '/Game/ThirdPersonBP/n3/bjbjkvvk_Mat' 애셋에 대한 파일을 찾을 수 없습니다.
[2017.04.13-16.30.11:202][ 62]LogLinker:Warning: '/Game/ThirdPersonBP/b3/KakaoTalk_20161208_194517291_Mat' 파일을 찾을 수 없습니다.
[2017.04.13-16.30.11:202][ 62]LoadErrors: 정보 로드에 실패했습니다. /Game/ThirdPersonBP/b3/KakaoTalk_20161208_194517291_Mat.KakaoTalk_20161208_194517291_Mat 레퍼런싱한 것: b33
[2017.04.13-16.30.11:203][ 62]LogLinker:Warning: NULL 로드중 '/Game/ThirdPersonBP/b3/KakaoTalk_20161208_194517291_Mat' 애셋에 대한 파일을 찾을 수 없습니다.
[2017.04.13-16.30.11:203][ 62]LogLinker:Warning: '/Game/ThirdPersonBP/b3/KakaoTalk_20161209_024639698_Mat' 파일을 찾을 수 없습니다.
[2017.04.13-16.30.11:203][ 62]LoadErrors: 정보 로드에 실패했습니다. /Game/ThirdPersonBP/b3/KakaoTalk_20161209_024639698_Mat.KakaoTalk_20161209_024639698_Mat 레퍼런싱한 것: b33
[2017.04.13-16.30.11:204][ 62]LogLinker:Warning: NULL 로드중 '/Game/ThirdPersonBP/b3/KakaoTalk_20161209_024639698_Mat' 애셋에 대한 파일을 찾을 수 없습니다.
[2017.04.13-16.30.11:208][ 62]LogLinker:Warning: '/Game/ThirdPersonBP/b1/KakaoTalk_20161208_203643273_Mat' 파일을 찾을 수 없습니다.
[2017.04.13-16.30.11:209][ 62]LoadErrors: 정보 로드에 실패했습니다. /Game/ThirdPersonBP/b1/KakaoTalk_20161208_203643273_Mat.KakaoTalk_20161208_203643273_Mat 레퍼런싱한 것: b12
[2017.04.13-16.30.11:209][ 62]LogLinker:Warning: NULL 로드중 '/Game/ThirdPersonBP/b1/KakaoTalk_20161208_203643273_Mat' 애셋에 대한 파일을 찾을 수 없습니다.
[2017.04.13-16.30.11:249][ 62]LogLinker:Warning: '/Game/ThirdPersonBP/wall2/depositphotos_12077276-Old-hollow-brick-wall_Mat' 파일을 찾을 수 없습니다.
[2017.04.13-16.30.11:249][ 62]LoadErrors: 정보 로드에 실패했습니다. /Game/ThirdPersonBP/wall2/depositphotos_12077276-Old-hollow-brick-wall_Mat.depositphotos_12077276-Old-hollow-brick-wall_Mat 레퍼런싱한 것: wall2
[2017.04.13-16.30.11:249][ 62]LogLinker:Warning: NULL 로드중 '/Game/ThirdPersonBP/wall2/depositphotos_12077276-Old-hollow-brick-wall_Mat' 애셋에 대한 파일을 찾을 수 없습니다.
[2017.04.13-16.30.13:687][ 62]LogMaterial: Missing cached shader map for material KakaoTalk_20161209_024639698_Mat, compiling. 
[2017.04.13-16.30.13:694][ 62]LogMaterial:Warning: Failed to compile Material /Game/Landscapes/ThirdPersonBP/b3/KakaoTalk_20161209_024639698_Mat.KakaoTalk_20161209_024639698_Mat for platform PCD3D_SM5, Default Material will be used in game.
[2017.04.13-16.30.13:694][ 62]LogMaterial:Warning: 	(Node TextureSample) TextureSample> Missing input texture
[2017.04.13-16.30.15:655][ 62]LogAIModule: Creating AISystem for world NewMap0101
[2017.04.13-16.30.15:771][ 62]Cmd: MAP LOAD FILE="../../../../../../Users/duck2/Downloads/map/Content/Landscapes/NewMap0101.umap" TEMPLATE=0 SHOWPROGRESS=1 FEATURELEVEL=3
[2017.04.13-16.30.15:772][ 62]LightingResults: New page: 라이팅 빌드
[2017.04.13-16.30.15:773][ 62]LoadErrors: New page: 맵 로드중: NewMap0101.umap
[2017.04.13-16.30.15:778][ 62]MapCheck: New page: 맵 체크
[2017.04.13-16.30.15:778][ 62]LightingResults: New page: 라이팅 빌드
[2017.04.13-16.30.16:121][ 62]LogEditorServer: Finished looking for orphan Actors (0.000 secs)
[2017.04.13-16.30.16:198][ 62]Cmd: MAP CHECKDEP NOCLEARLOG
[2017.04.13-16.30.16:806][ 62]MapCheck: 정보 맵 체크 완료: 오류 0 회, 경고 0 회, 소요 시간 608.015ms.
[2017.04.13-16.30.16:807][ 62]LogFileHelpers: Loading map 'NewMap0101' took 1.045
[2017.04.13-16.30.16:914][ 63]Cmd: UpdateLandscapeEditorData -warnings
[2017.04.13-16.30.16:935][ 63]Cmd: UpdateLandscapeEditorData
[2017.04.13-17.05.00:138][160]LogWindowsTextInputMethodSystem:Display: IME system now activated using TSF (Microsoft 입력기).
[2017.04.13-17.05.02:442][161]Cmd: QUIT_EDITOR
[2017.04.13-17.05.03:669][161]LogExit: Preparing to exit.
[2017.04.13-17.05.07:197][161]LogExit: Editor shut down
[2017.04.13-17.05.07:230][161]LogExit: Transaction tracking system shut down
[2017.04.13-17.05.11:614][161]LogObj: Freed 0b from 0 cluster array pools.
[2017.04.13-17.05.11:614][161]LogExit: Object subsystem successfully closed.
[2017.04.13-17.05.11:939][161]LogD3D11RHI: Shutdown
[2017.04.13-17.05.11:939][161]LogD3D11RHI: CleanupD3DDevice
[2017.04.13-17.05.12:182][161]LogD3D11RHI: ~FD3D11DynamicRHI
[2017.04.13-17.05.12:998][161]LogModuleManager: Shutting down and abandoning module HierarchicalLODOutliner (213)
[2017.04.13-17.05.12:998][161]LogModuleManager: Shutting down and abandoning module CrashTracker (212)
[2017.04.13-17.05.12:998][161]LogModuleManager: Shutting down and abandoning module SceneOutliner (211)
[2017.04.13-17.05.12:998][161]LogModuleManager: Shutting down and abandoning module WidgetCarousel (210)
[2017.04.13-17.05.12:999][161]LogModuleManager: Shutting down and abandoning module AddContentDialog (209)
[2017.04.13-17.05.13:047][161]LogModuleManager: Shutting down and abandoning module GameplayTags (208)
[2017.04.13-17.05.13:047][161]LogModuleManager: Shutting down and abandoning module EditorWidgets (207)
[2017.04.13-17.05.13:047][161]LogModuleManager: Shutting down and abandoning module CollectionManager (206)
[2017.04.13-17.05.13:067][161]LogModuleManager: Shutting down and abandoning module StatsViewer (205)
[2017.04.13-17.05.13:069][161]LogModuleManager: Shutting down and abandoning module FoliageEdit (204)
[2017.04.13-17.05.13:069][161]LogModuleManager: Shutting down and abandoning module LandscapeEditor (203)
[2017.04.13-17.05.13:078][161]LogModuleManager: Shutting down and abandoning module SceneDepthPickerMode (202)
[2017.04.13-17.05.13:078][161]LogModuleManager: Shutting down and abandoning module ActorPickerMode (201)
[2017.04.13-17.05.13:078][161]LogModuleManager: Shutting down and abandoning module GeometryMode (200)
[2017.04.13-17.05.13:078][161]LogModuleManager: Shutting down and abandoning module TextureAlignMode (199)
[2017.04.13-17.05.13:078][161]LogModuleManager: Shutting down and abandoning module BspMode (198)
[2017.04.13-17.05.13:079][161]LogModuleManager: Shutting down and abandoning module HardwareSurvey (197)
[2017.04.13-17.05.13:080][161]LogModuleManager: Shutting down and abandoning module SequenceRecorderSections (196)
[2017.04.13-17.05.13:080][161]LogModuleManager: Shutting down and abandoning module SequenceRecorder (195)
[2017.04.13-17.05.13:085][161]LogModuleManager: Shutting down and abandoning module AutomationWorker (194)
[2017.04.13-17.05.13:086][161]LogModuleManager: Shutting down and abandoning module MatineeToLevelSequence (193)
[2017.04.13-17.05.13:087][161]LogModuleManager: Shutting down and abandoning module PlacementMode (192)
[2017.04.13-17.05.13:088][161]LogModuleManager: Shutting down and abandoning module LevelSequenceEditor (191)
[2017.04.13-17.05.13:093][161]LogModuleManager: Shutting down and abandoning module CharacterAI (190)
[2017.04.13-17.05.13:093][161]LogModuleManager: Shutting down and abandoning module SmartSnapping (189)
[2017.04.13-17.05.13:093][161]LogModuleManager: Shutting down and abandoning module SessionServices (188)
[2017.04.13-17.05.13:093][161]LogModuleManager: Shutting down and abandoning module ViewportSnapping (187)
[2017.04.13-17.05.13:093][161]LogModuleManager: Shutting down and abandoning module LogVisualizer (186)
[2017.04.13-17.05.13:109][161]LogModuleManager: Shutting down and abandoning module GameProjectGeneration (185)
[2017.04.13-17.05.13:112][161]LogModuleManager: Shutting down and abandoning module IntroTutorials (184)
[2017.04.13-17.05.13:114][161]LogModuleManager: Shutting down and abandoning module EditorLiveStreaming (183)
[2017.04.13-17.05.13:115][161]LogModuleManager: Shutting down and abandoning module IOSPlatformEditor (182)
[2017.04.13-17.05.13:116][161]LogModuleManager: Shutting down and abandoning module HTML5PlatformEditor (181)
[2017.04.13-17.05.13:117][161]LogModuleManager: Shutting down and abandoning module AndroidDeviceDetection (180)
[2017.04.13-17.05.13:931][161]LogModuleManager: Shutting down and abandoning module AndroidPlatformEditor (179)
[2017.04.13-17.05.13:931][161]LogModuleManager: Shutting down and abandoning module IOSRuntimeSettings (178)
[2017.04.13-17.05.13:931][161]LogModuleManager: Shutting down and abandoning module AndroidRuntimeSettings (177)
[2017.04.13-17.05.13:931][161]LogModuleManager: Shutting down and abandoning module MergeActors (176)
[2017.04.13-17.05.13:933][161]LogModuleManager: Shutting down and abandoning module SizeMap (175)
[2017.04.13-17.05.13:933][161]LogModuleManager: Shutting down and abandoning module TreeMap (174)
[2017.04.13-17.05.13:935][161]LogModuleManager: Shutting down and abandoning module ReferenceViewer (173)
[2017.04.13-17.05.13:935][161]LogModuleManager: Shutting down and abandoning module LocalizationService (172)
[2017.04.13-17.05.13:936][161]LogModuleManager: Shutting down and abandoning module LocalizationDashboard (171)
[2017.04.13-17.05.13:939][161]LogModuleManager: Shutting down and abandoning module HardwareTargeting (170)
[2017.04.13-17.05.13:939][161]LogModuleManager: Shutting down and abandoning module DeviceProfileEditor (169)
[2017.04.13-17.05.13:940][161]LogModuleManager: Shutting down and abandoning module UndoHistory (168)
[2017.04.13-17.05.13:941][161]LogModuleManager: Shutting down and abandoning module UserFeedback (167)
[2017.04.13-17.05.13:941][161]LogModuleManager: Shutting down and abandoning module XmlParser (166)
[2017.04.13-17.05.13:941][161]LogModuleManager: Shutting down and abandoning module Blutility (165)
[2017.04.13-17.05.13:941][161]LogModuleManager: Shutting down and abandoning module ProjectTargetPlatformEditor (164)
[2017.04.13-17.05.13:943][161]LogModuleManager: Shutting down and abandoning module ProjectSettingsViewer (163)
[2017.04.13-17.05.13:943][161]LogModuleManager: Shutting down and abandoning module InputBindingEditor (162)
[2017.04.13-17.05.13:945][161]LogModuleManager: Shutting down and abandoning module EditorSettingsViewer (161)
[2017.04.13-17.05.13:945][161]LogModuleManager: Shutting down and abandoning module SettingsEditor (160)
[2017.04.13-17.05.13:947][161]LogModuleManager: Shutting down and abandoning module ProjectLauncher (159)
[2017.04.13-17.05.13:949][161]LogModuleManager: Shutting down and abandoning module SessionFrontend (158)
[2017.04.13-17.05.13:950][161]LogModuleManager: Shutting down and abandoning module ProfilerClient (157)
[2017.04.13-17.05.13:951][161]LogModuleManager: Shutting down and abandoning module TargetDeviceServices (156)
[2017.04.13-17.05.13:952][161]LogModuleManager: Shutting down and abandoning module DeviceManager (155)
[2017.04.13-17.05.14:000][161]LogModuleManager: Shutting down and abandoning module AutomationController (154)
[2017.04.13-17.05.14:003][161]LogModuleManager: Shutting down and abandoning module AutomationWindow (153)
[2017.04.13-17.05.14:004][161]LogModuleManager: Shutting down and abandoning module Layers (152)
[2017.04.13-17.05.14:007][161]LogModuleManager: Shutting down and abandoning module ComponentVisualizers (151)
[2017.04.13-17.05.14:007][161]LogModuleManager: Shutting down and abandoning module DetailCustomizations (150)
[2017.04.13-17.05.14:011][161]LogModuleManager: Shutting down and abandoning module PackagesDialog (149)
[2017.04.13-17.05.14:012][161]LogModuleManager: Shutting down and abandoning module Persona (148)
[2017.04.13-17.05.14:016][161]LogModuleManager: Shutting down and abandoning module Kismet (147)
[2017.04.13-17.05.14:018][161]LogModuleManager: Shutting down and abandoning module GraphEditor (146)
[2017.04.13-17.05.14:022][161]LogModuleManager: Shutting down and abandoning module ClassViewer (145)
[2017.04.13-17.05.14:024][161]LogModuleManager: Shutting down and abandoning module Toolbox (144)
[2017.04.13-17.05.14:024][161]LogModuleManager: Shutting down and abandoning module ModuleUI (143)
[2017.04.13-17.05.14:025][161]LogModuleManager: Shutting down and abandoning module MovieSceneTools (142)
[2017.04.13-17.05.14:028][161]LogModuleManager: Shutting down and abandoning module OutputLog (141)
[2017.04.13-17.05.14:029][161]LogModuleManager: Shutting down and abandoning module GammaUI (140)
[2017.04.13-17.05.14:029][161]LogModuleManager: Shutting down and abandoning module Documentation (139)
[2017.04.13-17.05.14:029][161]LogModuleManager: Shutting down and abandoning module StreamingPauseRendering (138)
[2017.04.13-17.05.14:030][161]LogModuleManager: Shutting down and abandoning module AnalyticsET (137)
[2017.04.13-17.05.14:030][161]LogModuleManager: Shutting down and abandoning module Analytics (136)
[2017.04.13-17.05.14:030][161]LogModuleManager: Shutting down and abandoning module PortalServices (135)
[2017.04.13-17.05.14:030][161]LogModuleManager: Shutting down and abandoning module PortalRpc (134)
[2017.04.13-17.05.14:030][161]LogModuleManager: Shutting down and abandoning module MessagingRpc (133)
[2017.04.13-17.05.14:030][161]LogModuleManager: Shutting down and abandoning module GameplayDebugger (132)
[2017.04.13-17.05.14:031][161]LogModuleManager: Shutting down and abandoning module AITestSuite (131)
[2017.04.13-17.05.14:031][161]LogModuleManager: Shutting down and abandoning module AIModule (130)
[2017.04.13-17.05.14:031][161]LogModuleManager: Shutting down and abandoning module ProfilerService (129)
[2017.04.13-17.05.14:239][161]LogModuleManager: Shutting down and abandoning module TaskGraph (128)
[2017.04.13-17.05.14:242][161]LogModuleManager: Shutting down and abandoning module SlateRemote (127)
[2017.04.13-17.05.14:242][161]LogModuleManager: Shutting down and abandoning module SteamVRController (126)
[2017.04.13-17.05.14:242][161]LogModuleManager: Shutting down and abandoning module SteamVR (125)
[2017.04.13-17.05.14:243][161]LogModuleManager: Shutting down and abandoning module ProceduralMeshComponent (124)
[2017.04.13-17.05.14:243][161]LogModuleManager: Shutting down and abandoning module OculusLibrary (123)
[2017.04.13-17.05.14:243][161]LogModuleManager: Shutting down and abandoning module OculusInput (122)
[2017.04.13-17.05.14:243][161]LogModuleManager: Shutting down and abandoning module CustomMeshComponent (121)
[2017.04.13-17.05.14:243][161]LogModuleManager: Shutting down and abandoning module CableComponent (120)
[2017.04.13-17.05.14:243][161]LogModuleManager: Shutting down and abandoning module ArchVisCharacter (119)
[2017.04.13-17.05.14:243][161]LogModuleManager: Shutting down and abandoning module MediaPlayerEditor (118)
[2017.04.13-17.05.14:246][161]LogModuleManager: Shutting down and abandoning module HTML5Networking (117)
[2017.04.13-17.05.14:246][161]LogModuleManager: Shutting down and abandoning module SuperSearch (116)
[2017.04.13-17.05.14:247][161]LogModuleManager: Shutting down and abandoning module SuperSearchEditor (115)
[2017.04.13-17.05.14:247][161]LogModuleManager: Shutting down and abandoning module SpeedTreeImporter (114)
[2017.04.13-17.05.14:247][161]LogModuleManager: Shutting down and abandoning module PluginBrowser (113)
[2017.04.13-17.05.14:250][161]LogModuleManager: Shutting down and abandoning module EpicSurvey (112)
[2017.04.13-17.05.14:252][161]LogModuleManager: Shutting down and abandoning module DesktopPlatform (111)
[2017.04.13-17.05.14:252][161]LogModuleManager: Shutting down and abandoning module VisualStudioSourceCodeAccess (110)
[2017.04.13-17.05.14:253][161]LogModuleManager: Shutting down and abandoning module UObjectPlugin (109)
[2017.04.13-17.05.14:253][161]LogModuleManager: Shutting down and abandoning module SubversionSourceControl (108)
[2017.04.13-17.05.14:256][161]LogModuleManager: Shutting down and abandoning module PerforceSourceControl (107)
[2017.04.13-17.05.14:259][161]LogModuleManager: Shutting down and abandoning module SourceControl (106)
[2017.04.13-17.05.14:261][161]LogModuleManager: Shutting down and abandoning module GitSourceControl (105)
[2017.04.13-17.05.14:263][161]LogModuleManager: Shutting down and abandoning module LightPropagationVolumeEditor (104)
[2017.04.13-17.05.14:263][161]LogModuleManager: Shutting down and abandoning module PaperTiledImporter (103)
[2017.04.13-17.05.14:264][161]LogModuleManager: Shutting down and abandoning module PaperSpriteSheetImporter (102)
[2017.04.13-17.05.14:264][161]LogModuleManager: Shutting down and abandoning module MeshPaint (101)
[2017.04.13-17.05.14:264][161]LogModuleManager: Shutting down and abandoning module PixelInspectorModule (100)
[2017.04.13-17.05.14:266][161]LogModuleManager: Shutting down and abandoning module HotReload (99)
[2017.04.13-17.05.14:293][161]LogModuleManager: Shutting down and abandoning module MainFrame (98)
[2017.04.13-17.05.14:294][161]LogModuleManager: Shutting down and abandoning module LevelEditor (97)
[2017.04.13-17.05.14:298][161]LogModuleManager: Shutting down and abandoning module ContentBrowser (96)
[2017.04.13-17.05.14:300][161]LogModuleManager: Shutting down and abandoning module Paper2DEditor (95)
[2017.04.13-17.05.14:302][161]LogModuleManager: Shutting down and abandoning module UdpMessaging (94)
[2017.04.13-17.05.14:404][161]LogModuleManager: Shutting down and abandoning module LightPropagationVolumeRuntime (93)
[2017.04.13-17.05.14:404][161]LogModuleManager: Shutting down and abandoning module Paper2D (92)
[2017.04.13-17.05.14:404][161]LogModuleManager: Shutting down and abandoning module WindowsMoviePlayer (91)
[2017.04.13-17.05.14:405][161]LogModuleManager: Shutting down and abandoning module Media (90)
[2017.04.13-17.05.14:405][161]LogModuleManager: Shutting down and abandoning module WmfMedia (89)
[2017.04.13-17.05.14:409][161]LogModuleManager: Shutting down and abandoning module MediaAssets (88)
[2017.04.13-17.05.14:409][161]LogModuleManager: Shutting down and abandoning module GameLiveStreaming (87)
[2017.04.13-17.05.14:409][161]LogModuleManager: Shutting down and abandoning module GameplayTagsEditor (86)
[2017.04.13-17.05.14:410][161]LogModuleManager: Shutting down and abandoning module OnlineBlueprintSupport (85)
[2017.04.13-17.05.14:410][161]LogModuleManager: Shutting down and abandoning module VREditor (84)
[2017.04.13-17.05.14:410][161]LogModuleManager: Shutting down and abandoning module GameplayTasksEditor (83)
[2017.04.13-17.05.14:410][161]LogModuleManager: Shutting down and abandoning module PropertyEditor (82)
[2017.04.13-17.05.14:414][161]LogModuleManager: Shutting down and abandoning module BehaviorTreeEditor (81)
[2017.04.13-17.05.14:415][161]LogModuleManager: Shutting down and abandoning module FunctionalTesting (80)
[2017.04.13-17.05.14:415][161]LogModuleManager: Shutting down and abandoning module CollisionAnalyzer (79)
[2017.04.13-17.05.14:418][161]LogModuleManager: Shutting down and abandoning module Sequencer (78)
[2017.04.13-17.05.14:420][161]LogModuleManager: Shutting down and abandoning module WorkspaceMenuStructure (77)
[2017.04.13-17.05.14:422][161]LogModuleManager: Shutting down and abandoning module MessageLog (76)
[2017.04.13-17.05.14:423][161]LogModuleManager: Shutting down and abandoning module AssetTools (75)
[2017.04.13-17.05.14:427][161]LogModuleManager: Shutting down and abandoning module UMGEditor (74)
[2017.04.13-17.05.14:430][161]LogModuleManager: Shutting down and abandoning module UMG (73)
[2017.04.13-17.05.14:431][161]LogModuleManager: Shutting down and abandoning module SlateReflector (72)
[2017.04.13-17.05.14:435][161]LogModuleManager: Shutting down and abandoning module Slate (71)
[2017.04.13-17.05.14:436][161]LogModuleManager: Shutting down and abandoning module EditorStyle (70)
[2017.04.13-17.05.14:450][161]LogModuleManager: Shutting down and abandoning module SourceCodeAccess (69)
[2017.04.13-17.05.14:451][161]LogModuleManager: Shutting down and abandoning module HeadMountedDisplay (68)
[2017.04.13-17.05.14:451][161]LogModuleManager: Shutting down and abandoning module XAudio2 (67)
[2017.04.13-17.05.14:451][161]LogModuleManager: Shutting down and abandoning module Networking (65)
[2017.04.13-17.05.14:451][161]LogModuleManager: Shutting down and abandoning module Core (64)
[2017.04.13-17.05.14:451][161]LogModuleManager: Shutting down and abandoning module DirectoryWatcher (63)
[2017.04.13-17.05.14:458][161]LogModuleManager: Shutting down and abandoning module AssetRegistry (62)
[2017.04.13-17.05.15:498][161]LogModuleManager: Shutting down and abandoning module KismetCompiler (61)
[2017.04.13-17.05.15:499][161]LogModuleManager: Shutting down and abandoning module PhysXFormats (60)
[2017.04.13-17.05.15:500][161]LogModuleManager: Shutting down and abandoning module MeshUtilities (59)
[2017.04.13-17.05.15:501][161]LogModuleManager: Shutting down and abandoning module DerivedDataCache (58)
[2017.04.13-17.05.15:584][161]LogDerivedDataCache: Shutdown
[2017.04.13-17.05.15:584][161]LogModuleManager: Shutting down and abandoning module VulkanShaderFormat (57)
[2017.04.13-17.05.15:585][161]LogModuleManager: Shutting down and abandoning module ShaderFormatOpenGL (56)
[2017.04.13-17.05.15:586][161]LogModuleManager: Shutting down and abandoning module ShaderFormatD3D (55)
[2017.04.13-17.05.15:587][161]LogModuleManager: Shutting down and abandoning module MetalShaderFormat (54)
[2017.04.13-17.05.15:587][161]LogModuleManager: Shutting down and abandoning module TextureFormatUncompressed (53)
[2017.04.13-17.05.15:588][161]LogModuleManager: Shutting down and abandoning module TextureFormatPVR (52)
[2017.04.13-17.05.15:588][161]LogModuleManager: Shutting down and abandoning module TextureFormatIntelISPCTexComp (51)
[2017.04.13-17.05.15:589][161]LogModuleManager: Shutting down and abandoning module TextureFormatDXT (50)
[2017.04.13-17.05.15:589][161]LogModuleManager: Shutting down and abandoning module ImageWrapper (49)
[2017.04.13-17.05.15:589][161]LogModuleManager: Shutting down and abandoning module TextureFormatASTC (48)
[2017.04.13-17.05.15:590][161]LogModuleManager: Shutting down and abandoning module TextureFormatAndroid (47)
[2017.04.13-17.05.15:590][161]LogModuleManager: Shutting down and abandoning module AudioFormatOpus (46)
[2017.04.13-17.05.15:590][161]LogModuleManager: Shutting down and abandoning module AudioFormatOgg (45)
[2017.04.13-17.05.15:590][161]LogModuleManager: Shutting down and abandoning module AudioFormatADPCM (44)
[2017.04.13-17.05.15:590][161]LogModuleManager: Shutting down and abandoning module LinuxTargetPlatform (43)
[2017.04.13-17.05.15:590][161]LogModuleManager: Shutting down and abandoning module LinuxServerTargetPlatform (42)
[2017.04.13-17.05.15:590][161]LogModuleManager: Shutting down and abandoning module LinuxNoEditorTargetPlatform (41)
[2017.04.13-17.05.15:591][161]LogModuleManager: Shutting down and abandoning module TVOSTargetPlatform (40)
[2017.04.13-17.05.15:591][161]LogModuleManager: Shutting down and abandoning module Messaging (39)
[2017.04.13-17.05.15:591][161]LogModuleManager: Shutting down and abandoning module IOSTargetPlatform (38)
[2017.04.13-17.05.15:591][161]LogModuleManager: Shutting down and abandoning module HTML5TargetPlatform (37)
[2017.04.13-17.05.15:592][161]LogModuleManager: Shutting down and abandoning module Android_PVRTCTargetPlatform (36)
[2017.04.13-17.05.15:592][161]LogModuleManager: Shutting down and abandoning module Android_MultiTargetPlatform (35)
[2017.04.13-17.05.15:592][161]LogModuleManager: Shutting down and abandoning module Android_ETC2TargetPlatform (34)
[2017.04.13-17.05.15:593][161]LogModuleManager: Shutting down and abandoning module Android_ETC1TargetPlatform (33)
[2017.04.13-17.05.15:593][161]LogModuleManager: Shutting down and abandoning module Android_DXTTargetPlatform (32)
[2017.04.13-17.05.15:593][161]LogModuleManager: Shutting down and abandoning module Android_ATCTargetPlatform (31)
[2017.04.13-17.05.15:594][161]LogModuleManager: Shutting down and abandoning module Android_ASTCTargetPlatform (30)
[2017.04.13-17.05.15:594][161]LogModuleManager: Shutting down and abandoning module AndroidTargetPlatform (29)
[2017.04.13-17.05.15:594][161]LogModuleManager: Shutting down and abandoning module WindowsTargetPlatform (28)
[2017.04.13-17.05.15:595][161]LogModuleManager: Shutting down and abandoning module WindowsServerTargetPlatform (27)
[2017.04.13-17.05.15:619][161]LogModuleManager: Shutting down and abandoning module WindowsNoEditorTargetPlatform (26)
[2017.04.13-17.05.15:619][161]LogModuleManager: Shutting down and abandoning module WindowsClientTargetPlatform (25)
[2017.04.13-17.05.15:620][161]LogModuleManager: Shutting down and abandoning module AllDesktopTargetPlatform (24)
[2017.04.13-17.05.15:620][161]LogModuleManager: Shutting down and abandoning module TargetPlatform (23)
[2017.04.13-17.05.15:621][161]LogModuleManager: Shutting down and abandoning module InputCore (22)
[2017.04.13-17.05.15:645][161]LogModuleManager: Shutting down and abandoning module Settings (21)
[2017.04.13-17.05.15:646][161]LogModuleManager: Shutting down and abandoning module OnlineSubsystem (19)
[2017.04.13-17.05.15:646][161]LogModuleManager: Shutting down and abandoning module HTTP (18)
[2017.04.13-17.05.19:759][161]LogModuleManager: Shutting down and abandoning module XMPP (17)
[2017.04.13-17.05.19:843][161]LogModuleManager: Shutting down and abandoning module OculusRift (16)
[2017.04.13-17.05.19:846][161]LogModuleManager: Shutting down and abandoning module ExampleDeviceProfileSelector (15)
[2017.04.13-17.05.19:846][161]LogModuleManager: Shutting down and abandoning module TextureCompressor (14)
[2017.04.13-17.05.19:852][161]LogModuleManager: Shutting down and abandoning module ShaderCore (13)
[2017.04.13-17.05.19:853][161]LogModuleManager: Shutting down and abandoning module Landscape (12)
[2017.04.13-17.05.19:853][161]LogModuleManager: Shutting down and abandoning module SlateRHIRenderer (11)
[2017.04.13-17.05.19:933][161]LogModuleManager: Shutting down and abandoning module OpenGLDrv (10)
[2017.04.13-17.05.19:959][161]LogModuleManager: Shutting down and abandoning module D3D11RHI (9)
[2017.04.13-17.05.19:959][161]LogModuleManager: Shutting down and abandoning module AnimGraphRuntime (8)
[2017.04.13-17.05.19:962][161]LogModuleManager: Shutting down and abandoning module Renderer (7)
[2017.04.13-17.05.19:982][161]LogModuleManager: Shutting down and abandoning module Engine (6)
[2017.04.13-17.05.20:005][161]LogModuleManager: Shutting down and abandoning module CoreUObject (5)
[2017.04.13-17.05.20:005][161]LogModuleManager: Shutting down and abandoning module NetworkFile (4)
[2017.04.13-17.05.20:028][161]LogModuleManager: Shutting down and abandoning module StreamingFile (3)
[2017.04.13-17.05.20:052][161]LogModuleManager: Shutting down and abandoning module SandboxFile (2)
[2017.04.13-17.05.20:076][161]LogModuleManager: Shutting down and abandoning module PakFile (1)
[2017.04.13-17.05.20:166][161]LogExit: Exiting.
[2017.04.13-17.05.20:195][161]Log file closed, 04/14/17 02:05:20
