Log file open, 04/14/17 06:09:22
LogInit:Display: Running engine for game: map
LogPlatformFile: Not using cached read wrapper
LogInit:Display: RandInit(-521035756) SRandInit(-521035755).
LogTaskGraph: Started task graph with 4 named threads and 7 total threads with 1 sets of task threads.
LogStats: Stats thread started at 0.081506
LogInit: Version: 4.12.5-3039270+++UE4+Release-4.12
LogInit: API Version: 2992821
LogInit: Net Version: 3039270
LogDevObjectVersion: Number of dev versions registered: 13
LogDevObjectVersion:   Dev-Blueprints (B0D832E4-1F89-4F0D-ACCF-7EB736FD4AA2): 3
LogDevObjectVersion:   Dev-Build (E1C64328-A22C-4D53-A36C-8E866417BD8C): 0
LogDevObjectVersion:   Dev-Core (375EC13C-06E4-48FB-B500-84F0262A717E): 1
LogDevObjectVersion:   Dev-Editor (E4B068ED-F494-42E9-A231-DA0B2E46BB41): 2
LogDevObjectVersion:   Dev-Framework (CFFC743F-43B0-4480-9391-14DF171D2073): 6
LogDevObjectVersion:   Dev-Mobile (B02B49B5-BB20-44E9-A304-32B752E40360): 0
LogDevObjectVersion:   Dev-Networking (A4E4105C-59A1-49B5-A7C5-40C4547EDFEE): 0
LogDevObjectVersion:   Dev-Online (39C831C9-5AE6-47DC-9A44-9C173E1C8E7C): 0
LogDevObjectVersion:   Dev-Physics (78F01B33-EBEA-4F98-B9B4-84EACCB95AA2): 0
LogDevObjectVersion:   Dev-Platform (6631380F-2D4D-43E0-8009-CF276956A95A): 0
LogDevObjectVersion:   Dev-Rendering (12F88B9F-8875-4AFC-A67C-D90C383ABD29): 2
LogDevObjectVersion:   Dev-Sequencer (7B5AE74C-D270-4C10-A958-57980B212A5A): 0
LogDevObjectVersion:   Dev-VR (D7296918-1DD6-4BDD-9DE2-64A83CC13884): 0
LogInit: Compiled (64-bit): Jul  6 2016 09:09:46
LogInit: Compiled with Visual C++: 19.00.23026.00
LogInit: Build Configuration: Development
LogInit: Branch Name: ++UE4+Release-4.12
LogInit: Command line:  
LogInit: Base directory: C:/Program Files (x86)/Epic Games/4.12/Engine/Binaries/Win64/
LogInit: Installed Engine Build: 1
LogInit: Using libcurl 7.41.0
LogInit:  - built for x86_64-pc-win32
LogInit:  - supports SSL with WinSSL
LogInit:  - other features:
LogInit:      CURL_VERSION_SSL
LogInit:      CURL_VERSION_IPV6
LogInit:      CURL_VERSION_ASYNCHDNS
LogInit:      CURL_VERSION_LARGEFILE
LogInit:      CURL_VERSION_IDN
LogInit:  CurlRequestOptions (configurable via config and command line):
LogInit:  - bVerifyPeer = true  - Libcurl will verify peer certificate
LogInit:  - bUseHttpProxy = false  - Libcurl will NOT use HTTP proxy
LogInit:  - bDontReuseConnections = false  - Libcurl will reuse connections
LogInit:  - CertBundlePath = nullptr  - Libcurl will use whatever was configured at build time.
LogInit: Presizing for max 8388607 objects, including 0 objects not considered by GC, pre-allocating 0 bytes for permanent pool.
LogInit: Object subsystem initialized
[2017.04.13-21.09.22:404][  0]LogInit: Selected Device Profile: [Windows]
[2017.04.13-21.09.22:404][  0]LogInit: Applying CVar settings loaded from the selected device profile: [Windows]
[2017.04.13-21.09.22:414][  0]LogInit: Computer: DESKTOP-5I3HB32
[2017.04.13-21.09.22:414][  0]LogInit: User: jcy
[2017.04.13-21.09.22:414][  0]LogInit: CPU Page size=65536, Cores=4
[2017.04.13-21.09.22:414][  0]LogInit: High frequency timer resolution =2.533210 MHz
[2017.04.13-21.09.22:414][  0]LogMemory: Memory total: Physical=11.9GB (12GB approx)
[2017.04.13-21.09.22:414][  0]LogMemory: Platform Memory Stats for Windows
[2017.04.13-21.09.22:414][  0]LogMemory: Process Physical Memory: 190.93 MB used, 190.93 MB peak
[2017.04.13-21.09.22:414][  0]LogMemory: Process Virtual Memory: 195.20 MB used, 195.20 MB peak
[2017.04.13-21.09.22:414][  0]LogMemory: Physical Memory: 5973.46 MB used, 12209.86 MB total
[2017.04.13-21.09.22:414][  0]LogMemory: Virtual Memory: 553.48 MB used, 134217728.00 MB total
[2017.04.13-21.09.22:836][  0]LogD3D11RHI: D3D11 adapters:
[2017.04.13-21.09.23:503][  0]LogD3D11RHI:    0. 'NVIDIA GeForce GTX 960M' (Feature Level 11_0)
[2017.04.13-21.09.23:503][  0]LogD3D11RHI:       2019/0/6104 MB DedicatedVideo/DedicatedSystem/SharedSystem, Outputs:2, VendorId:0x10de
[2017.04.13-21.09.23:509][  0]LogD3D11RHI:    1. 'Intel(R) HD Graphics 4600' (Feature Level 11_0)
[2017.04.13-21.09.23:509][  0]LogD3D11RHI:       112/0/2048 MB DedicatedVideo/DedicatedSystem/SharedSystem, Outputs:0, VendorId:0x8086
[2017.04.13-21.09.23:510][  0]LogD3D11RHI:    2. 'Microsoft Basic Render Driver' (Feature Level 11_0)
[2017.04.13-21.09.23:510][  0]LogD3D11RHI:       0/0/6104 MB DedicatedVideo/DedicatedSystem/SharedSystem, Outputs:0, VendorId:0x1414
[2017.04.13-21.09.23:510][  0]LogD3D11RHI: Chosen D3D11 Adapter: 0
[2017.04.13-21.09.23:516][  0]LogD3D11RHI: Creating new Direct3DDevice
[2017.04.13-21.09.23:516][  0]LogD3D11RHI:     GPU DeviceId: 0x139b (for the marketing name, search the web for "GPU Device Id")
[2017.04.13-21.09.23:516][  0]LogWindows: EnumDisplayDevices:
[2017.04.13-21.09.23:516][  0]LogWindows:    0. 'Intel(R) HD Graphics 4600' (P:1 D:1)
[2017.04.13-21.09.23:516][  0]LogWindows:    1. 'Intel(R) HD Graphics 4600' (P:0 D:1)
[2017.04.13-21.09.23:516][  0]LogWindows:    2. 'Intel(R) HD Graphics 4600' (P:0 D:0)
[2017.04.13-21.09.23:516][  0]LogWindows: DebugString: PrimaryIsNotTheChoosenAdapter PrimaryIsNotTheChoosenAdapter PrimaryIsNotTheChoosenAdapter FoundDriverCount:0 
[2017.04.13-21.09.23:516][  0]LogD3D11RHI:     Adapter Name: NVIDIA GeForce GTX 960M
[2017.04.13-21.09.23:516][  0]LogD3D11RHI:   Driver Version: Unknown (internal:Unknown, unified:Unknown)
[2017.04.13-21.09.23:516][  0]LogD3D11RHI:      Driver Date: Unknown
[2017.04.13-21.09.23:516][  0]LogRHI: Texture pool is 1361 MB (70% of 1945 MB)
[2017.04.13-21.09.24:097][  0]LogD3D11RHI: Async texture creation enabled
[2017.04.13-21.09.24:200][  0]LogD3D11RHI: GPU Timing Frequency: 1000.000000 (Debug: 2 1)
[2017.04.13-21.09.24:200][  0]LogShaderCompilers: Guid format shader working directory is -1 characters bigger than the processId version (../../../../../../Users/jcy/Downloads/map (2)/Intermediate/Shaders/WorkingDirectory/7876/).
[2017.04.13-21.09.24:200][  0]LogShaderCompilers: Cleaned the shader compiler working directory 'C:/Users/jcy/AppData/Local/Temp/UnrealShaderWorkingDir/5E406A744A739A20684510B6B54FDFBB/'.
[2017.04.13-21.09.24:200][  0]LogShaderCompilers:Display: Using Local Shader Compiler.
[2017.04.13-21.09.25:089][  0]LogTemp:Display: Loaded TP AllDesktopTargetPlatform
[2017.04.13-21.09.25:099][  0]LogTemp:Display: Loaded TP WindowsClientTargetPlatform
[2017.04.13-21.09.25:108][  0]LogTemp:Display: Loaded TP WindowsNoEditorTargetPlatform
[2017.04.13-21.09.25:118][  0]LogTemp:Display: Loaded TP WindowsServerTargetPlatform
[2017.04.13-21.09.25:128][  0]LogTemp:Display: Loaded TP WindowsTargetPlatform
[2017.04.13-21.09.25:137][  0]LogTemp:Display: Loaded TP AndroidTargetPlatform
[2017.04.13-21.09.25:145][  0]LogTemp:Display: Loaded TP Android_ASTCTargetPlatform
[2017.04.13-21.09.25:152][  0]LogTemp:Display: Loaded TP Android_ATCTargetPlatform
[2017.04.13-21.09.25:160][  0]LogTemp:Display: Loaded TP Android_DXTTargetPlatform
[2017.04.13-21.09.25:168][  0]LogTemp:Display: Loaded TP Android_ETC1TargetPlatform
[2017.04.13-21.09.25:176][  0]LogTemp:Display: Loaded TP Android_ETC2TargetPlatform
[2017.04.13-21.09.25:192][  0]LogTemp:Display: Loaded TP Android_MultiTargetPlatform
[2017.04.13-21.09.25:192][  0]LogTemp:Display: Loaded TP Android_PVRTCTargetPlatform
[2017.04.13-21.09.25:192][  0]LogTemp:Display: Loaded TP HTML5TargetPlatform
[2017.04.13-21.09.25:217][  0]LogTemp:Display: Loaded TP IOSTargetPlatform
[2017.04.13-21.09.25:223][  0]LogTemp:Display: Loaded TP TVOSTargetPlatform
[2017.04.13-21.09.25:230][  0]LogTemp:Display: Loaded TP LinuxNoEditorTargetPlatform
[2017.04.13-21.09.25:238][  0]LogTemp:Display: Loaded TP LinuxServerTargetPlatform
[2017.04.13-21.09.25:245][  0]LogTemp:Display: Loaded TP LinuxTargetPlatform
[2017.04.13-21.09.25:245][  0]LogTargetPlatformManager:Display: Building Assets For Windows
[2017.04.13-21.09.25:329][  0]LogDerivedDataCache:Display: Max Cache Size: 512 MB
[2017.04.13-21.09.25:801][  0]LogDerivedDataCache: Loaded boot cache 0.47s 48MB C:/Users/jcy/AppData/Local/UnrealEngine/4.12/DerivedDataCache/Boot.ddc.
[2017.04.13-21.09.25:802][  0]LogDerivedDataCache:Display: Loaded Boot cache: C:/Users/jcy/AppData/Local/UnrealEngine/4.12/DerivedDataCache/Boot.ddc
[2017.04.13-21.09.25:802][  0]LogDerivedDataCache: FDerivedDataBackendGraph:  Pak pak cache file ../../../../../../Users/jcy/Downloads/map (2)/DerivedDataCache/DDC.ddp not found, will not use a pak cache.
[2017.04.13-21.09.25:802][  0]LogDerivedDataCache: Unable to find inner node Pak for hierarchical cache Hierarchy.
[2017.04.13-21.09.25:802][  0]LogDerivedDataCache: FDerivedDataBackendGraph:  CompressedPak pak cache file ../../../../../../Users/jcy/Downloads/map (2)/DerivedDataCache/Compressed.ddp not found, will not use a pak cache.
[2017.04.13-21.09.25:802][  0]LogDerivedDataCache: Unable to find inner node CompressedPak for hierarchical cache Hierarchy.
[2017.04.13-21.09.25:818][  0]LogDerivedDataCache:Display: Pak cache opened for reading ../../../Engine/DerivedDataCache/Compressed.ddp.
[2017.04.13-21.09.25:829][  0]LogDerivedDataCache: Using Local data cache path C:/Users/jcy/AppData/Local/UnrealEngine/Common/DerivedDataCache: Writable
[2017.04.13-21.09.27:404][  0]LogInit: Selected Device Profile: [Windows]
[2017.04.13-21.09.27:404][  0]LogContentStreaming: Texture pool size is 0.00 MB
[2017.04.13-21.09.27:524][  0]LogMaterial: Missing cached shader map for material WorldGridMaterial, compiling. Is special engine material.
[2017.04.13-21.13.52:099][  0]LogMaterial: Missing cached shader map for material DefaultDeferredDecalMaterial, compiling. 
[2017.04.13-21.13.55:287][  0]LogMaterial: Missing cached shader map for material DefaultLightFunctionMaterial, compiling. 
[2017.04.13-21.13.56:511][  0]LogMaterial: Missing cached shader map for material DefaultPostProcessMaterial, compiling. 
[2017.04.13-21.13.57:555][  0]LogMaterial: Missing cached shader map for material Widget3DPassThrough, compiling. 
[2017.04.13-21.13.57:562][  0]LogMaterial: Missing cached shader map for material Widget3DPassThrough, compiling. 
[2017.04.13-21.13.57:570][  0]LogMaterial: Missing cached shader map for material Widget3DPassThrough, compiling. 
[2017.04.13-21.13.57:577][  0]LogMaterial: Missing cached shader map for material Widget3DPassThrough, compiling. 
[2017.04.13-21.13.57:589][  0]LogMaterial: Missing cached shader map for material Widget3DPassThrough, compiling. 
[2017.04.13-21.13.57:603][  0]LogMaterial: Missing cached shader map for material Widget3DPassThrough, compiling. 
[2017.04.13-21.13.57:669][  0]LogMeshUtilities: No automatic mesh reduction module available
[2017.04.13-21.13.57:669][  0]LogMeshUtilities: No automatic mesh merging module available
[2017.04.13-21.13.57:669][  0]LogMeshUtilities: No distributed automatic mesh merging module available
[2017.04.13-21.13.57:732][  0]LogMaterial: Missing cached shader map for material SkySphereMaterial, compiling. 
[2017.04.13-21.13.57:749][  0]LogMaterial: Missing cached shader map for material FloorPlaneMaterial, compiling. 
[2017.04.13-21.13.57:861][  0]LogMaterial: Missing cached shader map for material LandscapeGizmo_Mat, compiling. 
[2017.04.13-21.13.57:899][  0]LogMaterial: Missing cached shader map for material LandscapeGizmoHeight_Mat, compiling. 
[2017.04.13-21.13.57:940][  0]LogMaterial: Missing cached shader map for material SplineEditorMeshMat, compiling. 
[2017.04.13-21.13.57:959][  0]LogMaterial: Missing cached shader map for material MatineeCam_mat, compiling. 
[2017.04.13-21.13.57:990][  0]LogMaterial: Missing cached shader map for material HelpActorMaterial, compiling. 
[2017.04.13-21.13.58:161][  0]LogMaterial: Missing cached shader map for material DefaultTextMaterialOpaque, compiling. 
[2017.04.13-21.13.58:255][  0]LogMaterial: Missing cached shader map for material DefaultMaterial, compiling. 
[2017.04.13-21.13.58:339][  0]LogAssetRegistry: FAssetRegistry took 0.0219 seconds to start up
[2017.04.13-21.13.58:375][  0]LogPackageLocalizationCache: Processed 3 localized package path(s) for 1 prioritized culture(s) in 0.028886 seconds
[2017.04.13-21.13.58:386][  0]LogUObjectArray: 28739 objects as part of root set at end of initial load.
[2017.04.13-21.13.58:386][  0]LogUObjectAllocator: 5855632 out of 0 bytes used by permanent object pool.
[2017.04.13-21.13.58:386][  0]LogUObjectArray: CloseDisregardForGC: 0/0 objects in disregard for GC pool
[2017.04.13-21.13.58:408][  0]LogInit: WinSock: version 1.1 (2.2), MaxSocks=32767, MaxUdp=65467
[2017.04.13-21.13.58:722][  0]LogMaterial: Missing cached shader map for material CineMat, compiling. 
[2017.04.13-21.13.58:769][  0]LogMaterial: Missing cached shader map for material M_SimpleOpaque, compiling. 
[2017.04.13-21.13.58:791][  0]LogMaterial: Missing cached shader map for material M_SimpleTranslucent, compiling. 
[2017.04.13-21.13.58:931][  0]LogMaterial: Missing cached shader map for material TransformGizmoMaterial, compiling. 
[2017.04.13-21.13.58:945][  0]LogMaterial: Missing cached shader map for material TranslucentTransformGizmoMaterial, compiling. 
[2017.04.13-21.13.58:983][  0]LogMaterial: Missing cached shader map for material VRTextMaterial, compiling. 
[2017.04.13-21.13.59:003][  0]LogMaterial: Missing cached shader map for material LineMaterial, compiling. 
[2017.04.13-21.13.59:015][  0]LogMaterial: Missing cached shader map for material VRTextMaterial, compiling. 
[2017.04.13-21.13.59:035][  0]LogMaterial: Missing cached shader map for material M_ContentWindow, compiling. 
[2017.04.13-21.13.59:124][  0]LogSlate: SlateFontCache - WITH_FREETYPE: 1, WITH_HARFBUZZ: 1
[2017.04.13-21.13.59:124][  0]LogSlate: SlateFontCache - WITH_FREETYPE: 1, WITH_HARFBUZZ: 1
[2017.04.13-21.14.21:815][  0]LogMaterial: Missing cached shader map for material DefaultSpriteMaterial, compiling. 
[2017.04.13-21.14.21:833][  0]LogMaterial: Missing cached shader map for material DefaultSpriteMaterial, compiling. 
[2017.04.13-21.14.21:888][  0]LogUdpMessaging: Initializing bridge on interface 0.0.0.0:0 to multicast group 230.0.0.1:6666.
[2017.04.13-21.14.22:349][  0]LogMaterial: Missing cached shader map for material BaseColor, compiling. 
[2017.04.13-21.14.22:360][  0]LogMaterial: Missing cached shader map for material CustomDepth, compiling. 
[2017.04.13-21.14.22:381][  0]LogMaterial: Missing cached shader map for material CustomStencil, compiling. 
[2017.04.13-21.14.22:393][  0]LogMaterial: Missing cached shader map for material FinalImage, compiling. 
[2017.04.13-21.14.22:405][  0]LogMaterial: Missing cached shader map for material LightingModel, compiling. 
[2017.04.13-21.14.22:417][  0]LogMaterial: Missing cached shader map for material MaterialAO, compiling. 
[2017.04.13-21.14.22:427][  0]LogMaterial: Missing cached shader map for material Metallic, compiling. 
[2017.04.13-21.14.22:437][  0]LogMaterial: Missing cached shader map for material Opacity, compiling. 
[2017.04.13-21.14.22:448][  0]LogMaterial: Missing cached shader map for material Roughness, compiling. 
[2017.04.13-21.14.22:460][  0]LogMaterial: Missing cached shader map for material SceneColor, compiling. 
[2017.04.13-21.14.22:472][  0]LogMaterial: Missing cached shader map for material SceneDepth, compiling. 
[2017.04.13-21.14.22:482][  0]LogMaterial: Missing cached shader map for material SeparateTranslucencyRGB, compiling. 
[2017.04.13-21.14.22:491][  0]LogMaterial: Missing cached shader map for material SeparateTranslucencyA, compiling. 
[2017.04.13-21.14.22:501][  0]LogMaterial: Missing cached shader map for material Specular, compiling. 
[2017.04.13-21.14.22:510][  0]LogMaterial: Missing cached shader map for material SubsurfaceColor, compiling. 
[2017.04.13-21.14.22:522][  0]LogMaterial: Missing cached shader map for material WorldNormal, compiling. 
[2017.04.13-21.14.22:535][  0]LogMaterial: Missing cached shader map for material AmbientOcclusion, compiling. 
[2017.04.13-21.14.22:552][  0]LogMaterial: Missing cached shader map for material CustomDepthWorldUnits, compiling. 
[2017.04.13-21.14.22:564][  0]LogMaterial: Missing cached shader map for material SceneDepthWorldUnits, compiling. 
[2017.04.13-21.14.22:573][  0]LogMaterial: Missing cached shader map for material HDRColor, compiling. 
[2017.04.13-21.14.22:733][  0]SourceControl: Info Source control is disabled
[2017.04.13-21.14.22:735][  0]SourceControl: Info Source control is disabled
[2017.04.13-21.14.22:757][  0]SourceControl: Info Source control is disabled
[2017.04.13-21.14.22:778][  0]SourceControl: Info Source control is disabled
[2017.04.13-21.14.23:365][  0]LogMaterial: Missing cached shader map for material HighResScreenshot, compiling. 
[2017.04.13-21.14.23:379][  0]LogMaterial: Missing cached shader map for material HighResScreenshotMask, compiling. 
[2017.04.13-21.14.23:398][  0]LogMaterial: Missing cached shader map for material HighResScreenshotCaptureRegion, compiling. 
[2017.04.13-21.14.23:443][  0]LogEngine: Initializing Engine...
[2017.04.13-21.14.23:444][  0]LogHMD: SteamVR failed to initialize.  Err: 110
[2017.04.13-21.14.23:446][  0]LogHMD: SteamVR failed to initialize.  Err: 110
[2017.04.13-21.14.23:452][  0]LogMaterial: Missing cached shader map for material WireframeMaterial, compiling. Is special engine material.
[2017.04.13-21.14.23:642][  0]LogMaterial: Missing cached shader map for material LevelColorationLitMaterial, compiling. Is special engine material.
[2017.04.13-21.14.24:036][  0]LogMaterial: Missing cached shader map for material LevelColorationUnlitMaterial, compiling. Is special engine material.
[2017.04.13-21.14.24:213][  0]LogMaterial: Missing cached shader map for material MAT_LevelColorationLitLightmapUV, compiling. Is special engine material.
[2017.04.13-21.14.24:576][  0]LogMaterial: Missing cached shader map for material ShadedLevelColorationLitMaterial, compiling. Is special engine material.
[2017.04.13-21.14.24:947][  0]LogMaterial: Missing cached shader map for material ShadedLevelColorationUnlitMateri, compiling. Is special engine material.
[2017.04.13-21.14.25:110][  0]LogMaterial: Missing cached shader map for material VertexColorMaterial, compiling. 
[2017.04.13-21.14.25:149][  0]LogMaterial: Missing cached shader map for material VertexColorViewMode_ColorOnly, compiling. 
[2017.04.13-21.14.25:166][  0]LogMaterial: Missing cached shader map for material VertexColorViewMode_AlphaAsColor, compiling. 
[2017.04.13-21.14.25:181][  0]LogMaterial: Missing cached shader map for material VertexColorViewMode_RedOnly, compiling. 
[2017.04.13-21.14.25:194][  0]LogMaterial: Missing cached shader map for material VertexColorViewMode_GreenOnly, compiling. 
[2017.04.13-21.14.25:209][  0]LogMaterial: Missing cached shader map for material VertexColorViewMode_BlueOnly, compiling. 
[2017.04.13-21.14.25:223][  0]LogMaterial: Missing cached shader map for material RemoveSurfaceMaterial, compiling. 
[2017.04.13-21.14.25:233][  0]LogMaterial: Missing cached shader map for material DebugMeshMaterial, compiling. 
[2017.04.13-21.14.25:248][  0]LogMaterial: Missing cached shader map for material M_InvalidLightmapSettings, compiling. 
[2017.04.13-21.14.25:273][  0]LogMaterial: Missing cached shader map for material GizmoMaterial, compiling. 
[2017.04.13-21.14.25:288][  0]LogMaterial: Missing cached shader map for material GeomMaterial, compiling. 
[2017.04.13-21.14.25:300][  0]LogMaterial: Missing cached shader map for material EditorBrushMaterial, compiling. 
[2017.04.13-21.14.25:315][  0]LogMaterial: Missing cached shader map for material BoneWeightMaterial, compiling. 
[2017.04.13-21.14.25:374][  0]LogMaterial: Missing cached shader map for material PreviewShadowIndicatorMaterial, compiling. 
[2017.04.13-21.14.25:390][  0]LogMaterial: Missing cached shader map for material PhAT_JointLimitMaterial, compiling. 
[2017.04.13-21.14.25:429][  0]LogAIModule: Creating AISystem for world NewWorld
[2017.04.13-21.14.25:436][  0]LogInit: XAudio2 using '스피커(Realtek High Definition Audio)' : 2 channels at 48 kHz using 32 bits per sample (channel mask 0x3)
[2017.04.13-21.14.25:486][  0]LogInit: FAudioDevice initialized.
[2017.04.13-21.14.25:534][  0]LogDerivedDataCache: Saved boot cache 0.05s 51MB C:/Users/jcy/AppData/Local/UnrealEngine/4.12/DerivedDataCache/Boot.ddc.
[2017.04.13-21.14.25:548][  0]LogInit: Texture streaming: Enabled
[2017.04.13-21.14.25:606][  0]LogWindowsTextInputMethodSystem:Display: IME system now activated using TSF (Microsoft 입력기).
[2017.04.13-21.14.25:675][  0]LogInit: Transaction tracking system initialized
[2017.04.13-21.14.25:744][  0]BlueprintLog: New page: Editor Load
[2017.04.13-21.14.26:021][  0]LocalizationService: Info Localization service is disabled
[2017.04.13-21.14.26:273][  0]LogConsoleResponse:Display: 
[2017.04.13-21.14.26:306][  0]LogMaterial: Missing cached shader map for material Cross_Mat, compiling. 
[2017.04.13-21.14.26:328][  0]LogMaterial: Missing cached shader map for material PhAT_BoneSelectedMaterial, compiling. 
[2017.04.13-21.14.26:341][  0]LogMaterial: Missing cached shader map for material PhAT_ElemSelectedMaterial, compiling. 
[2017.04.13-21.14.26:353][  0]LogMaterial: Missing cached shader map for material PhAT_NoCollisionMaterial, compiling. 
[2017.04.13-21.14.26:366][  0]LogMaterial: Missing cached shader map for material PhAT_UnselectedMaterial, compiling. 
[2017.04.13-21.14.26:397][  0]LogMaterial: Missing cached shader map for material Tick_Mat, compiling. 
[2017.04.13-21.14.26:430][  0]LogMaterial: Missing cached shader map for material WidgetGridVertexColorMaterial_Ma, compiling. 
[2017.04.13-21.14.26:443][  0]LogMaterial: Missing cached shader map for material WidgetMaterial, compiling. 
[2017.04.13-21.14.26:458][  0]LogMaterial: Missing cached shader map for material WidgetMaterial_Current, compiling. 
[2017.04.13-21.14.26:472][  0]LogMaterial: Missing cached shader map for material WidgetMaterial_X, compiling. 
[2017.04.13-21.14.26:488][  0]LogMaterial: Missing cached shader map for material WidgetMaterial_Y, compiling. 
[2017.04.13-21.14.26:503][  0]LogMaterial: Missing cached shader map for material WidgetMaterial_Z, compiling. 
[2017.04.13-21.14.26:520][  0]LogMaterial: Missing cached shader map for material WidgetVertexColorMaterial, compiling. 
[2017.04.13-21.14.26:581][  0]LogMaterial: Missing cached shader map for material LevelGridMaterial, compiling. 
[2017.04.13-21.14.26:824][  0]LogMaterial: Missing cached shader map for material BlinkingCaret, compiling. 
[2017.04.13-21.14.27:173][  0]LogMaterial: Missing cached shader map for material M_StreamingPause, compiling. 
[2017.04.13-21.14.27:201][  0]LogCook:Display: Max memory allowance for cook 8192mb
[2017.04.13-21.14.27:201][  0]LogCook:Display: Mobile HDR setting 1
[2017.04.13-21.14.27:519][  0]LogFileCache: Scanning file cache for directory 'C:/Users/jcy/Downloads/map (2)/Content/' took 0.03s
[2017.04.13-21.14.27:941][  0]SourceControl: Info Source control is disabled
[2017.04.13-21.14.27:941][  0]Cmd: MAP LOAD FILE="../../../../../../Users/jcy/Downloads/map (2)/Content/ThirdPersonBP/Maps/ThirdPersonExampleMap.umap" TEMPLATE=0 SHOWPROGRESS=1 FEATURELEVEL=3
[2017.04.13-21.14.27:941][  0]LightingResults: New page: Lighting Build
[2017.04.13-21.14.27:949][  0]MapCheck: New page: Map Check
[2017.04.13-21.14.27:949][  0]LightingResults: New page: Lighting Build
[2017.04.13-21.14.28:560][  0]LogMaterial: Missing cached shader map for material M_Sky_Panning_Clouds2, compiling. 
[2017.04.13-21.14.28:577][  0]LogMaterial: Missing cached shader map for material AntiAliasedTextMaterialTranslucent, compiling. 
[2017.04.13-21.14.28:669][  0]LogMaterial: Missing cached shader map for material M_UE4Man_Body, compiling. 
[2017.04.13-21.14.28:752][  0]LogMaterial: Missing cached shader map for material M_UE4Man_Body, compiling. 
[2017.04.13-21.14.28:914][  0]LogMaterial: Missing cached shader map for material RampMaterial, compiling. 
[2017.04.13-21.14.28:936][  0]LogMaterial: Missing cached shader map for material CubeMaterial, compiling. 
[2017.04.13-21.14.28:954][  0]LogAIModule: Creating AISystem for world ThirdPersonExampleMap
[2017.04.13-21.14.29:691][  0]LogEditorServer: Finished looking for orphan Actors (0.000 secs)
[2017.04.13-21.14.29:692][  0]Cmd: MAP CHECKDEP NOCLEARLOG
[2017.04.13-21.14.29:790][  0]MapCheck: Info Map check complete: 0 Error(s), 0 Warning(s), took 97.504ms to complete.
[2017.04.13-21.14.29:790][  0]LogFileHelpers: Loading map 'ThirdPersonExampleMap' took 1.849
[2017.04.13-21.14.30:105][  0]LogCollectionManager: Loaded 0 collections in 0.005717 seconds
[2017.04.13-21.14.30:160][  0]LogFileCache: Scanning file cache for directory 'C:/Users/jcy/Downloads/map (2)/Saved/Collections/' took 0.01s
[2017.04.13-21.14.30:160][  0]LogFileCache: Scanning file cache for directory 'C:/Users/jcy/Downloads/map (2)/Content/Developers/jcy/Collections/' took 0.01s
[2017.04.13-21.14.30:160][  0]LogFileCache: Scanning file cache for directory 'C:/Users/jcy/Downloads/map (2)/Content/Collections/' took 0.01s
[2017.04.13-21.14.30:160][  0]LogCollectionManager: Rebuilt the GUID cache for 0 collections in 0.000004 seconds
[2017.04.13-21.14.30:177][  0]LogContentBrowser: Native class hierarchy populated in 0.0166 seconds. Added 2047 classes and 369 folders.
[2017.04.13-21.14.30:187][  0]LogStats: UGameplayTagsManager::ConstructGameplayTagTree: Construct from data asset -  0.000 s
[2017.04.13-21.14.30:187][  0]LogStats: UGameplayTagsManager::ConstructGameplayTagTree: GameplayTagTreeChangedEvent.Broadcast -  0.000 s
[2017.04.13-21.14.30:188][  0]LogContentBrowser: Native class hierarchy updated for 'GameplayTags' in 0.0009 seconds. Added 12 classes and 0 folders.
[2017.04.13-21.14.30:204][  0]LogContentBrowser: Native class hierarchy updated for 'WidgetCarousel' in 0.0008 seconds. Added 0 classes and 0 folders.
[2017.04.13-21.14.31:701][  0]LogContentBrowser: Native class hierarchy updated for 'AddContentDialog' in 0.0008 seconds. Added 0 classes and 0 folders.
[2017.04.13-21.14.31:710][  0]LogContentBrowser: Native class hierarchy updated for 'SceneOutliner' in 0.0006 seconds. Added 1 classes and 2 folders.
[2017.04.13-21.14.31:832][  0]LogCrashTracker: Crashtracker disabled due to settings.
[2017.04.13-21.14.31:922][  0]LogUObjectGlobals:Warning: Failed to find object 'Class None.'
[2017.04.13-21.14.31:959][  0]LogContentBrowser: Native class hierarchy updated for 'HierarchicalLODOutliner' in 0.0016 seconds. Added 1 classes and 2 folders.
[2017.04.13-21.14.31:962][  0]LogLoad: Full Startup: 310.33 seconds (BP compile: 0.25 seconds)
[2017.04.13-21.14.31:962][  0]LogExternalProfiler: Found external profiler: VSPerf
[2017.04.13-21.14.31:962][  0]LogExternalProfiler: Using external profiler: VSPerf
[2017.04.13-21.14.31:990][  0]LogOcInput: OculusInput pre-init called
[2017.04.13-21.14.32:022][  0]LogContentStreaming: Texture pool size now 1000 MB
[2017.04.13-21.14.32:476][  0]LogMaterial: Missing cached shader map for material LevelGridMaterial2, compiling. 
[2017.04.13-21.14.32:623][  0]LogRenderer: Reallocating scene render targets to support 1172x568 (Frame:2).
[2017.04.13-21.14.33:053][  3]LogAssetRegistry: Asset discovery search completed in 34.7360 seconds
[2017.04.13-21.14.33:053][  3]LogCollectionManager: Rebuilt the object cache for 0 collections in 0.000001 seconds (found 0 objects)
[2017.04.13-21.14.33:053][  3]LogCollectionManager: Fixed up redirectors for 0 collections in 0.000045 seconds (updated 0 objects)
[2017.04.13-21.20.24:240][244]LogLinker:Warning: Can't find file '/Game/ThirdPersonBP/b3/KakaoTalk_20161209_024639698'
[2017.04.13-21.20.24:240][244]LogLinker:Warning: Can't find file for asset '/Game/ThirdPersonBP/b3/KakaoTalk_20161209_024639698' while loading ../../../../../../Users/jcy/Downloads/map (2)/Content/Landscapes/ThirdPersonBP/b3/KakaoTalk_20161209_024639698_Mat.uasset.
[2017.04.13-21.20.24:240][244]LoadErrors:Error: Error /Game/Landscapes/ThirdPersonBP/b3/KakaoTalk_20161209_024639698_Mat : Can't find file for asset. /Game/ThirdPersonBP/b3/KakaoTalk_20161209_024639698
[2017.04.13-21.20.24:241][244]LogLinker:Warning: Can't find file '/Game/ThirdPersonBP/b3/KakaoTalk_20161209_024639698'
[2017.04.13-21.20.24:241][244]LogLinker:Warning: Can't find file for asset '/Game/ThirdPersonBP/b3/KakaoTalk_20161209_024639698' while loading ../../../../../../Users/jcy/Downloads/map (2)/Content/Landscapes/ThirdPersonBP/b3/KakaoTalk_20161209_024639698_Mat.uasset.
[2017.04.13-21.20.24:431][244]LogLinker:Warning: Can't find file '/Game/ThirdPersonBP/b1/KakaoTalk_20161208_203643273_Mat'
[2017.04.13-21.20.24:431][244]LogLinker:Warning: Can't find file for asset '/Game/ThirdPersonBP/b1/KakaoTalk_20161208_203643273_Mat' while loading ../../../../../../Users/jcy/Downloads/map (2)/Content/Landscapes/ThirdPersonBP/b1/b12.uasset.
[2017.04.13-21.20.24:431][244]LoadErrors:Error: Error /Game/Landscapes/ThirdPersonBP/b1/b12 : Can't find file for asset. /Game/ThirdPersonBP/b1/KakaoTalk_20161208_203643273_Mat
[2017.04.13-21.20.24:431][244]LogLinker:Warning: Can't find file '/Game/ThirdPersonBP/b1/KakaoTalk_20161208_203643273_Mat'
[2017.04.13-21.20.24:431][244]LogLinker:Warning: Can't find file for asset '/Game/ThirdPersonBP/b1/KakaoTalk_20161208_203643273_Mat' while loading ../../../../../../Users/jcy/Downloads/map (2)/Content/Landscapes/ThirdPersonBP/b1/b12.uasset.
[2017.04.13-21.20.24:433][244]LogLinker:Warning: Can't find file '/Game/ThirdPersonBP/b3/KakaoTalk_20161208_194517291_Mat'
[2017.04.13-21.20.24:433][244]LogLinker:Warning: Can't find file for asset '/Game/ThirdPersonBP/b3/KakaoTalk_20161208_194517291_Mat' while loading ../../../../../../Users/jcy/Downloads/map (2)/Content/Landscapes/ThirdPersonBP/b3/b33.uasset.
[2017.04.13-21.20.24:433][244]LoadErrors:Error: Error /Game/Landscapes/ThirdPersonBP/b3/b33 : Can't find file for asset. /Game/ThirdPersonBP/b3/KakaoTalk_20161208_194517291_Mat
[2017.04.13-21.20.24:433][244]LogLinker:Warning: Can't find file '/Game/ThirdPersonBP/b3/KakaoTalk_20161209_024639698_Mat'
[2017.04.13-21.20.24:433][244]LogLinker:Warning: Can't find file for asset '/Game/ThirdPersonBP/b3/KakaoTalk_20161209_024639698_Mat' while loading ../../../../../../Users/jcy/Downloads/map (2)/Content/Landscapes/ThirdPersonBP/b3/b33.uasset.
[2017.04.13-21.20.24:433][244]LoadErrors:Error: Error /Game/Landscapes/ThirdPersonBP/b3/b33 : Can't find file for asset. /Game/ThirdPersonBP/b3/KakaoTalk_20161209_024639698_Mat
[2017.04.13-21.20.24:433][244]LogLinker:Warning: Can't find file '/Game/ThirdPersonBP/b3/KakaoTalk_20161208_194517291_Mat'
[2017.04.13-21.20.24:433][244]LogLinker:Warning: Can't find file for asset '/Game/ThirdPersonBP/b3/KakaoTalk_20161208_194517291_Mat' while loading ../../../../../../Users/jcy/Downloads/map (2)/Content/Landscapes/ThirdPersonBP/b3/b33.uasset.
[2017.04.13-21.20.24:434][244]LogLinker:Warning: Can't find file '/Game/ThirdPersonBP/b3/KakaoTalk_20161209_024639698_Mat'
[2017.04.13-21.20.24:434][244]LogLinker:Warning: Can't find file for asset '/Game/ThirdPersonBP/b3/KakaoTalk_20161209_024639698_Mat' while loading ../../../../../../Users/jcy/Downloads/map (2)/Content/Landscapes/ThirdPersonBP/b3/b33.uasset.
[2017.04.13-21.20.24:437][244]LogLinker:Warning: Can't find file '/Game/ThirdPersonBP/n3/bjbjkvvk_Mat'
[2017.04.13-21.20.24:437][244]LogLinker:Warning: Can't find file for asset '/Game/ThirdPersonBP/n3/bjbjkvvk_Mat' while loading ../../../../../../Users/jcy/Downloads/map (2)/Content/Landscapes/ThirdPersonBP/n3/n3.uasset.
[2017.04.13-21.20.24:437][244]LoadErrors:Error: Error /Game/Landscapes/ThirdPersonBP/n3/n3 : Can't find file for asset. /Game/ThirdPersonBP/n3/bjbjkvvk_Mat
[2017.04.13-21.20.24:437][244]LogLinker:Warning: Can't find file '/Game/ThirdPersonBP/n3/bjbjkvvk_Mat'
[2017.04.13-21.20.24:437][244]LogLinker:Warning: Can't find file for asset '/Game/ThirdPersonBP/n3/bjbjkvvk_Mat' while loading ../../../../../../Users/jcy/Downloads/map (2)/Content/Landscapes/ThirdPersonBP/n3/n3.uasset.
[2017.04.13-21.20.24:438][244]LogLinker:Warning: Can't find file '/Game/ThirdPersonBP/o2/barrel_rust_by_zuuzu_Mat'
[2017.04.13-21.20.24:438][244]LogLinker:Warning: Can't find file for asset '/Game/ThirdPersonBP/o2/barrel_rust_by_zuuzu_Mat' while loading ../../../../../../Users/jcy/Downloads/map (2)/Content/Landscapes/ThirdPersonBP/o2/o2.uasset.
[2017.04.13-21.20.24:438][244]LoadErrors:Error: Error /Game/Landscapes/ThirdPersonBP/o2/o2 : Can't find file for asset. /Game/ThirdPersonBP/o2/barrel_rust_by_zuuzu_Mat
[2017.04.13-21.20.24:438][244]LogLinker:Warning: Can't find file '/Game/ThirdPersonBP/o2/Steel_Panel_12_H_CM_1_Mat'
[2017.04.13-21.20.24:438][244]LogLinker:Warning: Can't find file for asset '/Game/ThirdPersonBP/o2/Steel_Panel_12_H_CM_1_Mat' while loading ../../../../../../Users/jcy/Downloads/map (2)/Content/Landscapes/ThirdPersonBP/o2/o2.uasset.
[2017.04.13-21.20.24:438][244]LoadErrors:Error: Error /Game/Landscapes/ThirdPersonBP/o2/o2 : Can't find file for asset. /Game/ThirdPersonBP/o2/Steel_Panel_12_H_CM_1_Mat
[2017.04.13-21.20.24:438][244]LogLinker:Warning: Can't find file '/Game/ThirdPersonBP/o2/barrel_rust_by_zuuzu_Mat'
[2017.04.13-21.20.24:438][244]LogLinker:Warning: Can't find file for asset '/Game/ThirdPersonBP/o2/barrel_rust_by_zuuzu_Mat' while loading ../../../../../../Users/jcy/Downloads/map (2)/Content/Landscapes/ThirdPersonBP/o2/o2.uasset.
[2017.04.13-21.20.24:438][244]LogLinker:Warning: Can't find file '/Game/ThirdPersonBP/o2/Steel_Panel_12_H_CM_1_Mat'
[2017.04.13-21.20.24:438][244]LogLinker:Warning: Can't find file for asset '/Game/ThirdPersonBP/o2/Steel_Panel_12_H_CM_1_Mat' while loading ../../../../../../Users/jcy/Downloads/map (2)/Content/Landscapes/ThirdPersonBP/o2/o2.uasset.
[2017.04.13-21.20.24:443][244]LogLinker:Warning: Can't find file '/Game/ThirdPersonBP/wall2/depositphotos_12077276-Old-hollow-brick-wall_Mat'
[2017.04.13-21.20.24:443][244]LogLinker:Warning: Can't find file for asset '/Game/ThirdPersonBP/wall2/depositphotos_12077276-Old-hollow-brick-wall_Mat' while loading ../../../../../../Users/jcy/Downloads/map (2)/Content/Landscapes/ThirdPersonBP/wall2/wall2.uasset.
[2017.04.13-21.20.24:443][244]LoadErrors:Error: Error /Game/Landscapes/ThirdPersonBP/wall2/wall2 : Can't find file for asset. /Game/ThirdPersonBP/wall2/depositphotos_12077276-Old-hollow-brick-wall_Mat
[2017.04.13-21.20.24:443][244]LogLinker:Warning: Can't find file '/Game/ThirdPersonBP/wall2/depositphotos_12077276-Old-hollow-brick-wall_Mat'
[2017.04.13-21.20.24:443][244]LogLinker:Warning: Can't find file for asset '/Game/ThirdPersonBP/wall2/depositphotos_12077276-Old-hollow-brick-wall_Mat' while loading ../../../../../../Users/jcy/Downloads/map (2)/Content/Landscapes/ThirdPersonBP/wall2/wall2.uasset.
[2017.04.13-21.20.24:488][244]LogLinker:Warning: Can't find file '/Game/ThirdPersonBP/b1/KakaoTalk_20161208_203643273_Mat'
[2017.04.13-21.20.24:488][244]LoadErrors: Info Failed to load /Game/ThirdPersonBP/b1/KakaoTalk_20161208_203643273_Mat.KakaoTalk_20161208_203643273_Mat Referenced by b12
[2017.04.13-21.20.24:488][244]LogLinker:Warning: Can't find file for asset '/Game/ThirdPersonBP/b1/KakaoTalk_20161208_203643273_Mat' while loading NULL.
[2017.04.13-21.20.24:493][244]LogLinker:Warning: Can't find file '/Game/ThirdPersonBP/o2/barrel_rust_by_zuuzu_Mat'
[2017.04.13-21.20.24:494][244]LoadErrors: Info Failed to load /Game/ThirdPersonBP/o2/barrel_rust_by_zuuzu_Mat.barrel_rust_by_zuuzu_Mat Referenced by o2
[2017.04.13-21.20.24:494][244]LogLinker:Warning: Can't find file for asset '/Game/ThirdPersonBP/o2/barrel_rust_by_zuuzu_Mat' while loading NULL.
[2017.04.13-21.20.24:494][244]LogLinker:Warning: Can't find file '/Game/ThirdPersonBP/o2/Steel_Panel_12_H_CM_1_Mat'
[2017.04.13-21.20.24:494][244]LoadErrors: Info Failed to load /Game/ThirdPersonBP/o2/Steel_Panel_12_H_CM_1_Mat.Steel_Panel_12_H_CM_1_Mat Referenced by o2
[2017.04.13-21.20.24:495][244]LogLinker:Warning: Can't find file for asset '/Game/ThirdPersonBP/o2/Steel_Panel_12_H_CM_1_Mat' while loading NULL.
[2017.04.13-21.20.24:496][244]LogLinker:Warning: Can't find file '/Game/ThirdPersonBP/n3/bjbjkvvk_Mat'
[2017.04.13-21.20.24:496][244]LoadErrors: Info Failed to load /Game/ThirdPersonBP/n3/bjbjkvvk_Mat.bjbjkvvk_Mat Referenced by n3
[2017.04.13-21.20.24:497][244]LogLinker:Warning: Can't find file for asset '/Game/ThirdPersonBP/n3/bjbjkvvk_Mat' while loading NULL.
[2017.04.13-21.20.24:499][244]LogLinker:Warning: Can't find file '/Game/ThirdPersonBP/wall2/depositphotos_12077276-Old-hollow-brick-wall_Mat'
[2017.04.13-21.20.24:499][244]LoadErrors: Info Failed to load /Game/ThirdPersonBP/wall2/depositphotos_12077276-Old-hollow-brick-wall_Mat.depositphotos_12077276-Old-hollow-brick-wall_Mat Referenced by wall2
[2017.04.13-21.20.24:499][244]LogLinker:Warning: Can't find file for asset '/Game/ThirdPersonBP/wall2/depositphotos_12077276-Old-hollow-brick-wall_Mat' while loading NULL.
[2017.04.13-21.20.24:519][244]LogLinker:Warning: Can't find file '/Game/ThirdPersonBP/b3/KakaoTalk_20161208_194517291_Mat'
[2017.04.13-21.20.24:519][244]LoadErrors: Info Failed to load /Game/ThirdPersonBP/b3/KakaoTalk_20161208_194517291_Mat.KakaoTalk_20161208_194517291_Mat Referenced by b33
[2017.04.13-21.20.24:519][244]LogLinker:Warning: Can't find file for asset '/Game/ThirdPersonBP/b3/KakaoTalk_20161208_194517291_Mat' while loading NULL.
[2017.04.13-21.20.24:519][244]LogLinker:Warning: Can't find file '/Game/ThirdPersonBP/b3/KakaoTalk_20161209_024639698_Mat'
[2017.04.13-21.20.24:519][244]LoadErrors: Info Failed to load /Game/ThirdPersonBP/b3/KakaoTalk_20161209_024639698_Mat.KakaoTalk_20161209_024639698_Mat Referenced by b33
[2017.04.13-21.20.24:519][244]LogLinker:Warning: Can't find file for asset '/Game/ThirdPersonBP/b3/KakaoTalk_20161209_024639698_Mat' while loading NULL.
[2017.04.13-21.20.24:554][244]LogLinker:Warning: Can't find file '/Game/ThirdPersonBP/b3/KakaoTalk_20161209_024639698'
[2017.04.13-21.20.24:555][244]LoadErrors: Info Failed to load /Game/ThirdPersonBP/b3/KakaoTalk_20161209_024639698.KakaoTalk_20161209_024639698 Referenced by MaterialExpressionTextureSample_0
[2017.04.13-21.20.24:555][244]LogLinker:Warning: Can't find file for asset '/Game/ThirdPersonBP/b3/KakaoTalk_20161209_024639698' while loading NULL.
[2017.04.13-21.20.24:621][244]LogMaterial: Missing cached shader map for material Material__7057, compiling. 
[2017.04.13-21.20.24:635][244]LogMaterial: Missing cached shader map for material Material__7054, compiling. 
[2017.04.13-21.20.24:647][244]LogMaterial: Missing cached shader map for material Material__7055, compiling. 
[2017.04.13-21.20.24:657][244]LogMaterial: Missing cached shader map for material Material__7056, compiling. 
[2017.04.13-21.20.24:672][244]LogMaterial: Missing cached shader map for material Material__7046, compiling. 
[2017.04.13-21.20.24:682][244]LogMaterial: Missing cached shader map for material Material__7047, compiling. 
[2017.04.13-21.20.24:708][244]LogMaterial: Missing cached shader map for material Material__7044, compiling. 
[2017.04.13-21.20.24:718][244]LogMaterial: Missing cached shader map for material Material__7045, compiling. 
[2017.04.13-21.20.24:729][244]LogMaterial: Missing cached shader map for material Material__7049, compiling. 
[2017.04.13-21.20.24:739][244]LogMaterial: Missing cached shader map for material Material__7050, compiling. 
[2017.04.13-21.20.24:749][244]LogMaterial: Missing cached shader map for material Material__7048, compiling. 
[2017.04.13-21.20.24:758][244]LogMaterial: Missing cached shader map for material Material__29353, compiling. 
[2017.04.13-21.20.24:766][244]LogMaterial: Missing cached shader map for material Material__29351, compiling. 
[2017.04.13-21.20.24:774][244]LogMaterial: Missing cached shader map for material Material__29356, compiling. 
[2017.04.13-21.20.24:781][244]LogMaterial: Missing cached shader map for material Material__29352, compiling. 
[2017.04.13-21.20.24:789][244]LogMaterial: Missing cached shader map for material Material__29355, compiling. 
[2017.04.13-21.20.24:796][244]LogMaterial: Missing cached shader map for material House_Front, compiling. 
[2017.04.13-21.20.24:805][244]LogMaterial: Missing cached shader map for material Material__27, compiling. 
[2017.04.13-21.20.24:816][244]LogMaterial: Missing cached shader map for material Material__26, compiling. 
[2017.04.13-21.20.24:831][244]LogMaterial: Missing cached shader map for material Double_Window, compiling. 
[2017.04.13-21.20.24:848][244]LogMaterial: Missing cached shader map for material Carport_Door, compiling. 
[2017.04.13-21.20.24:862][244]LogMaterial: Missing cached shader map for material Material__27, compiling. 
[2017.04.13-21.20.24:876][244]LogMaterial: Missing cached shader map for material Material__2, compiling. 
[2017.04.13-21.20.24:890][244]LogMaterial: Missing cached shader map for material Material__3, compiling. 
[2017.04.13-21.20.24:905][244]LogMaterial: Missing cached shader map for material Material__39, compiling. 
[2017.04.13-21.20.24:918][244]LogMaterial: Missing cached shader map for material Material__29364, compiling. 
[2017.04.13-21.20.24:930][244]LogMaterial: Missing cached shader map for material Material__29365, compiling. 
[2017.04.13-21.20.24:941][244]LogMaterial: Missing cached shader map for material Material__29363, compiling. 
[2017.04.13-21.20.24:953][244]LogMaterial: Missing cached shader map for material Material__29361, compiling. 
[2017.04.13-21.20.24:966][244]LogMaterial: Missing cached shader map for material Material__29362, compiling. 
[2017.04.13-21.20.24:980][244]LogMaterial: Missing cached shader map for material Material__29358, compiling. 
[2017.04.13-21.20.24:994][244]LogMaterial: Missing cached shader map for material Material__29359, compiling. 
[2017.04.13-21.20.25:009][244]LogMaterial: Missing cached shader map for material Material__29360, compiling. 
[2017.04.13-21.20.25:021][244]LogMaterial: Missing cached shader map for material Material__29357, compiling. 
[2017.04.13-21.20.25:033][244]LogMaterial: Missing cached shader map for material Material__0, compiling. 
[2017.04.13-21.20.25:046][244]LogMaterial: Missing cached shader map for material Standard_2, compiling. 
[2017.04.13-21.20.25:061][244]LogMaterial: Missing cached shader map for material Standard_3, compiling. 
[2017.04.13-21.20.25:079][244]LogMaterial: Missing cached shader map for material InsideNewsStand2, compiling. 
[2017.04.13-21.20.25:096][244]LogMaterial: Missing cached shader map for material Labels01, compiling. 
[2017.04.13-21.20.25:106][244]LogMaterial: Missing cached shader map for material InsideNewsStand1, compiling. 
[2017.04.13-21.20.25:189][244]LogMaterial: Missing cached shader map for material Material__29347, compiling. 
[2017.04.13-21.20.25:200][244]LogMaterial: Missing cached shader map for material Material__29348, compiling. 
[2017.04.13-21.20.25:217][244]LogMaterial: Missing cached shader map for material 01_-_Default, compiling. 
[2017.04.13-21.20.25:232][244]LogMaterial: Missing cached shader map for material 02_-_Default, compiling. 
[2017.04.13-21.20.25:248][244]LogMaterial: Missing cached shader map for material mesh01Mat, compiling. 
[2017.04.13-21.20.25:262][244]LogMaterial: Missing cached shader map for material Material__29350, compiling. 
[2017.04.13-21.20.25:275][244]LogMaterial: Missing cached shader map for material Material__29349, compiling. 
[2017.04.13-21.20.25:367][244]LogMaterial: Missing cached shader map for material Single_Window, compiling. 
[2017.04.13-21.20.25:386][244]LogMaterial: Missing cached shader map for material Side_Shingles, compiling. 
[2017.04.13-21.20.25:401][244]LogMaterial: Missing cached shader map for material g_Mat, compiling. 
[2017.04.13-21.20.25:445][244]LogMaterial: Missing cached shader map for material Single_Window_Side, compiling. 
[2017.04.13-21.20.25:460][244]LogMaterial: Missing cached shader map for material Post_2, compiling. 
[2017.04.13-21.20.25:472][244]LogMaterial: Missing cached shader map for material Material__29346, compiling. 
[2017.04.13-21.20.25:486][244]LogMaterial: Missing cached shader map for material Gate1, compiling. 
[2017.04.13-21.20.25:503][244]LogMaterial: Missing cached shader map for material FrontNewsPaper1, compiling. 
[2017.04.13-21.20.25:518][244]LogMaterial: Missing cached shader map for material Material_010, compiling. 
[2017.04.13-21.20.25:532][244]LogMaterial: Missing cached shader map for material Material_009, compiling. 
[2017.04.13-21.20.25:545][244]LogMaterial: Missing cached shader map for material s_001, compiling. 
[2017.04.13-21.20.25:556][244]LogMaterial: Missing cached shader map for material Material_013, compiling. 
[2017.04.13-21.20.25:568][244]LogMaterial: Missing cached shader map for material s, compiling. 
[2017.04.13-21.20.25:579][244]LogMaterial: Missing cached shader map for material Material_014, compiling. 
[2017.04.13-21.20.25:590][244]LogMaterial: Missing cached shader map for material Material_011, compiling. 
[2017.04.13-21.20.25:604][244]LogMaterial: Missing cached shader map for material Material__7068, compiling. 
[2017.04.13-21.20.25:616][244]LogMaterial: Missing cached shader map for material Material__10172, compiling. 
[2017.04.13-21.20.25:631][244]LogMaterial: Missing cached shader map for material Material__10171, compiling. 
[2017.04.13-21.20.25:644][244]LogMaterial: Missing cached shader map for material Material__7061, compiling. 
[2017.04.13-21.20.25:655][244]LogMaterial: Missing cached shader map for material Material__7060, compiling. 
[2017.04.13-21.20.25:671][244]LogMaterial: Missing cached shader map for material Material__7059, compiling. 
[2017.04.13-21.20.25:686][244]LogMaterial: Missing cached shader map for material Material__7066, compiling. 
[2017.04.13-21.20.25:700][244]LogMaterial: Missing cached shader map for material Material__7067, compiling. 
[2017.04.13-21.20.25:713][244]LogMaterial: Missing cached shader map for material Material__7064, compiling. 
[2017.04.13-21.20.25:726][244]LogMaterial: Missing cached shader map for material Material__7065, compiling. 
[2017.04.13-21.20.25:738][244]LogMaterial: Missing cached shader map for material Material__7052, compiling. 
[2017.04.13-21.20.25:749][244]LogMaterial: Missing cached shader map for material Material__7053, compiling. 
[2017.04.13-21.20.25:761][244]LogMaterial: Missing cached shader map for material qq_Mat2, compiling. 
[2017.04.13-21.20.25:772][244]LogMaterial: Missing cached shader map for material xz_Mat, compiling. 
[2017.04.13-21.20.25:827][244]LogMaterial: Missing cached shader map for material Material__29340, compiling. 
[2017.04.13-21.20.25:844][244]LogMaterial: Missing cached shader map for material CashRegister, compiling. 
[2017.04.13-21.20.25:860][244]LogMaterial: Missing cached shader map for material ChairLeather, compiling. 
[2017.04.13-21.20.25:873][244]LogMaterial: Missing cached shader map for material ChairMetal, compiling. 
[2017.04.13-21.20.25:887][244]LogMaterial: Missing cached shader map for material Railing, compiling. 
[2017.04.13-21.20.25:901][244]LogMaterial: Missing cached shader map for material Material__10170, compiling. 
[2017.04.13-21.20.25:912][244]LogMaterial: Missing cached shader map for material Material__10169, compiling. 
[2017.04.13-21.20.25:926][244]LogMaterial: Missing cached shader map for material Material__10168, compiling. 
[2017.04.13-21.20.25:940][244]LogMaterial: Missing cached shader map for material Material__10173, compiling. 
[2017.04.13-21.20.25:956][244]LogMaterial: Missing cached shader map for material Material__10174, compiling. 
[2017.04.13-21.20.25:976][244]LogMaterial: Missing cached shader map for material Tent, compiling. 
[2017.04.13-21.20.25:995][244]LogMaterial: Missing cached shader map for material RoofNewsStand, compiling. 
[2017.04.13-21.20.26:012][244]LogMaterial: Missing cached shader map for material Newspapers05, compiling. 
[2017.04.13-21.20.26:022][244]LogMaterial: Missing cached shader map for material MetalPanels1, compiling. 
[2017.04.13-21.20.26:036][244]LogMaterial: Missing cached shader map for material MetalPanels2, compiling. 
[2017.04.13-21.20.26:049][244]LogMaterial: Missing cached shader map for material Newspapers01, compiling. 
[2017.04.13-21.20.26:066][244]LogMaterial: Missing cached shader map for material MainNewsStand, compiling. 
[2017.04.13-21.20.26:082][244]LogMaterial: Missing cached shader map for material Newspapers03, compiling. 
[2017.04.13-21.20.26:095][244]LogMaterial: Missing cached shader map for material FrontMagazine4, compiling. 
[2017.04.13-21.20.26:111][244]LogMaterial: Missing cached shader map for material FrontMagazine3, compiling. 
[2017.04.13-21.20.26:127][244]LogMaterial: Missing cached shader map for material FrontMagazine2, compiling. 
[2017.04.13-21.20.26:139][244]LogMaterial: Missing cached shader map for material Short_Railing, compiling. 
[2017.04.13-21.20.26:155][244]LogMaterial: Missing cached shader map for material Side_Screen, compiling. 
[2017.04.13-21.20.26:171][244]LogMaterial: Missing cached shader map for material Magazines13, compiling. 
[2017.04.13-21.20.26:184][244]LogMaterial: Missing cached shader map for material Magazines11, compiling. 
[2017.04.13-21.20.26:197][244]LogMaterial: Missing cached shader map for material Magazines15, compiling. 
[2017.04.13-21.20.26:210][244]LogMaterial: Missing cached shader map for material Shingles, compiling. 
[2017.04.13-21.20.26:226][244]LogMaterial: Missing cached shader map for material Wood_Panel, compiling. 
[2017.04.13-21.20.26:241][244]LogMaterial: Missing cached shader map for material Material__29, compiling. 
[2017.04.13-21.20.26:256][244]LogMaterial: Missing cached shader map for material Post, compiling. 
[2017.04.13-21.20.26:267][244]LogMaterial: Missing cached shader map for material Floor2, compiling. 
[2017.04.13-21.20.26:287][244]LogMaterial: Missing cached shader map for material FrontMagazine1, compiling. 
[2017.04.13-21.20.26:303][244]LogMaterial: Missing cached shader map for material DecoMetal03, compiling. 
[2017.04.13-21.20.26:320][244]LogMaterial: Missing cached shader map for material DecoMetal02, compiling. 
[2017.04.13-21.20.26:335][244]LogMaterial: Missing cached shader map for material Books01, compiling. 
[2017.04.13-21.20.26:350][244]LogMaterial: Missing cached shader map for material CardBoard, compiling. 
[2017.04.13-21.20.26:364][244]LogMaterial: Missing cached shader map for material Comics01, compiling. 
[2017.04.13-21.20.26:379][244]LogMaterial: Missing cached shader map for material DecoMetal01, compiling. 
[2017.04.13-21.20.26:392][244]LogMaterial: Missing cached shader map for material house, compiling. 
[2017.04.13-21.20.26:407][244]LogMaterial: Missing cached shader map for material Material__73, compiling. 
[2017.04.13-21.20.26:420][244]LogMaterial: Missing cached shader map for material Material_006, compiling. 
[2017.04.13-21.20.26:438][244]LogMaterial: Missing cached shader map for material Material__72, compiling. 
[2017.04.13-21.20.26:455][244]LogMaterial: Missing cached shader map for material Material__46, compiling. 
[2017.04.13-21.20.26:472][244]LogMaterial: Missing cached shader map for material 01_-_Default, compiling. 
[2017.04.13-21.20.26:496][244]LogMaterial: Missing cached shader map for material Material__10178, compiling. 
[2017.04.13-21.20.26:512][244]LogMaterial: Missing cached shader map for material Material__10175, compiling. 
[2017.04.13-21.20.26:526][244]LogMaterial: Missing cached shader map for material Material__10176, compiling. 
[2017.04.13-21.20.26:540][244]LogMaterial: Missing cached shader map for material Material__10177, compiling. 
[2017.04.13-21.20.26:620][244]LogMaterial: Missing cached shader map for material 01_-_Default, compiling. 
[2017.04.13-21.20.26:668][244]LogMaterial: Missing cached shader map for material phong3, compiling. 
[2017.04.13-21.20.26:680][244]LogMaterial: Missing cached shader map for material phong11, compiling. 
[2017.04.13-21.20.26:694][244]LogMaterial: Missing cached shader map for material phong2, compiling. 
[2017.04.13-21.20.26:706][244]LogMaterial: Missing cached shader map for material phong12, compiling. 
[2017.04.13-21.20.26:722][244]LogMaterial: Missing cached shader map for material phong1, compiling. 
[2017.04.13-21.20.26:745][244]LogMaterial: Missing cached shader map for material phong10, compiling. 
[2017.04.13-21.20.26:758][244]LogMaterial: Missing cached shader map for material phong6, compiling. 
[2017.04.13-21.20.26:772][244]LogMaterial: Missing cached shader map for material phong4, compiling. 
[2017.04.13-21.20.26:788][244]LogMaterial: Missing cached shader map for material phong8, compiling. 
[2017.04.13-21.20.26:802][244]LogMaterial: Missing cached shader map for material phong5, compiling. 
[2017.04.13-21.20.26:816][244]LogMaterial: Missing cached shader map for material phong7, compiling. 
[2017.04.13-21.20.26:838][244]LogMaterial: Missing cached shader map for material defaultMat, compiling. 
[2017.04.13-21.20.26:855][244]LogMaterial: Missing cached shader map for material phong9, compiling. 
[2017.04.13-21.20.26:878][244]LogMaterial: Missing cached shader map for material Material__29383, compiling. 
[2017.04.13-21.20.26:897][244]LogMaterial: Missing cached shader map for material Material__29382, compiling. 
[2017.04.13-21.20.26:911][244]LogMaterial: Missing cached shader map for material Material__29381, compiling. 
[2017.04.13-21.20.26:926][244]LogMaterial: Missing cached shader map for material _Wooden_doorMat, compiling. 
[2017.04.13-21.20.26:941][244]LogMaterial: Missing cached shader map for material Material__29368, compiling. 
[2017.04.13-21.20.26:958][244]LogMaterial: Missing cached shader map for material Material__29366, compiling. 
[2017.04.13-21.20.26:971][244]LogMaterial: Missing cached shader map for material Material__29367, compiling. 
[2017.04.13-21.20.26:982][244]LogMaterial: Missing cached shader map for material Material__29369, compiling. 
[2017.04.13-21.20.26:997][244]LogMaterial: Missing cached shader map for material Material__29370, compiling. 
[2017.04.13-21.20.27:013][244]LogMaterial: Missing cached shader map for material Material__29371, compiling. 
[2017.04.13-21.20.27:027][244]LogMaterial: Missing cached shader map for material Material__29373, compiling. 
[2017.04.13-21.20.27:040][244]LogMaterial: Missing cached shader map for material Material__29372, compiling. 
[2017.04.13-21.20.27:053][244]LogMaterial: Missing cached shader map for material Material__29376, compiling. 
[2017.04.13-21.20.27:071][244]LogMaterial: Missing cached shader map for material Material__29377, compiling. 
[2017.04.13-21.20.27:090][244]LogMaterial: Missing cached shader map for material Material__29374, compiling. 
[2017.04.13-21.20.27:107][244]LogMaterial: Missing cached shader map for material Material__29375, compiling. 
[2017.04.13-21.20.27:121][244]LogMaterial: Missing cached shader map for material Material__29380, compiling. 
[2017.04.13-21.20.27:134][244]LogMaterial: Missing cached shader map for material Material__29379, compiling. 
[2017.04.13-21.20.27:150][244]LogMaterial: Missing cached shader map for material Material__29378, compiling. 
[2017.04.13-21.20.27:170][244]LogMaterial: Missing cached shader map for material Triple_Window, compiling. 
[2017.04.13-21.20.27:193][244]LogMaterial: Missing cached shader map for material Wood, compiling. 
[2017.04.13-21.20.27:217][244]LogMaterial: Missing cached shader map for material Material__29344, compiling. 
[2017.04.13-21.20.27:232][244]LogMaterial: Missing cached shader map for material Material__29345, compiling. 
[2017.04.13-21.20.27:247][244]LogMaterial: Missing cached shader map for material Material__29343, compiling. 
[2017.04.13-21.20.27:262][244]LogMaterial: Missing cached shader map for material Material__29342, compiling. 
[2017.04.13-21.20.27:278][244]LogMaterial: Missing cached shader map for material Material__29341, compiling. 
[2017.04.13-21.20.27:297][244]LogMaterial: Missing cached shader map for material Material__29, compiling. 
[2017.04.13-21.20.27:316][244]LogMaterial: Missing cached shader map for material Material__25, compiling. 
[2017.04.13-21.20.27:338][244]LogMaterial: Missing cached shader map for material Labels04, compiling. 
[2017.04.13-21.20.27:352][244]LogMaterial: Missing cached shader map for material Magazines03, compiling. 
[2017.04.13-21.20.27:364][244]LogMaterial: Missing cached shader map for material Magazines01, compiling. 
[2017.04.13-21.20.27:374][244]LogMaterial: Missing cached shader map for material Labels03, compiling. 
[2017.04.13-21.20.27:388][244]LogMaterial: Missing cached shader map for material Magazines06, compiling. 
[2017.04.13-21.20.27:399][244]LogMaterial: Missing cached shader map for material Magazines07, compiling. 
[2017.04.13-21.20.27:414][244]LogMaterial: Missing cached shader map for material Magazines09, compiling. 
[2017.04.13-21.20.27:427][244]LogMaterial: Missing cached shader map for material Magazines04, compiling. 
[2017.04.13-21.20.27:442][244]LogMaterial: Missing cached shader map for material Material__70, compiling. 
[2017.04.13-21.20.27:454][244]LogMaterial: Missing cached shader map for material Material__39, compiling. 
[2017.04.13-21.20.27:469][244]LogMaterial: Missing cached shader map for material Material__62, compiling. 
[2017.04.13-21.20.27:485][244]LogMaterial: Missing cached shader map for material Material__72, compiling. 
[2017.04.13-21.20.27:500][244]LogMaterial: Missing cached shader map for material Material__76, compiling. 
[2017.04.13-21.20.27:514][244]LogMaterial: Missing cached shader map for material Material__71, compiling. 
[2017.04.13-21.20.27:529][244]LogMaterial: Missing cached shader map for material NewHOUSE2_TELHA3, compiling. 
[2017.04.13-21.20.27:544][244]LogMaterial: Missing cached shader map for material Material__38, compiling. 
[2017.04.13-21.20.27:560][244]LogMaterial: Missing cached shader map for material NewHOUSE2_VIGA, compiling. 
[2017.04.13-21.20.27:577][244]LogMaterial: Missing cached shader map for material NewHOUSE2_TELHA, compiling. 
[2017.04.13-21.20.27:591][244]LogMaterial: Missing cached shader map for material NewHOUSE2_TELHA2, compiling. 
[2017.04.13-21.20.27:605][244]LogMaterial: Missing cached shader map for material NewHOUSE2_MADEIRA, compiling. 
[2017.04.13-21.20.27:618][244]LogMaterial: Missing cached shader map for material NewHOUSE2_MADEIRA3, compiling. 
[2017.04.13-21.20.27:636][244]LogMaterial: Missing cached shader map for material Material__7063, compiling. 
[2017.04.13-21.20.27:650][244]LogMaterial: Missing cached shader map for material Material__7062, compiling. 
[2017.04.13-21.20.27:669][244]LogMaterial: Missing cached shader map for material barrel_rust_by_zuuzu_Mat, compiling. 
[2017.04.13-21.20.27:686][244]LogMaterial: Missing cached shader map for material Steel_Panel_12_H_CM_1_Mat, compiling. 
[2017.04.13-21.20.27:700][244]LogMaterial: Missing cached shader map for material qq_Mat, compiling. 
[2017.04.13-21.20.27:715][244]LogMaterial: Missing cached shader map for material buildings_buildings_0011_01_preview_Mat, compiling. 
[2017.04.13-21.20.27:730][244]LogMaterial: Missing cached shader map for material bjbjkvvk_Mat, compiling. 
[2017.04.13-21.20.27:746][244]LogMaterial: Missing cached shader map for material c_Mat, compiling. 
[2017.04.13-21.20.27:760][244]LogMaterial: Missing cached shader map for material KakaoTalk_20161208_210321901_Mat, compiling. 
[2017.04.13-21.20.27:795][244]LogMaterial: Missing cached shader map for material KakaoTalk_20161208_203643273_Mat, compiling. 
[2017.04.13-21.20.27:820][244]LogMaterial: Missing cached shader map for material KakaoTalk_20161208_194517291_Mat, compiling. 
[2017.04.13-21.20.27:836][244]LogMaterial: Missing cached shader map for material KakaoTalk_20161209_024639698_Mat, compiling. 
[2017.04.13-21.20.27:836][244]LogMaterial:Warning: Failed to compile Material /Game/Landscapes/ThirdPersonBP/b3/KakaoTalk_20161209_024639698_Mat.KakaoTalk_20161209_024639698_Mat for platform PCD3D_SM5, Default Material will be used in game.
[2017.04.13-21.20.27:836][244]LogMaterial:Warning: 	(Node TextureSample) TextureSample> Missing input texture
[2017.04.13-21.20.27:841][244]LogMaterial: Missing cached shader map for material Mat_ground, compiling. 
[2017.04.13-21.20.27:887][244]LogMaterial: Missing cached shader map for material Mat_ground, compiling. 
[2017.04.13-21.20.27:919][244]LogMaterial: Missing cached shader map for material Mat_ground, compiling. 
[2017.04.13-21.20.27:953][244]LogMaterial: Missing cached shader map for material Mat_ground, compiling. 
[2017.04.13-21.20.27:995][244]LogMaterial: Missing cached shader map for material Mat_ground, compiling. 
[2017.04.13-21.20.28:056][244]LogMaterial: Missing cached shader map for material moskvitchMAT1, compiling. 
[2017.04.13-21.20.28:072][244]LogMaterial: Missing cached shader map for material depositphotos_12077276-Old-hollow-brick-wall_Mat, compiling. 
[2017.04.13-21.20.28:088][244]LogMaterial: Missing cached shader map for material moskvitchMAT0, compiling. 
[2017.04.13-21.20.28:102][244]LogMaterial: Missing cached shader map for material Material_008, compiling. 
[2017.04.13-21.20.28:114][244]LogMaterial: Missing cached shader map for material Material_004, compiling. 
[2017.04.13-21.20.28:128][244]LogMaterial: Missing cached shader map for material Material_002, compiling. 
[2017.04.13-21.20.28:142][244]LogMaterial: Missing cached shader map for material Material_003, compiling. 
[2017.04.13-21.20.28:156][244]LogMaterial: Missing cached shader map for material Material_004_B_1, compiling. 
[2017.04.13-21.20.28:172][244]LogMaterial: Missing cached shader map for material Back_Wall, compiling. 
[2017.04.13-21.20.28:187][244]LogMaterial: Missing cached shader map for material Back_Screen, compiling. 
[2017.04.13-21.20.28:205][244]LogMaterial: Missing cached shader map for material fan, compiling. 
[2017.04.13-21.20.28:219][244]LogMaterial: Missing cached shader map for material Material_001, compiling. 
[2017.04.13-21.20.28:246][244]LogAIModule: Creating AISystem for world NewMap0101
[2017.04.13-21.20.28:304][244]Cmd: MAP LOAD FILE="../../../../../../Users/jcy/Downloads/map (2)/Content/Landscapes/NewMap0101.umap" TEMPLATE=0 SHOWPROGRESS=1 FEATURELEVEL=3
[2017.04.13-21.20.28:305][244]LightingResults: New page: Lighting Build
[2017.04.13-21.20.28:306][244]LoadErrors: New page: Loading map: NewMap0101.umap
[2017.04.13-21.20.28:306][244]MapCheck: New page: Map Check
[2017.04.13-21.20.28:306][244]LightingResults: New page: Lighting Build
[2017.04.13-21.20.28:492][244]LogEditorServer: Finished looking for orphan Actors (0.000 secs)
[2017.04.13-21.20.28:546][244]Cmd: MAP CHECKDEP NOCLEARLOG
[2017.04.13-21.20.28:738][244]MapCheck: Info Map check complete: 0 Error(s), 0 Warning(s), took 192.414ms to complete.
[2017.04.13-21.20.28:739][244]LogFileHelpers: Loading map 'NewMap0101' took 0.436
[2017.04.13-21.20.28:790][245]Cmd: UpdateLandscapeEditorData -warnings
[2017.04.13-21.20.28:792][245]Cmd: UpdateLandscapeEditorData
[2017.04.13-21.25.35:093][585]LogPlayLevel: PlayLevel: No blueprints needed recompiling
[2017.04.13-21.25.35:093][585]PIE: New page: PIE session: NewMap0101 (Apr 14, 2017, 3:25:35 PM)
[2017.04.13-21.25.35:093][585]LogPlayLevel: Creating play world package: /Game/Landscapes/UEDPIE_0_NewMap0101
[2017.04.13-21.25.35:143][585]LogPlayLevel: PIE: StaticDuplicateObject took: (0.049660s)
[2017.04.13-21.25.35:144][585]LogAIModule: Creating AISystem for world NewMap0101
[2017.04.13-21.25.35:144][585]LogPlayLevel: PIE: World Init took: (0.000816s)
[2017.04.13-21.25.35:144][585]LogPlayLevel: PIE: Created PIE world by copying editor world from /Game/Landscapes/NewMap0101.NewMap0101 to /Game/Landscapes/UEDPIE_0_NewMap0101.NewMap0101 (0.050772s)
[2017.04.13-21.25.35:156][585]LogInit: XAudio2 using '스피커(Realtek High Definition Audio)' : 2 channels at 48 kHz using 32 bits per sample (channel mask 0x3)
[2017.04.13-21.25.35:180][585]LogInit: FAudioDevice initialized.
[2017.04.13-21.25.35:248][585]LogWorld: Game class is 'ThirdPersonGameMode_C'
[2017.04.13-21.25.35:270][585]LogWorld: Bringing World /Game/Landscapes/UEDPIE_0_NewMap0101.NewMap0101 up for play (max tick rate 60) at 2017.04.14-06.25.35
[2017.04.13-21.25.35:271][585]LogWorld: Bringing up level for play took: 0.021676
[2017.04.13-21.25.35:277][585]LogContentBrowser: Native class hierarchy updated for 'MovieSceneCapture' in 0.0005 seconds. Added 11 classes and 0 folders.
[2017.04.13-21.25.35:279][585]PIE: Info Play in editor start time for /Game/Landscapes/UEDPIE_0_NewMap0101 1.185
[2017.04.13-21.26.03:011][179]LogSavePackage: Save=739.40ms
[2017.04.13-21.26.03:011][179]LogSavePackage: Moving '../../../../../../Users/jcy/Downloads/map (2)/Saved/UEDPCNewMap0101532734AC4645FF7187CC6EA82546C66D.tmp' to '../../../../../../Users/jcy/Downloads/map (2)/Saved/Autosaves/Game/Landscapes/UEDPCNewMap0101.umap'
[2017.04.13-21.26.03:013][179]LogSavePackage:Display: Finished SavePackage ../../../../../../Users/jcy/Downloads/map (2)/Saved/Autosaves/Game/Landscapes/UEDPCNewMap0101.umap
[2017.04.13-21.26.03:019][179]LogEditorTransaction: Undo Spawn Play From Here Start
[2017.04.13-21.33.05:552][  3]LogSavePackage: Save=571.61ms
[2017.04.13-21.33.05:553][  3]LogSavePackage: Moving '../../../../../../Users/jcy/Downloads/map (2)/Saved/UEDPCNewMap0101D548C17B40CBF2F06B21A6B8F785382D.tmp' to '../../../../../../Users/jcy/Downloads/map (2)/Saved/Autosaves/Game/Landscapes/UEDPCNewMap0101.umap'
[2017.04.13-21.33.05:556][  3]LogSavePackage:Display: Finished SavePackage ../../../../../../Users/jcy/Downloads/map (2)/Saved/Autosaves/Game/Landscapes/UEDPCNewMap0101.umap
[2017.04.13-21.33.05:561][  3]LogEditorTransaction: Undo Spawn Play From Here Start
[2017.04.13-21.33.50:282][357]LogWindowsTextInputMethodSystem:Display: IME system now activated using TSF (Microsoft 입력기).
[2017.04.13-21.33.50:483][358]Cmd: QUIT_EDITOR
[2017.04.13-21.33.51:148][358]LogExit: Preparing to exit.
[2017.04.13-21.33.51:540][358]LogExit: Editor shut down
[2017.04.13-21.33.51:540][358]LogExit: Transaction tracking system shut down
[2017.04.13-21.33.51:678][358]LogObj: Freed 0b from 0 cluster array pools.
[2017.04.13-21.33.51:678][358]LogExit: Object subsystem successfully closed.
[2017.04.13-21.33.51:701][358]LogD3D11RHI: Shutdown
[2017.04.13-21.33.51:701][358]LogD3D11RHI: CleanupD3DDevice
[2017.04.13-21.33.51:816][358]LogD3D11RHI: ~FD3D11DynamicRHI
[2017.04.13-21.33.51:831][358]LogModuleManager: Shutting down and abandoning module MovieSceneCapture (215)
[2017.04.13-21.33.51:831][358]LogModuleManager: Shutting down and abandoning module HierarchicalLODOutliner (214)
[2017.04.13-21.33.51:831][358]LogModuleManager: Shutting down and abandoning module ExternalImagePicker (213)
[2017.04.13-21.33.51:831][358]LogModuleManager: Shutting down and abandoning module CrashTracker (212)
[2017.04.13-21.33.51:831][358]LogModuleManager: Shutting down and abandoning module SceneOutliner (211)
[2017.04.13-21.33.51:831][358]LogModuleManager: Shutting down and abandoning module WidgetCarousel (210)
[2017.04.13-21.33.51:831][358]LogModuleManager: Shutting down and abandoning module AddContentDialog (209)
[2017.04.13-21.33.51:832][358]LogModuleManager: Shutting down and abandoning module GameplayTags (208)
[2017.04.13-21.33.51:832][358]LogModuleManager: Shutting down and abandoning module EditorWidgets (207)
[2017.04.13-21.33.51:832][358]LogModuleManager: Shutting down and abandoning module CollectionManager (206)
[2017.04.13-21.33.51:832][358]LogModuleManager: Shutting down and abandoning module StatsViewer (205)
[2017.04.13-21.33.51:832][358]LogModuleManager: Shutting down and abandoning module FoliageEdit (204)
[2017.04.13-21.33.51:832][358]LogModuleManager: Shutting down and abandoning module LandscapeEditor (203)
[2017.04.13-21.33.51:832][358]LogModuleManager: Shutting down and abandoning module SceneDepthPickerMode (202)
[2017.04.13-21.33.51:832][358]LogModuleManager: Shutting down and abandoning module ActorPickerMode (201)
[2017.04.13-21.33.51:832][358]LogModuleManager: Shutting down and abandoning module GeometryMode (200)
[2017.04.13-21.33.51:832][358]LogModuleManager: Shutting down and abandoning module TextureAlignMode (199)
[2017.04.13-21.33.51:832][358]LogModuleManager: Shutting down and abandoning module BspMode (198)
[2017.04.13-21.33.51:832][358]LogModuleManager: Shutting down and abandoning module HardwareSurvey (197)
[2017.04.13-21.33.51:832][358]LogModuleManager: Shutting down and abandoning module SequenceRecorderSections (196)
[2017.04.13-21.33.51:832][358]LogModuleManager: Shutting down and abandoning module SequenceRecorder (195)
[2017.04.13-21.33.51:832][358]LogModuleManager: Shutting down and abandoning module AutomationWorker (194)
[2017.04.13-21.33.51:832][358]LogModuleManager: Shutting down and abandoning module MatineeToLevelSequence (193)
[2017.04.13-21.33.51:832][358]LogModuleManager: Shutting down and abandoning module PlacementMode (192)
[2017.04.13-21.33.51:832][358]LogModuleManager: Shutting down and abandoning module LevelSequenceEditor (191)
[2017.04.13-21.33.51:832][358]LogModuleManager: Shutting down and abandoning module CharacterAI (190)
[2017.04.13-21.33.51:832][358]LogModuleManager: Shutting down and abandoning module SmartSnapping (189)
[2017.04.13-21.33.51:832][358]LogModuleManager: Shutting down and abandoning module SessionServices (188)
[2017.04.13-21.33.51:832][358]LogModuleManager: Shutting down and abandoning module ViewportSnapping (187)
[2017.04.13-21.33.51:832][358]LogModuleManager: Shutting down and abandoning module LogVisualizer (186)
[2017.04.13-21.33.51:832][358]LogModuleManager: Shutting down and abandoning module GameProjectGeneration (185)
[2017.04.13-21.33.51:832][358]LogModuleManager: Shutting down and abandoning module IntroTutorials (184)
[2017.04.13-21.33.51:833][358]LogModuleManager: Shutting down and abandoning module EditorLiveStreaming (183)
[2017.04.13-21.33.51:833][358]LogModuleManager: Shutting down and abandoning module IOSPlatformEditor (182)
[2017.04.13-21.33.51:833][358]LogModuleManager: Shutting down and abandoning module HTML5PlatformEditor (181)
[2017.04.13-21.33.51:833][358]LogModuleManager: Shutting down and abandoning module AndroidDeviceDetection (180)
[2017.04.13-21.33.52:586][358]LogModuleManager: Shutting down and abandoning module AndroidPlatformEditor (179)
[2017.04.13-21.33.52:586][358]LogModuleManager: Shutting down and abandoning module IOSRuntimeSettings (178)
[2017.04.13-21.33.52:586][358]LogModuleManager: Shutting down and abandoning module AndroidRuntimeSettings (177)
[2017.04.13-21.33.52:586][358]LogModuleManager: Shutting down and abandoning module MergeActors (176)
[2017.04.13-21.33.52:586][358]LogModuleManager: Shutting down and abandoning module SizeMap (175)
[2017.04.13-21.33.52:586][358]LogModuleManager: Shutting down and abandoning module TreeMap (174)
[2017.04.13-21.33.52:586][358]LogModuleManager: Shutting down and abandoning module ReferenceViewer (173)
[2017.04.13-21.33.52:586][358]LogModuleManager: Shutting down and abandoning module LocalizationService (172)
[2017.04.13-21.33.52:586][358]LogModuleManager: Shutting down and abandoning module LocalizationDashboard (171)
[2017.04.13-21.33.52:586][358]LogModuleManager: Shutting down and abandoning module HardwareTargeting (170)
[2017.04.13-21.33.52:586][358]LogModuleManager: Shutting down and abandoning module DeviceProfileEditor (169)
[2017.04.13-21.33.52:586][358]LogModuleManager: Shutting down and abandoning module UndoHistory (168)
[2017.04.13-21.33.52:586][358]LogModuleManager: Shutting down and abandoning module UserFeedback (167)
[2017.04.13-21.33.52:586][358]LogModuleManager: Shutting down and abandoning module XmlParser (166)
[2017.04.13-21.33.52:586][358]LogModuleManager: Shutting down and abandoning module Blutility (165)
[2017.04.13-21.33.52:586][358]LogModuleManager: Shutting down and abandoning module ProjectTargetPlatformEditor (164)
[2017.04.13-21.33.52:586][358]LogModuleManager: Shutting down and abandoning module ProjectSettingsViewer (163)
[2017.04.13-21.33.52:586][358]LogModuleManager: Shutting down and abandoning module InputBindingEditor (162)
[2017.04.13-21.33.52:587][358]LogModuleManager: Shutting down and abandoning module EditorSettingsViewer (161)
[2017.04.13-21.33.52:587][358]LogModuleManager: Shutting down and abandoning module SettingsEditor (160)
[2017.04.13-21.33.52:587][358]LogModuleManager: Shutting down and abandoning module ProjectLauncher (159)
[2017.04.13-21.33.52:587][358]LogModuleManager: Shutting down and abandoning module SessionFrontend (158)
[2017.04.13-21.33.52:587][358]LogModuleManager: Shutting down and abandoning module ProfilerClient (157)
[2017.04.13-21.33.52:587][358]LogModuleManager: Shutting down and abandoning module TargetDeviceServices (156)
[2017.04.13-21.33.52:587][358]LogModuleManager: Shutting down and abandoning module DeviceManager (155)
[2017.04.13-21.33.52:630][358]LogModuleManager: Shutting down and abandoning module AutomationController (154)
[2017.04.13-21.33.52:630][358]LogModuleManager: Shutting down and abandoning module AutomationWindow (153)
[2017.04.13-21.33.52:630][358]LogModuleManager: Shutting down and abandoning module Layers (152)
[2017.04.13-21.33.52:630][358]LogModuleManager: Shutting down and abandoning module ComponentVisualizers (151)
[2017.04.13-21.33.52:630][358]LogModuleManager: Shutting down and abandoning module DetailCustomizations (150)
[2017.04.13-21.33.52:630][358]LogModuleManager: Shutting down and abandoning module PackagesDialog (149)
[2017.04.13-21.33.52:630][358]LogModuleManager: Shutting down and abandoning module Persona (148)
[2017.04.13-21.33.52:630][358]LogModuleManager: Shutting down and abandoning module Kismet (147)
[2017.04.13-21.33.52:630][358]LogModuleManager: Shutting down and abandoning module GraphEditor (146)
[2017.04.13-21.33.52:630][358]LogModuleManager: Shutting down and abandoning module ClassViewer (145)
[2017.04.13-21.33.52:630][358]LogModuleManager: Shutting down and abandoning module Toolbox (144)
[2017.04.13-21.33.52:630][358]LogModuleManager: Shutting down and abandoning module ModuleUI (143)
[2017.04.13-21.33.52:630][358]LogModuleManager: Shutting down and abandoning module MovieSceneTools (142)
[2017.04.13-21.33.52:630][358]LogModuleManager: Shutting down and abandoning module OutputLog (141)
[2017.04.13-21.33.52:630][358]LogModuleManager: Shutting down and abandoning module GammaUI (140)
[2017.04.13-21.33.52:630][358]LogModuleManager: Shutting down and abandoning module Documentation (139)
[2017.04.13-21.33.52:630][358]LogModuleManager: Shutting down and abandoning module StreamingPauseRendering (138)
[2017.04.13-21.33.52:630][358]LogModuleManager: Shutting down and abandoning module AnalyticsET (137)
[2017.04.13-21.33.52:630][358]LogModuleManager: Shutting down and abandoning module Analytics (136)
[2017.04.13-21.33.52:630][358]LogModuleManager: Shutting down and abandoning module PortalServices (135)
[2017.04.13-21.33.52:630][358]LogModuleManager: Shutting down and abandoning module PortalRpc (134)
[2017.04.13-21.33.52:630][358]LogModuleManager: Shutting down and abandoning module MessagingRpc (133)
[2017.04.13-21.33.52:630][358]LogModuleManager: Shutting down and abandoning module GameplayDebugger (132)
[2017.04.13-21.33.52:630][358]LogModuleManager: Shutting down and abandoning module AITestSuite (131)
[2017.04.13-21.33.52:630][358]LogModuleManager: Shutting down and abandoning module AIModule (130)
[2017.04.13-21.33.52:630][358]LogModuleManager: Shutting down and abandoning module ProfilerService (129)
[2017.04.13-21.33.52:760][358]LogModuleManager: Shutting down and abandoning module TaskGraph (128)
[2017.04.13-21.33.52:760][358]LogModuleManager: Shutting down and abandoning module SlateRemote (127)
[2017.04.13-21.33.52:760][358]LogModuleManager: Shutting down and abandoning module SteamVRController (126)
[2017.04.13-21.33.52:760][358]LogModuleManager: Shutting down and abandoning module SteamVR (125)
[2017.04.13-21.33.52:760][358]LogModuleManager: Shutting down and abandoning module ProceduralMeshComponent (124)
[2017.04.13-21.33.52:760][358]LogModuleManager: Shutting down and abandoning module OculusLibrary (123)
[2017.04.13-21.33.52:760][358]LogModuleManager: Shutting down and abandoning module OculusInput (122)
[2017.04.13-21.33.52:760][358]LogModuleManager: Shutting down and abandoning module CustomMeshComponent (121)
[2017.04.13-21.33.52:760][358]LogModuleManager: Shutting down and abandoning module CableComponent (120)
[2017.04.13-21.33.52:760][358]LogModuleManager: Shutting down and abandoning module ArchVisCharacter (119)
[2017.04.13-21.33.52:760][358]LogModuleManager: Shutting down and abandoning module MediaPlayerEditor (118)
[2017.04.13-21.33.52:760][358]LogModuleManager: Shutting down and abandoning module HTML5Networking (117)
[2017.04.13-21.33.52:760][358]LogModuleManager: Shutting down and abandoning module SuperSearch (116)
[2017.04.13-21.33.52:760][358]LogModuleManager: Shutting down and abandoning module SuperSearchEditor (115)
[2017.04.13-21.33.52:760][358]LogModuleManager: Shutting down and abandoning module SpeedTreeImporter (114)
[2017.04.13-21.33.52:760][358]LogModuleManager: Shutting down and abandoning module PluginBrowser (113)
[2017.04.13-21.33.52:760][358]LogModuleManager: Shutting down and abandoning module EpicSurvey (112)
[2017.04.13-21.33.52:760][358]LogModuleManager: Shutting down and abandoning module DesktopPlatform (111)
[2017.04.13-21.33.52:760][358]LogModuleManager: Shutting down and abandoning module VisualStudioSourceCodeAccess (110)
[2017.04.13-21.33.52:760][358]LogModuleManager: Shutting down and abandoning module UObjectPlugin (109)
[2017.04.13-21.33.52:760][358]LogModuleManager: Shutting down and abandoning module SubversionSourceControl (108)
[2017.04.13-21.33.52:760][358]LogModuleManager: Shutting down and abandoning module PerforceSourceControl (107)
[2017.04.13-21.33.52:760][358]LogModuleManager: Shutting down and abandoning module SourceControl (106)
[2017.04.13-21.33.52:760][358]LogModuleManager: Shutting down and abandoning module GitSourceControl (105)
[2017.04.13-21.33.52:760][358]LogModuleManager: Shutting down and abandoning module LightPropagationVolumeEditor (104)
[2017.04.13-21.33.52:760][358]LogModuleManager: Shutting down and abandoning module PaperTiledImporter (103)
[2017.04.13-21.33.52:760][358]LogModuleManager: Shutting down and abandoning module PaperSpriteSheetImporter (102)
[2017.04.13-21.33.52:760][358]LogModuleManager: Shutting down and abandoning module MeshPaint (101)
[2017.04.13-21.33.52:760][358]LogModuleManager: Shutting down and abandoning module PixelInspectorModule (100)
[2017.04.13-21.33.52:760][358]LogModuleManager: Shutting down and abandoning module HotReload (99)
[2017.04.13-21.33.52:761][358]LogModuleManager: Shutting down and abandoning module MainFrame (98)
[2017.04.13-21.33.52:761][358]LogModuleManager: Shutting down and abandoning module LevelEditor (97)
[2017.04.13-21.33.52:761][358]LogModuleManager: Shutting down and abandoning module ContentBrowser (96)
[2017.04.13-21.33.52:762][358]LogModuleManager: Shutting down and abandoning module Paper2DEditor (95)
[2017.04.13-21.33.52:762][358]LogModuleManager: Shutting down and abandoning module UdpMessaging (94)
[2017.04.13-21.33.52:862][358]LogModuleManager: Shutting down and abandoning module LightPropagationVolumeRuntime (93)
[2017.04.13-21.33.52:862][358]LogModuleManager: Shutting down and abandoning module Paper2D (92)
[2017.04.13-21.33.52:862][358]LogModuleManager: Shutting down and abandoning module WindowsMoviePlayer (91)
[2017.04.13-21.33.52:862][358]LogModuleManager: Shutting down and abandoning module Media (90)
[2017.04.13-21.33.52:862][358]LogModuleManager: Shutting down and abandoning module WmfMedia (89)
[2017.04.13-21.33.52:862][358]LogModuleManager: Shutting down and abandoning module MediaAssets (88)
[2017.04.13-21.33.52:862][358]LogModuleManager: Shutting down and abandoning module GameLiveStreaming (87)
[2017.04.13-21.33.52:862][358]LogModuleManager: Shutting down and abandoning module GameplayTagsEditor (86)
[2017.04.13-21.33.52:862][358]LogModuleManager: Shutting down and abandoning module OnlineBlueprintSupport (85)
[2017.04.13-21.33.52:862][358]LogModuleManager: Shutting down and abandoning module VREditor (84)
[2017.04.13-21.33.52:862][358]LogModuleManager: Shutting down and abandoning module GameplayTasksEditor (83)
[2017.04.13-21.33.52:862][358]LogModuleManager: Shutting down and abandoning module PropertyEditor (82)
[2017.04.13-21.33.52:862][358]LogModuleManager: Shutting down and abandoning module BehaviorTreeEditor (81)
[2017.04.13-21.33.52:862][358]LogModuleManager: Shutting down and abandoning module FunctionalTesting (80)
[2017.04.13-21.33.52:862][358]LogModuleManager: Shutting down and abandoning module CollisionAnalyzer (79)
[2017.04.13-21.33.52:862][358]LogModuleManager: Shutting down and abandoning module Sequencer (78)
[2017.04.13-21.33.52:862][358]LogModuleManager: Shutting down and abandoning module WorkspaceMenuStructure (77)
[2017.04.13-21.33.52:862][358]LogModuleManager: Shutting down and abandoning module MessageLog (76)
[2017.04.13-21.33.52:862][358]LogModuleManager: Shutting down and abandoning module AssetTools (75)
[2017.04.13-21.33.52:863][358]LogModuleManager: Shutting down and abandoning module UMGEditor (74)
[2017.04.13-21.33.52:863][358]LogModuleManager: Shutting down and abandoning module UMG (73)
[2017.04.13-21.33.52:863][358]LogModuleManager: Shutting down and abandoning module SlateReflector (72)
[2017.04.13-21.33.52:863][358]LogModuleManager: Shutting down and abandoning module Slate (71)
[2017.04.13-21.33.52:863][358]LogModuleManager: Shutting down and abandoning module EditorStyle (70)
[2017.04.13-21.33.52:865][358]LogModuleManager: Shutting down and abandoning module SourceCodeAccess (69)
[2017.04.13-21.33.52:865][358]LogModuleManager: Shutting down and abandoning module HeadMountedDisplay (68)
[2017.04.13-21.33.52:865][358]LogModuleManager: Shutting down and abandoning module XAudio2 (67)
[2017.04.13-21.33.52:865][358]LogModuleManager: Shutting down and abandoning module Networking (65)
[2017.04.13-21.33.52:865][358]LogModuleManager: Shutting down and abandoning module Core (64)
[2017.04.13-21.33.52:865][358]LogModuleManager: Shutting down and abandoning module DirectoryWatcher (63)
[2017.04.13-21.33.52:866][358]LogModuleManager: Shutting down and abandoning module AssetRegistry (62)
[2017.04.13-21.33.53:048][358]LogModuleManager: Shutting down and abandoning module KismetCompiler (61)
[2017.04.13-21.33.53:048][358]LogModuleManager: Shutting down and abandoning module PhysXFormats (60)
[2017.04.13-21.33.53:048][358]LogModuleManager: Shutting down and abandoning module MeshUtilities (59)
[2017.04.13-21.33.53:048][358]LogModuleManager: Shutting down and abandoning module DerivedDataCache (58)
[2017.04.13-21.33.53:106][358]LogDerivedDataCache: Shutdown
[2017.04.13-21.33.53:106][358]LogModuleManager: Shutting down and abandoning module VulkanShaderFormat (57)
[2017.04.13-21.33.53:106][358]LogModuleManager: Shutting down and abandoning module ShaderFormatOpenGL (56)
[2017.04.13-21.33.53:106][358]LogModuleManager: Shutting down and abandoning module ShaderFormatD3D (55)
[2017.04.13-21.33.53:106][358]LogModuleManager: Shutting down and abandoning module MetalShaderFormat (54)
[2017.04.13-21.33.53:106][358]LogModuleManager: Shutting down and abandoning module TextureFormatUncompressed (53)
[2017.04.13-21.33.53:106][358]LogModuleManager: Shutting down and abandoning module TextureFormatPVR (52)
[2017.04.13-21.33.53:106][358]LogModuleManager: Shutting down and abandoning module TextureFormatIntelISPCTexComp (51)
[2017.04.13-21.33.53:106][358]LogModuleManager: Shutting down and abandoning module TextureFormatDXT (50)
[2017.04.13-21.33.53:106][358]LogModuleManager: Shutting down and abandoning module ImageWrapper (49)
[2017.04.13-21.33.53:106][358]LogModuleManager: Shutting down and abandoning module TextureFormatASTC (48)
[2017.04.13-21.33.53:106][358]LogModuleManager: Shutting down and abandoning module TextureFormatAndroid (47)
[2017.04.13-21.33.53:106][358]LogModuleManager: Shutting down and abandoning module AudioFormatOpus (46)
[2017.04.13-21.33.53:106][358]LogModuleManager: Shutting down and abandoning module AudioFormatOgg (45)
[2017.04.13-21.33.53:106][358]LogModuleManager: Shutting down and abandoning module AudioFormatADPCM (44)
[2017.04.13-21.33.53:106][358]LogModuleManager: Shutting down and abandoning module LinuxTargetPlatform (43)
[2017.04.13-21.33.53:106][358]LogModuleManager: Shutting down and abandoning module LinuxServerTargetPlatform (42)
[2017.04.13-21.33.53:106][358]LogModuleManager: Shutting down and abandoning module LinuxNoEditorTargetPlatform (41)
[2017.04.13-21.33.53:106][358]LogModuleManager: Shutting down and abandoning module TVOSTargetPlatform (40)
[2017.04.13-21.33.53:106][358]LogModuleManager: Shutting down and abandoning module Messaging (39)
[2017.04.13-21.33.53:106][358]LogModuleManager: Shutting down and abandoning module IOSTargetPlatform (38)
[2017.04.13-21.33.53:106][358]LogModuleManager: Shutting down and abandoning module HTML5TargetPlatform (37)
[2017.04.13-21.33.53:106][358]LogModuleManager: Shutting down and abandoning module Android_PVRTCTargetPlatform (36)
[2017.04.13-21.33.53:106][358]LogModuleManager: Shutting down and abandoning module Android_MultiTargetPlatform (35)
[2017.04.13-21.33.53:106][358]LogModuleManager: Shutting down and abandoning module Android_ETC2TargetPlatform (34)
[2017.04.13-21.33.53:106][358]LogModuleManager: Shutting down and abandoning module Android_ETC1TargetPlatform (33)
[2017.04.13-21.33.53:106][358]LogModuleManager: Shutting down and abandoning module Android_DXTTargetPlatform (32)
[2017.04.13-21.33.53:106][358]LogModuleManager: Shutting down and abandoning module Android_ATCTargetPlatform (31)
[2017.04.13-21.33.53:106][358]LogModuleManager: Shutting down and abandoning module Android_ASTCTargetPlatform (30)
[2017.04.13-21.33.53:106][358]LogModuleManager: Shutting down and abandoning module AndroidTargetPlatform (29)
[2017.04.13-21.33.53:106][358]LogModuleManager: Shutting down and abandoning module WindowsTargetPlatform (28)
[2017.04.13-21.33.53:106][358]LogModuleManager: Shutting down and abandoning module WindowsServerTargetPlatform (27)
[2017.04.13-21.33.53:106][358]LogModuleManager: Shutting down and abandoning module WindowsNoEditorTargetPlatform (26)
[2017.04.13-21.33.53:106][358]LogModuleManager: Shutting down and abandoning module WindowsClientTargetPlatform (25)
[2017.04.13-21.33.53:107][358]LogModuleManager: Shutting down and abandoning module AllDesktopTargetPlatform (24)
[2017.04.13-21.33.53:107][358]LogModuleManager: Shutting down and abandoning module TargetPlatform (23)
[2017.04.13-21.33.53:107][358]LogModuleManager: Shutting down and abandoning module InputCore (22)
[2017.04.13-21.33.53:107][358]LogModuleManager: Shutting down and abandoning module Settings (21)
[2017.04.13-21.33.53:107][358]LogModuleManager: Shutting down and abandoning module OnlineSubsystem (19)
[2017.04.13-21.33.53:107][358]LogModuleManager: Shutting down and abandoning module HTTP (18)
[2017.04.13-21.33.57:115][358]LogModuleManager: Shutting down and abandoning module XMPP (17)
[2017.04.13-21.33.57:115][358]LogModuleManager: Shutting down and abandoning module OculusRift (16)
[2017.04.13-21.33.57:115][358]LogModuleManager: Shutting down and abandoning module ExampleDeviceProfileSelector (15)
[2017.04.13-21.33.57:115][358]LogModuleManager: Shutting down and abandoning module TextureCompressor (14)
[2017.04.13-21.33.57:116][358]LogModuleManager: Shutting down and abandoning module ShaderCore (13)
[2017.04.13-21.33.57:116][358]LogModuleManager: Shutting down and abandoning module Landscape (12)
[2017.04.13-21.33.57:116][358]LogModuleManager: Shutting down and abandoning module SlateRHIRenderer (11)
[2017.04.13-21.33.57:117][358]LogModuleManager: Shutting down and abandoning module OpenGLDrv (10)
[2017.04.13-21.33.57:117][358]LogModuleManager: Shutting down and abandoning module D3D11RHI (9)
[2017.04.13-21.33.57:117][358]LogModuleManager: Shutting down and abandoning module AnimGraphRuntime (8)
[2017.04.13-21.33.57:117][358]LogModuleManager: Shutting down and abandoning module Renderer (7)
[2017.04.13-21.33.57:117][358]LogModuleManager: Shutting down and abandoning module Engine (6)
[2017.04.13-21.33.57:117][358]LogModuleManager: Shutting down and abandoning module CoreUObject (5)
[2017.04.13-21.33.57:117][358]LogModuleManager: Shutting down and abandoning module NetworkFile (4)
[2017.04.13-21.33.57:117][358]LogModuleManager: Shutting down and abandoning module StreamingFile (3)
[2017.04.13-21.33.57:117][358]LogModuleManager: Shutting down and abandoning module SandboxFile (2)
[2017.04.13-21.33.57:117][358]LogModuleManager: Shutting down and abandoning module PakFile (1)
[2017.04.13-21.33.57:119][358]LogExit: Exiting.
[2017.04.13-21.33.57:143][358]Log file closed, 04/14/17 06:33:57
